2021-08-27 21:09:12,765 :: INFO :: Start experiment: luna-275532
2021-08-27 21:09:12,768 :: INFO :: Control node : Starting of control node serial interface
2021-08-27 21:09:12,771 :: INFO :: Control node : reset
2021-08-27 21:09:12,774 :: INFO :: Reset Control Node
2021-08-27 21:09:15,681 :: INFO :: Control node : start power of open node
2021-08-27 21:09:15,736 :: INFO :: Node OpenOCD: Setup of openocd node
2021-08-27 21:09:18,781 :: INFO :: Node OpenOCD: flash of openocd node
2021-08-27 21:09:18,799 :: INFO :: Flash firmware on OpenOCD: /tmp/tmpr3cxI4--9eca698c47b1367377dfc6ae1bda6964_unicast-sender-count-60T-20B.iotlab-m3
2021-08-27 21:09:25,707 :: INFO :: Control node : Start experiment
2021-08-27 21:09:25,767 :: INFO :: Control Node set time delay: 1190 us
2021-08-27 21:09:25,786 :: INFO :: Control node : profile configuration
2021-08-27 21:09:25,790 :: INFO :: Configure profile on Control Node
2021-08-27 21:09:25,834 :: INFO :: Start experiment succeeded
2021-08-27 22:09:30,171 :: INFO :: Gateway Manager : Stop experiment
2021-08-27 22:09:30,181 :: INFO :: Stop experiment
2021-08-27 22:09:30,188 :: INFO :: Control node : stop of the experiment
2021-08-27 22:09:30,195 :: INFO :: Control node : profile configuration
2021-08-27 22:09:30,202 :: INFO :: Configure profile on Control Node
2021-08-27 22:09:30,271 :: INFO :: Control node : start power of open node
2021-08-27 22:09:30,311 :: INFO :: Node OpenOCD: teardown of openocd node
2021-08-27 22:09:33,348 :: INFO :: openocd node debugger stop
2021-08-27 22:09:34,025 :: INFO :: Node OpenOCD: flash of openocd node
2021-08-27 22:09:34,032 :: INFO :: Flash firmware on OpenOCD: /usr/lib/python2.7/site-packages/gateway_code/static/m3_idle.elf
2021-08-27 22:09:36,440 :: INFO :: Control node : Stop control node serial interface
2021-08-27 22:09:36,448 :: INFO :: Control node : stop power of open node
2021-08-27 22:09:36,532 :: INFO :: Control node : reset
2021-08-27 22:09:36,539 :: INFO :: Reset Control Node
2021-08-27 22:09:39,326 :: INFO :: Stop experiment succeeded
