2021-08-27 21:09:12,770 :: INFO :: Start experiment: luna-275532
2021-08-27 21:09:12,773 :: INFO :: Control node : Starting of control node serial interface
2021-08-27 21:09:12,776 :: INFO :: Control node : reset
2021-08-27 21:09:12,779 :: INFO :: Reset Control Node
2021-08-27 21:09:15,652 :: INFO :: Control node : start power of open node
2021-08-27 21:09:15,681 :: INFO :: Node OpenOCD: Setup of openocd node
2021-08-27 21:09:18,717 :: INFO :: Node OpenOCD: flash of openocd node
2021-08-27 21:09:18,735 :: INFO :: Flash firmware on OpenOCD: /tmp/tmpq87zFH--9eca698c47b1367377dfc6ae1bda6964_unicast-sender-count-60T-20B.iotlab-m3
2021-08-27 21:09:25,636 :: INFO :: Control node : Start experiment
2021-08-27 21:09:25,695 :: INFO :: Control Node set time delay: 1923 us
2021-08-27 21:09:25,714 :: INFO :: Control node : profile configuration
2021-08-27 21:09:25,718 :: INFO :: Configure profile on Control Node
2021-08-27 21:09:25,762 :: INFO :: Start experiment succeeded
2021-08-27 22:09:30,165 :: INFO :: Gateway Manager : Stop experiment
2021-08-27 22:09:30,182 :: INFO :: Stop experiment
2021-08-27 22:09:30,200 :: INFO :: Control node : stop of the experiment
2021-08-27 22:09:30,214 :: INFO :: Control node : profile configuration
2021-08-27 22:09:30,228 :: INFO :: Configure profile on Control Node
2021-08-27 22:09:30,361 :: INFO :: Control node : start power of open node
2021-08-27 22:09:30,423 :: INFO :: Node OpenOCD: teardown of openocd node
2021-08-27 22:09:33,450 :: INFO :: openocd node debugger stop
2021-08-27 22:09:34,139 :: INFO :: Node OpenOCD: flash of openocd node
2021-08-27 22:09:34,153 :: INFO :: Flash firmware on OpenOCD: /usr/lib/python2.7/site-packages/gateway_code/static/m3_idle.elf
2021-08-27 22:09:36,587 :: INFO :: Control node : Stop control node serial interface
2021-08-27 22:09:36,592 :: INFO :: Control node : stop power of open node
2021-08-27 22:09:36,647 :: INFO :: Control node : reset
2021-08-27 22:09:36,651 :: INFO :: Reset Control Node
2021-08-27 22:09:39,479 :: INFO :: Stop experiment succeeded
