2021-08-27 21:09:12,776 :: INFO :: Start experiment: luna-275532
2021-08-27 21:09:12,780 :: INFO :: Control node : Starting of control node serial interface
2021-08-27 21:09:12,783 :: INFO :: Control node : reset
2021-08-27 21:09:12,785 :: INFO :: Reset Control Node
2021-08-27 21:09:15,626 :: INFO :: Control node : start power of open node
2021-08-27 21:09:15,655 :: INFO :: Node OpenOCD: Setup of openocd node
2021-08-27 21:09:18,692 :: INFO :: Node OpenOCD: flash of openocd node
2021-08-27 21:09:18,710 :: INFO :: Flash firmware on OpenOCD: /tmp/tmpT5_nIP--9eca698c47b1367377dfc6ae1bda6964_unicast-sender-count-60T-20B.iotlab-m3
2021-08-27 21:09:25,500 :: INFO :: Control node : Start experiment
2021-08-27 21:09:25,539 :: INFO :: Control Node set time delay: 1893 us
2021-08-27 21:09:25,558 :: INFO :: Control node : profile configuration
2021-08-27 21:09:25,561 :: INFO :: Configure profile on Control Node
2021-08-27 21:09:25,605 :: INFO :: Start experiment succeeded
2021-08-27 22:09:30,171 :: INFO :: Gateway Manager : Stop experiment
2021-08-27 22:09:30,188 :: INFO :: Stop experiment
2021-08-27 22:09:30,203 :: INFO :: Control node : stop of the experiment
2021-08-27 22:09:30,222 :: INFO :: Control node : profile configuration
2021-08-27 22:09:30,236 :: INFO :: Configure profile on Control Node
2021-08-27 22:09:30,364 :: INFO :: Control node : start power of open node
2021-08-27 22:09:30,425 :: INFO :: Node OpenOCD: teardown of openocd node
2021-08-27 22:09:33,452 :: INFO :: openocd node debugger stop
2021-08-27 22:09:34,127 :: INFO :: Node OpenOCD: flash of openocd node
2021-08-27 22:09:34,145 :: INFO :: Flash firmware on OpenOCD: /usr/lib/python2.7/site-packages/gateway_code/static/m3_idle.elf
2021-08-27 22:09:36,608 :: INFO :: Control node : Stop control node serial interface
2021-08-27 22:09:36,613 :: INFO :: Control node : stop power of open node
2021-08-27 22:09:36,666 :: INFO :: Control node : reset
2021-08-27 22:09:36,670 :: INFO :: Reset Control Node
2021-08-27 22:09:39,482 :: INFO :: Stop experiment succeeded
