2021-08-27 21:09:12,699 :: INFO :: Start experiment: luna-275532
2021-08-27 21:09:12,703 :: INFO :: Control node : Starting of control node serial interface
2021-08-27 21:09:12,705 :: INFO :: Control node : reset
2021-08-27 21:09:12,708 :: INFO :: Reset Control Node
2021-08-27 21:09:15,616 :: INFO :: Control node : start power of open node
2021-08-27 21:09:15,672 :: INFO :: Node OpenOCD: Setup of openocd node
2021-08-27 21:09:18,715 :: INFO :: Node OpenOCD: flash of openocd node
2021-08-27 21:09:18,733 :: INFO :: Flash firmware on OpenOCD: /tmp/tmpGABPtX--9eca698c47b1367377dfc6ae1bda6964_unicast-sender-count-60T-20B.iotlab-m3
2021-08-27 21:09:25,645 :: INFO :: Control node : Start experiment
2021-08-27 21:09:25,704 :: INFO :: Control Node set time delay: 1190 us
2021-08-27 21:09:25,723 :: INFO :: Control node : profile configuration
2021-08-27 21:09:25,726 :: INFO :: Configure profile on Control Node
2021-08-27 21:09:25,768 :: INFO :: Start experiment succeeded
2021-08-27 22:09:30,175 :: INFO :: Gateway Manager : Stop experiment
2021-08-27 22:09:30,192 :: INFO :: Stop experiment
2021-08-27 22:09:30,200 :: INFO :: Control node : stop of the experiment
2021-08-27 22:09:30,206 :: INFO :: Control node : profile configuration
2021-08-27 22:09:30,213 :: INFO :: Configure profile on Control Node
2021-08-27 22:09:30,280 :: INFO :: Control node : start power of open node
2021-08-27 22:09:30,319 :: INFO :: Node OpenOCD: teardown of openocd node
2021-08-27 22:09:33,355 :: INFO :: openocd node debugger stop
2021-08-27 22:09:34,035 :: INFO :: Node OpenOCD: flash of openocd node
2021-08-27 22:09:34,049 :: INFO :: Flash firmware on OpenOCD: /usr/lib/python2.7/site-packages/gateway_code/static/m3_idle.elf
2021-08-27 22:09:36,516 :: INFO :: Control node : Stop control node serial interface
2021-08-27 22:09:36,525 :: INFO :: Control node : stop power of open node
2021-08-27 22:09:36,602 :: INFO :: Control node : reset
2021-08-27 22:09:36,609 :: INFO :: Reset Control Node
2021-08-27 22:09:39,429 :: INFO :: Stop experiment succeeded
