2021-08-27 21:09:12,798 :: INFO :: Start experiment: luna-275532
2021-08-27 21:09:12,801 :: INFO :: Control node : Starting of control node serial interface
2021-08-27 21:09:12,804 :: INFO :: Control node : reset
2021-08-27 21:09:12,807 :: INFO :: Reset Control Node
2021-08-27 21:09:15,666 :: INFO :: Control node : start power of open node
2021-08-27 21:09:15,694 :: INFO :: Node OpenOCD: Setup of openocd node
2021-08-27 21:09:18,735 :: INFO :: Node OpenOCD: flash of openocd node
2021-08-27 21:09:18,753 :: INFO :: Flash firmware on OpenOCD: /tmp/tmpzazVvB--9eca698c47b1367377dfc6ae1bda6964_unicast-sender-count-60T-20B.iotlab-m3
2021-08-27 21:09:25,655 :: INFO :: Control node : Start experiment
2021-08-27 21:09:25,711 :: INFO :: Control Node set time delay: 1618 us
2021-08-27 21:09:25,729 :: INFO :: Control node : profile configuration
2021-08-27 21:09:25,733 :: INFO :: Configure profile on Control Node
2021-08-27 21:09:25,777 :: INFO :: Start experiment succeeded
2021-08-27 22:09:30,163 :: INFO :: Gateway Manager : Stop experiment
2021-08-27 22:09:30,181 :: INFO :: Stop experiment
2021-08-27 22:09:30,197 :: INFO :: Control node : stop of the experiment
2021-08-27 22:09:30,210 :: INFO :: Control node : profile configuration
2021-08-27 22:09:30,229 :: INFO :: Configure profile on Control Node
2021-08-27 22:09:30,358 :: INFO :: Control node : start power of open node
2021-08-27 22:09:30,417 :: INFO :: Node OpenOCD: teardown of openocd node
2021-08-27 22:09:33,444 :: INFO :: openocd node debugger stop
2021-08-27 22:09:34,132 :: INFO :: Node OpenOCD: flash of openocd node
2021-08-27 22:09:34,148 :: INFO :: Flash firmware on OpenOCD: /usr/lib/python2.7/site-packages/gateway_code/static/m3_idle.elf
2021-08-27 22:09:36,607 :: INFO :: Control node : Stop control node serial interface
2021-08-27 22:09:36,612 :: INFO :: Control node : stop power of open node
2021-08-27 22:09:36,668 :: INFO :: Control node : reset
2021-08-27 22:09:36,675 :: INFO :: Reset Control Node
2021-08-27 22:09:39,506 :: INFO :: Stop experiment succeeded
