2021-08-27 21:09:12,769 :: INFO :: Start experiment: luna-275532
2021-08-27 21:09:12,772 :: INFO :: Control node : Starting of control node serial interface
2021-08-27 21:09:12,775 :: INFO :: Control node : reset
2021-08-27 21:09:12,778 :: INFO :: Reset Control Node
2021-08-27 21:09:15,689 :: INFO :: Control node : start power of open node
2021-08-27 21:09:15,745 :: INFO :: Node OpenOCD: Setup of openocd node
2021-08-27 21:09:18,789 :: INFO :: Node OpenOCD: flash of openocd node
2021-08-27 21:09:18,807 :: INFO :: Flash firmware on OpenOCD: /tmp/tmp9ErWun--9eca698c47b1367377dfc6ae1bda6964_unicast-sender-count-60T-20B.iotlab-m3
2021-08-27 21:09:25,645 :: INFO :: Control node : Start experiment
2021-08-27 21:09:25,712 :: INFO :: Control Node set time delay: 1923 us
2021-08-27 21:09:25,735 :: INFO :: Control node : profile configuration
2021-08-27 21:09:25,738 :: INFO :: Configure profile on Control Node
2021-08-27 21:09:25,777 :: INFO :: Start experiment succeeded
2021-08-27 22:09:30,134 :: INFO :: Gateway Manager : Stop experiment
2021-08-27 22:09:30,151 :: INFO :: Stop experiment
2021-08-27 22:09:30,167 :: INFO :: Control node : stop of the experiment
2021-08-27 22:09:30,186 :: INFO :: Control node : profile configuration
2021-08-27 22:09:30,200 :: INFO :: Configure profile on Control Node
2021-08-27 22:09:30,330 :: INFO :: Control node : start power of open node
2021-08-27 22:09:30,390 :: INFO :: Node OpenOCD: teardown of openocd node
2021-08-27 22:09:33,414 :: INFO :: openocd node debugger stop
2021-08-27 22:09:34,099 :: INFO :: Node OpenOCD: flash of openocd node
2021-08-27 22:09:34,117 :: INFO :: Flash firmware on OpenOCD: /usr/lib/python2.7/site-packages/gateway_code/static/m3_idle.elf
2021-08-27 22:09:36,553 :: INFO :: Control node : Stop control node serial interface
2021-08-27 22:09:36,558 :: INFO :: Control node : stop power of open node
2021-08-27 22:09:36,611 :: INFO :: Control node : reset
2021-08-27 22:09:36,615 :: INFO :: Reset Control Node
2021-08-27 22:09:39,429 :: INFO :: Stop experiment succeeded
