2021-08-27 21:09:12,746 :: INFO :: Start experiment: luna-275532
2021-08-27 21:09:12,749 :: INFO :: Control node : Starting of control node serial interface
2021-08-27 21:09:12,752 :: INFO :: Control node : reset
2021-08-27 21:09:12,755 :: INFO :: Reset Control Node
2021-08-27 21:09:15,661 :: INFO :: Control node : start power of open node
2021-08-27 21:09:15,718 :: INFO :: Node OpenOCD: Setup of openocd node
2021-08-27 21:09:18,758 :: INFO :: Node OpenOCD: flash of openocd node
2021-08-27 21:09:18,776 :: INFO :: Flash firmware on OpenOCD: /tmp/tmpz39Gaz--9eca698c47b1367377dfc6ae1bda6964_unicast-sender-count-60T-20B.iotlab-m3
2021-08-27 21:09:25,602 :: INFO :: Control node : Start experiment
2021-08-27 21:09:25,678 :: INFO :: Control Node set time delay: 1343 us
2021-08-27 21:09:25,708 :: INFO :: Control node : profile configuration
2021-08-27 21:09:25,712 :: INFO :: Configure profile on Control Node
2021-08-27 21:09:25,755 :: INFO :: Start experiment succeeded
2021-08-27 22:09:30,165 :: INFO :: Gateway Manager : Stop experiment
2021-08-27 22:09:30,182 :: INFO :: Stop experiment
2021-08-27 22:09:30,197 :: INFO :: Control node : stop of the experiment
2021-08-27 22:09:30,216 :: INFO :: Control node : profile configuration
2021-08-27 22:09:30,229 :: INFO :: Configure profile on Control Node
2021-08-27 22:09:30,359 :: INFO :: Control node : start power of open node
2021-08-27 22:09:30,417 :: INFO :: Node OpenOCD: teardown of openocd node
2021-08-27 22:09:33,446 :: INFO :: openocd node debugger stop
2021-08-27 22:09:34,128 :: INFO :: Node OpenOCD: flash of openocd node
2021-08-27 22:09:34,137 :: INFO :: Flash firmware on OpenOCD: /usr/lib/python2.7/site-packages/gateway_code/static/m3_idle.elf
2021-08-27 22:09:36,487 :: INFO :: Control node : Stop control node serial interface
2021-08-27 22:09:36,496 :: INFO :: Control node : stop power of open node
2021-08-27 22:09:36,577 :: INFO :: Control node : reset
2021-08-27 22:09:36,584 :: INFO :: Reset Control Node
2021-08-27 22:09:39,369 :: INFO :: Stop experiment succeeded
