2021-08-27 21:09:12,786 :: INFO :: Start experiment: luna-275532
2021-08-27 21:09:12,789 :: INFO :: Control node : Starting of control node serial interface
2021-08-27 21:09:12,792 :: INFO :: Control node : reset
2021-08-27 21:09:12,795 :: INFO :: Reset Control Node
2021-08-27 21:09:15,669 :: INFO :: Control node : start power of open node
2021-08-27 21:09:15,699 :: INFO :: Node OpenOCD: Setup of openocd node
2021-08-27 21:09:18,737 :: INFO :: Node OpenOCD: flash of openocd node
2021-08-27 21:09:18,755 :: INFO :: Flash firmware on OpenOCD: /tmp/tmpk2qXy0--9eca698c47b1367377dfc6ae1bda6964_unicast-sender-count-60T-20B.iotlab-m3
2021-08-27 21:09:25,609 :: INFO :: Control node : Start experiment
2021-08-27 21:09:25,652 :: INFO :: Control Node set time delay: 977 us
2021-08-27 21:09:25,670 :: INFO :: Control node : profile configuration
2021-08-27 21:09:25,673 :: INFO :: Configure profile on Control Node
2021-08-27 21:09:25,717 :: INFO :: Start experiment succeeded
2021-08-27 22:09:30,170 :: INFO :: Gateway Manager : Stop experiment
2021-08-27 22:09:30,187 :: INFO :: Stop experiment
2021-08-27 22:09:30,204 :: INFO :: Control node : stop of the experiment
2021-08-27 22:09:30,218 :: INFO :: Control node : profile configuration
2021-08-27 22:09:30,231 :: INFO :: Configure profile on Control Node
2021-08-27 22:09:30,362 :: INFO :: Control node : start power of open node
2021-08-27 22:09:30,432 :: INFO :: Node OpenOCD: teardown of openocd node
2021-08-27 22:09:33,458 :: INFO :: openocd node debugger stop
2021-08-27 22:09:34,147 :: INFO :: Node OpenOCD: flash of openocd node
2021-08-27 22:09:34,162 :: INFO :: Flash firmware on OpenOCD: /usr/lib/python2.7/site-packages/gateway_code/static/m3_idle.elf
2021-08-27 22:09:36,620 :: INFO :: Control node : Stop control node serial interface
2021-08-27 22:09:36,625 :: INFO :: Control node : stop power of open node
2021-08-27 22:09:36,678 :: INFO :: Control node : reset
2021-08-27 22:09:36,681 :: INFO :: Reset Control Node
2021-08-27 22:09:39,512 :: INFO :: Stop experiment succeeded
