2021-08-27 21:09:12,753 :: INFO :: Start experiment: luna-275532
2021-08-27 21:09:12,757 :: INFO :: Control node : Starting of control node serial interface
2021-08-27 21:09:12,760 :: INFO :: Control node : reset
2021-08-27 21:09:12,763 :: INFO :: Reset Control Node
2021-08-27 21:09:15,606 :: INFO :: Control node : start power of open node
2021-08-27 21:09:15,634 :: INFO :: Node OpenOCD: Setup of openocd node
2021-08-27 21:09:18,674 :: INFO :: Node OpenOCD: flash of openocd node
2021-08-27 21:09:18,692 :: INFO :: Flash firmware on OpenOCD: /tmp/tmp5yZmTq--9eca698c47b1367377dfc6ae1bda6964_unicast-sender-count-60T-20B.iotlab-m3
2021-08-27 21:09:25,600 :: INFO :: Control node : Start experiment
2021-08-27 21:09:25,661 :: INFO :: Control Node set time delay: 1129 us
2021-08-27 21:09:25,680 :: INFO :: Control node : profile configuration
2021-08-27 21:09:25,683 :: INFO :: Configure profile on Control Node
2021-08-27 21:09:25,727 :: INFO :: Start experiment succeeded
2021-08-27 22:09:30,157 :: INFO :: Gateway Manager : Stop experiment
2021-08-27 22:09:30,175 :: INFO :: Stop experiment
2021-08-27 22:09:30,191 :: INFO :: Control node : stop of the experiment
2021-08-27 22:09:30,204 :: INFO :: Control node : profile configuration
2021-08-27 22:09:30,218 :: INFO :: Configure profile on Control Node
2021-08-27 22:09:30,352 :: INFO :: Control node : start power of open node
2021-08-27 22:09:30,420 :: INFO :: Node OpenOCD: teardown of openocd node
2021-08-27 22:09:33,447 :: INFO :: openocd node debugger stop
2021-08-27 22:09:34,136 :: INFO :: Node OpenOCD: flash of openocd node
2021-08-27 22:09:34,151 :: INFO :: Flash firmware on OpenOCD: /usr/lib/python2.7/site-packages/gateway_code/static/m3_idle.elf
2021-08-27 22:09:36,588 :: INFO :: Control node : Stop control node serial interface
2021-08-27 22:09:36,597 :: INFO :: Control node : stop power of open node
2021-08-27 22:09:36,678 :: INFO :: Control node : reset
2021-08-27 22:09:36,685 :: INFO :: Reset Control Node
2021-08-27 22:09:39,466 :: INFO :: Stop experiment succeeded
