2021-08-27 21:09:12,712 :: INFO :: Start experiment: luna-275532
2021-08-27 21:09:12,715 :: INFO :: Control node : Starting of control node serial interface
2021-08-27 21:09:12,718 :: INFO :: Control node : reset
2021-08-27 21:09:12,721 :: INFO :: Reset Control Node
2021-08-27 21:09:15,626 :: INFO :: Control node : start power of open node
2021-08-27 21:09:15,683 :: INFO :: Node OpenOCD: Setup of openocd node
2021-08-27 21:09:18,731 :: INFO :: Node OpenOCD: flash of openocd node
2021-08-27 21:09:18,748 :: INFO :: Flash firmware on OpenOCD: /tmp/tmpyJLWPT--ddd0625ff8382e7208c25657471d6a4a_unicast-receiver-count.iotlab-m3
2021-08-27 21:09:25,278 :: INFO :: Control node : Start experiment
2021-08-27 21:09:25,315 :: INFO :: Control Node set time delay: 1617 us
2021-08-27 21:09:25,332 :: INFO :: Control node : profile configuration
2021-08-27 21:09:25,335 :: INFO :: Configure profile on Control Node
2021-08-27 21:09:25,380 :: INFO :: Start experiment succeeded
2021-08-27 22:09:30,150 :: INFO :: Gateway Manager : Stop experiment
2021-08-27 22:09:30,167 :: INFO :: Stop experiment
2021-08-27 22:09:30,182 :: INFO :: Control node : stop of the experiment
2021-08-27 22:09:30,201 :: INFO :: Control node : profile configuration
2021-08-27 22:09:30,215 :: INFO :: Configure profile on Control Node
2021-08-27 22:09:30,318 :: INFO :: Control node : start power of open node
2021-08-27 22:09:30,340 :: INFO :: Node OpenOCD: teardown of openocd node
2021-08-27 22:09:33,378 :: INFO :: openocd node debugger stop
2021-08-27 22:09:34,054 :: INFO :: Node OpenOCD: flash of openocd node
2021-08-27 22:09:34,061 :: INFO :: Flash firmware on OpenOCD: /usr/lib/python2.7/site-packages/gateway_code/static/m3_idle.elf
2021-08-27 22:09:36,466 :: INFO :: Control node : Stop control node serial interface
2021-08-27 22:09:36,471 :: INFO :: Control node : stop power of open node
2021-08-27 22:09:36,524 :: INFO :: Control node : reset
2021-08-27 22:09:36,531 :: INFO :: Reset Control Node
2021-08-27 22:09:39,367 :: INFO :: Stop experiment succeeded
