2021-08-27 21:09:12,777 :: INFO :: Start experiment: luna-275532
2021-08-27 21:09:12,780 :: INFO :: Control node : Starting of control node serial interface
2021-08-27 21:09:12,783 :: INFO :: Control node : reset
2021-08-27 21:09:12,786 :: INFO :: Reset Control Node
2021-08-27 21:09:15,694 :: INFO :: Control node : start power of open node
2021-08-27 21:09:15,752 :: INFO :: Node OpenOCD: Setup of openocd node
2021-08-27 21:09:18,800 :: INFO :: Node OpenOCD: flash of openocd node
2021-08-27 21:09:18,818 :: INFO :: Flash firmware on OpenOCD: /tmp/tmp0RMuct--9eca698c47b1367377dfc6ae1bda6964_unicast-sender-count-60T-20B.iotlab-m3
2021-08-27 21:09:25,722 :: INFO :: Control node : Start experiment
2021-08-27 21:09:25,791 :: INFO :: Control Node set time delay: 1708 us
2021-08-27 21:09:25,799 :: INFO :: Control node : profile configuration
2021-08-27 21:09:25,803 :: INFO :: Configure profile on Control Node
2021-08-27 21:09:25,844 :: INFO :: Start experiment succeeded
2021-08-27 22:09:30,130 :: INFO :: Gateway Manager : Stop experiment
2021-08-27 22:09:30,139 :: INFO :: Stop experiment
2021-08-27 22:09:30,147 :: INFO :: Control node : stop of the experiment
2021-08-27 22:09:30,153 :: INFO :: Control node : profile configuration
2021-08-27 22:09:30,160 :: INFO :: Configure profile on Control Node
2021-08-27 22:09:30,229 :: INFO :: Control node : start power of open node
2021-08-27 22:09:30,269 :: INFO :: Node OpenOCD: teardown of openocd node
2021-08-27 22:09:33,308 :: INFO :: openocd node debugger stop
2021-08-27 22:09:33,984 :: INFO :: Node OpenOCD: flash of openocd node
2021-08-27 22:09:33,991 :: INFO :: Flash firmware on OpenOCD: /usr/lib/python2.7/site-packages/gateway_code/static/m3_idle.elf
2021-08-27 22:09:36,447 :: INFO :: Control node : Stop control node serial interface
2021-08-27 22:09:36,456 :: INFO :: Control node : stop power of open node
2021-08-27 22:09:36,536 :: INFO :: Control node : reset
2021-08-27 22:09:36,542 :: INFO :: Reset Control Node
2021-08-27 22:09:39,329 :: INFO :: Stop experiment succeeded
