2021-09-06 18:10:34,076 :: INFO :: Start experiment: luna-276412
2021-09-06 18:10:34,079 :: INFO :: Control node : Starting of control node serial interface
2021-09-06 18:10:34,082 :: INFO :: Control node : reset
2021-09-06 18:10:34,085 :: INFO :: Reset Control Node
2021-09-06 18:10:36,922 :: INFO :: Control node : start power of open node
2021-09-06 18:10:36,950 :: INFO :: Node OpenOCD: Setup of openocd node
2021-09-06 18:10:39,988 :: INFO :: Node OpenOCD: flash of openocd node
2021-09-06 18:10:40,006 :: INFO :: Flash firmware on OpenOCD: /tmp/tmpSpsf7Z--3e6b491341ebfbb107b5d3aaa6c4431d_unicast-sender-count-10T-191B.iotlab-m3
2021-09-06 18:10:46,799 :: INFO :: Control node : Start experiment
2021-09-06 18:10:46,872 :: INFO :: Control Node set time delay: 1068 us
2021-09-06 18:10:46,899 :: INFO :: Control node : profile configuration
2021-09-06 18:10:46,906 :: INFO :: Configure profile on Control Node
2021-09-06 18:10:46,985 :: INFO :: Start experiment succeeded
2021-09-06 19:11:52,889 :: INFO :: Gateway Manager : Stop experiment
2021-09-06 19:11:52,898 :: INFO :: Stop experiment
2021-09-06 19:11:52,907 :: INFO :: Control node : stop of the experiment
2021-09-06 19:11:52,914 :: INFO :: Control node : profile configuration
2021-09-06 19:11:52,922 :: INFO :: Configure profile on Control Node
2021-09-06 19:11:52,998 :: INFO :: Control node : start power of open node
2021-09-06 19:11:53,042 :: INFO :: Node OpenOCD: teardown of openocd node
2021-09-06 19:11:56,091 :: INFO :: openocd node debugger stop
2021-09-06 19:11:56,773 :: INFO :: Node OpenOCD: flash of openocd node
2021-09-06 19:11:56,780 :: INFO :: Flash firmware on OpenOCD: /usr/lib/python2.7/site-packages/gateway_code/static/m3_idle.elf
2021-09-06 19:11:59,189 :: INFO :: Control node : Stop control node serial interface
2021-09-06 19:11:59,196 :: INFO :: Control node : stop power of open node
2021-09-06 19:11:59,276 :: INFO :: Control node : reset
2021-09-06 19:11:59,282 :: INFO :: Reset Control Node
2021-09-06 19:12:02,118 :: INFO :: Stop experiment succeeded
