2021-09-06 18:10:34,077 :: INFO :: Start experiment: luna-276412
2021-09-06 18:10:34,080 :: INFO :: Control node : Starting of control node serial interface
2021-09-06 18:10:34,083 :: INFO :: Control node : reset
2021-09-06 18:10:34,085 :: INFO :: Reset Control Node
2021-09-06 18:10:36,986 :: INFO :: Control node : start power of open node
2021-09-06 18:10:37,043 :: INFO :: Node OpenOCD: Setup of openocd node
2021-09-06 18:10:40,083 :: INFO :: Node OpenOCD: flash of openocd node
2021-09-06 18:10:40,101 :: INFO :: Flash firmware on OpenOCD: /tmp/tmpSgcO4e--3e6b491341ebfbb107b5d3aaa6c4431d_unicast-sender-count-10T-191B.iotlab-m3
2021-09-06 18:10:46,963 :: INFO :: Control node : Start experiment
2021-09-06 18:10:47,020 :: INFO :: Control Node set time delay: 1862 us
2021-09-06 18:10:47,042 :: INFO :: Control node : profile configuration
2021-09-06 18:10:47,048 :: INFO :: Configure profile on Control Node
2021-09-06 18:10:47,090 :: INFO :: Start experiment succeeded
2021-09-06 19:11:52,894 :: INFO :: Gateway Manager : Stop experiment
2021-09-06 19:11:52,908 :: INFO :: Stop experiment
2021-09-06 19:11:52,917 :: INFO :: Control node : stop of the experiment
2021-09-06 19:11:52,925 :: INFO :: Control node : profile configuration
2021-09-06 19:11:52,933 :: INFO :: Configure profile on Control Node
2021-09-06 19:11:53,008 :: INFO :: Control node : start power of open node
2021-09-06 19:11:53,052 :: INFO :: Node OpenOCD: teardown of openocd node
2021-09-06 19:11:56,117 :: INFO :: openocd node debugger stop
2021-09-06 19:11:56,798 :: INFO :: Node OpenOCD: flash of openocd node
2021-09-06 19:11:56,805 :: INFO :: Flash firmware on OpenOCD: /usr/lib/python2.7/site-packages/gateway_code/static/m3_idle.elf
2021-09-06 19:11:59,167 :: INFO :: Control node : Stop control node serial interface
2021-09-06 19:11:59,175 :: INFO :: Control node : stop power of open node
2021-09-06 19:11:59,273 :: INFO :: Control node : reset
2021-09-06 19:11:59,279 :: INFO :: Reset Control Node
2021-09-06 19:12:02,114 :: INFO :: Stop experiment succeeded
