2021-09-06 18:10:34,050 :: INFO :: Start experiment: luna-276412
2021-09-06 18:10:34,054 :: INFO :: Control node : Starting of control node serial interface
2021-09-06 18:10:34,056 :: INFO :: Control node : reset
2021-09-06 18:10:34,059 :: INFO :: Reset Control Node
2021-09-06 18:10:36,965 :: INFO :: Control node : start power of open node
2021-09-06 18:10:37,023 :: INFO :: Node OpenOCD: Setup of openocd node
2021-09-06 18:10:40,066 :: INFO :: Node OpenOCD: flash of openocd node
2021-09-06 18:10:40,084 :: INFO :: Flash firmware on OpenOCD: /tmp/tmpVkvC9X--3e6b491341ebfbb107b5d3aaa6c4431d_unicast-sender-count-10T-191B.iotlab-m3
2021-09-06 18:10:46,858 :: INFO :: Control node : Start experiment
2021-09-06 18:10:46,927 :: INFO :: Control Node set time delay: 1160 us
2021-09-06 18:10:46,944 :: INFO :: Control node : profile configuration
2021-09-06 18:10:46,951 :: INFO :: Configure profile on Control Node
2021-09-06 18:10:47,032 :: INFO :: Start experiment succeeded
2021-09-06 19:11:52,895 :: INFO :: Gateway Manager : Stop experiment
2021-09-06 19:11:52,904 :: INFO :: Stop experiment
2021-09-06 19:11:52,913 :: INFO :: Control node : stop of the experiment
2021-09-06 19:11:52,921 :: INFO :: Control node : profile configuration
2021-09-06 19:11:52,928 :: INFO :: Configure profile on Control Node
2021-09-06 19:11:53,010 :: INFO :: Control node : start power of open node
2021-09-06 19:11:53,053 :: INFO :: Node OpenOCD: teardown of openocd node
2021-09-06 19:11:56,112 :: INFO :: openocd node debugger stop
2021-09-06 19:11:56,801 :: INFO :: Node OpenOCD: flash of openocd node
2021-09-06 19:11:56,816 :: INFO :: Flash firmware on OpenOCD: /usr/lib/python2.7/site-packages/gateway_code/static/m3_idle.elf
2021-09-06 19:11:59,286 :: INFO :: Control node : Stop control node serial interface
2021-09-06 19:11:59,291 :: INFO :: Control node : stop power of open node
2021-09-06 19:11:59,350 :: INFO :: Control node : reset
2021-09-06 19:11:59,354 :: INFO :: Reset Control Node
2021-09-06 19:12:02,193 :: INFO :: Stop experiment succeeded
