2021-09-06 18:10:34,050 :: INFO :: Start experiment: luna-276412
2021-09-06 18:10:34,054 :: INFO :: Control node : Starting of control node serial interface
2021-09-06 18:10:34,056 :: INFO :: Control node : reset
2021-09-06 18:10:34,059 :: INFO :: Reset Control Node
2021-09-06 18:10:36,961 :: INFO :: Control node : start power of open node
2021-09-06 18:10:37,017 :: INFO :: Node OpenOCD: Setup of openocd node
2021-09-06 18:10:40,065 :: INFO :: Node OpenOCD: flash of openocd node
2021-09-06 18:10:40,084 :: INFO :: Flash firmware on OpenOCD: /tmp/tmptrXzY1--ddd0625ff8382e7208c25657471d6a4a_unicast-receiver-count.iotlab-m3
2021-09-06 18:10:46,600 :: INFO :: Control node : Start experiment
2021-09-06 18:10:46,685 :: INFO :: Control Node set time delay: 1892 us
2021-09-06 18:10:46,720 :: INFO :: Control node : profile configuration
2021-09-06 18:10:46,727 :: INFO :: Configure profile on Control Node
2021-09-06 18:10:46,782 :: INFO :: Start experiment succeeded
2021-09-06 19:11:52,901 :: INFO :: Gateway Manager : Stop experiment
2021-09-06 19:11:52,910 :: INFO :: Stop experiment
2021-09-06 19:11:52,919 :: INFO :: Control node : stop of the experiment
2021-09-06 19:11:52,926 :: INFO :: Control node : profile configuration
2021-09-06 19:11:52,934 :: INFO :: Configure profile on Control Node
2021-09-06 19:11:53,009 :: INFO :: Control node : start power of open node
2021-09-06 19:11:53,053 :: INFO :: Node OpenOCD: teardown of openocd node
2021-09-06 19:11:56,109 :: INFO :: openocd node debugger stop
2021-09-06 19:11:56,768 :: INFO :: Node OpenOCD: flash of openocd node
2021-09-06 19:11:56,776 :: INFO :: Flash firmware on OpenOCD: /usr/lib/python2.7/site-packages/gateway_code/static/m3_idle.elf
2021-09-06 19:11:59,183 :: INFO :: Control node : Stop control node serial interface
2021-09-06 19:11:59,188 :: INFO :: Control node : stop power of open node
2021-09-06 19:11:59,242 :: INFO :: Control node : reset
2021-09-06 19:11:59,249 :: INFO :: Reset Control Node
2021-09-06 19:12:02,089 :: INFO :: Stop experiment succeeded
