2021-09-06 18:10:34,105 :: INFO :: Start experiment: luna-276412
2021-09-06 18:10:34,109 :: INFO :: Control node : Starting of control node serial interface
2021-09-06 18:10:34,112 :: INFO :: Control node : reset
2021-09-06 18:10:34,114 :: INFO :: Reset Control Node
2021-09-06 18:10:37,025 :: INFO :: Control node : start power of open node
2021-09-06 18:10:37,083 :: INFO :: Node OpenOCD: Setup of openocd node
2021-09-06 18:10:40,123 :: INFO :: Node OpenOCD: flash of openocd node
2021-09-06 18:10:40,141 :: INFO :: Flash firmware on OpenOCD: /tmp/tmp8CCYed--3e6b491341ebfbb107b5d3aaa6c4431d_unicast-sender-count-10T-191B.iotlab-m3
2021-09-06 18:10:47,045 :: INFO :: Control node : Start experiment
2021-09-06 18:10:47,114 :: INFO :: Control Node set time delay: 1373 us
2021-09-06 18:10:47,125 :: INFO :: Control node : profile configuration
2021-09-06 18:10:47,129 :: INFO :: Configure profile on Control Node
2021-09-06 18:10:47,172 :: INFO :: Start experiment succeeded
2021-09-06 19:11:52,898 :: INFO :: Gateway Manager : Stop experiment
2021-09-06 19:11:52,907 :: INFO :: Stop experiment
2021-09-06 19:11:52,916 :: INFO :: Control node : stop of the experiment
2021-09-06 19:11:52,923 :: INFO :: Control node : profile configuration
2021-09-06 19:11:52,934 :: INFO :: Configure profile on Control Node
2021-09-06 19:11:53,010 :: INFO :: Control node : start power of open node
2021-09-06 19:11:53,055 :: INFO :: Node OpenOCD: teardown of openocd node
2021-09-06 19:11:56,127 :: INFO :: openocd node debugger stop
2021-09-06 19:11:56,816 :: INFO :: Node OpenOCD: flash of openocd node
2021-09-06 19:11:56,830 :: INFO :: Flash firmware on OpenOCD: /usr/lib/python2.7/site-packages/gateway_code/static/m3_idle.elf
2021-09-06 19:11:59,297 :: INFO :: Control node : Stop control node serial interface
2021-09-06 19:11:59,302 :: INFO :: Control node : stop power of open node
2021-09-06 19:11:59,357 :: INFO :: Control node : reset
2021-09-06 19:11:59,361 :: INFO :: Reset Control Node
2021-09-06 19:12:02,215 :: INFO :: Stop experiment succeeded
