2021-09-06 01:53:38,709 :: INFO :: Start experiment: luna-276398
2021-09-06 01:53:38,712 :: INFO :: Control node : Starting of control node serial interface
2021-09-06 01:53:38,715 :: INFO :: Control node : reset
2021-09-06 01:53:38,717 :: INFO :: Reset Control Node
2021-09-06 01:53:41,620 :: INFO :: Control node : start power of open node
2021-09-06 01:53:41,678 :: INFO :: Node OpenOCD: Setup of openocd node
2021-09-06 01:53:44,728 :: INFO :: Node OpenOCD: flash of openocd node
2021-09-06 01:53:44,746 :: INFO :: Flash firmware on OpenOCD: /tmp/tmpk_0x0Y--d4a0543b7d1f359d92f0e4afc0b7f0cf_unicast-sender-count-30T-20B.iotlab-m3
2021-09-06 01:53:51,540 :: INFO :: Control node : Start experiment
2021-09-06 01:53:51,610 :: INFO :: Control Node set time delay: 2043 us
2021-09-06 01:53:51,642 :: INFO :: Control node : profile configuration
2021-09-06 01:53:51,649 :: INFO :: Configure profile on Control Node
2021-09-06 01:53:51,730 :: INFO :: Start experiment succeeded
2021-09-06 02:53:57,550 :: INFO :: Gateway Manager : Stop experiment
2021-09-06 02:53:57,572 :: INFO :: Stop experiment
2021-09-06 02:53:57,591 :: INFO :: Control node : stop of the experiment
2021-09-06 02:53:57,613 :: INFO :: Control node : profile configuration
2021-09-06 02:53:57,632 :: INFO :: Configure profile on Control Node
2021-09-06 02:53:57,790 :: INFO :: Control node : start power of open node
2021-09-06 02:53:57,811 :: INFO :: Node OpenOCD: teardown of openocd node
2021-09-06 02:54:00,852 :: INFO :: openocd node debugger stop
2021-09-06 02:54:01,447 :: INFO :: Node OpenOCD: flash of openocd node
2021-09-06 02:54:01,454 :: INFO :: Flash firmware on OpenOCD: /usr/lib/python2.7/site-packages/gateway_code/static/m3_idle.elf
2021-09-06 02:54:03,862 :: INFO :: Control node : Stop control node serial interface
2021-09-06 02:54:03,872 :: INFO :: Control node : stop power of open node
2021-09-06 02:54:03,972 :: INFO :: Control node : reset
2021-09-06 02:54:03,979 :: INFO :: Reset Control Node
2021-09-06 02:54:06,764 :: INFO :: Stop experiment succeeded
