2021-09-06 01:53:38,666 :: INFO :: Start experiment: luna-276398
2021-09-06 01:53:38,670 :: INFO :: Control node : Starting of control node serial interface
2021-09-06 01:53:38,673 :: INFO :: Control node : reset
2021-09-06 01:53:38,675 :: INFO :: Reset Control Node
2021-09-06 01:53:41,576 :: INFO :: Control node : start power of open node
2021-09-06 01:53:41,633 :: INFO :: Node OpenOCD: Setup of openocd node
2021-09-06 01:53:44,672 :: INFO :: Node OpenOCD: flash of openocd node
2021-09-06 01:53:44,690 :: INFO :: Flash firmware on OpenOCD: /tmp/tmp7P2u5v--d4a0543b7d1f359d92f0e4afc0b7f0cf_unicast-sender-count-30T-20B.iotlab-m3
2021-09-06 01:53:51,543 :: INFO :: Control node : Start experiment
2021-09-06 01:53:51,592 :: INFO :: Control Node set time delay: 1892 us
2021-09-06 01:53:51,624 :: INFO :: Control node : profile configuration
2021-09-06 01:53:51,631 :: INFO :: Configure profile on Control Node
2021-09-06 01:53:51,681 :: INFO :: Start experiment succeeded
2021-09-06 02:53:57,542 :: INFO :: Gateway Manager : Stop experiment
2021-09-06 02:53:57,551 :: INFO :: Stop experiment
2021-09-06 02:53:57,560 :: INFO :: Control node : stop of the experiment
2021-09-06 02:53:57,568 :: INFO :: Control node : profile configuration
2021-09-06 02:53:57,575 :: INFO :: Configure profile on Control Node
2021-09-06 02:53:57,653 :: INFO :: Control node : start power of open node
2021-09-06 02:53:57,697 :: INFO :: Node OpenOCD: teardown of openocd node
2021-09-06 02:54:00,744 :: INFO :: openocd node debugger stop
2021-09-06 02:54:01,336 :: INFO :: Node OpenOCD: flash of openocd node
2021-09-06 02:54:01,351 :: INFO :: Flash firmware on OpenOCD: /usr/lib/python2.7/site-packages/gateway_code/static/m3_idle.elf
2021-09-06 02:54:03,818 :: INFO :: Control node : Stop control node serial interface
2021-09-06 02:54:03,823 :: INFO :: Control node : stop power of open node
2021-09-06 02:54:03,897 :: INFO :: Control node : reset
2021-09-06 02:54:03,903 :: INFO :: Reset Control Node
2021-09-06 02:54:06,731 :: INFO :: Stop experiment succeeded
