2021-09-06 01:53:38,703 :: INFO :: Start experiment: luna-276398
2021-09-06 01:53:38,706 :: INFO :: Control node : Starting of control node serial interface
2021-09-06 01:53:38,709 :: INFO :: Control node : reset
2021-09-06 01:53:38,712 :: INFO :: Reset Control Node
2021-09-06 01:53:41,615 :: INFO :: Control node : start power of open node
2021-09-06 01:53:41,658 :: INFO :: Node OpenOCD: Setup of openocd node
2021-09-06 01:53:44,695 :: INFO :: Node OpenOCD: flash of openocd node
2021-09-06 01:53:44,713 :: INFO :: Flash firmware on OpenOCD: /tmp/tmpyFsbeT--d4a0543b7d1f359d92f0e4afc0b7f0cf_unicast-sender-count-30T-20B.iotlab-m3
2021-09-06 01:53:51,505 :: INFO :: Control node : Start experiment
2021-09-06 01:53:51,557 :: INFO :: Control Node set time delay: 1404 us
2021-09-06 01:53:51,589 :: INFO :: Control node : profile configuration
2021-09-06 01:53:51,596 :: INFO :: Configure profile on Control Node
2021-09-06 01:53:51,676 :: INFO :: Start experiment succeeded
2021-09-06 02:53:57,502 :: INFO :: Gateway Manager : Stop experiment
2021-09-06 02:53:57,511 :: INFO :: Stop experiment
2021-09-06 02:53:57,520 :: INFO :: Control node : stop of the experiment
2021-09-06 02:53:57,527 :: INFO :: Control node : profile configuration
2021-09-06 02:53:57,534 :: INFO :: Configure profile on Control Node
2021-09-06 02:53:57,608 :: INFO :: Control node : start power of open node
2021-09-06 02:53:57,650 :: INFO :: Node OpenOCD: teardown of openocd node
2021-09-06 02:54:00,709 :: INFO :: openocd node debugger stop
2021-09-06 02:54:01,393 :: INFO :: Node OpenOCD: flash of openocd node
2021-09-06 02:54:01,400 :: INFO :: Flash firmware on OpenOCD: /usr/lib/python2.7/site-packages/gateway_code/static/m3_idle.elf
2021-09-06 02:54:03,764 :: INFO :: Control node : Stop control node serial interface
2021-09-06 02:54:03,768 :: INFO :: Control node : stop power of open node
2021-09-06 02:54:03,841 :: INFO :: Control node : reset
2021-09-06 02:54:03,845 :: INFO :: Reset Control Node
2021-09-06 02:54:06,679 :: INFO :: Stop experiment succeeded
