2021-09-06 01:53:38,689 :: INFO :: Start experiment: luna-276398
2021-09-06 01:53:38,692 :: INFO :: Control node : Starting of control node serial interface
2021-09-06 01:53:38,695 :: INFO :: Control node : reset
2021-09-06 01:53:38,698 :: INFO :: Reset Control Node
2021-09-06 01:53:41,549 :: INFO :: Control node : start power of open node
2021-09-06 01:53:41,607 :: INFO :: Node OpenOCD: Setup of openocd node
2021-09-06 01:53:44,655 :: INFO :: Node OpenOCD: flash of openocd node
2021-09-06 01:53:44,673 :: INFO :: Flash firmware on OpenOCD: /tmp/tmpWgiwvO--d4a0543b7d1f359d92f0e4afc0b7f0cf_unicast-sender-count-30T-20B.iotlab-m3
2021-09-06 01:53:51,580 :: INFO :: Control node : Start experiment
2021-09-06 01:53:51,645 :: INFO :: Control Node set time delay: 1038 us
2021-09-06 01:53:51,655 :: INFO :: Control node : profile configuration
2021-09-06 01:53:51,658 :: INFO :: Configure profile on Control Node
2021-09-06 01:53:51,700 :: INFO :: Start experiment succeeded
2021-09-06 02:53:57,513 :: INFO :: Gateway Manager : Stop experiment
2021-09-06 02:53:57,522 :: INFO :: Stop experiment
2021-09-06 02:53:57,531 :: INFO :: Control node : stop of the experiment
2021-09-06 02:53:57,538 :: INFO :: Control node : profile configuration
2021-09-06 02:53:57,546 :: INFO :: Configure profile on Control Node
2021-09-06 02:53:57,624 :: INFO :: Control node : start power of open node
2021-09-06 02:53:57,668 :: INFO :: Node OpenOCD: teardown of openocd node
2021-09-06 02:54:00,730 :: INFO :: openocd node debugger stop
2021-09-06 02:54:01,421 :: INFO :: Node OpenOCD: flash of openocd node
2021-09-06 02:54:01,436 :: INFO :: Flash firmware on OpenOCD: /usr/lib/python2.7/site-packages/gateway_code/static/m3_idle.elf
2021-09-06 02:54:03,902 :: INFO :: Control node : Stop control node serial interface
2021-09-06 02:54:03,907 :: INFO :: Control node : stop power of open node
2021-09-06 02:54:03,976 :: INFO :: Control node : reset
2021-09-06 02:54:03,980 :: INFO :: Reset Control Node
2021-09-06 02:54:06,813 :: INFO :: Stop experiment succeeded
