2021-09-06 01:53:38,712 :: INFO :: Start experiment: luna-276398
2021-09-06 01:53:38,716 :: INFO :: Control node : Starting of control node serial interface
2021-09-06 01:53:38,719 :: INFO :: Control node : reset
2021-09-06 01:53:38,721 :: INFO :: Reset Control Node
2021-09-06 01:53:41,621 :: INFO :: Control node : start power of open node
2021-09-06 01:53:41,638 :: INFO :: Node OpenOCD: Setup of openocd node
2021-09-06 01:53:44,668 :: INFO :: Node OpenOCD: flash of openocd node
2021-09-06 01:53:44,686 :: INFO :: Flash firmware on OpenOCD: /tmp/tmpH75X5M--d4a0543b7d1f359d92f0e4afc0b7f0cf_unicast-sender-count-30T-20B.iotlab-m3
2021-09-06 01:53:51,478 :: INFO :: Control node : Start experiment
2021-09-06 01:53:51,522 :: INFO :: Control Node set time delay: 1678 us
2021-09-06 01:53:51,547 :: INFO :: Control node : profile configuration
2021-09-06 01:53:51,554 :: INFO :: Configure profile on Control Node
2021-09-06 01:53:51,633 :: INFO :: Start experiment succeeded
2021-09-06 02:53:57,538 :: INFO :: Gateway Manager : Stop experiment
2021-09-06 02:53:57,547 :: INFO :: Stop experiment
2021-09-06 02:53:57,556 :: INFO :: Control node : stop of the experiment
2021-09-06 02:53:57,564 :: INFO :: Control node : profile configuration
2021-09-06 02:53:57,571 :: INFO :: Configure profile on Control Node
2021-09-06 02:53:57,648 :: INFO :: Control node : start power of open node
2021-09-06 02:53:57,693 :: INFO :: Node OpenOCD: teardown of openocd node
2021-09-06 02:54:00,744 :: INFO :: openocd node debugger stop
2021-09-06 02:54:01,407 :: INFO :: Node OpenOCD: flash of openocd node
2021-09-06 02:54:01,415 :: INFO :: Flash firmware on OpenOCD: /usr/lib/python2.7/site-packages/gateway_code/static/m3_idle.elf
2021-09-06 02:54:03,823 :: INFO :: Control node : Stop control node serial interface
2021-09-06 02:54:03,832 :: INFO :: Control node : stop power of open node
2021-09-06 02:54:03,933 :: INFO :: Control node : reset
2021-09-06 02:54:03,940 :: INFO :: Reset Control Node
2021-09-06 02:54:06,724 :: INFO :: Stop experiment succeeded
