2021-09-06 01:53:38,678 :: INFO :: Start experiment: luna-276398
2021-09-06 01:53:38,681 :: INFO :: Control node : Starting of control node serial interface
2021-09-06 01:53:38,684 :: INFO :: Control node : reset
2021-09-06 01:53:38,687 :: INFO :: Reset Control Node
2021-09-06 01:53:41,589 :: INFO :: Control node : start power of open node
2021-09-06 01:53:41,644 :: INFO :: Node OpenOCD: Setup of openocd node
2021-09-06 01:53:44,689 :: INFO :: Node OpenOCD: flash of openocd node
2021-09-06 01:53:44,707 :: INFO :: Flash firmware on OpenOCD: /tmp/tmpBcqHbH--d4a0543b7d1f359d92f0e4afc0b7f0cf_unicast-sender-count-30T-20B.iotlab-m3
2021-09-06 01:53:51,777 :: INFO :: Control node : Start experiment
2021-09-06 01:53:51,828 :: INFO :: Control Node set time delay: 1862 us
2021-09-06 01:53:51,855 :: INFO :: Control node : profile configuration
2021-09-06 01:53:51,859 :: INFO :: Configure profile on Control Node
2021-09-06 01:53:51,900 :: INFO :: Start experiment succeeded
2021-09-06 02:53:57,493 :: INFO :: Gateway Manager : Stop experiment
2021-09-06 02:53:57,505 :: INFO :: Stop experiment
2021-09-06 02:53:57,514 :: INFO :: Control node : stop of the experiment
2021-09-06 02:53:57,521 :: INFO :: Control node : profile configuration
2021-09-06 02:53:57,529 :: INFO :: Configure profile on Control Node
2021-09-06 02:53:57,603 :: INFO :: Control node : start power of open node
2021-09-06 02:53:57,645 :: INFO :: Node OpenOCD: teardown of openocd node
2021-09-06 02:54:00,703 :: INFO :: openocd node debugger stop
2021-09-06 02:54:01,387 :: INFO :: Node OpenOCD: flash of openocd node
2021-09-06 02:54:01,401 :: INFO :: Flash firmware on OpenOCD: /usr/lib/python2.7/site-packages/gateway_code/static/m3_idle.elf
2021-09-06 02:54:03,918 :: INFO :: Control node : Stop control node serial interface
2021-09-06 02:54:03,929 :: INFO :: Control node : stop power of open node
2021-09-06 02:54:04,034 :: INFO :: Control node : reset
2021-09-06 02:54:04,040 :: INFO :: Reset Control Node
2021-09-06 02:54:06,826 :: INFO :: Stop experiment succeeded
