2021-09-06 01:53:38,714 :: INFO :: Start experiment: luna-276398
2021-09-06 01:53:38,718 :: INFO :: Control node : Starting of control node serial interface
2021-09-06 01:53:38,721 :: INFO :: Control node : reset
2021-09-06 01:53:38,723 :: INFO :: Reset Control Node
2021-09-06 01:53:41,626 :: INFO :: Control node : start power of open node
2021-09-06 01:53:41,681 :: INFO :: Node OpenOCD: Setup of openocd node
2021-09-06 01:53:44,731 :: INFO :: Node OpenOCD: flash of openocd node
2021-09-06 01:53:44,749 :: INFO :: Flash firmware on OpenOCD: /tmp/tmpCOoU5J--d4a0543b7d1f359d92f0e4afc0b7f0cf_unicast-sender-count-30T-20B.iotlab-m3
2021-09-06 01:53:51,602 :: INFO :: Control node : Start experiment
2021-09-06 01:53:51,653 :: INFO :: Control Node set time delay: 1862 us
2021-09-06 01:53:51,685 :: INFO :: Control node : profile configuration
2021-09-06 01:53:51,692 :: INFO :: Configure profile on Control Node
2021-09-06 01:53:51,735 :: INFO :: Start experiment succeeded
2021-09-06 02:53:57,534 :: INFO :: Gateway Manager : Stop experiment
2021-09-06 02:53:57,544 :: INFO :: Stop experiment
2021-09-06 02:53:57,553 :: INFO :: Control node : stop of the experiment
2021-09-06 02:53:57,560 :: INFO :: Control node : profile configuration
2021-09-06 02:53:57,567 :: INFO :: Configure profile on Control Node
2021-09-06 02:53:57,645 :: INFO :: Control node : start power of open node
2021-09-06 02:53:57,688 :: INFO :: Node OpenOCD: teardown of openocd node
2021-09-06 02:54:00,738 :: INFO :: openocd node debugger stop
2021-09-06 02:54:01,424 :: INFO :: Node OpenOCD: flash of openocd node
2021-09-06 02:54:01,434 :: INFO :: Flash firmware on OpenOCD: /usr/lib/python2.7/site-packages/gateway_code/static/m3_idle.elf
2021-09-06 02:54:03,787 :: INFO :: Control node : Stop control node serial interface
2021-09-06 02:54:03,796 :: INFO :: Control node : stop power of open node
2021-09-06 02:54:03,907 :: INFO :: Control node : reset
2021-09-06 02:54:03,914 :: INFO :: Reset Control Node
2021-09-06 02:54:06,747 :: INFO :: Stop experiment succeeded
