2021-09-06 01:53:38,708 :: INFO :: Start experiment: luna-276398
2021-09-06 01:53:38,712 :: INFO :: Control node : Starting of control node serial interface
2021-09-06 01:53:38,715 :: INFO :: Control node : reset
2021-09-06 01:53:38,717 :: INFO :: Reset Control Node
2021-09-06 01:53:41,619 :: INFO :: Control node : start power of open node
2021-09-06 01:53:41,674 :: INFO :: Node OpenOCD: Setup of openocd node
2021-09-06 01:53:44,723 :: INFO :: Node OpenOCD: flash of openocd node
2021-09-06 01:53:44,741 :: INFO :: Flash firmware on OpenOCD: /tmp/tmpNnoPuG--d4a0543b7d1f359d92f0e4afc0b7f0cf_unicast-sender-count-30T-20B.iotlab-m3
2021-09-06 01:53:51,531 :: INFO :: Control node : Start experiment
2021-09-06 01:53:51,598 :: INFO :: Control Node set time delay: 1129 us
2021-09-06 01:53:51,614 :: INFO :: Control node : profile configuration
2021-09-06 01:53:51,622 :: INFO :: Configure profile on Control Node
2021-09-06 01:53:51,701 :: INFO :: Start experiment succeeded
2021-09-06 02:53:57,540 :: INFO :: Gateway Manager : Stop experiment
2021-09-06 02:53:57,550 :: INFO :: Stop experiment
2021-09-06 02:53:57,558 :: INFO :: Control node : stop of the experiment
2021-09-06 02:53:57,565 :: INFO :: Control node : profile configuration
2021-09-06 02:53:57,577 :: INFO :: Configure profile on Control Node
2021-09-06 02:53:57,651 :: INFO :: Control node : start power of open node
2021-09-06 02:53:57,695 :: INFO :: Node OpenOCD: teardown of openocd node
2021-09-06 02:54:00,735 :: INFO :: openocd node debugger stop
2021-09-06 02:54:01,421 :: INFO :: Node OpenOCD: flash of openocd node
2021-09-06 02:54:01,435 :: INFO :: Flash firmware on OpenOCD: /usr/lib/python2.7/site-packages/gateway_code/static/m3_idle.elf
2021-09-06 02:54:03,897 :: INFO :: Control node : Stop control node serial interface
2021-09-06 02:54:03,907 :: INFO :: Control node : stop power of open node
2021-09-06 02:54:04,013 :: INFO :: Control node : reset
2021-09-06 02:54:04,020 :: INFO :: Reset Control Node
2021-09-06 02:54:06,803 :: INFO :: Stop experiment succeeded
