2021-09-06 01:53:38,694 :: INFO :: Start experiment: luna-276398
2021-09-06 01:53:38,698 :: INFO :: Control node : Starting of control node serial interface
2021-09-06 01:53:38,701 :: INFO :: Control node : reset
2021-09-06 01:53:38,703 :: INFO :: Reset Control Node
2021-09-06 01:53:41,605 :: INFO :: Control node : start power of open node
2021-09-06 01:53:41,663 :: INFO :: Node OpenOCD: Setup of openocd node
2021-09-06 01:53:44,704 :: INFO :: Node OpenOCD: flash of openocd node
2021-09-06 01:53:44,722 :: INFO :: Flash firmware on OpenOCD: /tmp/tmp75BrOW--d4a0543b7d1f359d92f0e4afc0b7f0cf_unicast-sender-count-30T-20B.iotlab-m3
2021-09-06 01:53:51,625 :: INFO :: Control node : Start experiment
2021-09-06 01:53:51,674 :: INFO :: Control Node set time delay: 1586 us
2021-09-06 01:53:51,700 :: INFO :: Control node : profile configuration
2021-09-06 01:53:51,704 :: INFO :: Configure profile on Control Node
2021-09-06 01:53:51,749 :: INFO :: Start experiment succeeded
2021-09-06 02:53:57,504 :: INFO :: Gateway Manager : Stop experiment
2021-09-06 02:53:57,514 :: INFO :: Stop experiment
2021-09-06 02:53:57,523 :: INFO :: Control node : stop of the experiment
2021-09-06 02:53:57,530 :: INFO :: Control node : profile configuration
2021-09-06 02:53:57,538 :: INFO :: Configure profile on Control Node
2021-09-06 02:53:57,614 :: INFO :: Control node : start power of open node
2021-09-06 02:53:57,659 :: INFO :: Node OpenOCD: teardown of openocd node
2021-09-06 02:54:00,713 :: INFO :: openocd node debugger stop
2021-09-06 02:54:01,311 :: INFO :: Node OpenOCD: flash of openocd node
2021-09-06 02:54:01,326 :: INFO :: Flash firmware on OpenOCD: /usr/lib/python2.7/site-packages/gateway_code/static/m3_idle.elf
2021-09-06 02:54:03,766 :: INFO :: Control node : Stop control node serial interface
2021-09-06 02:54:03,771 :: INFO :: Control node : stop power of open node
2021-09-06 02:54:03,827 :: INFO :: Control node : reset
2021-09-06 02:54:03,831 :: INFO :: Reset Control Node
2021-09-06 02:54:06,646 :: INFO :: Stop experiment succeeded
