2021-09-06 01:53:38,676 :: INFO :: Start experiment: luna-276398
2021-09-06 01:53:38,679 :: INFO :: Control node : Starting of control node serial interface
2021-09-06 01:53:38,682 :: INFO :: Control node : reset
2021-09-06 01:53:38,684 :: INFO :: Reset Control Node
2021-09-06 01:53:41,584 :: INFO :: Control node : start power of open node
2021-09-06 01:53:41,639 :: INFO :: Node OpenOCD: Setup of openocd node
2021-09-06 01:53:44,685 :: INFO :: Node OpenOCD: flash of openocd node
2021-09-06 01:53:44,702 :: INFO :: Flash firmware on OpenOCD: /tmp/tmp7dRYar--ddd0625ff8382e7208c25657471d6a4a_unicast-receiver-count.iotlab-m3
2021-09-06 01:53:51,150 :: INFO :: Control node : Start experiment
2021-09-06 01:53:51,201 :: INFO :: Control Node set time delay: 1190 us
2021-09-06 01:53:51,233 :: INFO :: Control node : profile configuration
2021-09-06 01:53:51,239 :: INFO :: Configure profile on Control Node
2021-09-06 01:53:51,281 :: INFO :: Start experiment succeeded
2021-09-06 02:53:57,489 :: INFO :: Gateway Manager : Stop experiment
2021-09-06 02:53:57,502 :: INFO :: Stop experiment
2021-09-06 02:53:57,511 :: INFO :: Control node : stop of the experiment
2021-09-06 02:53:57,518 :: INFO :: Control node : profile configuration
2021-09-06 02:53:57,525 :: INFO :: Configure profile on Control Node
2021-09-06 02:53:57,604 :: INFO :: Control node : start power of open node
2021-09-06 02:53:57,648 :: INFO :: Node OpenOCD: teardown of openocd node
2021-09-06 02:54:00,713 :: INFO :: openocd node debugger stop
2021-09-06 02:54:01,406 :: INFO :: Node OpenOCD: flash of openocd node
2021-09-06 02:54:01,421 :: INFO :: Flash firmware on OpenOCD: /usr/lib/python2.7/site-packages/gateway_code/static/m3_idle.elf
2021-09-06 02:54:03,793 :: INFO :: Control node : Stop control node serial interface
2021-09-06 02:54:03,798 :: INFO :: Control node : stop power of open node
2021-09-06 02:54:03,860 :: INFO :: Control node : reset
2021-09-06 02:54:03,864 :: INFO :: Reset Control Node
2021-09-06 02:54:06,691 :: INFO :: Stop experiment succeeded
