2021-08-31 00:17:02,024 :: INFO :: Start experiment: luna-275818
2021-08-31 00:17:02,027 :: INFO :: Control node : Starting of control node serial interface
2021-08-31 00:17:02,030 :: INFO :: Control node : reset
2021-08-31 00:17:02,033 :: INFO :: Reset Control Node
2021-08-31 00:17:04,931 :: INFO :: Control node : start power of open node
2021-08-31 00:17:04,988 :: INFO :: Node OpenOCD: Setup of openocd node
2021-08-31 00:17:08,026 :: INFO :: Node OpenOCD: flash of openocd node
2021-08-31 00:17:08,043 :: INFO :: Flash firmware on OpenOCD: /tmp/tmpJaEauO--9eca698c47b1367377dfc6ae1bda6964_unicast-sender-count-60T-20B.iotlab-m3
2021-08-31 00:17:14,835 :: INFO :: Control node : Start experiment
2021-08-31 00:17:14,898 :: INFO :: Control Node set time delay: 1892 us
2021-08-31 00:17:14,920 :: INFO :: Control node : profile configuration
2021-08-31 00:17:14,926 :: INFO :: Configure profile on Control Node
2021-08-31 00:17:15,005 :: INFO :: Start experiment succeeded
2021-08-31 01:17:20,775 :: INFO :: Gateway Manager : Stop experiment
2021-08-31 01:17:20,785 :: INFO :: Stop experiment
2021-08-31 01:17:20,793 :: INFO :: Control node : stop of the experiment
2021-08-31 01:17:20,803 :: INFO :: Control node : profile configuration
2021-08-31 01:17:20,811 :: INFO :: Configure profile on Control Node
2021-08-31 01:17:20,880 :: INFO :: Control node : start power of open node
2021-08-31 01:17:20,922 :: INFO :: Node OpenOCD: teardown of openocd node
2021-08-31 01:17:23,971 :: INFO :: openocd node debugger stop
2021-08-31 01:17:24,653 :: INFO :: Node OpenOCD: flash of openocd node
2021-08-31 01:17:24,660 :: INFO :: Flash firmware on OpenOCD: /usr/lib/python2.7/site-packages/gateway_code/static/m3_idle.elf
2021-08-31 01:17:27,063 :: INFO :: Control node : Stop control node serial interface
2021-08-31 01:17:27,071 :: INFO :: Control node : stop power of open node
2021-08-31 01:17:27,142 :: INFO :: Control node : reset
2021-08-31 01:17:27,149 :: INFO :: Reset Control Node
2021-08-31 01:17:29,935 :: INFO :: Stop experiment succeeded
