2021-08-31 00:17:02,021 :: INFO :: Start experiment: luna-275818
2021-08-31 00:17:02,025 :: INFO :: Control node : Starting of control node serial interface
2021-08-31 00:17:02,028 :: INFO :: Control node : reset
2021-08-31 00:17:02,030 :: INFO :: Reset Control Node
2021-08-31 00:17:04,885 :: INFO :: Control node : start power of open node
2021-08-31 00:17:04,940 :: INFO :: Node OpenOCD: Setup of openocd node
2021-08-31 00:17:07,984 :: INFO :: Node OpenOCD: flash of openocd node
2021-08-31 00:17:08,003 :: INFO :: Flash firmware on OpenOCD: /tmp/tmpxDrlN6--9eca698c47b1367377dfc6ae1bda6964_unicast-sender-count-60T-20B.iotlab-m3
2021-08-31 00:17:14,872 :: INFO :: Control node : Start experiment
2021-08-31 00:17:14,921 :: INFO :: Control Node set time delay: 1282 us
2021-08-31 00:17:14,944 :: INFO :: Control node : profile configuration
2021-08-31 00:17:14,948 :: INFO :: Configure profile on Control Node
2021-08-31 00:17:14,992 :: INFO :: Start experiment succeeded
2021-08-31 01:17:20,788 :: INFO :: Gateway Manager : Stop experiment
2021-08-31 01:17:20,809 :: INFO :: Stop experiment
2021-08-31 01:17:20,830 :: INFO :: Control node : stop of the experiment
2021-08-31 01:17:20,847 :: INFO :: Control node : profile configuration
2021-08-31 01:17:20,864 :: INFO :: Configure profile on Control Node
2021-08-31 01:17:21,034 :: INFO :: Control node : start power of open node
2021-08-31 01:17:21,055 :: INFO :: Node OpenOCD: teardown of openocd node
2021-08-31 01:17:24,090 :: INFO :: openocd node debugger stop
2021-08-31 01:17:24,777 :: INFO :: Node OpenOCD: flash of openocd node
2021-08-31 01:17:24,792 :: INFO :: Flash firmware on OpenOCD: /usr/lib/python2.7/site-packages/gateway_code/static/m3_idle.elf
2021-08-31 01:17:27,256 :: INFO :: Control node : Stop control node serial interface
2021-08-31 01:17:27,261 :: INFO :: Control node : stop power of open node
2021-08-31 01:17:27,312 :: INFO :: Control node : reset
2021-08-31 01:17:27,316 :: INFO :: Reset Control Node
2021-08-31 01:17:30,122 :: INFO :: Stop experiment succeeded
