2021-08-31 00:17:02,030 :: INFO :: Start experiment: luna-275818
2021-08-31 00:17:02,034 :: INFO :: Control node : Starting of control node serial interface
2021-08-31 00:17:02,037 :: INFO :: Control node : reset
2021-08-31 00:17:02,039 :: INFO :: Reset Control Node
2021-08-31 00:17:04,940 :: INFO :: Control node : start power of open node
2021-08-31 00:17:04,995 :: INFO :: Node OpenOCD: Setup of openocd node
2021-08-31 00:17:08,044 :: INFO :: Node OpenOCD: flash of openocd node
2021-08-31 00:17:08,062 :: INFO :: Flash firmware on OpenOCD: /tmp/tmpR9eTmg--9eca698c47b1367377dfc6ae1bda6964_unicast-sender-count-60T-20B.iotlab-m3
2021-08-31 00:17:14,843 :: INFO :: Control node : Start experiment
2021-08-31 00:17:14,900 :: INFO :: Control Node set time delay: 1373 us
2021-08-31 00:17:14,924 :: INFO :: Control node : profile configuration
2021-08-31 00:17:14,931 :: INFO :: Configure profile on Control Node
2021-08-31 00:17:14,980 :: INFO :: Start experiment succeeded
2021-08-31 01:17:20,795 :: INFO :: Gateway Manager : Stop experiment
2021-08-31 01:17:20,808 :: INFO :: Stop experiment
2021-08-31 01:17:20,816 :: INFO :: Control node : stop of the experiment
2021-08-31 01:17:20,823 :: INFO :: Control node : profile configuration
2021-08-31 01:17:20,830 :: INFO :: Configure profile on Control Node
2021-08-31 01:17:20,899 :: INFO :: Control node : start power of open node
2021-08-31 01:17:20,940 :: INFO :: Node OpenOCD: teardown of openocd node
2021-08-31 01:17:23,992 :: INFO :: openocd node debugger stop
2021-08-31 01:17:24,676 :: INFO :: Node OpenOCD: flash of openocd node
2021-08-31 01:17:24,683 :: INFO :: Flash firmware on OpenOCD: /usr/lib/python2.7/site-packages/gateway_code/static/m3_idle.elf
2021-08-31 01:17:27,042 :: INFO :: Control node : Stop control node serial interface
2021-08-31 01:17:27,051 :: INFO :: Control node : stop power of open node
2021-08-31 01:17:27,129 :: INFO :: Control node : reset
2021-08-31 01:17:27,136 :: INFO :: Reset Control Node
2021-08-31 01:17:29,922 :: INFO :: Stop experiment succeeded
