2021-08-31 00:17:02,015 :: INFO :: Start experiment: luna-275818
2021-08-31 00:17:02,018 :: INFO :: Control node : Starting of control node serial interface
2021-08-31 00:17:02,021 :: INFO :: Control node : reset
2021-08-31 00:17:02,024 :: INFO :: Reset Control Node
2021-08-31 00:17:04,923 :: INFO :: Control node : start power of open node
2021-08-31 00:17:04,980 :: INFO :: Node OpenOCD: Setup of openocd node
2021-08-31 00:17:08,019 :: INFO :: Node OpenOCD: flash of openocd node
2021-08-31 00:17:08,037 :: INFO :: Flash firmware on OpenOCD: /tmp/tmpXiceV9--9eca698c47b1367377dfc6ae1bda6964_unicast-sender-count-60T-20B.iotlab-m3
2021-08-31 00:17:14,863 :: INFO :: Control node : Start experiment
2021-08-31 00:17:14,913 :: INFO :: Control Node set time delay: 1708 us
2021-08-31 00:17:14,946 :: INFO :: Control node : profile configuration
2021-08-31 00:17:14,950 :: INFO :: Configure profile on Control Node
2021-08-31 00:17:14,993 :: INFO :: Start experiment succeeded
2021-08-31 01:17:20,795 :: INFO :: Gateway Manager : Stop experiment
2021-08-31 01:17:20,812 :: INFO :: Stop experiment
2021-08-31 01:17:20,820 :: INFO :: Control node : stop of the experiment
2021-08-31 01:17:20,830 :: INFO :: Control node : profile configuration
2021-08-31 01:17:20,838 :: INFO :: Configure profile on Control Node
2021-08-31 01:17:20,909 :: INFO :: Control node : start power of open node
2021-08-31 01:17:20,952 :: INFO :: Node OpenOCD: teardown of openocd node
2021-08-31 01:17:24,000 :: INFO :: openocd node debugger stop
2021-08-31 01:17:24,690 :: INFO :: Node OpenOCD: flash of openocd node
2021-08-31 01:17:24,705 :: INFO :: Flash firmware on OpenOCD: /usr/lib/python2.7/site-packages/gateway_code/static/m3_idle.elf
2021-08-31 01:17:27,172 :: INFO :: Control node : Stop control node serial interface
2021-08-31 01:17:27,177 :: INFO :: Control node : stop power of open node
2021-08-31 01:17:27,228 :: INFO :: Control node : reset
2021-08-31 01:17:27,232 :: INFO :: Reset Control Node
2021-08-31 01:17:30,045 :: INFO :: Stop experiment succeeded
