2021-08-31 00:17:02,041 :: INFO :: Start experiment: luna-275818
2021-08-31 00:17:02,044 :: INFO :: Control node : Starting of control node serial interface
2021-08-31 00:17:02,047 :: INFO :: Control node : reset
2021-08-31 00:17:02,049 :: INFO :: Reset Control Node
2021-08-31 00:17:04,951 :: INFO :: Control node : start power of open node
2021-08-31 00:17:05,007 :: INFO :: Node OpenOCD: Setup of openocd node
2021-08-31 00:17:08,046 :: INFO :: Node OpenOCD: flash of openocd node
2021-08-31 00:17:08,064 :: INFO :: Flash firmware on OpenOCD: /tmp/tmpz1omDo--9eca698c47b1367377dfc6ae1bda6964_unicast-sender-count-60T-20B.iotlab-m3
2021-08-31 00:17:14,977 :: INFO :: Control node : Start experiment
2021-08-31 00:17:15,030 :: INFO :: Control Node set time delay: 1525 us
2021-08-31 00:17:15,039 :: INFO :: Control node : profile configuration
2021-08-31 00:17:15,043 :: INFO :: Configure profile on Control Node
2021-08-31 00:17:15,087 :: INFO :: Start experiment succeeded
2021-08-31 01:17:20,766 :: INFO :: Gateway Manager : Stop experiment
2021-08-31 01:17:20,776 :: INFO :: Stop experiment
2021-08-31 01:17:20,784 :: INFO :: Control node : stop of the experiment
2021-08-31 01:17:20,792 :: INFO :: Control node : profile configuration
2021-08-31 01:17:20,799 :: INFO :: Configure profile on Control Node
2021-08-31 01:17:20,872 :: INFO :: Control node : start power of open node
2021-08-31 01:17:20,916 :: INFO :: Node OpenOCD: teardown of openocd node
2021-08-31 01:17:23,968 :: INFO :: openocd node debugger stop
2021-08-31 01:17:24,650 :: INFO :: Node OpenOCD: flash of openocd node
2021-08-31 01:17:24,657 :: INFO :: Flash firmware on OpenOCD: /usr/lib/python2.7/site-packages/gateway_code/static/m3_idle.elf
2021-08-31 01:17:27,061 :: INFO :: Control node : Stop control node serial interface
2021-08-31 01:17:27,070 :: INFO :: Control node : stop power of open node
2021-08-31 01:17:27,146 :: INFO :: Control node : reset
2021-08-31 01:17:27,152 :: INFO :: Reset Control Node
2021-08-31 01:17:29,924 :: INFO :: Stop experiment succeeded
