2021-08-31 00:17:02,030 :: INFO :: Start experiment: luna-275818
2021-08-31 00:17:02,033 :: INFO :: Control node : Starting of control node serial interface
2021-08-31 00:17:02,036 :: INFO :: Control node : reset
2021-08-31 00:17:02,039 :: INFO :: Reset Control Node
2021-08-31 00:17:04,936 :: INFO :: Control node : start power of open node
2021-08-31 00:17:04,993 :: INFO :: Node OpenOCD: Setup of openocd node
2021-08-31 00:17:08,033 :: INFO :: Node OpenOCD: flash of openocd node
2021-08-31 00:17:08,052 :: INFO :: Flash firmware on OpenOCD: /tmp/tmpE3tqcv--9eca698c47b1367377dfc6ae1bda6964_unicast-sender-count-60T-20B.iotlab-m3
2021-08-31 00:17:14,956 :: INFO :: Control node : Start experiment
2021-08-31 00:17:15,009 :: INFO :: Control Node set time delay: 1862 us
2021-08-31 00:17:15,033 :: INFO :: Control node : profile configuration
2021-08-31 00:17:15,037 :: INFO :: Configure profile on Control Node
2021-08-31 00:17:15,081 :: INFO :: Start experiment succeeded
2021-08-31 01:17:20,773 :: INFO :: Gateway Manager : Stop experiment
2021-08-31 01:17:20,782 :: INFO :: Stop experiment
2021-08-31 01:17:20,791 :: INFO :: Control node : stop of the experiment
2021-08-31 01:17:20,798 :: INFO :: Control node : profile configuration
2021-08-31 01:17:20,806 :: INFO :: Configure profile on Control Node
2021-08-31 01:17:20,880 :: INFO :: Control node : start power of open node
2021-08-31 01:17:20,924 :: INFO :: Node OpenOCD: teardown of openocd node
2021-08-31 01:17:23,982 :: INFO :: openocd node debugger stop
2021-08-31 01:17:24,650 :: INFO :: Node OpenOCD: flash of openocd node
2021-08-31 01:17:24,665 :: INFO :: Flash firmware on OpenOCD: /usr/lib/python2.7/site-packages/gateway_code/static/m3_idle.elf
2021-08-31 01:17:27,126 :: INFO :: Control node : Stop control node serial interface
2021-08-31 01:17:27,135 :: INFO :: Control node : stop power of open node
2021-08-31 01:17:27,213 :: INFO :: Control node : reset
2021-08-31 01:17:27,220 :: INFO :: Reset Control Node
2021-08-31 01:17:30,000 :: INFO :: Stop experiment succeeded
