2021-08-31 00:17:02,006 :: INFO :: Start experiment: luna-275818
2021-08-31 00:17:02,010 :: INFO :: Control node : Starting of control node serial interface
2021-08-31 00:17:02,013 :: INFO :: Control node : reset
2021-08-31 00:17:02,015 :: INFO :: Reset Control Node
2021-08-31 00:17:04,907 :: INFO :: Control node : start power of open node
2021-08-31 00:17:04,922 :: INFO :: Node OpenOCD: Setup of openocd node
2021-08-31 00:17:07,951 :: INFO :: Node OpenOCD: flash of openocd node
2021-08-31 00:17:07,969 :: INFO :: Flash firmware on OpenOCD: /tmp/tmpXTk28h--9eca698c47b1367377dfc6ae1bda6964_unicast-sender-count-60T-20B.iotlab-m3
2021-08-31 00:17:14,871 :: INFO :: Control node : Start experiment
2021-08-31 00:17:14,911 :: INFO :: Control Node set time delay: 1282 us
2021-08-31 00:17:14,928 :: INFO :: Control node : profile configuration
2021-08-31 00:17:14,932 :: INFO :: Configure profile on Control Node
2021-08-31 00:17:14,975 :: INFO :: Start experiment succeeded
2021-08-31 01:17:20,758 :: INFO :: Gateway Manager : Stop experiment
2021-08-31 01:17:20,768 :: INFO :: Stop experiment
2021-08-31 01:17:20,777 :: INFO :: Control node : stop of the experiment
2021-08-31 01:17:20,785 :: INFO :: Control node : profile configuration
2021-08-31 01:17:20,792 :: INFO :: Configure profile on Control Node
2021-08-31 01:17:20,865 :: INFO :: Control node : start power of open node
2021-08-31 01:17:20,908 :: INFO :: Node OpenOCD: teardown of openocd node
2021-08-31 01:17:23,978 :: INFO :: openocd node debugger stop
2021-08-31 01:17:24,661 :: INFO :: Node OpenOCD: flash of openocd node
2021-08-31 01:17:24,668 :: INFO :: Flash firmware on OpenOCD: /usr/lib/python2.7/site-packages/gateway_code/static/m3_idle.elf
2021-08-31 01:17:27,024 :: INFO :: Control node : Stop control node serial interface
2021-08-31 01:17:27,029 :: INFO :: Control node : stop power of open node
2021-08-31 01:17:27,079 :: INFO :: Control node : reset
2021-08-31 01:17:27,083 :: INFO :: Reset Control Node
2021-08-31 01:17:29,897 :: INFO :: Stop experiment succeeded
