2021-08-31 00:17:02,000 :: INFO :: Start experiment: luna-275818
2021-08-31 00:17:02,003 :: INFO :: Control node : Starting of control node serial interface
2021-08-31 00:17:02,006 :: INFO :: Control node : reset
2021-08-31 00:17:02,009 :: INFO :: Reset Control Node
2021-08-31 00:17:04,911 :: INFO :: Control node : start power of open node
2021-08-31 00:17:04,965 :: INFO :: Node OpenOCD: Setup of openocd node
2021-08-31 00:17:08,005 :: INFO :: Node OpenOCD: flash of openocd node
2021-08-31 00:17:08,024 :: INFO :: Flash firmware on OpenOCD: /tmp/tmpXaPHG8--9eca698c47b1367377dfc6ae1bda6964_unicast-sender-count-60T-20B.iotlab-m3
2021-08-31 00:17:14,815 :: INFO :: Control node : Start experiment
2021-08-31 00:17:14,863 :: INFO :: Control Node set time delay: 1374 us
2021-08-31 00:17:14,895 :: INFO :: Control node : profile configuration
2021-08-31 00:17:14,902 :: INFO :: Configure profile on Control Node
2021-08-31 00:17:14,980 :: INFO :: Start experiment succeeded
2021-08-31 01:17:20,789 :: INFO :: Gateway Manager : Stop experiment
2021-08-31 01:17:20,804 :: INFO :: Stop experiment
2021-08-31 01:17:20,814 :: INFO :: Control node : stop of the experiment
2021-08-31 01:17:20,821 :: INFO :: Control node : profile configuration
2021-08-31 01:17:20,828 :: INFO :: Configure profile on Control Node
2021-08-31 01:17:20,902 :: INFO :: Control node : start power of open node
2021-08-31 01:17:20,946 :: INFO :: Node OpenOCD: teardown of openocd node
2021-08-31 01:17:24,001 :: INFO :: openocd node debugger stop
2021-08-31 01:17:24,593 :: INFO :: Node OpenOCD: flash of openocd node
2021-08-31 01:17:24,607 :: INFO :: Flash firmware on OpenOCD: /usr/lib/python2.7/site-packages/gateway_code/static/m3_idle.elf
2021-08-31 01:17:26,990 :: INFO :: Control node : Stop control node serial interface
2021-08-31 01:17:27,004 :: INFO :: Control node : stop power of open node
2021-08-31 01:17:27,081 :: INFO :: Control node : reset
2021-08-31 01:17:27,087 :: INFO :: Reset Control Node
2021-08-31 01:17:29,917 :: INFO :: Stop experiment succeeded
