2021-08-31 00:17:02,018 :: INFO :: Start experiment: luna-275818
2021-08-31 00:17:02,022 :: INFO :: Control node : Starting of control node serial interface
2021-08-31 00:17:02,024 :: INFO :: Control node : reset
2021-08-31 00:17:02,027 :: INFO :: Reset Control Node
2021-08-31 00:17:04,921 :: INFO :: Control node : start power of open node
2021-08-31 00:17:04,936 :: INFO :: Node OpenOCD: Setup of openocd node
2021-08-31 00:17:07,969 :: INFO :: Node OpenOCD: flash of openocd node
2021-08-31 00:17:07,986 :: INFO :: Flash firmware on OpenOCD: /tmp/tmpxnGKXB--9eca698c47b1367377dfc6ae1bda6964_unicast-sender-count-60T-20B.iotlab-m3
2021-08-31 00:17:14,837 :: INFO :: Control node : Start experiment
2021-08-31 00:17:14,887 :: INFO :: Control Node set time delay: 1923 us
2021-08-31 00:17:14,919 :: INFO :: Control node : profile configuration
2021-08-31 00:17:14,922 :: INFO :: Configure profile on Control Node
2021-08-31 00:17:14,963 :: INFO :: Start experiment succeeded
2021-08-31 01:17:20,767 :: INFO :: Gateway Manager : Stop experiment
2021-08-31 01:17:20,777 :: INFO :: Stop experiment
2021-08-31 01:17:20,785 :: INFO :: Control node : stop of the experiment
2021-08-31 01:17:20,793 :: INFO :: Control node : profile configuration
2021-08-31 01:17:20,800 :: INFO :: Configure profile on Control Node
2021-08-31 01:17:20,875 :: INFO :: Control node : start power of open node
2021-08-31 01:17:20,918 :: INFO :: Node OpenOCD: teardown of openocd node
2021-08-31 01:17:23,981 :: INFO :: openocd node debugger stop
2021-08-31 01:17:24,636 :: INFO :: Node OpenOCD: flash of openocd node
2021-08-31 01:17:24,643 :: INFO :: Flash firmware on OpenOCD: /usr/lib/python2.7/site-packages/gateway_code/static/m3_idle.elf
2021-08-31 01:17:27,050 :: INFO :: Control node : Stop control node serial interface
2021-08-31 01:17:27,059 :: INFO :: Control node : stop power of open node
2021-08-31 01:17:27,134 :: INFO :: Control node : reset
2021-08-31 01:17:27,141 :: INFO :: Reset Control Node
2021-08-31 01:17:29,932 :: INFO :: Stop experiment succeeded
