2021-08-31 00:17:02,034 :: INFO :: Start experiment: luna-275818
2021-08-31 00:17:02,038 :: INFO :: Control node : Starting of control node serial interface
2021-08-31 00:17:02,041 :: INFO :: Control node : reset
2021-08-31 00:17:02,043 :: INFO :: Reset Control Node
2021-08-31 00:17:04,947 :: INFO :: Control node : start power of open node
2021-08-31 00:17:05,001 :: INFO :: Node OpenOCD: Setup of openocd node
2021-08-31 00:17:08,042 :: INFO :: Node OpenOCD: flash of openocd node
2021-08-31 00:17:08,059 :: INFO :: Flash firmware on OpenOCD: /tmp/tmpzWm4Yb--9eca698c47b1367377dfc6ae1bda6964_unicast-sender-count-60T-20B.iotlab-m3
2021-08-31 00:17:14,911 :: INFO :: Control node : Start experiment
2021-08-31 00:17:14,971 :: INFO :: Control Node set time delay: 1831 us
2021-08-31 00:17:14,993 :: INFO :: Control node : profile configuration
2021-08-31 00:17:14,999 :: INFO :: Configure profile on Control Node
2021-08-31 00:17:15,041 :: INFO :: Start experiment succeeded
2021-08-31 01:17:20,804 :: INFO :: Gateway Manager : Stop experiment
2021-08-31 01:17:20,813 :: INFO :: Stop experiment
2021-08-31 01:17:20,821 :: INFO :: Control node : stop of the experiment
2021-08-31 01:17:20,829 :: INFO :: Control node : profile configuration
2021-08-31 01:17:20,836 :: INFO :: Configure profile on Control Node
2021-08-31 01:17:20,907 :: INFO :: Control node : start power of open node
2021-08-31 01:17:20,950 :: INFO :: Node OpenOCD: teardown of openocd node
2021-08-31 01:17:24,002 :: INFO :: openocd node debugger stop
2021-08-31 01:17:24,689 :: INFO :: Node OpenOCD: flash of openocd node
2021-08-31 01:17:24,696 :: INFO :: Flash firmware on OpenOCD: /usr/lib/python2.7/site-packages/gateway_code/static/m3_idle.elf
2021-08-31 01:17:27,052 :: INFO :: Control node : Stop control node serial interface
2021-08-31 01:17:27,061 :: INFO :: Control node : stop power of open node
2021-08-31 01:17:27,138 :: INFO :: Control node : reset
2021-08-31 01:17:27,145 :: INFO :: Reset Control Node
2021-08-31 01:17:29,980 :: INFO :: Stop experiment succeeded
