2021-08-31 00:17:02,027 :: INFO :: Start experiment: luna-275818
2021-08-31 00:17:02,030 :: INFO :: Control node : Starting of control node serial interface
2021-08-31 00:17:02,033 :: INFO :: Control node : reset
2021-08-31 00:17:02,036 :: INFO :: Reset Control Node
2021-08-31 00:17:04,876 :: INFO :: Control node : start power of open node
2021-08-31 00:17:04,904 :: INFO :: Node OpenOCD: Setup of openocd node
2021-08-31 00:17:07,945 :: INFO :: Node OpenOCD: flash of openocd node
2021-08-31 00:17:07,963 :: INFO :: Flash firmware on OpenOCD: /tmp/tmpMqlcDl--9eca698c47b1367377dfc6ae1bda6964_unicast-sender-count-60T-20B.iotlab-m3
2021-08-31 00:17:14,766 :: INFO :: Control node : Start experiment
2021-08-31 00:17:14,810 :: INFO :: Control Node set time delay: 1312 us
2021-08-31 00:17:14,828 :: INFO :: Control node : profile configuration
2021-08-31 00:17:14,831 :: INFO :: Configure profile on Control Node
2021-08-31 00:17:14,876 :: INFO :: Start experiment succeeded
2021-08-31 01:17:20,800 :: INFO :: Gateway Manager : Stop experiment
2021-08-31 01:17:20,815 :: INFO :: Stop experiment
2021-08-31 01:17:20,823 :: INFO :: Control node : stop of the experiment
2021-08-31 01:17:20,830 :: INFO :: Control node : profile configuration
2021-08-31 01:17:20,837 :: INFO :: Configure profile on Control Node
2021-08-31 01:17:20,908 :: INFO :: Control node : start power of open node
2021-08-31 01:17:20,950 :: INFO :: Node OpenOCD: teardown of openocd node
2021-08-31 01:17:24,012 :: INFO :: openocd node debugger stop
2021-08-31 01:17:24,697 :: INFO :: Node OpenOCD: flash of openocd node
2021-08-31 01:17:24,704 :: INFO :: Flash firmware on OpenOCD: /usr/lib/python2.7/site-packages/gateway_code/static/m3_idle.elf
2021-08-31 01:17:27,058 :: INFO :: Control node : Stop control node serial interface
2021-08-31 01:17:27,063 :: INFO :: Control node : stop power of open node
2021-08-31 01:17:27,113 :: INFO :: Control node : reset
2021-08-31 01:17:27,117 :: INFO :: Reset Control Node
2021-08-31 01:17:29,937 :: INFO :: Stop experiment succeeded
