2021-08-31 00:17:02,001 :: INFO :: Start experiment: luna-275818
2021-08-31 00:17:02,005 :: INFO :: Control node : Starting of control node serial interface
2021-08-31 00:17:02,008 :: INFO :: Control node : reset
2021-08-31 00:17:02,010 :: INFO :: Reset Control Node
2021-08-31 00:17:04,911 :: INFO :: Control node : start power of open node
2021-08-31 00:17:04,968 :: INFO :: Node OpenOCD: Setup of openocd node
2021-08-31 00:17:08,019 :: INFO :: Node OpenOCD: flash of openocd node
2021-08-31 00:17:08,037 :: INFO :: Flash firmware on OpenOCD: /tmp/tmp4Qlymv--9eca698c47b1367377dfc6ae1bda6964_unicast-sender-count-60T-20B.iotlab-m3
2021-08-31 00:17:14,889 :: INFO :: Control node : Start experiment
2021-08-31 00:17:14,938 :: INFO :: Control Node set time delay: 1923 us
2021-08-31 00:17:14,966 :: INFO :: Control node : profile configuration
2021-08-31 00:17:14,969 :: INFO :: Configure profile on Control Node
2021-08-31 00:17:15,010 :: INFO :: Start experiment succeeded
2021-08-31 01:17:20,769 :: INFO :: Gateway Manager : Stop experiment
2021-08-31 01:17:20,779 :: INFO :: Stop experiment
2021-08-31 01:17:20,788 :: INFO :: Control node : stop of the experiment
2021-08-31 01:17:20,795 :: INFO :: Control node : profile configuration
2021-08-31 01:17:20,803 :: INFO :: Configure profile on Control Node
2021-08-31 01:17:20,877 :: INFO :: Control node : start power of open node
2021-08-31 01:17:20,921 :: INFO :: Node OpenOCD: teardown of openocd node
2021-08-31 01:17:23,984 :: INFO :: openocd node debugger stop
2021-08-31 01:17:24,670 :: INFO :: Node OpenOCD: flash of openocd node
2021-08-31 01:17:24,684 :: INFO :: Flash firmware on OpenOCD: /usr/lib/python2.7/site-packages/gateway_code/static/m3_idle.elf
2021-08-31 01:17:27,203 :: INFO :: Control node : Stop control node serial interface
2021-08-31 01:17:27,212 :: INFO :: Control node : stop power of open node
2021-08-31 01:17:27,288 :: INFO :: Control node : reset
2021-08-31 01:17:27,295 :: INFO :: Reset Control Node
2021-08-31 01:17:30,082 :: INFO :: Stop experiment succeeded
