2021-08-31 00:17:02,051 :: INFO :: Start experiment: luna-275818
2021-08-31 00:17:02,055 :: INFO :: Control node : Starting of control node serial interface
2021-08-31 00:17:02,057 :: INFO :: Control node : reset
2021-08-31 00:17:02,060 :: INFO :: Reset Control Node
2021-08-31 00:17:04,963 :: INFO :: Control node : start power of open node
2021-08-31 00:17:05,020 :: INFO :: Node OpenOCD: Setup of openocd node
2021-08-31 00:17:08,058 :: INFO :: Node OpenOCD: flash of openocd node
2021-08-31 00:17:08,076 :: INFO :: Flash firmware on OpenOCD: /tmp/tmpu8XhEU--9eca698c47b1367377dfc6ae1bda6964_unicast-sender-count-60T-20B.iotlab-m3
2021-08-31 00:17:14,982 :: INFO :: Control node : Start experiment
2021-08-31 00:17:15,007 :: INFO :: Control Node set time delay: 1343 us
2021-08-31 00:17:15,025 :: INFO :: Control node : profile configuration
2021-08-31 00:17:15,029 :: INFO :: Configure profile on Control Node
2021-08-31 00:17:15,073 :: INFO :: Start experiment succeeded
2021-08-31 01:17:20,809 :: INFO :: Gateway Manager : Stop experiment
2021-08-31 01:17:20,822 :: INFO :: Stop experiment
2021-08-31 01:17:20,830 :: INFO :: Control node : stop of the experiment
2021-08-31 01:17:20,837 :: INFO :: Control node : profile configuration
2021-08-31 01:17:20,845 :: INFO :: Configure profile on Control Node
2021-08-31 01:17:20,919 :: INFO :: Control node : start power of open node
2021-08-31 01:17:20,963 :: INFO :: Node OpenOCD: teardown of openocd node
2021-08-31 01:17:24,006 :: INFO :: openocd node debugger stop
2021-08-31 01:17:24,695 :: INFO :: Node OpenOCD: flash of openocd node
2021-08-31 01:17:24,709 :: INFO :: Flash firmware on OpenOCD: /usr/lib/python2.7/site-packages/gateway_code/static/m3_idle.elf
2021-08-31 01:17:27,172 :: INFO :: Control node : Stop control node serial interface
2021-08-31 01:17:27,176 :: INFO :: Control node : stop power of open node
2021-08-31 01:17:27,227 :: INFO :: Control node : reset
2021-08-31 01:17:27,231 :: INFO :: Reset Control Node
2021-08-31 01:17:30,053 :: INFO :: Stop experiment succeeded
