2021-08-31 00:17:02,021 :: INFO :: Start experiment: luna-275818
2021-08-31 00:17:02,024 :: INFO :: Control node : Starting of control node serial interface
2021-08-31 00:17:02,027 :: INFO :: Control node : reset
2021-08-31 00:17:02,030 :: INFO :: Reset Control Node
2021-08-31 00:17:04,930 :: INFO :: Control node : start power of open node
2021-08-31 00:17:04,985 :: INFO :: Node OpenOCD: Setup of openocd node
2021-08-31 00:17:08,022 :: INFO :: Node OpenOCD: flash of openocd node
2021-08-31 00:17:08,040 :: INFO :: Flash firmware on OpenOCD: /tmp/tmp80Lntb--ddd0625ff8382e7208c25657471d6a4a_unicast-receiver-count.iotlab-m3
2021-08-31 00:17:14,582 :: INFO :: Control node : Start experiment
2021-08-31 00:17:14,633 :: INFO :: Control Node set time delay: 1495 us
2021-08-31 00:17:14,666 :: INFO :: Control node : profile configuration
2021-08-31 00:17:14,672 :: INFO :: Configure profile on Control Node
2021-08-31 00:17:14,715 :: INFO :: Start experiment succeeded
2021-08-31 01:17:20,799 :: INFO :: Gateway Manager : Stop experiment
2021-08-31 01:17:20,818 :: INFO :: Stop experiment
2021-08-31 01:17:20,834 :: INFO :: Control node : stop of the experiment
2021-08-31 01:17:20,849 :: INFO :: Control node : profile configuration
2021-08-31 01:17:20,864 :: INFO :: Configure profile on Control Node
2021-08-31 01:17:21,013 :: INFO :: Control node : start power of open node
2021-08-31 01:17:21,056 :: INFO :: Node OpenOCD: teardown of openocd node
2021-08-31 01:17:24,112 :: INFO :: openocd node debugger stop
2021-08-31 01:17:24,805 :: INFO :: Node OpenOCD: flash of openocd node
2021-08-31 01:17:24,819 :: INFO :: Flash firmware on OpenOCD: /usr/lib/python2.7/site-packages/gateway_code/static/m3_idle.elf
2021-08-31 01:17:27,256 :: INFO :: Control node : Stop control node serial interface
2021-08-31 01:17:27,261 :: INFO :: Control node : stop power of open node
2021-08-31 01:17:27,311 :: INFO :: Control node : reset
2021-08-31 01:17:27,315 :: INFO :: Reset Control Node
2021-08-31 01:17:30,133 :: INFO :: Stop experiment succeeded
