2021-08-31 00:17:02,018 :: INFO :: Start experiment: luna-275818
2021-08-31 00:17:02,022 :: INFO :: Control node : Starting of control node serial interface
2021-08-31 00:17:02,024 :: INFO :: Control node : reset
2021-08-31 00:17:02,027 :: INFO :: Reset Control Node
2021-08-31 00:17:04,931 :: INFO :: Control node : start power of open node
2021-08-31 00:17:04,988 :: INFO :: Node OpenOCD: Setup of openocd node
2021-08-31 00:17:08,029 :: INFO :: Node OpenOCD: flash of openocd node
2021-08-31 00:17:08,047 :: INFO :: Flash firmware on OpenOCD: /tmp/tmpt5du_g--9eca698c47b1367377dfc6ae1bda6964_unicast-sender-count-60T-20B.iotlab-m3
2021-08-31 00:17:14,840 :: INFO :: Control node : Start experiment
2021-08-31 00:17:14,892 :: INFO :: Control Node set time delay: 1800 us
2021-08-31 00:17:14,924 :: INFO :: Control node : profile configuration
2021-08-31 00:17:14,931 :: INFO :: Configure profile on Control Node
2021-08-31 00:17:15,010 :: INFO :: Start experiment succeeded
2021-08-31 01:17:20,801 :: INFO :: Gateway Manager : Stop experiment
2021-08-31 01:17:20,820 :: INFO :: Stop experiment
2021-08-31 01:17:20,838 :: INFO :: Control node : stop of the experiment
2021-08-31 01:17:20,853 :: INFO :: Control node : profile configuration
2021-08-31 01:17:20,873 :: INFO :: Configure profile on Control Node
2021-08-31 01:17:21,020 :: INFO :: Control node : start power of open node
2021-08-31 01:17:21,063 :: INFO :: Node OpenOCD: teardown of openocd node
2021-08-31 01:17:24,120 :: INFO :: openocd node debugger stop
2021-08-31 01:17:24,809 :: INFO :: Node OpenOCD: flash of openocd node
2021-08-31 01:17:24,824 :: INFO :: Flash firmware on OpenOCD: /usr/lib/python2.7/site-packages/gateway_code/static/m3_idle.elf
2021-08-31 01:17:27,268 :: INFO :: Control node : Stop control node serial interface
2021-08-31 01:17:27,273 :: INFO :: Control node : stop power of open node
2021-08-31 01:17:27,325 :: INFO :: Control node : reset
2021-08-31 01:17:27,329 :: INFO :: Reset Control Node
2021-08-31 01:17:30,198 :: INFO :: Stop experiment succeeded
