2021-08-31 00:17:01,996 :: INFO :: Start experiment: luna-275818
2021-08-31 00:17:02,000 :: INFO :: Control node : Starting of control node serial interface
2021-08-31 00:17:02,003 :: INFO :: Control node : reset
2021-08-31 00:17:02,005 :: INFO :: Reset Control Node
2021-08-31 00:17:04,909 :: INFO :: Control node : start power of open node
2021-08-31 00:17:04,966 :: INFO :: Node OpenOCD: Setup of openocd node
2021-08-31 00:17:08,006 :: INFO :: Node OpenOCD: flash of openocd node
2021-08-31 00:17:08,024 :: INFO :: Flash firmware on OpenOCD: /tmp/tmpNwrfL2--9eca698c47b1367377dfc6ae1bda6964_unicast-sender-count-60T-20B.iotlab-m3
2021-08-31 00:17:14,883 :: INFO :: Control node : Start experiment
2021-08-31 00:17:14,928 :: INFO :: Control Node set time delay: 1404 us
2021-08-31 00:17:14,961 :: INFO :: Control node : profile configuration
2021-08-31 00:17:14,967 :: INFO :: Configure profile on Control Node
2021-08-31 00:17:15,019 :: INFO :: Start experiment succeeded
2021-08-31 01:17:20,797 :: INFO :: Gateway Manager : Stop experiment
2021-08-31 01:17:20,819 :: INFO :: Stop experiment
2021-08-31 01:17:20,839 :: INFO :: Control node : stop of the experiment
2021-08-31 01:17:20,856 :: INFO :: Control node : profile configuration
2021-08-31 01:17:20,880 :: INFO :: Configure profile on Control Node
2021-08-31 01:17:21,044 :: INFO :: Control node : start power of open node
2021-08-31 01:17:21,064 :: INFO :: Node OpenOCD: teardown of openocd node
2021-08-31 01:17:24,119 :: INFO :: openocd node debugger stop
2021-08-31 01:17:24,813 :: INFO :: Node OpenOCD: flash of openocd node
2021-08-31 01:17:24,827 :: INFO :: Flash firmware on OpenOCD: /usr/lib/python2.7/site-packages/gateway_code/static/m3_idle.elf
2021-08-31 01:17:27,284 :: INFO :: Control node : Stop control node serial interface
2021-08-31 01:17:27,289 :: INFO :: Control node : stop power of open node
2021-08-31 01:17:27,338 :: INFO :: Control node : reset
2021-08-31 01:17:27,342 :: INFO :: Reset Control Node
2021-08-31 01:17:30,169 :: INFO :: Stop experiment succeeded
