2021-08-31 00:17:02,013 :: INFO :: Start experiment: luna-275818
2021-08-31 00:17:02,017 :: INFO :: Control node : Starting of control node serial interface
2021-08-31 00:17:02,020 :: INFO :: Control node : reset
2021-08-31 00:17:02,022 :: INFO :: Reset Control Node
2021-08-31 00:17:04,921 :: INFO :: Control node : start power of open node
2021-08-31 00:17:04,971 :: INFO :: Node OpenOCD: Setup of openocd node
2021-08-31 00:17:08,000 :: INFO :: Node OpenOCD: flash of openocd node
2021-08-31 00:17:08,018 :: INFO :: Flash firmware on OpenOCD: /tmp/tmptpRTnX--9eca698c47b1367377dfc6ae1bda6964_unicast-sender-count-60T-20B.iotlab-m3
2021-08-31 00:17:14,841 :: INFO :: Control node : Start experiment
2021-08-31 00:17:14,893 :: INFO :: Control Node set time delay: 1709 us
2021-08-31 00:17:14,924 :: INFO :: Control node : profile configuration
2021-08-31 00:17:14,930 :: INFO :: Configure profile on Control Node
2021-08-31 00:17:14,973 :: INFO :: Start experiment succeeded
2021-08-31 01:17:20,795 :: INFO :: Gateway Manager : Stop experiment
2021-08-31 01:17:20,807 :: INFO :: Stop experiment
2021-08-31 01:17:20,816 :: INFO :: Control node : stop of the experiment
2021-08-31 01:17:20,823 :: INFO :: Control node : profile configuration
2021-08-31 01:17:20,830 :: INFO :: Configure profile on Control Node
2021-08-31 01:17:20,902 :: INFO :: Control node : start power of open node
2021-08-31 01:17:20,945 :: INFO :: Node OpenOCD: teardown of openocd node
2021-08-31 01:17:23,996 :: INFO :: openocd node debugger stop
2021-08-31 01:17:24,690 :: INFO :: Node OpenOCD: flash of openocd node
2021-08-31 01:17:24,704 :: INFO :: Flash firmware on OpenOCD: /usr/lib/python2.7/site-packages/gateway_code/static/m3_idle.elf
2021-08-31 01:17:27,167 :: INFO :: Control node : Stop control node serial interface
2021-08-31 01:17:27,172 :: INFO :: Control node : stop power of open node
2021-08-31 01:17:27,223 :: INFO :: Control node : reset
2021-08-31 01:17:27,227 :: INFO :: Reset Control Node
2021-08-31 01:17:30,065 :: INFO :: Stop experiment succeeded
