2021-08-31 00:17:02,019 :: INFO :: Start experiment: luna-275818
2021-08-31 00:17:02,023 :: INFO :: Control node : Starting of control node serial interface
2021-08-31 00:17:02,025 :: INFO :: Control node : reset
2021-08-31 00:17:02,028 :: INFO :: Reset Control Node
2021-08-31 00:17:04,929 :: INFO :: Control node : start power of open node
2021-08-31 00:17:04,987 :: INFO :: Node OpenOCD: Setup of openocd node
2021-08-31 00:17:08,031 :: INFO :: Node OpenOCD: flash of openocd node
2021-08-31 00:17:08,049 :: INFO :: Flash firmware on OpenOCD: /tmp/tmpIEKSSd--9eca698c47b1367377dfc6ae1bda6964_unicast-sender-count-60T-20B.iotlab-m3
2021-08-31 00:17:14,845 :: INFO :: Control node : Start experiment
2021-08-31 00:17:14,881 :: INFO :: Control Node set time delay: 1801 us
2021-08-31 00:17:14,914 :: INFO :: Control node : profile configuration
2021-08-31 00:17:14,920 :: INFO :: Configure profile on Control Node
2021-08-31 00:17:14,999 :: INFO :: Start experiment succeeded
2021-08-31 01:17:20,760 :: INFO :: Gateway Manager : Stop experiment
2021-08-31 01:17:20,770 :: INFO :: Stop experiment
2021-08-31 01:17:20,778 :: INFO :: Control node : stop of the experiment
2021-08-31 01:17:20,786 :: INFO :: Control node : profile configuration
2021-08-31 01:17:20,793 :: INFO :: Configure profile on Control Node
2021-08-31 01:17:20,869 :: INFO :: Control node : start power of open node
2021-08-31 01:17:20,913 :: INFO :: Node OpenOCD: teardown of openocd node
2021-08-31 01:17:23,985 :: INFO :: openocd node debugger stop
2021-08-31 01:17:24,672 :: INFO :: Node OpenOCD: flash of openocd node
2021-08-31 01:17:24,686 :: INFO :: Flash firmware on OpenOCD: /usr/lib/python2.7/site-packages/gateway_code/static/m3_idle.elf
2021-08-31 01:17:27,210 :: INFO :: Control node : Stop control node serial interface
2021-08-31 01:17:27,219 :: INFO :: Control node : stop power of open node
2021-08-31 01:17:27,293 :: INFO :: Control node : reset
2021-08-31 01:17:27,300 :: INFO :: Reset Control Node
2021-08-31 01:17:30,087 :: INFO :: Stop experiment succeeded
