2021-08-31 00:17:01,996 :: INFO :: Start experiment: luna-275818
2021-08-31 00:17:02,000 :: INFO :: Control node : Starting of control node serial interface
2021-08-31 00:17:02,003 :: INFO :: Control node : reset
2021-08-31 00:17:02,005 :: INFO :: Reset Control Node
2021-08-31 00:17:04,911 :: INFO :: Control node : start power of open node
2021-08-31 00:17:04,968 :: INFO :: Node OpenOCD: Setup of openocd node
2021-08-31 00:17:08,005 :: INFO :: Node OpenOCD: flash of openocd node
2021-08-31 00:17:08,023 :: INFO :: Flash firmware on OpenOCD: /tmp/tmpCViQ1A--9eca698c47b1367377dfc6ae1bda6964_unicast-sender-count-60T-20B.iotlab-m3
2021-08-31 00:17:14,861 :: INFO :: Control node : Start experiment
2021-08-31 00:17:14,919 :: INFO :: Control Node set time delay: 1557 us
2021-08-31 00:17:14,941 :: INFO :: Control node : profile configuration
2021-08-31 00:17:14,944 :: INFO :: Configure profile on Control Node
2021-08-31 00:17:14,985 :: INFO :: Start experiment succeeded
2021-08-31 01:17:20,769 :: INFO :: Gateway Manager : Stop experiment
2021-08-31 01:17:20,779 :: INFO :: Stop experiment
2021-08-31 01:17:20,787 :: INFO :: Control node : stop of the experiment
2021-08-31 01:17:20,798 :: INFO :: Control node : profile configuration
2021-08-31 01:17:20,805 :: INFO :: Configure profile on Control Node
2021-08-31 01:17:20,878 :: INFO :: Control node : start power of open node
2021-08-31 01:17:20,922 :: INFO :: Node OpenOCD: teardown of openocd node
2021-08-31 01:17:23,980 :: INFO :: openocd node debugger stop
2021-08-31 01:17:24,666 :: INFO :: Node OpenOCD: flash of openocd node
2021-08-31 01:17:24,681 :: INFO :: Flash firmware on OpenOCD: /usr/lib/python2.7/site-packages/gateway_code/static/m3_idle.elf
2021-08-31 01:17:27,146 :: INFO :: Control node : Stop control node serial interface
2021-08-31 01:17:27,156 :: INFO :: Control node : stop power of open node
2021-08-31 01:17:27,232 :: INFO :: Control node : reset
2021-08-31 01:17:27,239 :: INFO :: Reset Control Node
2021-08-31 01:17:30,079 :: INFO :: Stop experiment succeeded
