2021-08-31 00:17:01,992 :: INFO :: Start experiment: luna-275818
2021-08-31 00:17:01,996 :: INFO :: Control node : Starting of control node serial interface
2021-08-31 00:17:01,999 :: INFO :: Control node : reset
2021-08-31 00:17:02,002 :: INFO :: Reset Control Node
2021-08-31 00:17:04,897 :: INFO :: Control node : start power of open node
2021-08-31 00:17:04,954 :: INFO :: Node OpenOCD: Setup of openocd node
2021-08-31 00:17:07,996 :: INFO :: Node OpenOCD: flash of openocd node
2021-08-31 00:17:08,014 :: INFO :: Flash firmware on OpenOCD: /tmp/tmpvnGR8P--9eca698c47b1367377dfc6ae1bda6964_unicast-sender-count-60T-20B.iotlab-m3
2021-08-31 00:17:14,694 :: INFO :: Control node : Start experiment
2021-08-31 00:17:14,740 :: INFO :: Control Node set time delay: 1495 us
2021-08-31 00:17:14,774 :: INFO :: Control node : profile configuration
2021-08-31 00:17:14,780 :: INFO :: Configure profile on Control Node
2021-08-31 00:17:14,859 :: INFO :: Start experiment succeeded
2021-08-31 01:17:20,764 :: INFO :: Gateway Manager : Stop experiment
2021-08-31 01:17:20,773 :: INFO :: Stop experiment
2021-08-31 01:17:20,782 :: INFO :: Control node : stop of the experiment
2021-08-31 01:17:20,789 :: INFO :: Control node : profile configuration
2021-08-31 01:17:20,799 :: INFO :: Configure profile on Control Node
2021-08-31 01:17:20,872 :: INFO :: Control node : start power of open node
2021-08-31 01:17:20,916 :: INFO :: Node OpenOCD: teardown of openocd node
2021-08-31 01:17:23,969 :: INFO :: openocd node debugger stop
2021-08-31 01:17:24,644 :: INFO :: Node OpenOCD: flash of openocd node
2021-08-31 01:17:24,651 :: INFO :: Flash firmware on OpenOCD: /usr/lib/python2.7/site-packages/gateway_code/static/m3_idle.elf
2021-08-31 01:17:27,005 :: INFO :: Control node : Stop control node serial interface
2021-08-31 01:17:27,014 :: INFO :: Control node : stop power of open node
2021-08-31 01:17:27,093 :: INFO :: Control node : reset
2021-08-31 01:17:27,100 :: INFO :: Reset Control Node
2021-08-31 01:17:29,938 :: INFO :: Stop experiment succeeded
