2021-09-06 00:52:55,043 :: INFO :: Start experiment: luna-276397
2021-09-06 00:52:55,046 :: INFO :: Control node : Starting of control node serial interface
2021-09-06 00:52:55,049 :: INFO :: Control node : reset
2021-09-06 00:52:55,052 :: INFO :: Reset Control Node
2021-09-06 00:52:57,957 :: INFO :: Control node : start power of open node
2021-09-06 00:52:58,011 :: INFO :: Node OpenOCD: Setup of openocd node
2021-09-06 00:53:01,049 :: INFO :: Node OpenOCD: flash of openocd node
2021-09-06 00:53:01,091 :: INFO :: Flash firmware on OpenOCD: /tmp/tmpxaT9RN--a14ddd1a1d6cc1c4ffb46cbabc9d20fe_unicast-sender-count-10T-20B.iotlab-m3
2021-09-06 00:53:07,834 :: INFO :: Control node : Start experiment
2021-09-06 00:53:07,915 :: INFO :: Control Node set time delay: 1191 us
2021-09-06 00:53:07,948 :: INFO :: Control node : profile configuration
2021-09-06 00:53:07,954 :: INFO :: Configure profile on Control Node
2021-09-06 00:53:08,033 :: INFO :: Start experiment succeeded
2021-09-06 01:53:13,901 :: INFO :: Gateway Manager : Stop experiment
2021-09-06 01:53:13,911 :: INFO :: Stop experiment
2021-09-06 01:53:13,919 :: INFO :: Control node : stop of the experiment
2021-09-06 01:53:13,927 :: INFO :: Control node : profile configuration
2021-09-06 01:53:13,934 :: INFO :: Configure profile on Control Node
2021-09-06 01:53:14,011 :: INFO :: Control node : start power of open node
2021-09-06 01:53:14,055 :: INFO :: Node OpenOCD: teardown of openocd node
2021-09-06 01:53:17,108 :: INFO :: openocd node debugger stop
2021-09-06 01:53:17,842 :: INFO :: Node OpenOCD: flash of openocd node
2021-09-06 01:53:17,857 :: INFO :: Flash firmware on OpenOCD: /usr/lib/python2.7/site-packages/gateway_code/static/m3_idle.elf
2021-09-06 01:53:20,315 :: INFO :: Control node : Stop control node serial interface
2021-09-06 01:53:20,320 :: INFO :: Control node : stop power of open node
2021-09-06 01:53:20,392 :: INFO :: Control node : reset
2021-09-06 01:53:20,400 :: INFO :: Reset Control Node
2021-09-06 01:53:23,240 :: INFO :: Stop experiment succeeded
