2021-09-06 00:52:55,007 :: INFO :: Start experiment: luna-276397
2021-09-06 00:52:55,010 :: INFO :: Control node : Starting of control node serial interface
2021-09-06 00:52:55,013 :: INFO :: Control node : reset
2021-09-06 00:52:55,015 :: INFO :: Reset Control Node
2021-09-06 00:52:57,923 :: INFO :: Control node : start power of open node
2021-09-06 00:52:57,979 :: INFO :: Node OpenOCD: Setup of openocd node
2021-09-06 00:53:01,023 :: INFO :: Node OpenOCD: flash of openocd node
2021-09-06 00:53:01,041 :: INFO :: Flash firmware on OpenOCD: /tmp/tmp3OMKzX--a14ddd1a1d6cc1c4ffb46cbabc9d20fe_unicast-sender-count-10T-20B.iotlab-m3
2021-09-06 00:53:07,893 :: INFO :: Control node : Start experiment
2021-09-06 00:53:07,958 :: INFO :: Control Node set time delay: 976 us
2021-09-06 00:53:07,983 :: INFO :: Control node : profile configuration
2021-09-06 00:53:07,990 :: INFO :: Configure profile on Control Node
2021-09-06 00:53:08,044 :: INFO :: Start experiment succeeded
2021-09-06 01:53:13,898 :: INFO :: Gateway Manager : Stop experiment
2021-09-06 01:53:13,908 :: INFO :: Stop experiment
2021-09-06 01:53:13,916 :: INFO :: Control node : stop of the experiment
2021-09-06 01:53:13,924 :: INFO :: Control node : profile configuration
2021-09-06 01:53:13,931 :: INFO :: Configure profile on Control Node
2021-09-06 01:53:14,007 :: INFO :: Control node : start power of open node
2021-09-06 01:53:14,053 :: INFO :: Node OpenOCD: teardown of openocd node
2021-09-06 01:53:17,103 :: INFO :: openocd node debugger stop
2021-09-06 01:53:17,796 :: INFO :: Node OpenOCD: flash of openocd node
2021-09-06 01:53:17,810 :: INFO :: Flash firmware on OpenOCD: /usr/lib/python2.7/site-packages/gateway_code/static/m3_idle.elf
2021-09-06 01:53:20,273 :: INFO :: Control node : Stop control node serial interface
2021-09-06 01:53:20,278 :: INFO :: Control node : stop power of open node
2021-09-06 01:53:20,325 :: INFO :: Control node : reset
2021-09-06 01:53:20,329 :: INFO :: Reset Control Node
2021-09-06 01:53:23,149 :: INFO :: Stop experiment succeeded
