2021-09-06 00:52:55,036 :: INFO :: Start experiment: luna-276397
2021-09-06 00:52:55,040 :: INFO :: Control node : Starting of control node serial interface
2021-09-06 00:52:55,043 :: INFO :: Control node : reset
2021-09-06 00:52:55,045 :: INFO :: Reset Control Node
2021-09-06 00:52:58,007 :: INFO :: Control node : start power of open node
2021-09-06 00:52:58,065 :: INFO :: Node OpenOCD: Setup of openocd node
2021-09-06 00:53:01,116 :: INFO :: Node OpenOCD: flash of openocd node
2021-09-06 00:53:01,123 :: INFO :: Flash firmware on OpenOCD: /tmp/tmpsgnBog--a14ddd1a1d6cc1c4ffb46cbabc9d20fe_unicast-sender-count-10T-20B.iotlab-m3
2021-09-06 00:53:07,919 :: INFO :: Control node : Start experiment
2021-09-06 00:53:07,964 :: INFO :: Control Node set time delay: 1617 us
2021-09-06 00:53:07,991 :: INFO :: Control node : profile configuration
2021-09-06 00:53:07,994 :: INFO :: Configure profile on Control Node
2021-09-06 00:53:08,036 :: INFO :: Start experiment succeeded
2021-09-06 01:53:13,933 :: INFO :: Gateway Manager : Stop experiment
2021-09-06 01:53:13,942 :: INFO :: Stop experiment
2021-09-06 01:53:13,950 :: INFO :: Control node : stop of the experiment
2021-09-06 01:53:13,957 :: INFO :: Control node : profile configuration
2021-09-06 01:53:13,964 :: INFO :: Configure profile on Control Node
2021-09-06 01:53:14,033 :: INFO :: Control node : start power of open node
2021-09-06 01:53:14,072 :: INFO :: Node OpenOCD: teardown of openocd node
2021-09-06 01:53:17,115 :: INFO :: openocd node debugger stop
2021-09-06 01:53:17,772 :: INFO :: Node OpenOCD: flash of openocd node
2021-09-06 01:53:17,779 :: INFO :: Flash firmware on OpenOCD: /usr/lib/python2.7/site-packages/gateway_code/static/m3_idle.elf
2021-09-06 01:53:20,180 :: INFO :: Control node : Stop control node serial interface
2021-09-06 01:53:20,189 :: INFO :: Control node : stop power of open node
2021-09-06 01:53:20,295 :: INFO :: Control node : reset
2021-09-06 01:53:20,299 :: INFO :: Reset Control Node
2021-09-06 01:53:23,106 :: INFO :: Stop experiment succeeded
