2021-09-06 00:52:55,031 :: INFO :: Start experiment: luna-276397
2021-09-06 00:52:55,035 :: INFO :: Control node : Starting of control node serial interface
2021-09-06 00:52:55,038 :: INFO :: Control node : reset
2021-09-06 00:52:55,041 :: INFO :: Reset Control Node
2021-09-06 00:52:57,954 :: INFO :: Control node : start power of open node
2021-09-06 00:52:58,012 :: INFO :: Node OpenOCD: Setup of openocd node
2021-09-06 00:53:01,057 :: INFO :: Node OpenOCD: flash of openocd node
2021-09-06 00:53:01,074 :: INFO :: Flash firmware on OpenOCD: /tmp/tmpq9Qd0k--a14ddd1a1d6cc1c4ffb46cbabc9d20fe_unicast-sender-count-10T-20B.iotlab-m3
2021-09-06 00:53:07,918 :: INFO :: Control node : Start experiment
2021-09-06 00:53:08,007 :: INFO :: Control Node set time delay: 1069 us
2021-09-06 00:53:08,033 :: INFO :: Control node : profile configuration
2021-09-06 00:53:08,041 :: INFO :: Configure profile on Control Node
2021-09-06 00:53:08,121 :: INFO :: Start experiment succeeded
2021-09-06 01:53:13,902 :: INFO :: Gateway Manager : Stop experiment
2021-09-06 01:53:13,911 :: INFO :: Stop experiment
2021-09-06 01:53:13,919 :: INFO :: Control node : stop of the experiment
2021-09-06 01:53:13,927 :: INFO :: Control node : profile configuration
2021-09-06 01:53:13,936 :: INFO :: Configure profile on Control Node
2021-09-06 01:53:14,009 :: INFO :: Control node : start power of open node
2021-09-06 01:53:14,051 :: INFO :: Node OpenOCD: teardown of openocd node
2021-09-06 01:53:17,113 :: INFO :: openocd node debugger stop
2021-09-06 01:53:17,798 :: INFO :: Node OpenOCD: flash of openocd node
2021-09-06 01:53:17,805 :: INFO :: Flash firmware on OpenOCD: /usr/lib/python2.7/site-packages/gateway_code/static/m3_idle.elf
2021-09-06 01:53:20,216 :: INFO :: Control node : Stop control node serial interface
2021-09-06 01:53:20,221 :: INFO :: Control node : stop power of open node
2021-09-06 01:53:20,289 :: INFO :: Control node : reset
2021-09-06 01:53:20,295 :: INFO :: Reset Control Node
2021-09-06 01:53:23,130 :: INFO :: Stop experiment succeeded
