2021-09-06 00:52:55,013 :: INFO :: Start experiment: luna-276397
2021-09-06 00:52:55,017 :: INFO :: Control node : Starting of control node serial interface
2021-09-06 00:52:55,019 :: INFO :: Control node : reset
2021-09-06 00:52:55,022 :: INFO :: Reset Control Node
2021-09-06 00:52:57,977 :: INFO :: Control node : start power of open node
2021-09-06 00:52:58,031 :: INFO :: Node OpenOCD: Setup of openocd node
2021-09-06 00:53:01,075 :: INFO :: Node OpenOCD: flash of openocd node
2021-09-06 00:53:01,097 :: INFO :: Flash firmware on OpenOCD: /tmp/tmpXQ8xhV--a14ddd1a1d6cc1c4ffb46cbabc9d20fe_unicast-sender-count-10T-20B.iotlab-m3
2021-09-06 00:53:07,883 :: INFO :: Control node : Start experiment
2021-09-06 00:53:07,940 :: INFO :: Control Node set time delay: 1404 us
2021-09-06 00:53:07,972 :: INFO :: Control node : profile configuration
2021-09-06 00:53:07,979 :: INFO :: Configure profile on Control Node
2021-09-06 00:53:08,058 :: INFO :: Start experiment succeeded
2021-09-06 01:53:13,935 :: INFO :: Gateway Manager : Stop experiment
2021-09-06 01:53:13,955 :: INFO :: Stop experiment
2021-09-06 01:53:13,974 :: INFO :: Control node : stop of the experiment
2021-09-06 01:53:13,997 :: INFO :: Control node : profile configuration
2021-09-06 01:53:14,013 :: INFO :: Configure profile on Control Node
2021-09-06 01:53:14,171 :: INFO :: Control node : start power of open node
2021-09-06 01:53:14,191 :: INFO :: Node OpenOCD: teardown of openocd node
2021-09-06 01:53:17,249 :: INFO :: openocd node debugger stop
2021-09-06 01:53:17,932 :: INFO :: Node OpenOCD: flash of openocd node
2021-09-06 01:53:17,939 :: INFO :: Flash firmware on OpenOCD: /usr/lib/python2.7/site-packages/gateway_code/static/m3_idle.elf
2021-09-06 01:53:20,340 :: INFO :: Control node : Stop control node serial interface
2021-09-06 01:53:20,345 :: INFO :: Control node : stop power of open node
2021-09-06 01:53:20,457 :: INFO :: Control node : reset
2021-09-06 01:53:20,463 :: INFO :: Reset Control Node
2021-09-06 01:53:23,299 :: INFO :: Stop experiment succeeded
