2021-09-06 00:52:55,140 :: INFO :: Start experiment: luna-276397
2021-09-06 00:52:55,144 :: INFO :: Control node : Starting of control node serial interface
2021-09-06 00:52:55,146 :: INFO :: Control node : reset
2021-09-06 00:52:55,149 :: INFO :: Reset Control Node
2021-09-06 00:52:58,056 :: INFO :: Control node : start power of open node
2021-09-06 00:52:58,110 :: INFO :: Node OpenOCD: Setup of openocd node
2021-09-06 00:53:01,154 :: INFO :: Node OpenOCD: flash of openocd node
2021-09-06 00:53:01,171 :: INFO :: Flash firmware on OpenOCD: /tmp/tmpRS0XAk--a14ddd1a1d6cc1c4ffb46cbabc9d20fe_unicast-sender-count-10T-20B.iotlab-m3
2021-09-06 00:53:07,860 :: INFO :: Control node : Start experiment
2021-09-06 00:53:07,920 :: INFO :: Control Node set time delay: 1831 us
2021-09-06 00:53:07,946 :: INFO :: Control node : profile configuration
2021-09-06 00:53:07,952 :: INFO :: Configure profile on Control Node
2021-09-06 00:53:08,033 :: INFO :: Start experiment succeeded
2021-09-06 01:53:13,891 :: INFO :: Gateway Manager : Stop experiment
2021-09-06 01:53:13,900 :: INFO :: Stop experiment
2021-09-06 01:53:13,909 :: INFO :: Control node : stop of the experiment
2021-09-06 01:53:13,917 :: INFO :: Control node : profile configuration
2021-09-06 01:53:13,927 :: INFO :: Configure profile on Control Node
2021-09-06 01:53:14,002 :: INFO :: Control node : start power of open node
2021-09-06 01:53:14,045 :: INFO :: Node OpenOCD: teardown of openocd node
2021-09-06 01:53:17,099 :: INFO :: openocd node debugger stop
2021-09-06 01:53:17,782 :: INFO :: Node OpenOCD: flash of openocd node
2021-09-06 01:53:17,797 :: INFO :: Flash firmware on OpenOCD: /usr/lib/python2.7/site-packages/gateway_code/static/m3_idle.elf
2021-09-06 01:53:20,261 :: INFO :: Control node : Stop control node serial interface
2021-09-06 01:53:20,270 :: INFO :: Control node : stop power of open node
2021-09-06 01:53:20,363 :: INFO :: Control node : reset
2021-09-06 01:53:20,371 :: INFO :: Reset Control Node
2021-09-06 01:53:23,154 :: INFO :: Stop experiment succeeded
