2021-09-06 00:52:55,044 :: INFO :: Start experiment: luna-276397
2021-09-06 00:52:55,048 :: INFO :: Control node : Starting of control node serial interface
2021-09-06 00:52:55,050 :: INFO :: Control node : reset
2021-09-06 00:52:55,053 :: INFO :: Reset Control Node
2021-09-06 00:52:58,013 :: INFO :: Control node : start power of open node
2021-09-06 00:52:58,070 :: INFO :: Node OpenOCD: Setup of openocd node
2021-09-06 00:53:01,112 :: INFO :: Node OpenOCD: flash of openocd node
2021-09-06 00:53:01,128 :: INFO :: Flash firmware on OpenOCD: /tmp/tmppi5yqi--a14ddd1a1d6cc1c4ffb46cbabc9d20fe_unicast-sender-count-10T-20B.iotlab-m3
2021-09-06 00:53:07,930 :: INFO :: Control node : Start experiment
2021-09-06 00:53:08,037 :: INFO :: Control Node set time delay: 1129 us
2021-09-06 00:53:08,060 :: INFO :: Control node : profile configuration
2021-09-06 00:53:08,063 :: INFO :: Configure profile on Control Node
2021-09-06 00:53:08,106 :: INFO :: Start experiment succeeded
2021-09-06 01:53:13,932 :: INFO :: Gateway Manager : Stop experiment
2021-09-06 01:53:13,941 :: INFO :: Stop experiment
2021-09-06 01:53:13,950 :: INFO :: Control node : stop of the experiment
2021-09-06 01:53:13,960 :: INFO :: Control node : profile configuration
2021-09-06 01:53:13,967 :: INFO :: Configure profile on Control Node
2021-09-06 01:53:14,040 :: INFO :: Control node : start power of open node
2021-09-06 01:53:14,083 :: INFO :: Node OpenOCD: teardown of openocd node
2021-09-06 01:53:17,134 :: INFO :: openocd node debugger stop
2021-09-06 01:53:17,832 :: INFO :: Node OpenOCD: flash of openocd node
2021-09-06 01:53:17,846 :: INFO :: Flash firmware on OpenOCD: /usr/lib/python2.7/site-packages/gateway_code/static/m3_idle.elf
2021-09-06 01:53:20,313 :: INFO :: Control node : Stop control node serial interface
2021-09-06 01:53:20,318 :: INFO :: Control node : stop power of open node
2021-09-06 01:53:20,366 :: INFO :: Control node : reset
2021-09-06 01:53:20,370 :: INFO :: Reset Control Node
2021-09-06 01:53:23,238 :: INFO :: Stop experiment succeeded
