2021-09-06 00:52:55,146 :: INFO :: Start experiment: luna-276397
2021-09-06 00:52:55,150 :: INFO :: Control node : Starting of control node serial interface
2021-09-06 00:52:55,152 :: INFO :: Control node : reset
2021-09-06 00:52:55,155 :: INFO :: Reset Control Node
2021-09-06 00:52:58,131 :: INFO :: Control node : start power of open node
2021-09-06 00:52:58,189 :: INFO :: Node OpenOCD: Setup of openocd node
2021-09-06 00:53:01,238 :: INFO :: Node OpenOCD: flash of openocd node
2021-09-06 00:53:01,245 :: INFO :: Flash firmware on OpenOCD: /tmp/tmpXjoR1a--a14ddd1a1d6cc1c4ffb46cbabc9d20fe_unicast-sender-count-10T-20B.iotlab-m3
2021-09-06 00:53:08,053 :: INFO :: Control node : Start experiment
2021-09-06 00:53:08,120 :: INFO :: Control Node set time delay: 1587 us
2021-09-06 00:53:08,128 :: INFO :: Control node : profile configuration
2021-09-06 00:53:08,132 :: INFO :: Configure profile on Control Node
2021-09-06 00:53:08,173 :: INFO :: Start experiment succeeded
2021-09-06 01:53:13,941 :: INFO :: Gateway Manager : Stop experiment
2021-09-06 01:53:13,951 :: INFO :: Stop experiment
2021-09-06 01:53:13,960 :: INFO :: Control node : stop of the experiment
2021-09-06 01:53:13,968 :: INFO :: Control node : profile configuration
2021-09-06 01:53:13,975 :: INFO :: Configure profile on Control Node
2021-09-06 01:53:14,055 :: INFO :: Control node : start power of open node
2021-09-06 01:53:14,100 :: INFO :: Node OpenOCD: teardown of openocd node
2021-09-06 01:53:17,150 :: INFO :: openocd node debugger stop
2021-09-06 01:53:17,847 :: INFO :: Node OpenOCD: flash of openocd node
2021-09-06 01:53:17,862 :: INFO :: Flash firmware on OpenOCD: /usr/lib/python2.7/site-packages/gateway_code/static/m3_idle.elf
2021-09-06 01:53:20,323 :: INFO :: Control node : Stop control node serial interface
2021-09-06 01:53:20,328 :: INFO :: Control node : stop power of open node
2021-09-06 01:53:20,384 :: INFO :: Control node : reset
2021-09-06 01:53:20,387 :: INFO :: Reset Control Node
2021-09-06 01:53:23,204 :: INFO :: Stop experiment succeeded
