2021-09-06 00:52:55,025 :: INFO :: Start experiment: luna-276397
2021-09-06 00:52:55,029 :: INFO :: Control node : Starting of control node serial interface
2021-09-06 00:52:55,032 :: INFO :: Control node : reset
2021-09-06 00:52:55,034 :: INFO :: Reset Control Node
2021-09-06 00:52:57,947 :: INFO :: Control node : start power of open node
2021-09-06 00:52:58,002 :: INFO :: Node OpenOCD: Setup of openocd node
2021-09-06 00:53:01,046 :: INFO :: Node OpenOCD: flash of openocd node
2021-09-06 00:53:01,088 :: INFO :: Flash firmware on OpenOCD: /tmp/tmphxIrbH--a14ddd1a1d6cc1c4ffb46cbabc9d20fe_unicast-sender-count-10T-20B.iotlab-m3
2021-09-06 00:53:07,801 :: INFO :: Control node : Start experiment
2021-09-06 00:53:07,908 :: INFO :: Control Node set time delay: 1526 us
2021-09-06 00:53:07,930 :: INFO :: Control node : profile configuration
2021-09-06 00:53:07,937 :: INFO :: Configure profile on Control Node
2021-09-06 00:53:08,017 :: INFO :: Start experiment succeeded
2021-09-06 01:53:13,930 :: INFO :: Gateway Manager : Stop experiment
2021-09-06 01:53:13,940 :: INFO :: Stop experiment
2021-09-06 01:53:13,949 :: INFO :: Control node : stop of the experiment
2021-09-06 01:53:13,957 :: INFO :: Control node : profile configuration
2021-09-06 01:53:13,964 :: INFO :: Configure profile on Control Node
2021-09-06 01:53:14,039 :: INFO :: Control node : start power of open node
2021-09-06 01:53:14,083 :: INFO :: Node OpenOCD: teardown of openocd node
2021-09-06 01:53:17,128 :: INFO :: openocd node debugger stop
2021-09-06 01:53:17,721 :: INFO :: Node OpenOCD: flash of openocd node
2021-09-06 01:53:17,735 :: INFO :: Flash firmware on OpenOCD: /usr/lib/python2.7/site-packages/gateway_code/static/m3_idle.elf
2021-09-06 01:53:20,203 :: INFO :: Control node : Stop control node serial interface
2021-09-06 01:53:20,212 :: INFO :: Control node : stop power of open node
2021-09-06 01:53:20,313 :: INFO :: Control node : reset
2021-09-06 01:53:20,320 :: INFO :: Reset Control Node
2021-09-06 01:53:23,104 :: INFO :: Stop experiment succeeded
