2021-09-06 00:52:54,984 :: INFO :: Start experiment: luna-276397
2021-09-06 00:52:54,988 :: INFO :: Control node : Starting of control node serial interface
2021-09-06 00:52:54,991 :: INFO :: Control node : reset
2021-09-06 00:52:54,993 :: INFO :: Reset Control Node
2021-09-06 00:52:57,906 :: INFO :: Control node : start power of open node
2021-09-06 00:52:57,963 :: INFO :: Node OpenOCD: Setup of openocd node
2021-09-06 00:53:01,002 :: INFO :: Node OpenOCD: flash of openocd node
2021-09-06 00:53:01,020 :: INFO :: Flash firmware on OpenOCD: /tmp/tmpT7VHlw--a14ddd1a1d6cc1c4ffb46cbabc9d20fe_unicast-sender-count-10T-20B.iotlab-m3
2021-09-06 00:53:07,948 :: INFO :: Control node : Start experiment
2021-09-06 00:53:08,008 :: INFO :: Control Node set time delay: 1648 us
2021-09-06 00:53:08,026 :: INFO :: Control node : profile configuration
2021-09-06 00:53:08,030 :: INFO :: Configure profile on Control Node
2021-09-06 00:53:08,073 :: INFO :: Start experiment succeeded
2021-09-06 01:53:13,899 :: INFO :: Gateway Manager : Stop experiment
2021-09-06 01:53:13,909 :: INFO :: Stop experiment
2021-09-06 01:53:13,918 :: INFO :: Control node : stop of the experiment
2021-09-06 01:53:13,926 :: INFO :: Control node : profile configuration
2021-09-06 01:53:13,933 :: INFO :: Configure profile on Control Node
2021-09-06 01:53:14,009 :: INFO :: Control node : start power of open node
2021-09-06 01:53:14,054 :: INFO :: Node OpenOCD: teardown of openocd node
2021-09-06 01:53:17,117 :: INFO :: openocd node debugger stop
2021-09-06 01:53:17,810 :: INFO :: Node OpenOCD: flash of openocd node
2021-09-06 01:53:17,825 :: INFO :: Flash firmware on OpenOCD: /usr/lib/python2.7/site-packages/gateway_code/static/m3_idle.elf
2021-09-06 01:53:20,290 :: INFO :: Control node : Stop control node serial interface
2021-09-06 01:53:20,295 :: INFO :: Control node : stop power of open node
2021-09-06 01:53:20,339 :: INFO :: Control node : reset
2021-09-06 01:53:20,343 :: INFO :: Reset Control Node
2021-09-06 01:53:23,153 :: INFO :: Stop experiment succeeded
