2021-09-06 00:52:55,008 :: INFO :: Start experiment: luna-276397
2021-09-06 00:52:55,011 :: INFO :: Control node : Starting of control node serial interface
2021-09-06 00:52:55,014 :: INFO :: Control node : reset
2021-09-06 00:52:55,017 :: INFO :: Reset Control Node
2021-09-06 00:52:57,969 :: INFO :: Control node : start power of open node
2021-09-06 00:52:58,025 :: INFO :: Node OpenOCD: Setup of openocd node
2021-09-06 00:53:01,067 :: INFO :: Node OpenOCD: flash of openocd node
2021-09-06 00:53:01,083 :: INFO :: Flash firmware on OpenOCD: /tmp/tmpqok4Jc--a14ddd1a1d6cc1c4ffb46cbabc9d20fe_unicast-sender-count-10T-20B.iotlab-m3
2021-09-06 00:53:07,993 :: INFO :: Control node : Start experiment
2021-09-06 00:53:08,060 :: INFO :: Control Node set time delay: 1861 us
2021-09-06 00:53:08,086 :: INFO :: Control node : profile configuration
2021-09-06 00:53:08,091 :: INFO :: Configure profile on Control Node
2021-09-06 00:53:08,129 :: INFO :: Start experiment succeeded
2021-09-06 01:53:13,907 :: INFO :: Gateway Manager : Stop experiment
2021-09-06 01:53:13,916 :: INFO :: Stop experiment
2021-09-06 01:53:13,924 :: INFO :: Control node : stop of the experiment
2021-09-06 01:53:13,932 :: INFO :: Control node : profile configuration
2021-09-06 01:53:13,939 :: INFO :: Configure profile on Control Node
2021-09-06 01:53:14,013 :: INFO :: Control node : start power of open node
2021-09-06 01:53:14,053 :: INFO :: Node OpenOCD: teardown of openocd node
2021-09-06 01:53:17,109 :: INFO :: openocd node debugger stop
2021-09-06 01:53:17,794 :: INFO :: Node OpenOCD: flash of openocd node
2021-09-06 01:53:17,809 :: INFO :: Flash firmware on OpenOCD: /usr/lib/python2.7/site-packages/gateway_code/static/m3_idle.elf
2021-09-06 01:53:20,266 :: INFO :: Control node : Stop control node serial interface
2021-09-06 01:53:20,271 :: INFO :: Control node : stop power of open node
2021-09-06 01:53:20,323 :: INFO :: Control node : reset
2021-09-06 01:53:20,327 :: INFO :: Reset Control Node
2021-09-06 01:53:23,138 :: INFO :: Stop experiment succeeded
