2021-09-06 00:52:55,025 :: INFO :: Start experiment: luna-276397
2021-09-06 00:52:55,029 :: INFO :: Control node : Starting of control node serial interface
2021-09-06 00:52:55,032 :: INFO :: Control node : reset
2021-09-06 00:52:55,034 :: INFO :: Reset Control Node
2021-09-06 00:52:57,909 :: INFO :: Control node : start power of open node
2021-09-06 00:52:57,937 :: INFO :: Node OpenOCD: Setup of openocd node
2021-09-06 00:53:00,973 :: INFO :: Node OpenOCD: flash of openocd node
2021-09-06 00:53:00,991 :: INFO :: Flash firmware on OpenOCD: /tmp/tmph3hOgK--a14ddd1a1d6cc1c4ffb46cbabc9d20fe_unicast-sender-count-10T-20B.iotlab-m3
2021-09-06 00:53:07,865 :: INFO :: Control node : Start experiment
2021-09-06 00:53:07,899 :: INFO :: Control Node set time delay: 1434 us
2021-09-06 00:53:07,917 :: INFO :: Control node : profile configuration
2021-09-06 00:53:07,921 :: INFO :: Configure profile on Control Node
2021-09-06 00:53:07,966 :: INFO :: Start experiment succeeded
2021-09-06 01:53:13,935 :: INFO :: Gateway Manager : Stop experiment
2021-09-06 01:53:13,944 :: INFO :: Stop experiment
2021-09-06 01:53:13,952 :: INFO :: Control node : stop of the experiment
2021-09-06 01:53:13,960 :: INFO :: Control node : profile configuration
2021-09-06 01:53:13,967 :: INFO :: Configure profile on Control Node
2021-09-06 01:53:14,043 :: INFO :: Control node : start power of open node
2021-09-06 01:53:14,087 :: INFO :: Node OpenOCD: teardown of openocd node
2021-09-06 01:53:17,148 :: INFO :: openocd node debugger stop
2021-09-06 01:53:17,842 :: INFO :: Node OpenOCD: flash of openocd node
2021-09-06 01:53:17,856 :: INFO :: Flash firmware on OpenOCD: /usr/lib/python2.7/site-packages/gateway_code/static/m3_idle.elf
2021-09-06 01:53:20,293 :: INFO :: Control node : Stop control node serial interface
2021-09-06 01:53:20,298 :: INFO :: Control node : stop power of open node
2021-09-06 01:53:20,353 :: INFO :: Control node : reset
2021-09-06 01:53:20,357 :: INFO :: Reset Control Node
2021-09-06 01:53:23,188 :: INFO :: Stop experiment succeeded
