2021-08-31 07:22:19,981 :: INFO :: Start experiment: luna-275835
2021-08-31 07:22:19,984 :: INFO :: Control node : Starting of control node serial interface
2021-08-31 07:22:19,987 :: INFO :: Control node : reset
2021-08-31 07:22:19,989 :: INFO :: Reset Control Node
2021-08-31 07:22:22,888 :: INFO :: Control node : start power of open node
2021-08-31 07:22:22,946 :: INFO :: Node OpenOCD: Setup of openocd node
2021-08-31 07:22:25,990 :: INFO :: Node OpenOCD: flash of openocd node
2021-08-31 07:22:26,008 :: INFO :: Flash firmware on OpenOCD: /tmp/tmp3N9whR--a14ddd1a1d6cc1c4ffb46cbabc9d20fe_unicast-sender-count-10T-20B.iotlab-m3
2021-08-31 07:22:32,838 :: INFO :: Control node : Start experiment
2021-08-31 07:22:32,886 :: INFO :: Control Node set time delay: 1465 us
2021-08-31 07:22:32,918 :: INFO :: Control node : profile configuration
2021-08-31 07:22:32,925 :: INFO :: Configure profile on Control Node
2021-08-31 07:22:32,990 :: INFO :: Start experiment succeeded
2021-08-31 08:22:38,848 :: INFO :: Gateway Manager : Stop experiment
2021-08-31 08:22:38,858 :: INFO :: Stop experiment
2021-08-31 08:22:38,867 :: INFO :: Control node : stop of the experiment
2021-08-31 08:22:38,874 :: INFO :: Control node : profile configuration
2021-08-31 08:22:38,882 :: INFO :: Configure profile on Control Node
2021-08-31 08:22:38,955 :: INFO :: Control node : start power of open node
2021-08-31 08:22:38,999 :: INFO :: Node OpenOCD: teardown of openocd node
2021-08-31 08:22:42,058 :: INFO :: openocd node debugger stop
2021-08-31 08:22:42,745 :: INFO :: Node OpenOCD: flash of openocd node
2021-08-31 08:22:42,752 :: INFO :: Flash firmware on OpenOCD: /usr/lib/python2.7/site-packages/gateway_code/static/m3_idle.elf
2021-08-31 08:22:45,157 :: INFO :: Control node : Stop control node serial interface
2021-08-31 08:22:45,162 :: INFO :: Control node : stop power of open node
2021-08-31 08:22:45,204 :: INFO :: Control node : reset
2021-08-31 08:22:45,208 :: INFO :: Reset Control Node
2021-08-31 08:22:48,020 :: INFO :: Stop experiment succeeded
