2021-08-31 07:22:20,013 :: INFO :: Start experiment: luna-275835
2021-08-31 07:22:20,017 :: INFO :: Control node : Starting of control node serial interface
2021-08-31 07:22:20,019 :: INFO :: Control node : reset
2021-08-31 07:22:20,022 :: INFO :: Reset Control Node
2021-08-31 07:22:22,926 :: INFO :: Control node : start power of open node
2021-08-31 07:22:22,980 :: INFO :: Node OpenOCD: Setup of openocd node
2021-08-31 07:22:26,021 :: INFO :: Node OpenOCD: flash of openocd node
2021-08-31 07:22:26,038 :: INFO :: Flash firmware on OpenOCD: /tmp/tmpIkWGZh--a14ddd1a1d6cc1c4ffb46cbabc9d20fe_unicast-sender-count-10T-20B.iotlab-m3
2021-08-31 07:22:32,721 :: INFO :: Control node : Start experiment
2021-08-31 07:22:32,766 :: INFO :: Control Node set time delay: 1190 us
2021-08-31 07:22:32,799 :: INFO :: Control node : profile configuration
2021-08-31 07:22:32,806 :: INFO :: Configure profile on Control Node
2021-08-31 07:22:32,883 :: INFO :: Start experiment succeeded
2021-08-31 08:22:38,866 :: INFO :: Gateway Manager : Stop experiment
2021-08-31 08:22:38,876 :: INFO :: Stop experiment
2021-08-31 08:22:38,884 :: INFO :: Control node : stop of the experiment
2021-08-31 08:22:38,892 :: INFO :: Control node : profile configuration
2021-08-31 08:22:38,899 :: INFO :: Configure profile on Control Node
2021-08-31 08:22:38,975 :: INFO :: Control node : start power of open node
2021-08-31 08:22:39,019 :: INFO :: Node OpenOCD: teardown of openocd node
2021-08-31 08:22:42,062 :: INFO :: openocd node debugger stop
2021-08-31 08:22:42,749 :: INFO :: Node OpenOCD: flash of openocd node
2021-08-31 08:22:42,764 :: INFO :: Flash firmware on OpenOCD: /usr/lib/python2.7/site-packages/gateway_code/static/m3_idle.elf
2021-08-31 08:22:45,276 :: INFO :: Control node : Stop control node serial interface
2021-08-31 08:22:45,281 :: INFO :: Control node : stop power of open node
2021-08-31 08:22:45,320 :: INFO :: Control node : reset
2021-08-31 08:22:45,324 :: INFO :: Reset Control Node
2021-08-31 08:22:48,214 :: INFO :: Stop experiment succeeded
