2021-08-31 07:22:19,979 :: INFO :: Start experiment: luna-275835
2021-08-31 07:22:19,982 :: INFO :: Control node : Starting of control node serial interface
2021-08-31 07:22:19,985 :: INFO :: Control node : reset
2021-08-31 07:22:19,988 :: INFO :: Reset Control Node
2021-08-31 07:22:22,889 :: INFO :: Control node : start power of open node
2021-08-31 07:22:22,946 :: INFO :: Node OpenOCD: Setup of openocd node
2021-08-31 07:22:25,986 :: INFO :: Node OpenOCD: flash of openocd node
2021-08-31 07:22:26,005 :: INFO :: Flash firmware on OpenOCD: /tmp/tmpJnrwIG--a14ddd1a1d6cc1c4ffb46cbabc9d20fe_unicast-sender-count-10T-20B.iotlab-m3
2021-08-31 07:22:32,914 :: INFO :: Control node : Start experiment
2021-08-31 07:22:32,971 :: INFO :: Control Node set time delay: 1739 us
2021-08-31 07:22:32,983 :: INFO :: Control node : profile configuration
2021-08-31 07:22:32,986 :: INFO :: Configure profile on Control Node
2021-08-31 07:22:33,027 :: INFO :: Start experiment succeeded
2021-08-31 08:22:38,845 :: INFO :: Gateway Manager : Stop experiment
2021-08-31 08:22:38,863 :: INFO :: Stop experiment
2021-08-31 08:22:38,874 :: INFO :: Control node : stop of the experiment
2021-08-31 08:22:38,881 :: INFO :: Control node : profile configuration
2021-08-31 08:22:38,887 :: INFO :: Configure profile on Control Node
2021-08-31 08:22:38,958 :: INFO :: Control node : start power of open node
2021-08-31 08:22:38,997 :: INFO :: Node OpenOCD: teardown of openocd node
2021-08-31 08:22:42,036 :: INFO :: openocd node debugger stop
2021-08-31 08:22:42,719 :: INFO :: Node OpenOCD: flash of openocd node
2021-08-31 08:22:42,726 :: INFO :: Flash firmware on OpenOCD: /usr/lib/python2.7/site-packages/gateway_code/static/m3_idle.elf
2021-08-31 08:22:45,131 :: INFO :: Control node : Stop control node serial interface
2021-08-31 08:22:45,136 :: INFO :: Control node : stop power of open node
2021-08-31 08:22:45,175 :: INFO :: Control node : reset
2021-08-31 08:22:45,179 :: INFO :: Reset Control Node
2021-08-31 08:22:47,984 :: INFO :: Stop experiment succeeded
