2021-08-31 07:22:20,015 :: INFO :: Start experiment: luna-275835
2021-08-31 07:22:20,018 :: INFO :: Control node : Starting of control node serial interface
2021-08-31 07:22:20,021 :: INFO :: Control node : reset
2021-08-31 07:22:20,024 :: INFO :: Reset Control Node
2021-08-31 07:22:22,924 :: INFO :: Control node : start power of open node
2021-08-31 07:22:22,982 :: INFO :: Node OpenOCD: Setup of openocd node
2021-08-31 07:22:26,020 :: INFO :: Node OpenOCD: flash of openocd node
2021-08-31 07:22:26,038 :: INFO :: Flash firmware on OpenOCD: /tmp/tmpTW3a2G--a14ddd1a1d6cc1c4ffb46cbabc9d20fe_unicast-sender-count-10T-20B.iotlab-m3
2021-08-31 07:22:32,943 :: INFO :: Control node : Start experiment
2021-08-31 07:22:32,993 :: INFO :: Control Node set time delay: 1098 us
2021-08-31 07:22:33,026 :: INFO :: Control node : profile configuration
2021-08-31 07:22:33,033 :: INFO :: Configure profile on Control Node
2021-08-31 07:22:33,078 :: INFO :: Start experiment succeeded
2021-08-31 08:22:38,839 :: INFO :: Gateway Manager : Stop experiment
2021-08-31 08:22:38,858 :: INFO :: Stop experiment
2021-08-31 08:22:38,876 :: INFO :: Control node : stop of the experiment
2021-08-31 08:22:38,892 :: INFO :: Control node : profile configuration
2021-08-31 08:22:38,908 :: INFO :: Configure profile on Control Node
2021-08-31 08:22:39,062 :: INFO :: Control node : start power of open node
2021-08-31 08:22:39,107 :: INFO :: Node OpenOCD: teardown of openocd node
2021-08-31 08:22:42,162 :: INFO :: openocd node debugger stop
2021-08-31 08:22:42,856 :: INFO :: Node OpenOCD: flash of openocd node
2021-08-31 08:22:42,870 :: INFO :: Flash firmware on OpenOCD: /usr/lib/python2.7/site-packages/gateway_code/static/m3_idle.elf
2021-08-31 08:22:45,328 :: INFO :: Control node : Stop control node serial interface
2021-08-31 08:22:45,333 :: INFO :: Control node : stop power of open node
2021-08-31 08:22:45,374 :: INFO :: Control node : reset
2021-08-31 08:22:45,378 :: INFO :: Reset Control Node
2021-08-31 08:22:48,205 :: INFO :: Stop experiment succeeded
