2021-08-31 07:22:19,993 :: INFO :: Start experiment: luna-275835
2021-08-31 07:22:19,997 :: INFO :: Control node : Starting of control node serial interface
2021-08-31 07:22:19,999 :: INFO :: Control node : reset
2021-08-31 07:22:20,002 :: INFO :: Reset Control Node
2021-08-31 07:22:22,902 :: INFO :: Control node : start power of open node
2021-08-31 07:22:22,918 :: INFO :: Node OpenOCD: Setup of openocd node
2021-08-31 07:22:25,947 :: INFO :: Node OpenOCD: flash of openocd node
2021-08-31 07:22:25,965 :: INFO :: Flash firmware on OpenOCD: /tmp/tmpMEck0N--a14ddd1a1d6cc1c4ffb46cbabc9d20fe_unicast-sender-count-10T-20B.iotlab-m3
2021-08-31 07:22:32,872 :: INFO :: Control node : Start experiment
2021-08-31 07:22:32,921 :: INFO :: Control Node set time delay: 1862 us
2021-08-31 07:22:32,948 :: INFO :: Control node : profile configuration
2021-08-31 07:22:32,951 :: INFO :: Configure profile on Control Node
2021-08-31 07:22:32,992 :: INFO :: Start experiment succeeded
2021-08-31 08:22:38,811 :: INFO :: Gateway Manager : Stop experiment
2021-08-31 08:22:38,820 :: INFO :: Stop experiment
2021-08-31 08:22:38,828 :: INFO :: Control node : stop of the experiment
2021-08-31 08:22:38,835 :: INFO :: Control node : profile configuration
2021-08-31 08:22:38,842 :: INFO :: Configure profile on Control Node
2021-08-31 08:22:38,914 :: INFO :: Control node : start power of open node
2021-08-31 08:22:38,956 :: INFO :: Node OpenOCD: teardown of openocd node
2021-08-31 08:22:41,999 :: INFO :: openocd node debugger stop
2021-08-31 08:22:42,682 :: INFO :: Node OpenOCD: flash of openocd node
2021-08-31 08:22:42,697 :: INFO :: Flash firmware on OpenOCD: /usr/lib/python2.7/site-packages/gateway_code/static/m3_idle.elf
2021-08-31 08:22:45,211 :: INFO :: Control node : Stop control node serial interface
2021-08-31 08:22:45,220 :: INFO :: Control node : stop power of open node
2021-08-31 08:22:45,286 :: INFO :: Control node : reset
2021-08-31 08:22:45,293 :: INFO :: Reset Control Node
2021-08-31 08:22:48,132 :: INFO :: Stop experiment succeeded
