2021-08-31 07:22:19,998 :: INFO :: Start experiment: luna-275835
2021-08-31 07:22:20,002 :: INFO :: Control node : Starting of control node serial interface
2021-08-31 07:22:20,004 :: INFO :: Control node : reset
2021-08-31 07:22:20,007 :: INFO :: Reset Control Node
2021-08-31 07:22:22,907 :: INFO :: Control node : start power of open node
2021-08-31 07:22:22,967 :: INFO :: Node OpenOCD: Setup of openocd node
2021-08-31 07:22:26,007 :: INFO :: Node OpenOCD: flash of openocd node
2021-08-31 07:22:26,026 :: INFO :: Flash firmware on OpenOCD: /tmp/tmpygS_SO--a14ddd1a1d6cc1c4ffb46cbabc9d20fe_unicast-sender-count-10T-20B.iotlab-m3
2021-08-31 07:22:32,833 :: INFO :: Control node : Start experiment
2021-08-31 07:22:32,885 :: INFO :: Control Node set time delay: 1709 us
2021-08-31 07:22:32,904 :: INFO :: Control node : profile configuration
2021-08-31 07:22:32,907 :: INFO :: Configure profile on Control Node
2021-08-31 07:22:32,949 :: INFO :: Start experiment succeeded
2021-08-31 08:22:38,869 :: INFO :: Gateway Manager : Stop experiment
2021-08-31 08:22:38,891 :: INFO :: Stop experiment
2021-08-31 08:22:38,912 :: INFO :: Control node : stop of the experiment
2021-08-31 08:22:38,929 :: INFO :: Control node : profile configuration
2021-08-31 08:22:38,953 :: INFO :: Configure profile on Control Node
2021-08-31 08:22:39,014 :: INFO :: Control node : start power of open node
2021-08-31 08:22:39,038 :: INFO :: Node OpenOCD: teardown of openocd node
2021-08-31 08:22:42,072 :: INFO :: openocd node debugger stop
2021-08-31 08:22:42,754 :: INFO :: Node OpenOCD: flash of openocd node
2021-08-31 08:22:42,762 :: INFO :: Flash firmware on OpenOCD: /usr/lib/python2.7/site-packages/gateway_code/static/m3_idle.elf
2021-08-31 08:22:45,168 :: INFO :: Control node : Stop control node serial interface
2021-08-31 08:22:45,177 :: INFO :: Control node : stop power of open node
2021-08-31 08:22:45,244 :: INFO :: Control node : reset
2021-08-31 08:22:45,251 :: INFO :: Reset Control Node
2021-08-31 08:22:48,088 :: INFO :: Stop experiment succeeded
