2021-08-31 07:22:20,000 :: INFO :: Start experiment: luna-275835
2021-08-31 07:22:20,004 :: INFO :: Control node : Starting of control node serial interface
2021-08-31 07:22:20,007 :: INFO :: Control node : reset
2021-08-31 07:22:20,009 :: INFO :: Reset Control Node
2021-08-31 07:22:22,909 :: INFO :: Control node : start power of open node
2021-08-31 07:22:22,963 :: INFO :: Node OpenOCD: Setup of openocd node
2021-08-31 07:22:26,010 :: INFO :: Node OpenOCD: flash of openocd node
2021-08-31 07:22:26,029 :: INFO :: Flash firmware on OpenOCD: /tmp/tmpuYdvKz--a14ddd1a1d6cc1c4ffb46cbabc9d20fe_unicast-sender-count-10T-20B.iotlab-m3
2021-08-31 07:22:32,824 :: INFO :: Control node : Start experiment
2021-08-31 07:22:32,892 :: INFO :: Control Node set time delay: 1739 us
2021-08-31 07:22:32,918 :: INFO :: Control node : profile configuration
2021-08-31 07:22:32,924 :: INFO :: Configure profile on Control Node
2021-08-31 07:22:33,004 :: INFO :: Start experiment succeeded
2021-08-31 08:22:38,864 :: INFO :: Gateway Manager : Stop experiment
2021-08-31 08:22:38,873 :: INFO :: Stop experiment
2021-08-31 08:22:38,882 :: INFO :: Control node : stop of the experiment
2021-08-31 08:22:38,889 :: INFO :: Control node : profile configuration
2021-08-31 08:22:38,896 :: INFO :: Configure profile on Control Node
2021-08-31 08:22:38,968 :: INFO :: Control node : start power of open node
2021-08-31 08:22:39,011 :: INFO :: Node OpenOCD: teardown of openocd node
2021-08-31 08:22:42,056 :: INFO :: openocd node debugger stop
2021-08-31 08:22:42,735 :: INFO :: Node OpenOCD: flash of openocd node
2021-08-31 08:22:42,742 :: INFO :: Flash firmware on OpenOCD: /usr/lib/python2.7/site-packages/gateway_code/static/m3_idle.elf
2021-08-31 08:22:45,148 :: INFO :: Control node : Stop control node serial interface
2021-08-31 08:22:45,153 :: INFO :: Control node : stop power of open node
2021-08-31 08:22:45,199 :: INFO :: Control node : reset
2021-08-31 08:22:45,205 :: INFO :: Reset Control Node
2021-08-31 08:22:48,044 :: INFO :: Stop experiment succeeded
