2021-08-31 07:22:20,005 :: INFO :: Start experiment: luna-275835
2021-08-31 07:22:20,009 :: INFO :: Control node : Starting of control node serial interface
2021-08-31 07:22:20,012 :: INFO :: Control node : reset
2021-08-31 07:22:20,015 :: INFO :: Reset Control Node
2021-08-31 07:22:22,919 :: INFO :: Control node : start power of open node
2021-08-31 07:22:22,975 :: INFO :: Node OpenOCD: Setup of openocd node
2021-08-31 07:22:26,024 :: INFO :: Node OpenOCD: flash of openocd node
2021-08-31 07:22:26,042 :: INFO :: Flash firmware on OpenOCD: /tmp/tmpULmTUr--a14ddd1a1d6cc1c4ffb46cbabc9d20fe_unicast-sender-count-10T-20B.iotlab-m3
2021-08-31 07:22:32,902 :: INFO :: Control node : Start experiment
2021-08-31 07:22:32,956 :: INFO :: Control Node set time delay: 1342 us
2021-08-31 07:22:32,982 :: INFO :: Control node : profile configuration
2021-08-31 07:22:32,988 :: INFO :: Configure profile on Control Node
2021-08-31 07:22:33,038 :: INFO :: Start experiment succeeded
2021-08-31 08:22:38,830 :: INFO :: Gateway Manager : Stop experiment
2021-08-31 08:22:38,839 :: INFO :: Stop experiment
2021-08-31 08:22:38,848 :: INFO :: Control node : stop of the experiment
2021-08-31 08:22:38,855 :: INFO :: Control node : profile configuration
2021-08-31 08:22:38,863 :: INFO :: Configure profile on Control Node
2021-08-31 08:22:38,934 :: INFO :: Control node : start power of open node
2021-08-31 08:22:38,978 :: INFO :: Node OpenOCD: teardown of openocd node
2021-08-31 08:22:42,050 :: INFO :: openocd node debugger stop
2021-08-31 08:22:42,651 :: INFO :: Node OpenOCD: flash of openocd node
2021-08-31 08:22:42,666 :: INFO :: Flash firmware on OpenOCD: /usr/lib/python2.7/site-packages/gateway_code/static/m3_idle.elf
2021-08-31 08:22:45,100 :: INFO :: Control node : Stop control node serial interface
2021-08-31 08:22:45,104 :: INFO :: Control node : stop power of open node
2021-08-31 08:22:45,147 :: INFO :: Control node : reset
2021-08-31 08:22:45,151 :: INFO :: Reset Control Node
2021-08-31 08:22:47,978 :: INFO :: Stop experiment succeeded
