2021-08-31 07:22:20,003 :: INFO :: Start experiment: luna-275835
2021-08-31 07:22:20,007 :: INFO :: Control node : Starting of control node serial interface
2021-08-31 07:22:20,009 :: INFO :: Control node : reset
2021-08-31 07:22:20,012 :: INFO :: Reset Control Node
2021-08-31 07:22:22,912 :: INFO :: Control node : start power of open node
2021-08-31 07:22:22,934 :: INFO :: Node OpenOCD: Setup of openocd node
2021-08-31 07:22:25,967 :: INFO :: Node OpenOCD: flash of openocd node
2021-08-31 07:22:25,985 :: INFO :: Flash firmware on OpenOCD: /tmp/tmprkyod1--a14ddd1a1d6cc1c4ffb46cbabc9d20fe_unicast-sender-count-10T-20B.iotlab-m3
2021-08-31 07:22:32,888 :: INFO :: Control node : Start experiment
2021-08-31 07:22:32,930 :: INFO :: Control Node set time delay: 1343 us
2021-08-31 07:22:32,948 :: INFO :: Control node : profile configuration
2021-08-31 07:22:32,951 :: INFO :: Configure profile on Control Node
2021-08-31 07:22:32,995 :: INFO :: Start experiment succeeded
2021-08-31 08:22:38,817 :: INFO :: Gateway Manager : Stop experiment
2021-08-31 08:22:38,827 :: INFO :: Stop experiment
2021-08-31 08:22:38,835 :: INFO :: Control node : stop of the experiment
2021-08-31 08:22:38,843 :: INFO :: Control node : profile configuration
2021-08-31 08:22:38,850 :: INFO :: Configure profile on Control Node
2021-08-31 08:22:38,921 :: INFO :: Control node : start power of open node
2021-08-31 08:22:38,963 :: INFO :: Node OpenOCD: teardown of openocd node
2021-08-31 08:22:42,046 :: INFO :: openocd node debugger stop
2021-08-31 08:22:42,731 :: INFO :: Node OpenOCD: flash of openocd node
2021-08-31 08:22:42,738 :: INFO :: Flash firmware on OpenOCD: /usr/lib/python2.7/site-packages/gateway_code/static/m3_idle.elf
2021-08-31 08:22:45,106 :: INFO :: Control node : Stop control node serial interface
2021-08-31 08:22:45,111 :: INFO :: Control node : stop power of open node
2021-08-31 08:22:45,154 :: INFO :: Control node : reset
2021-08-31 08:22:45,157 :: INFO :: Reset Control Node
2021-08-31 08:22:47,969 :: INFO :: Stop experiment succeeded
