2021-08-31 07:22:20,012 :: INFO :: Start experiment: luna-275835
2021-08-31 07:22:20,015 :: INFO :: Control node : Starting of control node serial interface
2021-08-31 07:22:20,018 :: INFO :: Control node : reset
2021-08-31 07:22:20,021 :: INFO :: Reset Control Node
2021-08-31 07:22:22,924 :: INFO :: Control node : start power of open node
2021-08-31 07:22:22,979 :: INFO :: Node OpenOCD: Setup of openocd node
2021-08-31 07:22:26,022 :: INFO :: Node OpenOCD: flash of openocd node
2021-08-31 07:22:26,041 :: INFO :: Flash firmware on OpenOCD: /tmp/tmpSeMR5b--a14ddd1a1d6cc1c4ffb46cbabc9d20fe_unicast-sender-count-10T-20B.iotlab-m3
2021-08-31 07:22:32,913 :: INFO :: Control node : Start experiment
2021-08-31 07:22:32,965 :: INFO :: Control Node set time delay: 1617 us
2021-08-31 07:22:32,990 :: INFO :: Control node : profile configuration
2021-08-31 07:22:32,994 :: INFO :: Configure profile on Control Node
2021-08-31 07:22:33,036 :: INFO :: Start experiment succeeded
2021-08-31 08:22:38,814 :: INFO :: Gateway Manager : Stop experiment
2021-08-31 08:22:38,823 :: INFO :: Stop experiment
2021-08-31 08:22:38,832 :: INFO :: Control node : stop of the experiment
2021-08-31 08:22:38,839 :: INFO :: Control node : profile configuration
2021-08-31 08:22:38,847 :: INFO :: Configure profile on Control Node
2021-08-31 08:22:38,923 :: INFO :: Control node : start power of open node
2021-08-31 08:22:38,969 :: INFO :: Node OpenOCD: teardown of openocd node
2021-08-31 08:22:42,036 :: INFO :: openocd node debugger stop
2021-08-31 08:22:42,719 :: INFO :: Node OpenOCD: flash of openocd node
2021-08-31 08:22:42,726 :: INFO :: Flash firmware on OpenOCD: /usr/lib/python2.7/site-packages/gateway_code/static/m3_idle.elf
2021-08-31 08:22:45,133 :: INFO :: Control node : Stop control node serial interface
2021-08-31 08:22:45,142 :: INFO :: Control node : stop power of open node
2021-08-31 08:22:45,212 :: INFO :: Control node : reset
2021-08-31 08:22:45,218 :: INFO :: Reset Control Node
2021-08-31 08:22:47,993 :: INFO :: Stop experiment succeeded
