2021-08-31 07:22:20,013 :: INFO :: Start experiment: luna-275835
2021-08-31 07:22:20,016 :: INFO :: Control node : Starting of control node serial interface
2021-08-31 07:22:20,019 :: INFO :: Control node : reset
2021-08-31 07:22:20,022 :: INFO :: Reset Control Node
2021-08-31 07:22:22,923 :: INFO :: Control node : start power of open node
2021-08-31 07:22:22,980 :: INFO :: Node OpenOCD: Setup of openocd node
2021-08-31 07:22:26,028 :: INFO :: Node OpenOCD: flash of openocd node
2021-08-31 07:22:26,048 :: INFO :: Flash firmware on OpenOCD: /tmp/tmpNUJx5o--a14ddd1a1d6cc1c4ffb46cbabc9d20fe_unicast-sender-count-10T-20B.iotlab-m3
2021-08-31 07:22:32,918 :: INFO :: Control node : Start experiment
2021-08-31 07:22:33,013 :: INFO :: Control Node set time delay: 1953 us
2021-08-31 07:22:33,022 :: INFO :: Control node : profile configuration
2021-08-31 07:22:33,025 :: INFO :: Configure profile on Control Node
2021-08-31 07:22:33,068 :: INFO :: Start experiment succeeded
2021-08-31 08:22:38,826 :: INFO :: Gateway Manager : Stop experiment
2021-08-31 08:22:38,835 :: INFO :: Stop experiment
2021-08-31 08:22:38,843 :: INFO :: Control node : stop of the experiment
2021-08-31 08:22:38,854 :: INFO :: Control node : profile configuration
2021-08-31 08:22:38,861 :: INFO :: Configure profile on Control Node
2021-08-31 08:22:38,932 :: INFO :: Control node : start power of open node
2021-08-31 08:22:38,977 :: INFO :: Node OpenOCD: teardown of openocd node
2021-08-31 08:22:42,059 :: INFO :: openocd node debugger stop
2021-08-31 08:22:42,752 :: INFO :: Node OpenOCD: flash of openocd node
2021-08-31 08:22:42,766 :: INFO :: Flash firmware on OpenOCD: /usr/lib/python2.7/site-packages/gateway_code/static/m3_idle.elf
2021-08-31 08:22:45,229 :: INFO :: Control node : Stop control node serial interface
2021-08-31 08:22:45,234 :: INFO :: Control node : stop power of open node
2021-08-31 08:22:45,295 :: INFO :: Control node : reset
2021-08-31 08:22:45,299 :: INFO :: Reset Control Node
2021-08-31 08:22:48,057 :: INFO :: Stop experiment succeeded
