2021-08-31 07:22:20,015 :: INFO :: Start experiment: luna-275835
2021-08-31 07:22:20,018 :: INFO :: Control node : Starting of control node serial interface
2021-08-31 07:22:20,021 :: INFO :: Control node : reset
2021-08-31 07:22:20,024 :: INFO :: Reset Control Node
2021-08-31 07:22:22,924 :: INFO :: Control node : start power of open node
2021-08-31 07:22:22,980 :: INFO :: Node OpenOCD: Setup of openocd node
2021-08-31 07:22:26,021 :: INFO :: Node OpenOCD: flash of openocd node
2021-08-31 07:22:26,039 :: INFO :: Flash firmware on OpenOCD: /tmp/tmpjmquy4--a14ddd1a1d6cc1c4ffb46cbabc9d20fe_unicast-sender-count-10T-20B.iotlab-m3
2021-08-31 07:22:32,890 :: INFO :: Control node : Start experiment
2021-08-31 07:22:32,923 :: INFO :: Control Node set time delay: 1404 us
2021-08-31 07:22:32,941 :: INFO :: Control node : profile configuration
2021-08-31 07:22:32,945 :: INFO :: Configure profile on Control Node
2021-08-31 07:22:32,989 :: INFO :: Start experiment succeeded
2021-08-31 08:22:38,853 :: INFO :: Gateway Manager : Stop experiment
2021-08-31 08:22:38,867 :: INFO :: Stop experiment
2021-08-31 08:22:38,875 :: INFO :: Control node : stop of the experiment
2021-08-31 08:22:38,885 :: INFO :: Control node : profile configuration
2021-08-31 08:22:38,893 :: INFO :: Configure profile on Control Node
2021-08-31 08:22:38,960 :: INFO :: Control node : start power of open node
2021-08-31 08:22:39,001 :: INFO :: Node OpenOCD: teardown of openocd node
2021-08-31 08:22:42,041 :: INFO :: openocd node debugger stop
2021-08-31 08:22:42,706 :: INFO :: Node OpenOCD: flash of openocd node
2021-08-31 08:22:42,713 :: INFO :: Flash firmware on OpenOCD: /usr/lib/python2.7/site-packages/gateway_code/static/m3_idle.elf
2021-08-31 08:22:45,119 :: INFO :: Control node : Stop control node serial interface
2021-08-31 08:22:45,128 :: INFO :: Control node : stop power of open node
2021-08-31 08:22:45,194 :: INFO :: Control node : reset
2021-08-31 08:22:45,200 :: INFO :: Reset Control Node
2021-08-31 08:22:47,986 :: INFO :: Stop experiment succeeded
