2021-08-31 07:22:19,986 :: INFO :: Start experiment: luna-275835
2021-08-31 07:22:19,989 :: INFO :: Control node : Starting of control node serial interface
2021-08-31 07:22:19,992 :: INFO :: Control node : reset
2021-08-31 07:22:19,995 :: INFO :: Reset Control Node
2021-08-31 07:22:22,880 :: INFO :: Control node : start power of open node
2021-08-31 07:22:22,897 :: INFO :: Node OpenOCD: Setup of openocd node
2021-08-31 07:22:25,930 :: INFO :: Node OpenOCD: flash of openocd node
2021-08-31 07:22:25,948 :: INFO :: Flash firmware on OpenOCD: /tmp/tmpjvIKWO--a14ddd1a1d6cc1c4ffb46cbabc9d20fe_unicast-sender-count-10T-20B.iotlab-m3
2021-08-31 07:22:32,801 :: INFO :: Control node : Start experiment
2021-08-31 07:22:32,862 :: INFO :: Control Node set time delay: 1221 us
2021-08-31 07:22:32,878 :: INFO :: Control node : profile configuration
2021-08-31 07:22:32,881 :: INFO :: Configure profile on Control Node
2021-08-31 07:22:32,922 :: INFO :: Start experiment succeeded
2021-08-31 08:22:38,822 :: INFO :: Gateway Manager : Stop experiment
2021-08-31 08:22:38,832 :: INFO :: Stop experiment
2021-08-31 08:22:38,840 :: INFO :: Control node : stop of the experiment
2021-08-31 08:22:38,847 :: INFO :: Control node : profile configuration
2021-08-31 08:22:38,858 :: INFO :: Configure profile on Control Node
2021-08-31 08:22:38,930 :: INFO :: Control node : start power of open node
2021-08-31 08:22:38,974 :: INFO :: Node OpenOCD: teardown of openocd node
2021-08-31 08:22:42,037 :: INFO :: openocd node debugger stop
2021-08-31 08:22:42,718 :: INFO :: Node OpenOCD: flash of openocd node
2021-08-31 08:22:42,725 :: INFO :: Flash firmware on OpenOCD: /usr/lib/python2.7/site-packages/gateway_code/static/m3_idle.elf
2021-08-31 08:22:45,079 :: INFO :: Control node : Stop control node serial interface
2021-08-31 08:22:45,084 :: INFO :: Control node : stop power of open node
2021-08-31 08:22:45,130 :: INFO :: Control node : reset
2021-08-31 08:22:45,133 :: INFO :: Reset Control Node
2021-08-31 08:22:47,959 :: INFO :: Stop experiment succeeded
