2021-08-31 07:22:20,021 :: INFO :: Start experiment: luna-275835
2021-08-31 07:22:20,025 :: INFO :: Control node : Starting of control node serial interface
2021-08-31 07:22:20,027 :: INFO :: Control node : reset
2021-08-31 07:22:20,030 :: INFO :: Reset Control Node
2021-08-31 07:22:22,928 :: INFO :: Control node : start power of open node
2021-08-31 07:22:22,984 :: INFO :: Node OpenOCD: Setup of openocd node
2021-08-31 07:22:26,022 :: INFO :: Node OpenOCD: flash of openocd node
2021-08-31 07:22:26,041 :: INFO :: Flash firmware on OpenOCD: /tmp/tmpvdsqTC--a14ddd1a1d6cc1c4ffb46cbabc9d20fe_unicast-sender-count-10T-20B.iotlab-m3
2021-08-31 07:22:32,840 :: INFO :: Control node : Start experiment
2021-08-31 07:22:32,892 :: INFO :: Control Node set time delay: 1892 us
2021-08-31 07:22:32,923 :: INFO :: Control node : profile configuration
2021-08-31 07:22:32,930 :: INFO :: Configure profile on Control Node
2021-08-31 07:22:33,008 :: INFO :: Start experiment succeeded
2021-08-31 08:22:38,864 :: INFO :: Gateway Manager : Stop experiment
2021-08-31 08:22:38,884 :: INFO :: Stop experiment
2021-08-31 08:22:38,905 :: INFO :: Control node : stop of the experiment
2021-08-31 08:22:38,922 :: INFO :: Control node : profile configuration
2021-08-31 08:22:38,938 :: INFO :: Configure profile on Control Node
2021-08-31 08:22:38,979 :: INFO :: Control node : start power of open node
2021-08-31 08:22:39,003 :: INFO :: Node OpenOCD: teardown of openocd node
2021-08-31 08:22:42,043 :: INFO :: openocd node debugger stop
2021-08-31 08:22:42,735 :: INFO :: Node OpenOCD: flash of openocd node
2021-08-31 08:22:42,749 :: INFO :: Flash firmware on OpenOCD: /usr/lib/python2.7/site-packages/gateway_code/static/m3_idle.elf
2021-08-31 08:22:45,204 :: INFO :: Control node : Stop control node serial interface
2021-08-31 08:22:45,209 :: INFO :: Control node : stop power of open node
2021-08-31 08:22:45,248 :: INFO :: Control node : reset
2021-08-31 08:22:45,252 :: INFO :: Reset Control Node
2021-08-31 08:22:48,062 :: INFO :: Stop experiment succeeded
