2021-08-31 07:22:19,993 :: INFO :: Start experiment: luna-275835
2021-08-31 07:22:19,996 :: INFO :: Control node : Starting of control node serial interface
2021-08-31 07:22:19,999 :: INFO :: Control node : reset
2021-08-31 07:22:20,002 :: INFO :: Reset Control Node
2021-08-31 07:22:22,902 :: INFO :: Control node : start power of open node
2021-08-31 07:22:22,958 :: INFO :: Node OpenOCD: Setup of openocd node
2021-08-31 07:22:25,998 :: INFO :: Node OpenOCD: flash of openocd node
2021-08-31 07:22:26,016 :: INFO :: Flash firmware on OpenOCD: /tmp/tmp2KK9FH--a14ddd1a1d6cc1c4ffb46cbabc9d20fe_unicast-sender-count-10T-20B.iotlab-m3
2021-08-31 07:22:32,750 :: INFO :: Control node : Start experiment
2021-08-31 07:22:32,819 :: INFO :: Control Node set time delay: 1618 us
2021-08-31 07:22:32,843 :: INFO :: Control node : profile configuration
2021-08-31 07:22:32,850 :: INFO :: Configure profile on Control Node
2021-08-31 07:22:32,929 :: INFO :: Start experiment succeeded
2021-08-31 08:22:38,821 :: INFO :: Gateway Manager : Stop experiment
2021-08-31 08:22:38,831 :: INFO :: Stop experiment
2021-08-31 08:22:38,840 :: INFO :: Control node : stop of the experiment
2021-08-31 08:22:38,850 :: INFO :: Control node : profile configuration
2021-08-31 08:22:38,859 :: INFO :: Configure profile on Control Node
2021-08-31 08:22:38,933 :: INFO :: Control node : start power of open node
2021-08-31 08:22:38,978 :: INFO :: Node OpenOCD: teardown of openocd node
2021-08-31 08:22:42,030 :: INFO :: openocd node debugger stop
2021-08-31 08:22:42,716 :: INFO :: Node OpenOCD: flash of openocd node
2021-08-31 08:22:42,731 :: INFO :: Flash firmware on OpenOCD: /usr/lib/python2.7/site-packages/gateway_code/static/m3_idle.elf
2021-08-31 08:22:45,193 :: INFO :: Control node : Stop control node serial interface
2021-08-31 08:22:45,199 :: INFO :: Control node : stop power of open node
2021-08-31 08:22:45,259 :: INFO :: Control node : reset
2021-08-31 08:22:45,262 :: INFO :: Reset Control Node
2021-08-31 08:22:48,074 :: INFO :: Stop experiment succeeded
