2021-08-31 07:22:20,006 :: INFO :: Start experiment: luna-275835
2021-08-31 07:22:20,009 :: INFO :: Control node : Starting of control node serial interface
2021-08-31 07:22:20,012 :: INFO :: Control node : reset
2021-08-31 07:22:20,015 :: INFO :: Reset Control Node
2021-08-31 07:22:22,851 :: INFO :: Control node : start power of open node
2021-08-31 07:22:22,879 :: INFO :: Node OpenOCD: Setup of openocd node
2021-08-31 07:22:25,918 :: INFO :: Node OpenOCD: flash of openocd node
2021-08-31 07:22:25,937 :: INFO :: Flash firmware on OpenOCD: /tmp/tmp2Q_qwI--a14ddd1a1d6cc1c4ffb46cbabc9d20fe_unicast-sender-count-10T-20B.iotlab-m3
2021-08-31 07:22:32,844 :: INFO :: Control node : Start experiment
2021-08-31 07:22:32,910 :: INFO :: Control Node set time delay: 1708 us
2021-08-31 07:22:32,919 :: INFO :: Control node : profile configuration
2021-08-31 07:22:32,923 :: INFO :: Configure profile on Control Node
2021-08-31 07:22:32,964 :: INFO :: Start experiment succeeded
2021-08-31 08:22:38,863 :: INFO :: Gateway Manager : Stop experiment
2021-08-31 08:22:38,872 :: INFO :: Stop experiment
2021-08-31 08:22:38,881 :: INFO :: Control node : stop of the experiment
2021-08-31 08:22:38,889 :: INFO :: Control node : profile configuration
2021-08-31 08:22:38,897 :: INFO :: Configure profile on Control Node
2021-08-31 08:22:38,972 :: INFO :: Control node : start power of open node
2021-08-31 08:22:39,018 :: INFO :: Node OpenOCD: teardown of openocd node
2021-08-31 08:22:42,072 :: INFO :: openocd node debugger stop
2021-08-31 08:22:42,758 :: INFO :: Node OpenOCD: flash of openocd node
2021-08-31 08:22:42,765 :: INFO :: Flash firmware on OpenOCD: /usr/lib/python2.7/site-packages/gateway_code/static/m3_idle.elf
2021-08-31 08:22:45,190 :: INFO :: Control node : Stop control node serial interface
2021-08-31 08:22:45,199 :: INFO :: Control node : stop power of open node
2021-08-31 08:22:45,275 :: INFO :: Control node : reset
2021-08-31 08:22:45,282 :: INFO :: Reset Control Node
2021-08-31 08:22:48,120 :: INFO :: Stop experiment succeeded
