2021-08-31 07:22:20,015 :: INFO :: Start experiment: luna-275835
2021-08-31 07:22:20,019 :: INFO :: Control node : Starting of control node serial interface
2021-08-31 07:22:20,021 :: INFO :: Control node : reset
2021-08-31 07:22:20,024 :: INFO :: Reset Control Node
2021-08-31 07:22:22,926 :: INFO :: Control node : start power of open node
2021-08-31 07:22:22,984 :: INFO :: Node OpenOCD: Setup of openocd node
2021-08-31 07:22:26,027 :: INFO :: Node OpenOCD: flash of openocd node
2021-08-31 07:22:26,045 :: INFO :: Flash firmware on OpenOCD: /tmp/tmpE2xHd2--a14ddd1a1d6cc1c4ffb46cbabc9d20fe_unicast-sender-count-10T-20B.iotlab-m3
2021-08-31 07:22:32,856 :: INFO :: Control node : Start experiment
2021-08-31 07:22:32,882 :: INFO :: Control Node set time delay: 1312 us
2021-08-31 07:22:32,900 :: INFO :: Control node : profile configuration
2021-08-31 07:22:32,904 :: INFO :: Configure profile on Control Node
2021-08-31 07:22:32,948 :: INFO :: Start experiment succeeded
2021-08-31 08:22:38,863 :: INFO :: Gateway Manager : Stop experiment
2021-08-31 08:22:38,874 :: INFO :: Stop experiment
2021-08-31 08:22:38,882 :: INFO :: Control node : stop of the experiment
2021-08-31 08:22:38,889 :: INFO :: Control node : profile configuration
2021-08-31 08:22:38,897 :: INFO :: Configure profile on Control Node
2021-08-31 08:22:38,968 :: INFO :: Control node : start power of open node
2021-08-31 08:22:39,010 :: INFO :: Node OpenOCD: teardown of openocd node
2021-08-31 08:22:42,058 :: INFO :: openocd node debugger stop
2021-08-31 08:22:42,748 :: INFO :: Node OpenOCD: flash of openocd node
2021-08-31 08:22:42,762 :: INFO :: Flash firmware on OpenOCD: /usr/lib/python2.7/site-packages/gateway_code/static/m3_idle.elf
2021-08-31 08:22:45,242 :: INFO :: Control node : Stop control node serial interface
2021-08-31 08:22:45,250 :: INFO :: Control node : stop power of open node
2021-08-31 08:22:45,317 :: INFO :: Control node : reset
2021-08-31 08:22:45,324 :: INFO :: Reset Control Node
2021-08-31 08:22:48,100 :: INFO :: Stop experiment succeeded
