2021-08-31 07:22:20,008 :: INFO :: Start experiment: luna-275835
2021-08-31 07:22:20,012 :: INFO :: Control node : Starting of control node serial interface
2021-08-31 07:22:20,015 :: INFO :: Control node : reset
2021-08-31 07:22:20,017 :: INFO :: Reset Control Node
2021-08-31 07:22:22,913 :: INFO :: Control node : start power of open node
2021-08-31 07:22:22,928 :: INFO :: Node OpenOCD: Setup of openocd node
2021-08-31 07:22:25,960 :: INFO :: Node OpenOCD: flash of openocd node
2021-08-31 07:22:25,978 :: INFO :: Flash firmware on OpenOCD: /tmp/tmpcokeGg--a14ddd1a1d6cc1c4ffb46cbabc9d20fe_unicast-sender-count-10T-20B.iotlab-m3
2021-08-31 07:22:32,884 :: INFO :: Control node : Start experiment
2021-08-31 07:22:32,925 :: INFO :: Control Node set time delay: 1648 us
2021-08-31 07:22:32,942 :: INFO :: Control node : profile configuration
2021-08-31 07:22:32,946 :: INFO :: Configure profile on Control Node
2021-08-31 07:22:32,990 :: INFO :: Start experiment succeeded
2021-08-31 08:22:38,863 :: INFO :: Gateway Manager : Stop experiment
2021-08-31 08:22:38,873 :: INFO :: Stop experiment
2021-08-31 08:22:38,881 :: INFO :: Control node : stop of the experiment
2021-08-31 08:22:38,892 :: INFO :: Control node : profile configuration
2021-08-31 08:22:38,899 :: INFO :: Configure profile on Control Node
2021-08-31 08:22:38,972 :: INFO :: Control node : start power of open node
2021-08-31 08:22:39,017 :: INFO :: Node OpenOCD: teardown of openocd node
2021-08-31 08:22:42,070 :: INFO :: openocd node debugger stop
2021-08-31 08:22:42,764 :: INFO :: Node OpenOCD: flash of openocd node
2021-08-31 08:22:42,780 :: INFO :: Flash firmware on OpenOCD: /usr/lib/python2.7/site-packages/gateway_code/static/m3_idle.elf
2021-08-31 08:22:45,238 :: INFO :: Control node : Stop control node serial interface
2021-08-31 08:22:45,243 :: INFO :: Control node : stop power of open node
2021-08-31 08:22:45,284 :: INFO :: Control node : reset
2021-08-31 08:22:45,288 :: INFO :: Reset Control Node
2021-08-31 08:22:48,098 :: INFO :: Stop experiment succeeded
