2021-08-31 07:22:19,990 :: INFO :: Start experiment: luna-275835
2021-08-31 07:22:19,994 :: INFO :: Control node : Starting of control node serial interface
2021-08-31 07:22:19,997 :: INFO :: Control node : reset
2021-08-31 07:22:20,000 :: INFO :: Reset Control Node
2021-08-31 07:22:22,903 :: INFO :: Control node : start power of open node
2021-08-31 07:22:22,957 :: INFO :: Node OpenOCD: Setup of openocd node
2021-08-31 07:22:26,002 :: INFO :: Node OpenOCD: flash of openocd node
2021-08-31 07:22:26,020 :: INFO :: Flash firmware on OpenOCD: /tmp/tmpDIXNRZ--a14ddd1a1d6cc1c4ffb46cbabc9d20fe_unicast-sender-count-10T-20B.iotlab-m3
2021-08-31 07:22:32,905 :: INFO :: Control node : Start experiment
2021-08-31 07:22:32,969 :: INFO :: Control Node set time delay: 1831 us
2021-08-31 07:22:32,980 :: INFO :: Control node : profile configuration
2021-08-31 07:22:32,984 :: INFO :: Configure profile on Control Node
2021-08-31 07:22:33,026 :: INFO :: Start experiment succeeded
2021-08-31 08:22:38,823 :: INFO :: Gateway Manager : Stop experiment
2021-08-31 08:22:38,832 :: INFO :: Stop experiment
2021-08-31 08:22:38,842 :: INFO :: Control node : stop of the experiment
2021-08-31 08:22:38,850 :: INFO :: Control node : profile configuration
2021-08-31 08:22:38,858 :: INFO :: Configure profile on Control Node
2021-08-31 08:22:38,933 :: INFO :: Control node : start power of open node
2021-08-31 08:22:38,978 :: INFO :: Node OpenOCD: teardown of openocd node
2021-08-31 08:22:42,036 :: INFO :: openocd node debugger stop
2021-08-31 08:22:42,726 :: INFO :: Node OpenOCD: flash of openocd node
2021-08-31 08:22:42,741 :: INFO :: Flash firmware on OpenOCD: /usr/lib/python2.7/site-packages/gateway_code/static/m3_idle.elf
2021-08-31 08:22:45,178 :: INFO :: Control node : Stop control node serial interface
2021-08-31 08:22:45,183 :: INFO :: Control node : stop power of open node
2021-08-31 08:22:45,228 :: INFO :: Control node : reset
2021-08-31 08:22:45,232 :: INFO :: Reset Control Node
2021-08-31 08:22:48,042 :: INFO :: Stop experiment succeeded
