2021-08-31 07:22:19,983 :: INFO :: Start experiment: luna-275835
2021-08-31 07:22:19,987 :: INFO :: Control node : Starting of control node serial interface
2021-08-31 07:22:19,989 :: INFO :: Control node : reset
2021-08-31 07:22:19,992 :: INFO :: Reset Control Node
2021-08-31 07:22:22,892 :: INFO :: Control node : start power of open node
2021-08-31 07:22:22,950 :: INFO :: Node OpenOCD: Setup of openocd node
2021-08-31 07:22:25,988 :: INFO :: Node OpenOCD: flash of openocd node
2021-08-31 07:22:26,006 :: INFO :: Flash firmware on OpenOCD: /tmp/tmpXnpUDV--ddd0625ff8382e7208c25657471d6a4a_unicast-receiver-count.iotlab-m3
2021-08-31 07:22:32,436 :: INFO :: Control node : Start experiment
2021-08-31 07:22:32,498 :: INFO :: Control Node set time delay: 1922 us
2021-08-31 07:22:32,523 :: INFO :: Control node : profile configuration
2021-08-31 07:22:32,530 :: INFO :: Configure profile on Control Node
2021-08-31 07:22:32,608 :: INFO :: Start experiment succeeded
2021-08-31 08:22:38,805 :: INFO :: Gateway Manager : Stop experiment
2021-08-31 08:22:38,813 :: INFO :: Stop experiment
2021-08-31 08:22:38,821 :: INFO :: Control node : stop of the experiment
2021-08-31 08:22:38,828 :: INFO :: Control node : profile configuration
2021-08-31 08:22:38,834 :: INFO :: Configure profile on Control Node
2021-08-31 08:22:38,901 :: INFO :: Control node : start power of open node
2021-08-31 08:22:38,941 :: INFO :: Node OpenOCD: teardown of openocd node
2021-08-31 08:22:41,976 :: INFO :: openocd node debugger stop
2021-08-31 08:22:42,655 :: INFO :: Node OpenOCD: flash of openocd node
2021-08-31 08:22:42,662 :: INFO :: Flash firmware on OpenOCD: /usr/lib/python2.7/site-packages/gateway_code/static/m3_idle.elf
2021-08-31 08:22:45,067 :: INFO :: Control node : Stop control node serial interface
2021-08-31 08:22:45,076 :: INFO :: Control node : stop power of open node
2021-08-31 08:22:45,170 :: INFO :: Control node : reset
2021-08-31 08:22:45,176 :: INFO :: Reset Control Node
2021-08-31 08:22:47,962 :: INFO :: Stop experiment succeeded
