2021-08-31 07:22:19,995 :: INFO :: Start experiment: luna-275835
2021-08-31 07:22:19,999 :: INFO :: Control node : Starting of control node serial interface
2021-08-31 07:22:20,001 :: INFO :: Control node : reset
2021-08-31 07:22:20,004 :: INFO :: Reset Control Node
2021-08-31 07:22:22,907 :: INFO :: Control node : start power of open node
2021-08-31 07:22:22,963 :: INFO :: Node OpenOCD: Setup of openocd node
2021-08-31 07:22:26,014 :: INFO :: Node OpenOCD: flash of openocd node
2021-08-31 07:22:26,032 :: INFO :: Flash firmware on OpenOCD: /tmp/tmpvUqX29--a14ddd1a1d6cc1c4ffb46cbabc9d20fe_unicast-sender-count-10T-20B.iotlab-m3
2021-08-31 07:22:32,892 :: INFO :: Control node : Start experiment
2021-08-31 07:22:32,919 :: INFO :: Control Node set time delay: 1862 us
2021-08-31 07:22:32,938 :: INFO :: Control node : profile configuration
2021-08-31 07:22:32,942 :: INFO :: Configure profile on Control Node
2021-08-31 07:22:32,988 :: INFO :: Start experiment succeeded
2021-08-31 08:22:38,820 :: INFO :: Gateway Manager : Stop experiment
2021-08-31 08:22:38,829 :: INFO :: Stop experiment
2021-08-31 08:22:38,838 :: INFO :: Control node : stop of the experiment
2021-08-31 08:22:38,846 :: INFO :: Control node : profile configuration
2021-08-31 08:22:38,853 :: INFO :: Configure profile on Control Node
2021-08-31 08:22:38,931 :: INFO :: Control node : start power of open node
2021-08-31 08:22:38,977 :: INFO :: Node OpenOCD: teardown of openocd node
2021-08-31 08:22:42,038 :: INFO :: openocd node debugger stop
2021-08-31 08:22:42,730 :: INFO :: Node OpenOCD: flash of openocd node
2021-08-31 08:22:42,745 :: INFO :: Flash firmware on OpenOCD: /usr/lib/python2.7/site-packages/gateway_code/static/m3_idle.elf
2021-08-31 08:22:45,109 :: INFO :: Control node : Stop control node serial interface
2021-08-31 08:22:45,114 :: INFO :: Control node : stop power of open node
2021-08-31 08:22:45,161 :: INFO :: Control node : reset
2021-08-31 08:22:45,165 :: INFO :: Reset Control Node
2021-08-31 08:22:47,978 :: INFO :: Stop experiment succeeded
