2021-08-31 07:22:20,007 :: INFO :: Start experiment: luna-275835
2021-08-31 07:22:20,011 :: INFO :: Control node : Starting of control node serial interface
2021-08-31 07:22:20,014 :: INFO :: Control node : reset
2021-08-31 07:22:20,016 :: INFO :: Reset Control Node
2021-08-31 07:22:22,912 :: INFO :: Control node : start power of open node
2021-08-31 07:22:22,966 :: INFO :: Node OpenOCD: Setup of openocd node
2021-08-31 07:22:26,007 :: INFO :: Node OpenOCD: flash of openocd node
2021-08-31 07:22:26,026 :: INFO :: Flash firmware on OpenOCD: /tmp/tmpy9j6Is--a14ddd1a1d6cc1c4ffb46cbabc9d20fe_unicast-sender-count-10T-20B.iotlab-m3
2021-08-31 07:22:32,937 :: INFO :: Control node : Start experiment
2021-08-31 07:22:32,988 :: INFO :: Control Node set time delay: 1068 us
2021-08-31 07:22:33,012 :: INFO :: Control node : profile configuration
2021-08-31 07:22:33,016 :: INFO :: Configure profile on Control Node
2021-08-31 07:22:33,056 :: INFO :: Start experiment succeeded
2021-08-31 08:22:38,864 :: INFO :: Gateway Manager : Stop experiment
2021-08-31 08:22:38,887 :: INFO :: Stop experiment
2021-08-31 08:22:38,907 :: INFO :: Control node : stop of the experiment
2021-08-31 08:22:38,924 :: INFO :: Control node : profile configuration
2021-08-31 08:22:38,948 :: INFO :: Configure profile on Control Node
2021-08-31 08:22:39,102 :: INFO :: Control node : start power of open node
2021-08-31 08:22:39,122 :: INFO :: Node OpenOCD: teardown of openocd node
2021-08-31 08:22:42,168 :: INFO :: openocd node debugger stop
2021-08-31 08:22:42,853 :: INFO :: Node OpenOCD: flash of openocd node
2021-08-31 08:22:42,860 :: INFO :: Flash firmware on OpenOCD: /usr/lib/python2.7/site-packages/gateway_code/static/m3_idle.elf
2021-08-31 08:22:45,263 :: INFO :: Control node : Stop control node serial interface
2021-08-31 08:22:45,268 :: INFO :: Control node : stop power of open node
2021-08-31 08:22:45,312 :: INFO :: Control node : reset
2021-08-31 08:22:45,316 :: INFO :: Reset Control Node
2021-08-31 08:22:48,130 :: INFO :: Stop experiment succeeded
