2021-09-06 02:54:22,350 :: INFO :: Start experiment: luna-276399
2021-09-06 02:54:22,354 :: INFO :: Control node : Starting of control node serial interface
2021-09-06 02:54:22,357 :: INFO :: Control node : reset
2021-09-06 02:54:22,359 :: INFO :: Reset Control Node
2021-09-06 02:54:25,263 :: INFO :: Control node : start power of open node
2021-09-06 02:54:25,320 :: INFO :: Node OpenOCD: Setup of openocd node
2021-09-06 02:54:28,361 :: INFO :: Node OpenOCD: flash of openocd node
2021-09-06 02:54:28,379 :: INFO :: Flash firmware on OpenOCD: /tmp/tmppwucA5--9eca698c47b1367377dfc6ae1bda6964_unicast-sender-count-60T-20B.iotlab-m3
2021-09-06 02:54:35,152 :: INFO :: Control node : Start experiment
2021-09-06 02:54:35,203 :: INFO :: Control Node set time delay: 1007 us
2021-09-06 02:54:35,238 :: INFO :: Control node : profile configuration
2021-09-06 02:54:35,245 :: INFO :: Configure profile on Control Node
2021-09-06 02:54:35,325 :: INFO :: Start experiment succeeded
2021-09-06 03:33:20,006 :: INFO :: Check 'control' node ftdi
2021-09-06 03:33:20,263 :: INFO :: control node ftdi found
2021-09-06 03:33:20,268 :: INFO :: Check 'm3' node ftdi
2021-09-06 03:33:20,338 :: INFO :: m3 node ftdi found
2021-09-06 03:54:41,206 :: INFO :: Gateway Manager : Stop experiment
2021-09-06 03:54:41,216 :: INFO :: Stop experiment
2021-09-06 03:54:41,233 :: INFO :: Control node : stop of the experiment
2021-09-06 03:54:41,243 :: INFO :: Control node : profile configuration
2021-09-06 03:54:41,251 :: INFO :: Configure profile on Control Node
2021-09-06 03:54:41,327 :: INFO :: Control node : start power of open node
2021-09-06 03:54:41,372 :: INFO :: Node OpenOCD: teardown of openocd node
2021-09-06 03:54:44,415 :: INFO :: openocd node debugger stop
2021-09-06 03:54:45,107 :: INFO :: Node OpenOCD: flash of openocd node
2021-09-06 03:54:45,122 :: INFO :: Flash firmware on OpenOCD: /usr/lib/python2.7/site-packages/gateway_code/static/m3_idle.elf
2021-09-06 03:54:47,565 :: INFO :: Control node : Stop control node serial interface
2021-09-06 03:54:47,570 :: INFO :: Control node : stop power of open node
2021-09-06 03:54:47,623 :: INFO :: Control node : reset
2021-09-06 03:54:47,628 :: INFO :: Reset Control Node
2021-09-06 03:54:50,468 :: INFO :: Stop experiment succeeded
