2021-09-06 02:54:22,384 :: INFO :: Start experiment: luna-276399
2021-09-06 02:54:22,388 :: INFO :: Control node : Starting of control node serial interface
2021-09-06 02:54:22,391 :: INFO :: Control node : reset
2021-09-06 02:54:22,393 :: INFO :: Reset Control Node
2021-09-06 02:54:25,297 :: INFO :: Control node : start power of open node
2021-09-06 02:54:25,353 :: INFO :: Node OpenOCD: Setup of openocd node
2021-09-06 02:54:28,391 :: INFO :: Node OpenOCD: flash of openocd node
2021-09-06 02:54:28,409 :: INFO :: Flash firmware on OpenOCD: /tmp/tmpu1VqlP--9eca698c47b1367377dfc6ae1bda6964_unicast-sender-count-60T-20B.iotlab-m3
2021-09-06 02:54:35,259 :: INFO :: Control node : Start experiment
2021-09-06 02:54:35,309 :: INFO :: Control Node set time delay: 1922 us
2021-09-06 02:54:35,341 :: INFO :: Control node : profile configuration
2021-09-06 02:54:35,348 :: INFO :: Configure profile on Control Node
2021-09-06 02:54:35,413 :: INFO :: Start experiment succeeded
2021-09-06 03:37:58,498 :: INFO :: Check 'control' node ftdi
2021-09-06 03:37:58,661 :: INFO :: control node ftdi found
2021-09-06 03:37:58,671 :: INFO :: Check 'm3' node ftdi
2021-09-06 03:37:58,795 :: INFO :: m3 node ftdi found
2021-09-06 03:54:41,245 :: INFO :: Gateway Manager : Stop experiment
2021-09-06 03:54:41,255 :: INFO :: Stop experiment
2021-09-06 03:54:41,263 :: INFO :: Control node : stop of the experiment
2021-09-06 03:54:41,271 :: INFO :: Control node : profile configuration
2021-09-06 03:54:41,278 :: INFO :: Configure profile on Control Node
2021-09-06 03:54:41,356 :: INFO :: Control node : start power of open node
2021-09-06 03:54:41,399 :: INFO :: Node OpenOCD: teardown of openocd node
2021-09-06 03:54:44,446 :: INFO :: openocd node debugger stop
2021-09-06 03:54:45,037 :: INFO :: Node OpenOCD: flash of openocd node
2021-09-06 03:54:45,051 :: INFO :: Flash firmware on OpenOCD: /usr/lib/python2.7/site-packages/gateway_code/static/m3_idle.elf
2021-09-06 03:54:47,526 :: INFO :: Control node : Stop control node serial interface
2021-09-06 03:54:47,535 :: INFO :: Control node : stop power of open node
2021-09-06 03:54:47,630 :: INFO :: Control node : reset
2021-09-06 03:54:47,636 :: INFO :: Reset Control Node
2021-09-06 03:54:50,406 :: INFO :: Stop experiment succeeded
