2021-09-06 02:54:22,371 :: INFO :: Start experiment: luna-276399
2021-09-06 02:54:22,375 :: INFO :: Control node : Starting of control node serial interface
2021-09-06 02:54:22,377 :: INFO :: Control node : reset
2021-09-06 02:54:22,380 :: INFO :: Reset Control Node
2021-09-06 02:54:25,284 :: INFO :: Control node : start power of open node
2021-09-06 02:54:25,342 :: INFO :: Node OpenOCD: Setup of openocd node
2021-09-06 02:54:28,387 :: INFO :: Node OpenOCD: flash of openocd node
2021-09-06 02:54:28,405 :: INFO :: Flash firmware on OpenOCD: /tmp/tmpANZJwn--9eca698c47b1367377dfc6ae1bda6964_unicast-sender-count-60T-20B.iotlab-m3
2021-09-06 02:54:35,260 :: INFO :: Control node : Start experiment
2021-09-06 02:54:35,308 :: INFO :: Control Node set time delay: 1770 us
2021-09-06 02:54:35,342 :: INFO :: Control node : profile configuration
2021-09-06 02:54:35,345 :: INFO :: Configure profile on Control Node
2021-09-06 02:54:35,387 :: INFO :: Start experiment succeeded
2021-09-06 03:33:03,815 :: INFO :: Check 'control' node ftdi
2021-09-06 03:33:03,976 :: INFO :: control node ftdi found
2021-09-06 03:33:03,986 :: INFO :: Check 'm3' node ftdi
2021-09-06 03:33:04,111 :: INFO :: m3 node ftdi found
2021-09-06 03:54:41,242 :: INFO :: Gateway Manager : Stop experiment
2021-09-06 03:54:41,252 :: INFO :: Stop experiment
2021-09-06 03:54:41,261 :: INFO :: Control node : stop of the experiment
2021-09-06 03:54:41,268 :: INFO :: Control node : profile configuration
2021-09-06 03:54:41,278 :: INFO :: Configure profile on Control Node
2021-09-06 03:54:41,353 :: INFO :: Control node : start power of open node
2021-09-06 03:54:41,396 :: INFO :: Node OpenOCD: teardown of openocd node
2021-09-06 03:54:44,435 :: INFO :: openocd node debugger stop
2021-09-06 03:54:45,128 :: INFO :: Node OpenOCD: flash of openocd node
2021-09-06 03:54:45,142 :: INFO :: Flash firmware on OpenOCD: /usr/lib/python2.7/site-packages/gateway_code/static/m3_idle.elf
2021-09-06 03:54:47,531 :: INFO :: Control node : Stop control node serial interface
2021-09-06 03:54:47,540 :: INFO :: Control node : stop power of open node
2021-09-06 03:54:47,625 :: INFO :: Control node : reset
2021-09-06 03:54:47,632 :: INFO :: Reset Control Node
2021-09-06 03:54:50,468 :: INFO :: Stop experiment succeeded
