2021-09-06 02:54:22,344 :: INFO :: Start experiment: luna-276399
2021-09-06 02:54:22,347 :: INFO :: Control node : Starting of control node serial interface
2021-09-06 02:54:22,350 :: INFO :: Control node : reset
2021-09-06 02:54:22,353 :: INFO :: Reset Control Node
2021-09-06 02:54:25,181 :: INFO :: Control node : start power of open node
2021-09-06 02:54:25,209 :: INFO :: Node OpenOCD: Setup of openocd node
2021-09-06 02:54:28,249 :: INFO :: Node OpenOCD: flash of openocd node
2021-09-06 02:54:28,267 :: INFO :: Flash firmware on OpenOCD: /tmp/tmpFZXxn2--9eca698c47b1367377dfc6ae1bda6964_unicast-sender-count-60T-20B.iotlab-m3
2021-09-06 02:54:35,077 :: INFO :: Control node : Start experiment
2021-09-06 02:54:35,129 :: INFO :: Control Node set time delay: 1099 us
2021-09-06 02:54:35,161 :: INFO :: Control node : profile configuration
2021-09-06 02:54:35,168 :: INFO :: Configure profile on Control Node
2021-09-06 02:54:35,215 :: INFO :: Start experiment succeeded
2021-09-06 03:37:05,192 :: INFO :: Check 'control' node ftdi
2021-09-06 03:37:05,358 :: INFO :: control node ftdi found
2021-09-06 03:37:05,368 :: INFO :: Check 'm3' node ftdi
2021-09-06 03:37:05,486 :: INFO :: m3 node ftdi found
2021-09-06 03:54:41,204 :: INFO :: Gateway Manager : Stop experiment
2021-09-06 03:54:41,213 :: INFO :: Stop experiment
2021-09-06 03:54:41,222 :: INFO :: Control node : stop of the experiment
2021-09-06 03:54:41,239 :: INFO :: Control node : profile configuration
2021-09-06 03:54:41,248 :: INFO :: Configure profile on Control Node
2021-09-06 03:54:41,324 :: INFO :: Control node : start power of open node
2021-09-06 03:54:41,369 :: INFO :: Node OpenOCD: teardown of openocd node
2021-09-06 03:54:44,420 :: INFO :: openocd node debugger stop
2021-09-06 03:54:45,107 :: INFO :: Node OpenOCD: flash of openocd node
2021-09-06 03:54:45,121 :: INFO :: Flash firmware on OpenOCD: /usr/lib/python2.7/site-packages/gateway_code/static/m3_idle.elf
2021-09-06 03:54:47,536 :: INFO :: Control node : Stop control node serial interface
2021-09-06 03:54:47,545 :: INFO :: Control node : stop power of open node
2021-09-06 03:54:47,648 :: INFO :: Control node : reset
2021-09-06 03:54:47,655 :: INFO :: Reset Control Node
2021-09-06 03:54:50,489 :: INFO :: Stop experiment succeeded
