2021-09-06 02:54:22,327 :: INFO :: Start experiment: luna-276399
2021-09-06 02:54:22,331 :: INFO :: Control node : Starting of control node serial interface
2021-09-06 02:54:22,333 :: INFO :: Control node : reset
2021-09-06 02:54:22,336 :: INFO :: Reset Control Node
2021-09-06 02:54:25,237 :: INFO :: Control node : start power of open node
2021-09-06 02:54:25,294 :: INFO :: Node OpenOCD: Setup of openocd node
2021-09-06 02:54:28,339 :: INFO :: Node OpenOCD: flash of openocd node
2021-09-06 02:54:28,357 :: INFO :: Flash firmware on OpenOCD: /tmp/tmpV3ZEog--9eca698c47b1367377dfc6ae1bda6964_unicast-sender-count-60T-20B.iotlab-m3
2021-09-06 02:54:35,263 :: INFO :: Control node : Start experiment
2021-09-06 02:54:35,290 :: INFO :: Control Node set time delay: 976 us
2021-09-06 02:54:35,307 :: INFO :: Control node : profile configuration
2021-09-06 02:54:35,311 :: INFO :: Configure profile on Control Node
2021-09-06 02:54:35,356 :: INFO :: Start experiment succeeded
2021-09-06 03:33:27,714 :: INFO :: Check 'control' node ftdi
2021-09-06 03:33:27,879 :: INFO :: control node ftdi found
2021-09-06 03:33:27,889 :: INFO :: Check 'm3' node ftdi
2021-09-06 03:33:27,986 :: INFO :: m3 node ftdi found
2021-09-06 03:54:41,225 :: INFO :: Gateway Manager : Stop experiment
2021-09-06 03:54:41,240 :: INFO :: Stop experiment
2021-09-06 03:54:41,251 :: INFO :: Control node : stop of the experiment
2021-09-06 03:54:41,258 :: INFO :: Control node : profile configuration
2021-09-06 03:54:41,269 :: INFO :: Configure profile on Control Node
2021-09-06 03:54:41,343 :: INFO :: Control node : start power of open node
2021-09-06 03:54:41,387 :: INFO :: Node OpenOCD: teardown of openocd node
2021-09-06 03:54:44,446 :: INFO :: openocd node debugger stop
2021-09-06 03:54:45,134 :: INFO :: Node OpenOCD: flash of openocd node
2021-09-06 03:54:45,148 :: INFO :: Flash firmware on OpenOCD: /usr/lib/python2.7/site-packages/gateway_code/static/m3_idle.elf
2021-09-06 03:54:47,612 :: INFO :: Control node : Stop control node serial interface
2021-09-06 03:54:47,618 :: INFO :: Control node : stop power of open node
2021-09-06 03:54:47,670 :: INFO :: Control node : reset
2021-09-06 03:54:47,674 :: INFO :: Reset Control Node
2021-09-06 03:54:50,526 :: INFO :: Stop experiment succeeded
