2021-09-06 02:54:22,380 :: INFO :: Start experiment: luna-276399
2021-09-06 02:54:22,383 :: INFO :: Control node : Starting of control node serial interface
2021-09-06 02:54:22,386 :: INFO :: Control node : reset
2021-09-06 02:54:22,389 :: INFO :: Reset Control Node
2021-09-06 02:54:25,283 :: INFO :: Control node : start power of open node
2021-09-06 02:54:25,298 :: INFO :: Node OpenOCD: Setup of openocd node
2021-09-06 02:54:28,333 :: INFO :: Node OpenOCD: flash of openocd node
2021-09-06 02:54:28,351 :: INFO :: Flash firmware on OpenOCD: /tmp/tmpIb0Niz--9eca698c47b1367377dfc6ae1bda6964_unicast-sender-count-60T-20B.iotlab-m3
2021-09-06 02:54:35,260 :: INFO :: Control node : Start experiment
2021-09-06 02:54:35,298 :: INFO :: Control Node set time delay: 1007 us
2021-09-06 02:54:35,315 :: INFO :: Control node : profile configuration
2021-09-06 02:54:35,319 :: INFO :: Configure profile on Control Node
2021-09-06 02:54:35,365 :: INFO :: Start experiment succeeded
2021-09-06 03:36:47,362 :: INFO :: Check 'control' node ftdi
2021-09-06 03:36:47,530 :: INFO :: control node ftdi found
2021-09-06 03:36:47,542 :: INFO :: Check 'm3' node ftdi
2021-09-06 03:36:47,667 :: INFO :: m3 node ftdi found
2021-09-06 03:54:41,263 :: INFO :: Gateway Manager : Stop experiment
2021-09-06 03:54:41,273 :: INFO :: Stop experiment
2021-09-06 03:54:41,281 :: INFO :: Control node : stop of the experiment
2021-09-06 03:54:41,289 :: INFO :: Control node : profile configuration
2021-09-06 03:54:41,300 :: INFO :: Configure profile on Control Node
2021-09-06 03:54:41,381 :: INFO :: Control node : start power of open node
2021-09-06 03:54:41,435 :: INFO :: Node OpenOCD: teardown of openocd node
2021-09-06 03:54:44,514 :: INFO :: openocd node debugger stop
2021-09-06 03:54:45,200 :: INFO :: Node OpenOCD: flash of openocd node
2021-09-06 03:54:45,215 :: INFO :: Flash firmware on OpenOCD: /usr/lib/python2.7/site-packages/gateway_code/static/m3_idle.elf
2021-09-06 03:54:47,677 :: INFO :: Control node : Stop control node serial interface
2021-09-06 03:54:47,682 :: INFO :: Control node : stop power of open node
2021-09-06 03:54:47,736 :: INFO :: Control node : reset
2021-09-06 03:54:47,740 :: INFO :: Reset Control Node
2021-09-06 03:54:50,554 :: INFO :: Stop experiment succeeded
