2021-09-06 02:54:22,334 :: INFO :: Start experiment: luna-276399
2021-09-06 02:54:22,337 :: INFO :: Control node : Starting of control node serial interface
2021-09-06 02:54:22,340 :: INFO :: Control node : reset
2021-09-06 02:54:22,343 :: INFO :: Reset Control Node
2021-09-06 02:54:25,248 :: INFO :: Control node : start power of open node
2021-09-06 02:54:25,303 :: INFO :: Node OpenOCD: Setup of openocd node
2021-09-06 02:54:28,344 :: INFO :: Node OpenOCD: flash of openocd node
2021-09-06 02:54:28,362 :: INFO :: Flash firmware on OpenOCD: /tmp/tmpbZnN42--9eca698c47b1367377dfc6ae1bda6964_unicast-sender-count-60T-20B.iotlab-m3
2021-09-06 02:54:35,267 :: INFO :: Control node : Start experiment
2021-09-06 02:54:35,316 :: INFO :: Control Node set time delay: 1099 us
2021-09-06 02:54:35,349 :: INFO :: Control node : profile configuration
2021-09-06 02:54:35,356 :: INFO :: Configure profile on Control Node
2021-09-06 02:54:35,398 :: INFO :: Start experiment succeeded
2021-09-06 03:33:33,099 :: INFO :: Check 'control' node ftdi
2021-09-06 03:33:33,276 :: INFO :: control node ftdi found
2021-09-06 03:33:33,286 :: INFO :: Check 'm3' node ftdi
2021-09-06 03:33:33,419 :: INFO :: m3 node ftdi found
2021-09-06 03:54:41,256 :: INFO :: Gateway Manager : Stop experiment
2021-09-06 03:54:41,266 :: INFO :: Stop experiment
2021-09-06 03:54:41,274 :: INFO :: Control node : stop of the experiment
2021-09-06 03:54:41,283 :: INFO :: Control node : profile configuration
2021-09-06 03:54:41,290 :: INFO :: Configure profile on Control Node
2021-09-06 03:54:41,372 :: INFO :: Control node : start power of open node
2021-09-06 03:54:41,416 :: INFO :: Node OpenOCD: teardown of openocd node
2021-09-06 03:54:44,462 :: INFO :: openocd node debugger stop
2021-09-06 03:54:45,151 :: INFO :: Node OpenOCD: flash of openocd node
2021-09-06 03:54:45,165 :: INFO :: Flash firmware on OpenOCD: /usr/lib/python2.7/site-packages/gateway_code/static/m3_idle.elf
2021-09-06 03:54:47,550 :: INFO :: Control node : Stop control node serial interface
2021-09-06 03:54:47,555 :: INFO :: Control node : stop power of open node
2021-09-06 03:54:47,612 :: INFO :: Control node : reset
2021-09-06 03:54:47,615 :: INFO :: Reset Control Node
2021-09-06 03:54:50,422 :: INFO :: Stop experiment succeeded
