2021-09-06 02:54:22,353 :: INFO :: Start experiment: luna-276399
2021-09-06 02:54:22,357 :: INFO :: Control node : Starting of control node serial interface
2021-09-06 02:54:22,360 :: INFO :: Control node : reset
2021-09-06 02:54:22,362 :: INFO :: Reset Control Node
2021-09-06 02:54:25,264 :: INFO :: Control node : start power of open node
2021-09-06 02:54:25,319 :: INFO :: Node OpenOCD: Setup of openocd node
2021-09-06 02:54:28,364 :: INFO :: Node OpenOCD: flash of openocd node
2021-09-06 02:54:28,381 :: INFO :: Flash firmware on OpenOCD: /tmp/tmp91cEoc--9eca698c47b1367377dfc6ae1bda6964_unicast-sender-count-60T-20B.iotlab-m3
2021-09-06 02:54:35,064 :: INFO :: Control node : Start experiment
2021-09-06 02:54:35,116 :: INFO :: Control Node set time delay: 1831 us
2021-09-06 02:54:35,149 :: INFO :: Control node : profile configuration
2021-09-06 02:54:35,156 :: INFO :: Configure profile on Control Node
2021-09-06 02:54:35,236 :: INFO :: Start experiment succeeded
2021-09-06 03:38:42,035 :: INFO :: Check 'control' node ftdi
2021-09-06 03:38:42,202 :: INFO :: control node ftdi found
2021-09-06 03:38:42,212 :: INFO :: Check 'm3' node ftdi
2021-09-06 03:38:42,333 :: INFO :: m3 node ftdi found
2021-09-06 03:54:41,257 :: INFO :: Gateway Manager : Stop experiment
2021-09-06 03:54:41,266 :: INFO :: Stop experiment
2021-09-06 03:54:41,275 :: INFO :: Control node : stop of the experiment
2021-09-06 03:54:41,283 :: INFO :: Control node : profile configuration
2021-09-06 03:54:41,290 :: INFO :: Configure profile on Control Node
2021-09-06 03:54:41,372 :: INFO :: Control node : start power of open node
2021-09-06 03:54:41,417 :: INFO :: Node OpenOCD: teardown of openocd node
2021-09-06 03:54:44,465 :: INFO :: openocd node debugger stop
2021-09-06 03:54:45,151 :: INFO :: Node OpenOCD: flash of openocd node
2021-09-06 03:54:45,158 :: INFO :: Flash firmware on OpenOCD: /usr/lib/python2.7/site-packages/gateway_code/static/m3_idle.elf
2021-09-06 03:54:47,565 :: INFO :: Control node : Stop control node serial interface
2021-09-06 03:54:47,574 :: INFO :: Control node : stop power of open node
2021-09-06 03:54:47,668 :: INFO :: Control node : reset
2021-09-06 03:54:47,675 :: INFO :: Reset Control Node
2021-09-06 03:54:50,509 :: INFO :: Stop experiment succeeded
