2021-09-06 02:54:22,354 :: INFO :: Start experiment: luna-276399
2021-09-06 02:54:22,357 :: INFO :: Control node : Starting of control node serial interface
2021-09-06 02:54:22,360 :: INFO :: Control node : reset
2021-09-06 02:54:22,363 :: INFO :: Reset Control Node
2021-09-06 02:54:25,260 :: INFO :: Control node : start power of open node
2021-09-06 02:54:25,316 :: INFO :: Node OpenOCD: Setup of openocd node
2021-09-06 02:54:28,356 :: INFO :: Node OpenOCD: flash of openocd node
2021-09-06 02:54:28,374 :: INFO :: Flash firmware on OpenOCD: /tmp/tmpBDpGBW--9eca698c47b1367377dfc6ae1bda6964_unicast-sender-count-60T-20B.iotlab-m3
2021-09-06 02:54:35,215 :: INFO :: Control node : Start experiment
2021-09-06 02:54:35,264 :: INFO :: Control Node set time delay: 1404 us
2021-09-06 02:54:35,297 :: INFO :: Control node : profile configuration
2021-09-06 02:54:35,303 :: INFO :: Configure profile on Control Node
2021-09-06 02:54:35,344 :: INFO :: Start experiment succeeded
2021-09-06 03:37:09,857 :: INFO :: Check 'control' node ftdi
2021-09-06 03:37:10,120 :: INFO :: control node ftdi found
2021-09-06 03:37:10,125 :: INFO :: Check 'm3' node ftdi
2021-09-06 03:37:10,196 :: INFO :: m3 node ftdi found
2021-09-06 03:54:41,215 :: INFO :: Gateway Manager : Stop experiment
2021-09-06 03:54:41,230 :: INFO :: Stop experiment
2021-09-06 03:54:41,239 :: INFO :: Control node : stop of the experiment
2021-09-06 03:54:41,247 :: INFO :: Control node : profile configuration
2021-09-06 03:54:41,254 :: INFO :: Configure profile on Control Node
2021-09-06 03:54:41,331 :: INFO :: Control node : start power of open node
2021-09-06 03:54:41,375 :: INFO :: Node OpenOCD: teardown of openocd node
2021-09-06 03:54:44,412 :: INFO :: openocd node debugger stop
2021-09-06 03:54:45,097 :: INFO :: Node OpenOCD: flash of openocd node
2021-09-06 03:54:45,112 :: INFO :: Flash firmware on OpenOCD: /usr/lib/python2.7/site-packages/gateway_code/static/m3_idle.elf
2021-09-06 03:54:47,572 :: INFO :: Control node : Stop control node serial interface
2021-09-06 03:54:47,581 :: INFO :: Control node : stop power of open node
2021-09-06 03:54:47,671 :: INFO :: Control node : reset
2021-09-06 03:54:47,678 :: INFO :: Reset Control Node
2021-09-06 03:54:50,463 :: INFO :: Stop experiment succeeded
