2021-08-27 20:08:20,098 :: INFO :: Start experiment: luna-275531
2021-08-27 20:08:20,102 :: INFO :: Control node : Starting of control node serial interface
2021-08-27 20:08:20,105 :: INFO :: Control node : reset
2021-08-27 20:08:20,107 :: INFO :: Reset Control Node
2021-08-27 20:08:23,013 :: INFO :: Control node : start power of open node
2021-08-27 20:08:23,070 :: INFO :: Node OpenOCD: Setup of openocd node
2021-08-27 20:08:26,112 :: INFO :: Node OpenOCD: flash of openocd node
2021-08-27 20:08:26,131 :: INFO :: Flash firmware on OpenOCD: /tmp/tmp2_Vz41--d4a0543b7d1f359d92f0e4afc0b7f0cf_unicast-sender-count-30T-20B.iotlab-m3
2021-08-27 20:08:32,919 :: INFO :: Control node : Start experiment
2021-08-27 20:08:32,975 :: INFO :: Control Node set time delay: 1434 us
2021-08-27 20:08:33,000 :: INFO :: Control node : profile configuration
2021-08-27 20:08:33,004 :: INFO :: Configure profile on Control Node
2021-08-27 20:08:33,049 :: INFO :: Start experiment succeeded
2021-08-27 21:08:37,583 :: INFO :: Gateway Manager : Stop experiment
2021-08-27 21:08:37,599 :: INFO :: Stop experiment
2021-08-27 21:08:37,615 :: INFO :: Control node : stop of the experiment
2021-08-27 21:08:37,634 :: INFO :: Control node : profile configuration
2021-08-27 21:08:37,648 :: INFO :: Configure profile on Control Node
2021-08-27 21:08:37,775 :: INFO :: Control node : start power of open node
2021-08-27 21:08:37,837 :: INFO :: Node OpenOCD: teardown of openocd node
2021-08-27 21:08:40,874 :: INFO :: openocd node debugger stop
2021-08-27 21:08:41,550 :: INFO :: Node OpenOCD: flash of openocd node
2021-08-27 21:08:41,558 :: INFO :: Flash firmware on OpenOCD: /usr/lib/python2.7/site-packages/gateway_code/static/m3_idle.elf
2021-08-27 21:08:43,963 :: INFO :: Control node : Stop control node serial interface
2021-08-27 21:08:43,968 :: INFO :: Control node : stop power of open node
2021-08-27 21:08:44,009 :: INFO :: Control node : reset
2021-08-27 21:08:44,013 :: INFO :: Reset Control Node
2021-08-27 21:08:46,827 :: INFO :: Stop experiment succeeded
