2021-08-27 20:08:20,106 :: INFO :: Start experiment: luna-275531
2021-08-27 20:08:20,110 :: INFO :: Control node : Starting of control node serial interface
2021-08-27 20:08:20,113 :: INFO :: Control node : reset
2021-08-27 20:08:20,115 :: INFO :: Reset Control Node
2021-08-27 20:08:23,021 :: INFO :: Control node : start power of open node
2021-08-27 20:08:23,037 :: INFO :: Node OpenOCD: Setup of openocd node
2021-08-27 20:08:26,068 :: INFO :: Node OpenOCD: flash of openocd node
2021-08-27 20:08:26,086 :: INFO :: Flash firmware on OpenOCD: /tmp/tmpS_bN7I--d4a0543b7d1f359d92f0e4afc0b7f0cf_unicast-sender-count-30T-20B.iotlab-m3
2021-08-27 20:08:32,992 :: INFO :: Control node : Start experiment
2021-08-27 20:08:33,038 :: INFO :: Control Node set time delay: 1007 us
2021-08-27 20:08:33,055 :: INFO :: Control node : profile configuration
2021-08-27 20:08:33,059 :: INFO :: Configure profile on Control Node
2021-08-27 20:08:33,103 :: INFO :: Start experiment succeeded
2021-08-27 21:08:37,597 :: INFO :: Gateway Manager : Stop experiment
2021-08-27 21:08:37,613 :: INFO :: Stop experiment
2021-08-27 21:08:37,631 :: INFO :: Control node : stop of the experiment
2021-08-27 21:08:37,644 :: INFO :: Control node : profile configuration
2021-08-27 21:08:37,658 :: INFO :: Configure profile on Control Node
2021-08-27 21:08:37,734 :: INFO :: Control node : start power of open node
2021-08-27 21:08:37,756 :: INFO :: Node OpenOCD: teardown of openocd node
2021-08-27 21:08:40,784 :: INFO :: openocd node debugger stop
2021-08-27 21:08:41,469 :: INFO :: Node OpenOCD: flash of openocd node
2021-08-27 21:08:41,483 :: INFO :: Flash firmware on OpenOCD: /usr/lib/python2.7/site-packages/gateway_code/static/m3_idle.elf
2021-08-27 21:08:43,946 :: INFO :: Control node : Stop control node serial interface
2021-08-27 21:08:43,955 :: INFO :: Control node : stop power of open node
2021-08-27 21:08:44,020 :: INFO :: Control node : reset
2021-08-27 21:08:44,027 :: INFO :: Reset Control Node
2021-08-27 21:08:46,813 :: INFO :: Stop experiment succeeded
