2021-08-27 20:08:20,081 :: INFO :: Start experiment: luna-275531
2021-08-27 20:08:20,085 :: INFO :: Control node : Starting of control node serial interface
2021-08-27 20:08:20,088 :: INFO :: Control node : reset
2021-08-27 20:08:20,090 :: INFO :: Reset Control Node
2021-08-27 20:08:22,995 :: INFO :: Control node : start power of open node
2021-08-27 20:08:23,052 :: INFO :: Node OpenOCD: Setup of openocd node
2021-08-27 20:08:26,095 :: INFO :: Node OpenOCD: flash of openocd node
2021-08-27 20:08:26,113 :: INFO :: Flash firmware on OpenOCD: /tmp/tmpZNne5E--d4a0543b7d1f359d92f0e4afc0b7f0cf_unicast-sender-count-30T-20B.iotlab-m3
2021-08-27 20:08:32,875 :: INFO :: Control node : Start experiment
2021-08-27 20:08:32,911 :: INFO :: Control Node set time delay: 1313 us
2021-08-27 20:08:32,928 :: INFO :: Control node : profile configuration
2021-08-27 20:08:32,931 :: INFO :: Configure profile on Control Node
2021-08-27 20:08:32,975 :: INFO :: Start experiment succeeded
2021-08-27 21:08:37,587 :: INFO :: Gateway Manager : Stop experiment
2021-08-27 21:08:37,603 :: INFO :: Stop experiment
2021-08-27 21:08:37,619 :: INFO :: Control node : stop of the experiment
2021-08-27 21:08:37,638 :: INFO :: Control node : profile configuration
2021-08-27 21:08:37,651 :: INFO :: Configure profile on Control Node
2021-08-27 21:08:37,781 :: INFO :: Control node : start power of open node
2021-08-27 21:08:37,839 :: INFO :: Node OpenOCD: teardown of openocd node
2021-08-27 21:08:40,877 :: INFO :: openocd node debugger stop
2021-08-27 21:08:41,528 :: INFO :: Node OpenOCD: flash of openocd node
2021-08-27 21:08:41,535 :: INFO :: Flash firmware on OpenOCD: /usr/lib/python2.7/site-packages/gateway_code/static/m3_idle.elf
2021-08-27 21:08:43,938 :: INFO :: Control node : Stop control node serial interface
2021-08-27 21:08:43,947 :: INFO :: Control node : stop power of open node
2021-08-27 21:08:44,011 :: INFO :: Control node : reset
2021-08-27 21:08:44,018 :: INFO :: Reset Control Node
2021-08-27 21:08:46,855 :: INFO :: Stop experiment succeeded
