2021-08-27 20:08:20,088 :: INFO :: Start experiment: luna-275531
2021-08-27 20:08:20,092 :: INFO :: Control node : Starting of control node serial interface
2021-08-27 20:08:20,094 :: INFO :: Control node : reset
2021-08-27 20:08:20,097 :: INFO :: Reset Control Node
2021-08-27 20:08:23,001 :: INFO :: Control node : start power of open node
2021-08-27 20:08:23,057 :: INFO :: Node OpenOCD: Setup of openocd node
2021-08-27 20:08:26,101 :: INFO :: Node OpenOCD: flash of openocd node
2021-08-27 20:08:26,119 :: INFO :: Flash firmware on OpenOCD: /tmp/tmpnKs6br--d4a0543b7d1f359d92f0e4afc0b7f0cf_unicast-sender-count-30T-20B.iotlab-m3
2021-08-27 20:08:32,906 :: INFO :: Control node : Start experiment
2021-08-27 20:08:32,965 :: INFO :: Control Node set time delay: 1678 us
2021-08-27 20:08:32,988 :: INFO :: Control node : profile configuration
2021-08-27 20:08:32,994 :: INFO :: Configure profile on Control Node
2021-08-27 20:08:33,072 :: INFO :: Start experiment succeeded
2021-08-27 21:08:37,572 :: INFO :: Gateway Manager : Stop experiment
2021-08-27 21:08:37,589 :: INFO :: Stop experiment
2021-08-27 21:08:37,604 :: INFO :: Control node : stop of the experiment
2021-08-27 21:08:37,618 :: INFO :: Control node : profile configuration
2021-08-27 21:08:37,632 :: INFO :: Configure profile on Control Node
2021-08-27 21:08:37,758 :: INFO :: Control node : start power of open node
2021-08-27 21:08:37,781 :: INFO :: Node OpenOCD: teardown of openocd node
2021-08-27 21:08:40,819 :: INFO :: openocd node debugger stop
2021-08-27 21:08:41,495 :: INFO :: Node OpenOCD: flash of openocd node
2021-08-27 21:08:41,502 :: INFO :: Flash firmware on OpenOCD: /usr/lib/python2.7/site-packages/gateway_code/static/m3_idle.elf
2021-08-27 21:08:43,851 :: INFO :: Control node : Stop control node serial interface
2021-08-27 21:08:43,860 :: INFO :: Control node : stop power of open node
2021-08-27 21:08:43,924 :: INFO :: Control node : reset
2021-08-27 21:08:43,931 :: INFO :: Reset Control Node
2021-08-27 21:08:46,766 :: INFO :: Stop experiment succeeded
