2021-08-27 20:08:20,083 :: INFO :: Start experiment: luna-275531
2021-08-27 20:08:20,087 :: INFO :: Control node : Starting of control node serial interface
2021-08-27 20:08:20,089 :: INFO :: Control node : reset
2021-08-27 20:08:20,092 :: INFO :: Reset Control Node
2021-08-27 20:08:22,999 :: INFO :: Control node : start power of open node
2021-08-27 20:08:23,056 :: INFO :: Node OpenOCD: Setup of openocd node
2021-08-27 20:08:26,093 :: INFO :: Node OpenOCD: flash of openocd node
2021-08-27 20:08:26,112 :: INFO :: Flash firmware on OpenOCD: /tmp/tmp8OQWwt--d4a0543b7d1f359d92f0e4afc0b7f0cf_unicast-sender-count-30T-20B.iotlab-m3
2021-08-27 20:08:32,906 :: INFO :: Control node : Start experiment
2021-08-27 20:08:32,969 :: INFO :: Control Node set time delay: 1251 us
2021-08-27 20:08:33,002 :: INFO :: Control node : profile configuration
2021-08-27 20:08:33,008 :: INFO :: Configure profile on Control Node
2021-08-27 20:08:33,086 :: INFO :: Start experiment succeeded
2021-08-27 21:08:37,581 :: INFO :: Gateway Manager : Stop experiment
2021-08-27 21:08:37,598 :: INFO :: Stop experiment
2021-08-27 21:08:37,614 :: INFO :: Control node : stop of the experiment
2021-08-27 21:08:37,628 :: INFO :: Control node : profile configuration
2021-08-27 21:08:37,637 :: INFO :: Configure profile on Control Node
2021-08-27 21:08:37,703 :: INFO :: Control node : start power of open node
2021-08-27 21:08:37,742 :: INFO :: Node OpenOCD: teardown of openocd node
2021-08-27 21:08:40,783 :: INFO :: openocd node debugger stop
2021-08-27 21:08:41,459 :: INFO :: Node OpenOCD: flash of openocd node
2021-08-27 21:08:41,466 :: INFO :: Flash firmware on OpenOCD: /usr/lib/python2.7/site-packages/gateway_code/static/m3_idle.elf
2021-08-27 21:08:43,823 :: INFO :: Control node : Stop control node serial interface
2021-08-27 21:08:43,832 :: INFO :: Control node : stop power of open node
2021-08-27 21:08:43,902 :: INFO :: Control node : reset
2021-08-27 21:08:43,908 :: INFO :: Reset Control Node
2021-08-27 21:08:46,699 :: INFO :: Stop experiment succeeded
