2021-08-27 20:08:20,043 :: INFO :: Start experiment: luna-275531
2021-08-27 20:08:20,047 :: INFO :: Control node : Starting of control node serial interface
2021-08-27 20:08:20,050 :: INFO :: Control node : reset
2021-08-27 20:08:20,052 :: INFO :: Reset Control Node
2021-08-27 20:08:22,963 :: INFO :: Control node : start power of open node
2021-08-27 20:08:23,019 :: INFO :: Node OpenOCD: Setup of openocd node
2021-08-27 20:08:26,060 :: INFO :: Node OpenOCD: flash of openocd node
2021-08-27 20:08:26,079 :: INFO :: Flash firmware on OpenOCD: /tmp/tmp2Xg8Ur--d4a0543b7d1f359d92f0e4afc0b7f0cf_unicast-sender-count-30T-20B.iotlab-m3
2021-08-27 20:08:32,928 :: INFO :: Control node : Start experiment
2021-08-27 20:08:32,984 :: INFO :: Control Node set time delay: 1556 us
2021-08-27 20:08:33,016 :: INFO :: Control node : profile configuration
2021-08-27 20:08:33,023 :: INFO :: Configure profile on Control Node
2021-08-27 20:08:33,065 :: INFO :: Start experiment succeeded
2021-08-27 21:08:37,579 :: INFO :: Gateway Manager : Stop experiment
2021-08-27 21:08:37,596 :: INFO :: Stop experiment
2021-08-27 21:08:37,614 :: INFO :: Control node : stop of the experiment
2021-08-27 21:08:37,623 :: INFO :: Control node : profile configuration
2021-08-27 21:08:37,630 :: INFO :: Configure profile on Control Node
2021-08-27 21:08:37,695 :: INFO :: Control node : start power of open node
2021-08-27 21:08:37,736 :: INFO :: Node OpenOCD: teardown of openocd node
2021-08-27 21:08:40,777 :: INFO :: openocd node debugger stop
2021-08-27 21:08:41,455 :: INFO :: Node OpenOCD: flash of openocd node
2021-08-27 21:08:41,462 :: INFO :: Flash firmware on OpenOCD: /usr/lib/python2.7/site-packages/gateway_code/static/m3_idle.elf
2021-08-27 21:08:43,821 :: INFO :: Control node : Stop control node serial interface
2021-08-27 21:08:43,825 :: INFO :: Control node : stop power of open node
2021-08-27 21:08:43,891 :: INFO :: Control node : reset
2021-08-27 21:08:43,897 :: INFO :: Reset Control Node
2021-08-27 21:08:46,737 :: INFO :: Stop experiment succeeded
