2021-08-27 20:08:20,127 :: INFO :: Start experiment: luna-275531
2021-08-27 20:08:20,131 :: INFO :: Control node : Starting of control node serial interface
2021-08-27 20:08:20,134 :: INFO :: Control node : reset
2021-08-27 20:08:20,136 :: INFO :: Reset Control Node
2021-08-27 20:08:23,045 :: INFO :: Control node : start power of open node
2021-08-27 20:08:23,099 :: INFO :: Node OpenOCD: Setup of openocd node
2021-08-27 20:08:26,138 :: INFO :: Node OpenOCD: flash of openocd node
2021-08-27 20:08:26,156 :: INFO :: Flash firmware on OpenOCD: /tmp/tmpwcRrE1--d4a0543b7d1f359d92f0e4afc0b7f0cf_unicast-sender-count-30T-20B.iotlab-m3
2021-08-27 20:08:32,983 :: INFO :: Control node : Start experiment
2021-08-27 20:08:33,067 :: INFO :: Control Node set time delay: 1312 us
2021-08-27 20:08:33,108 :: INFO :: Control node : profile configuration
2021-08-27 20:08:33,113 :: INFO :: Configure profile on Control Node
2021-08-27 20:08:33,152 :: INFO :: Start experiment succeeded
2021-08-27 21:08:37,579 :: INFO :: Gateway Manager : Stop experiment
2021-08-27 21:08:37,598 :: INFO :: Stop experiment
2021-08-27 21:08:37,614 :: INFO :: Control node : stop of the experiment
2021-08-27 21:08:37,628 :: INFO :: Control node : profile configuration
2021-08-27 21:08:37,642 :: INFO :: Configure profile on Control Node
2021-08-27 21:08:37,715 :: INFO :: Control node : start power of open node
2021-08-27 21:08:37,739 :: INFO :: Node OpenOCD: teardown of openocd node
2021-08-27 21:08:40,776 :: INFO :: openocd node debugger stop
2021-08-27 21:08:41,439 :: INFO :: Node OpenOCD: flash of openocd node
2021-08-27 21:08:41,446 :: INFO :: Flash firmware on OpenOCD: /usr/lib/python2.7/site-packages/gateway_code/static/m3_idle.elf
2021-08-27 21:08:43,850 :: INFO :: Control node : Stop control node serial interface
2021-08-27 21:08:43,859 :: INFO :: Control node : stop power of open node
2021-08-27 21:08:43,925 :: INFO :: Control node : reset
2021-08-27 21:08:43,931 :: INFO :: Reset Control Node
2021-08-27 21:08:46,718 :: INFO :: Stop experiment succeeded
