2021-08-27 20:08:20,132 :: INFO :: Start experiment: luna-275531
2021-08-27 20:08:20,135 :: INFO :: Control node : Starting of control node serial interface
2021-08-27 20:08:20,138 :: INFO :: Control node : reset
2021-08-27 20:08:20,141 :: INFO :: Reset Control Node
2021-08-27 20:08:22,961 :: INFO :: Control node : start power of open node
2021-08-27 20:08:22,988 :: INFO :: Node OpenOCD: Setup of openocd node
2021-08-27 20:08:26,026 :: INFO :: Node OpenOCD: flash of openocd node
2021-08-27 20:08:26,044 :: INFO :: Flash firmware on OpenOCD: /tmp/tmptOSaRl--d4a0543b7d1f359d92f0e4afc0b7f0cf_unicast-sender-count-30T-20B.iotlab-m3
2021-08-27 20:08:32,833 :: INFO :: Control node : Start experiment
2021-08-27 20:08:32,900 :: INFO :: Control Node set time delay: 1892 us
2021-08-27 20:08:32,925 :: INFO :: Control node : profile configuration
2021-08-27 20:08:32,931 :: INFO :: Configure profile on Control Node
2021-08-27 20:08:33,009 :: INFO :: Start experiment succeeded
2021-08-27 21:08:37,572 :: INFO :: Gateway Manager : Stop experiment
2021-08-27 21:08:37,589 :: INFO :: Stop experiment
2021-08-27 21:08:37,605 :: INFO :: Control node : stop of the experiment
2021-08-27 21:08:37,624 :: INFO :: Control node : profile configuration
2021-08-27 21:08:37,638 :: INFO :: Configure profile on Control Node
2021-08-27 21:08:37,770 :: INFO :: Control node : start power of open node
2021-08-27 21:08:37,828 :: INFO :: Node OpenOCD: teardown of openocd node
2021-08-27 21:08:40,855 :: INFO :: openocd node debugger stop
2021-08-27 21:08:41,537 :: INFO :: Node OpenOCD: flash of openocd node
2021-08-27 21:08:41,553 :: INFO :: Flash firmware on OpenOCD: /usr/lib/python2.7/site-packages/gateway_code/static/m3_idle.elf
2021-08-27 21:08:44,021 :: INFO :: Control node : Stop control node serial interface
2021-08-27 21:08:44,030 :: INFO :: Control node : stop power of open node
2021-08-27 21:08:44,100 :: INFO :: Control node : reset
2021-08-27 21:08:44,107 :: INFO :: Reset Control Node
2021-08-27 21:08:46,951 :: INFO :: Stop experiment succeeded
