2021-08-27 20:08:20,092 :: INFO :: Start experiment: luna-275531
2021-08-27 20:08:20,096 :: INFO :: Control node : Starting of control node serial interface
2021-08-27 20:08:20,098 :: INFO :: Control node : reset
2021-08-27 20:08:20,101 :: INFO :: Reset Control Node
2021-08-27 20:08:22,974 :: INFO :: Control node : start power of open node
2021-08-27 20:08:23,003 :: INFO :: Node OpenOCD: Setup of openocd node
2021-08-27 20:08:26,041 :: INFO :: Node OpenOCD: flash of openocd node
2021-08-27 20:08:26,058 :: INFO :: Flash firmware on OpenOCD: /tmp/tmpzmWfyQ--d4a0543b7d1f359d92f0e4afc0b7f0cf_unicast-sender-count-30T-20B.iotlab-m3
2021-08-27 20:08:32,849 :: INFO :: Control node : Start experiment
2021-08-27 20:08:32,907 :: INFO :: Control Node set time delay: 1556 us
2021-08-27 20:08:32,939 :: INFO :: Control node : profile configuration
2021-08-27 20:08:32,946 :: INFO :: Configure profile on Control Node
2021-08-27 20:08:33,023 :: INFO :: Start experiment succeeded
2021-08-27 21:08:37,555 :: INFO :: Gateway Manager : Stop experiment
2021-08-27 21:08:37,571 :: INFO :: Stop experiment
2021-08-27 21:08:37,588 :: INFO :: Control node : stop of the experiment
2021-08-27 21:08:37,602 :: INFO :: Control node : profile configuration
2021-08-27 21:08:37,615 :: INFO :: Configure profile on Control Node
2021-08-27 21:08:37,693 :: INFO :: Control node : start power of open node
2021-08-27 21:08:37,716 :: INFO :: Node OpenOCD: teardown of openocd node
2021-08-27 21:08:40,749 :: INFO :: openocd node debugger stop
2021-08-27 21:08:41,431 :: INFO :: Node OpenOCD: flash of openocd node
2021-08-27 21:08:41,445 :: INFO :: Flash firmware on OpenOCD: /usr/lib/python2.7/site-packages/gateway_code/static/m3_idle.elf
2021-08-27 21:08:43,906 :: INFO :: Control node : Stop control node serial interface
2021-08-27 21:08:43,912 :: INFO :: Control node : stop power of open node
2021-08-27 21:08:43,949 :: INFO :: Control node : reset
2021-08-27 21:08:43,953 :: INFO :: Reset Control Node
2021-08-27 21:08:46,764 :: INFO :: Stop experiment succeeded
