2021-09-06 05:56:35,256 :: INFO :: Start experiment: luna-276402
2021-09-06 05:56:35,259 :: INFO :: Control node : Starting of control node serial interface
2021-09-06 05:56:35,262 :: INFO :: Control node : reset
2021-09-06 05:56:35,265 :: INFO :: Reset Control Node
2021-09-06 05:56:38,167 :: INFO :: Control node : start power of open node
2021-09-06 05:56:38,223 :: INFO :: Node OpenOCD: Setup of openocd node
2021-09-06 05:56:41,270 :: INFO :: Node OpenOCD: flash of openocd node
2021-09-06 05:56:41,289 :: INFO :: Flash firmware on OpenOCD: /tmp/tmpTlHkit--c646a7bd7eca22cfbffed9b70d2e0c90_unicast-sender-count-60T-100B.iotlab-m3
2021-09-06 05:56:48,078 :: INFO :: Control node : Start experiment
2021-09-06 05:56:48,113 :: INFO :: Control Node set time delay: 1617 us
2021-09-06 05:56:48,145 :: INFO :: Control node : profile configuration
2021-09-06 05:56:48,152 :: INFO :: Configure profile on Control Node
2021-09-06 05:56:48,230 :: INFO :: Start experiment succeeded
2021-09-06 06:56:54,238 :: INFO :: Gateway Manager : Stop experiment
2021-09-06 06:56:54,247 :: INFO :: Stop experiment
2021-09-06 06:56:54,256 :: INFO :: Control node : stop of the experiment
2021-09-06 06:56:54,263 :: INFO :: Control node : profile configuration
2021-09-06 06:56:54,270 :: INFO :: Configure profile on Control Node
2021-09-06 06:56:54,347 :: INFO :: Control node : start power of open node
2021-09-06 06:56:54,390 :: INFO :: Node OpenOCD: teardown of openocd node
2021-09-06 06:56:57,451 :: INFO :: openocd node debugger stop
2021-09-06 06:56:58,142 :: INFO :: Node OpenOCD: flash of openocd node
2021-09-06 06:56:58,156 :: INFO :: Flash firmware on OpenOCD: /usr/lib/python2.7/site-packages/gateway_code/static/m3_idle.elf
2021-09-06 06:57:00,616 :: INFO :: Control node : Stop control node serial interface
2021-09-06 06:57:00,621 :: INFO :: Control node : stop power of open node
2021-09-06 06:57:00,673 :: INFO :: Control node : reset
2021-09-06 06:57:00,678 :: INFO :: Reset Control Node
2021-09-06 06:57:03,565 :: INFO :: Stop experiment succeeded
