2021-09-06 05:56:35,346 :: INFO :: Start experiment: luna-276402
2021-09-06 05:56:35,350 :: INFO :: Control node : Starting of control node serial interface
2021-09-06 05:56:35,352 :: INFO :: Control node : reset
2021-09-06 05:56:35,355 :: INFO :: Reset Control Node
2021-09-06 05:56:38,264 :: INFO :: Control node : start power of open node
2021-09-06 05:56:38,319 :: INFO :: Node OpenOCD: Setup of openocd node
2021-09-06 05:56:41,357 :: INFO :: Node OpenOCD: flash of openocd node
2021-09-06 05:56:41,376 :: INFO :: Flash firmware on OpenOCD: /tmp/tmpWk01o_--c646a7bd7eca22cfbffed9b70d2e0c90_unicast-sender-count-60T-100B.iotlab-m3
2021-09-06 05:56:48,237 :: INFO :: Control node : Start experiment
2021-09-06 05:56:48,289 :: INFO :: Control Node set time delay: 1953 us
2021-09-06 05:56:48,321 :: INFO :: Control node : profile configuration
2021-09-06 05:56:48,325 :: INFO :: Configure profile on Control Node
2021-09-06 05:56:48,367 :: INFO :: Start experiment succeeded
2021-09-06 06:56:54,278 :: INFO :: Gateway Manager : Stop experiment
2021-09-06 06:56:54,287 :: INFO :: Stop experiment
2021-09-06 06:56:54,297 :: INFO :: Control node : stop of the experiment
2021-09-06 06:56:54,304 :: INFO :: Control node : profile configuration
2021-09-06 06:56:54,312 :: INFO :: Configure profile on Control Node
2021-09-06 06:56:54,389 :: INFO :: Control node : start power of open node
2021-09-06 06:56:54,432 :: INFO :: Node OpenOCD: teardown of openocd node
2021-09-06 06:56:57,473 :: INFO :: openocd node debugger stop
2021-09-06 06:56:58,159 :: INFO :: Node OpenOCD: flash of openocd node
2021-09-06 06:56:58,166 :: INFO :: Flash firmware on OpenOCD: /usr/lib/python2.7/site-packages/gateway_code/static/m3_idle.elf
2021-09-06 06:57:00,523 :: INFO :: Control node : Stop control node serial interface
2021-09-06 06:57:00,528 :: INFO :: Control node : stop power of open node
2021-09-06 06:57:00,581 :: INFO :: Control node : reset
2021-09-06 06:57:00,585 :: INFO :: Reset Control Node
2021-09-06 06:57:03,394 :: INFO :: Stop experiment succeeded
