2021-09-06 05:56:35,289 :: INFO :: Start experiment: luna-276402
2021-09-06 05:56:35,293 :: INFO :: Control node : Starting of control node serial interface
2021-09-06 05:56:35,295 :: INFO :: Control node : reset
2021-09-06 05:56:35,298 :: INFO :: Reset Control Node
2021-09-06 05:56:38,200 :: INFO :: Control node : start power of open node
2021-09-06 05:56:38,255 :: INFO :: Node OpenOCD: Setup of openocd node
2021-09-06 05:56:41,304 :: INFO :: Node OpenOCD: flash of openocd node
2021-09-06 05:56:41,323 :: INFO :: Flash firmware on OpenOCD: /tmp/tmpYlyc7Q--c646a7bd7eca22cfbffed9b70d2e0c90_unicast-sender-count-60T-100B.iotlab-m3
2021-09-06 05:56:48,177 :: INFO :: Control node : Start experiment
2021-09-06 05:56:48,226 :: INFO :: Control Node set time delay: 1526 us
2021-09-06 05:56:48,259 :: INFO :: Control node : profile configuration
2021-09-06 05:56:48,262 :: INFO :: Configure profile on Control Node
2021-09-06 05:56:48,304 :: INFO :: Start experiment succeeded
2021-09-06 06:56:54,276 :: INFO :: Gateway Manager : Stop experiment
2021-09-06 06:56:54,286 :: INFO :: Stop experiment
2021-09-06 06:56:54,294 :: INFO :: Control node : stop of the experiment
2021-09-06 06:56:54,302 :: INFO :: Control node : profile configuration
2021-09-06 06:56:54,309 :: INFO :: Configure profile on Control Node
2021-09-06 06:56:54,386 :: INFO :: Control node : start power of open node
2021-09-06 06:56:54,430 :: INFO :: Node OpenOCD: teardown of openocd node
2021-09-06 06:56:57,479 :: INFO :: openocd node debugger stop
2021-09-06 06:56:58,168 :: INFO :: Node OpenOCD: flash of openocd node
2021-09-06 06:56:58,183 :: INFO :: Flash firmware on OpenOCD: /usr/lib/python2.7/site-packages/gateway_code/static/m3_idle.elf
2021-09-06 06:57:00,616 :: INFO :: Control node : Stop control node serial interface
2021-09-06 06:57:00,624 :: INFO :: Control node : stop power of open node
2021-09-06 06:57:00,720 :: INFO :: Control node : reset
2021-09-06 06:57:00,727 :: INFO :: Reset Control Node
2021-09-06 06:57:03,554 :: INFO :: Stop experiment succeeded
