2021-09-06 05:56:35,266 :: INFO :: Start experiment: luna-276402
2021-09-06 05:56:35,270 :: INFO :: Control node : Starting of control node serial interface
2021-09-06 05:56:35,273 :: INFO :: Control node : reset
2021-09-06 05:56:35,275 :: INFO :: Reset Control Node
2021-09-06 05:56:38,174 :: INFO :: Control node : start power of open node
2021-09-06 05:56:38,231 :: INFO :: Node OpenOCD: Setup of openocd node
2021-09-06 05:56:41,279 :: INFO :: Node OpenOCD: flash of openocd node
2021-09-06 05:56:41,297 :: INFO :: Flash firmware on OpenOCD: /tmp/tmpBFHaqi--c646a7bd7eca22cfbffed9b70d2e0c90_unicast-sender-count-60T-100B.iotlab-m3
2021-09-06 05:56:48,147 :: INFO :: Control node : Start experiment
2021-09-06 05:56:48,196 :: INFO :: Control Node set time delay: 1159 us
2021-09-06 05:56:48,228 :: INFO :: Control node : profile configuration
2021-09-06 05:56:48,235 :: INFO :: Configure profile on Control Node
2021-09-06 05:56:48,289 :: INFO :: Start experiment succeeded
2021-09-06 06:56:54,273 :: INFO :: Gateway Manager : Stop experiment
2021-09-06 06:56:54,282 :: INFO :: Stop experiment
2021-09-06 06:56:54,291 :: INFO :: Control node : stop of the experiment
2021-09-06 06:56:54,298 :: INFO :: Control node : profile configuration
2021-09-06 06:56:54,305 :: INFO :: Configure profile on Control Node
2021-09-06 06:56:54,375 :: INFO :: Control node : start power of open node
2021-09-06 06:56:54,417 :: INFO :: Node OpenOCD: teardown of openocd node
2021-09-06 06:56:57,468 :: INFO :: openocd node debugger stop
2021-09-06 06:56:58,157 :: INFO :: Node OpenOCD: flash of openocd node
2021-09-06 06:56:58,172 :: INFO :: Flash firmware on OpenOCD: /usr/lib/python2.7/site-packages/gateway_code/static/m3_idle.elf
2021-09-06 06:57:00,688 :: INFO :: Control node : Stop control node serial interface
2021-09-06 06:57:00,697 :: INFO :: Control node : stop power of open node
2021-09-06 06:57:00,773 :: INFO :: Control node : reset
2021-09-06 06:57:00,780 :: INFO :: Reset Control Node
2021-09-06 06:57:03,604 :: INFO :: Stop experiment succeeded
