2021-09-06 05:56:35,308 :: INFO :: Start experiment: luna-276402
2021-09-06 05:56:35,312 :: INFO :: Control node : Starting of control node serial interface
2021-09-06 05:56:35,315 :: INFO :: Control node : reset
2021-09-06 05:56:35,318 :: INFO :: Reset Control Node
2021-09-06 05:56:38,110 :: INFO :: Control node : start power of open node
2021-09-06 05:56:38,138 :: INFO :: Node OpenOCD: Setup of openocd node
2021-09-06 05:56:41,178 :: INFO :: Node OpenOCD: flash of openocd node
2021-09-06 05:56:41,196 :: INFO :: Flash firmware on OpenOCD: /tmp/tmp808X3t--c646a7bd7eca22cfbffed9b70d2e0c90_unicast-sender-count-60T-100B.iotlab-m3
2021-09-06 05:56:48,099 :: INFO :: Control node : Start experiment
2021-09-06 05:56:48,148 :: INFO :: Control Node set time delay: 1191 us
2021-09-06 05:56:48,164 :: INFO :: Control node : profile configuration
2021-09-06 05:56:48,168 :: INFO :: Configure profile on Control Node
2021-09-06 05:56:48,210 :: INFO :: Start experiment succeeded
2021-09-06 06:56:54,251 :: INFO :: Gateway Manager : Stop experiment
2021-09-06 06:56:54,260 :: INFO :: Stop experiment
2021-09-06 06:56:54,269 :: INFO :: Control node : stop of the experiment
2021-09-06 06:56:54,276 :: INFO :: Control node : profile configuration
2021-09-06 06:56:54,283 :: INFO :: Configure profile on Control Node
2021-09-06 06:56:54,357 :: INFO :: Control node : start power of open node
2021-09-06 06:56:54,399 :: INFO :: Node OpenOCD: teardown of openocd node
2021-09-06 06:56:57,452 :: INFO :: openocd node debugger stop
2021-09-06 06:56:58,136 :: INFO :: Node OpenOCD: flash of openocd node
2021-09-06 06:56:58,151 :: INFO :: Flash firmware on OpenOCD: /usr/lib/python2.7/site-packages/gateway_code/static/m3_idle.elf
2021-09-06 06:57:00,614 :: INFO :: Control node : Stop control node serial interface
2021-09-06 06:57:00,619 :: INFO :: Control node : stop power of open node
2021-09-06 06:57:00,669 :: INFO :: Control node : reset
2021-09-06 06:57:00,673 :: INFO :: Reset Control Node
2021-09-06 06:57:03,494 :: INFO :: Stop experiment succeeded
