2021-09-06 05:56:35,311 :: INFO :: Start experiment: luna-276402
2021-09-06 05:56:35,314 :: INFO :: Control node : Starting of control node serial interface
2021-09-06 05:56:35,317 :: INFO :: Control node : reset
2021-09-06 05:56:35,320 :: INFO :: Reset Control Node
2021-09-06 05:56:38,221 :: INFO :: Control node : start power of open node
2021-09-06 05:56:38,277 :: INFO :: Node OpenOCD: Setup of openocd node
2021-09-06 05:56:41,322 :: INFO :: Node OpenOCD: flash of openocd node
2021-09-06 05:56:41,339 :: INFO :: Flash firmware on OpenOCD: /tmp/tmpDoqB4i--c646a7bd7eca22cfbffed9b70d2e0c90_unicast-sender-count-60T-100B.iotlab-m3
2021-09-06 05:56:48,101 :: INFO :: Control node : Start experiment
2021-09-06 05:56:48,137 :: INFO :: Control Node set time delay: 1434 us
2021-09-06 05:56:48,169 :: INFO :: Control node : profile configuration
2021-09-06 05:56:48,176 :: INFO :: Configure profile on Control Node
2021-09-06 05:56:48,256 :: INFO :: Start experiment succeeded
2021-09-06 06:56:54,268 :: INFO :: Gateway Manager : Stop experiment
2021-09-06 06:56:54,277 :: INFO :: Stop experiment
2021-09-06 06:56:54,285 :: INFO :: Control node : stop of the experiment
2021-09-06 06:56:54,292 :: INFO :: Control node : profile configuration
2021-09-06 06:56:54,299 :: INFO :: Configure profile on Control Node
2021-09-06 06:56:54,373 :: INFO :: Control node : start power of open node
2021-09-06 06:56:54,417 :: INFO :: Node OpenOCD: teardown of openocd node
2021-09-06 06:56:57,466 :: INFO :: openocd node debugger stop
2021-09-06 06:56:58,147 :: INFO :: Node OpenOCD: flash of openocd node
2021-09-06 06:56:58,154 :: INFO :: Flash firmware on OpenOCD: /usr/lib/python2.7/site-packages/gateway_code/static/m3_idle.elf
2021-09-06 06:57:00,562 :: INFO :: Control node : Stop control node serial interface
2021-09-06 06:57:00,571 :: INFO :: Control node : stop power of open node
2021-09-06 06:57:00,654 :: INFO :: Control node : reset
2021-09-06 06:57:00,658 :: INFO :: Reset Control Node
2021-09-06 06:57:03,469 :: INFO :: Stop experiment succeeded
