2021-09-06 05:56:35,291 :: INFO :: Start experiment: luna-276402
2021-09-06 05:56:35,295 :: INFO :: Control node : Starting of control node serial interface
2021-09-06 05:56:35,298 :: INFO :: Control node : reset
2021-09-06 05:56:35,300 :: INFO :: Reset Control Node
2021-09-06 05:56:38,195 :: INFO :: Control node : start power of open node
2021-09-06 05:56:38,251 :: INFO :: Node OpenOCD: Setup of openocd node
2021-09-06 05:56:41,291 :: INFO :: Node OpenOCD: flash of openocd node
2021-09-06 05:56:41,309 :: INFO :: Flash firmware on OpenOCD: /tmp/tmpGZ1S1G--ddd0625ff8382e7208c25657471d6a4a_unicast-receiver-count.iotlab-m3
2021-09-06 05:56:47,790 :: INFO :: Control node : Start experiment
2021-09-06 05:56:47,836 :: INFO :: Control Node set time delay: 1556 us
2021-09-06 05:56:47,868 :: INFO :: Control node : profile configuration
2021-09-06 05:56:47,874 :: INFO :: Configure profile on Control Node
2021-09-06 05:56:47,931 :: INFO :: Start experiment succeeded
2021-09-06 06:56:54,253 :: INFO :: Gateway Manager : Stop experiment
2021-09-06 06:56:54,262 :: INFO :: Stop experiment
2021-09-06 06:56:54,271 :: INFO :: Control node : stop of the experiment
2021-09-06 06:56:54,278 :: INFO :: Control node : profile configuration
2021-09-06 06:56:54,285 :: INFO :: Configure profile on Control Node
2021-09-06 06:56:54,364 :: INFO :: Control node : start power of open node
2021-09-06 06:56:54,410 :: INFO :: Node OpenOCD: teardown of openocd node
2021-09-06 06:56:57,481 :: INFO :: openocd node debugger stop
2021-09-06 06:56:58,165 :: INFO :: Node OpenOCD: flash of openocd node
2021-09-06 06:56:58,173 :: INFO :: Flash firmware on OpenOCD: /usr/lib/python2.7/site-packages/gateway_code/static/m3_idle.elf
2021-09-06 06:57:00,581 :: INFO :: Control node : Stop control node serial interface
2021-09-06 06:57:00,590 :: INFO :: Control node : stop power of open node
2021-09-06 06:57:00,692 :: INFO :: Control node : reset
2021-09-06 06:57:00,699 :: INFO :: Reset Control Node
2021-09-06 06:57:03,483 :: INFO :: Stop experiment succeeded
