2021-09-06 05:56:35,302 :: INFO :: Start experiment: luna-276402
2021-09-06 05:56:35,306 :: INFO :: Control node : Starting of control node serial interface
2021-09-06 05:56:35,309 :: INFO :: Control node : reset
2021-09-06 05:56:35,311 :: INFO :: Reset Control Node
2021-09-06 05:56:38,213 :: INFO :: Control node : start power of open node
2021-09-06 05:56:38,269 :: INFO :: Node OpenOCD: Setup of openocd node
2021-09-06 05:56:41,317 :: INFO :: Node OpenOCD: flash of openocd node
2021-09-06 05:56:41,335 :: INFO :: Flash firmware on OpenOCD: /tmp/tmpVT2kmx--c646a7bd7eca22cfbffed9b70d2e0c90_unicast-sender-count-60T-100B.iotlab-m3
2021-09-06 05:56:48,129 :: INFO :: Control node : Start experiment
2021-09-06 05:56:48,177 :: INFO :: Control Node set time delay: 1465 us
2021-09-06 05:56:48,211 :: INFO :: Control node : profile configuration
2021-09-06 05:56:48,218 :: INFO :: Configure profile on Control Node
2021-09-06 05:56:48,297 :: INFO :: Start experiment succeeded
2021-09-06 06:56:54,271 :: INFO :: Gateway Manager : Stop experiment
2021-09-06 06:56:54,281 :: INFO :: Stop experiment
2021-09-06 06:56:54,289 :: INFO :: Control node : stop of the experiment
2021-09-06 06:56:54,297 :: INFO :: Control node : profile configuration
2021-09-06 06:56:54,304 :: INFO :: Configure profile on Control Node
2021-09-06 06:56:54,382 :: INFO :: Control node : start power of open node
2021-09-06 06:56:54,426 :: INFO :: Node OpenOCD: teardown of openocd node
2021-09-06 06:56:57,477 :: INFO :: openocd node debugger stop
2021-09-06 06:56:58,162 :: INFO :: Node OpenOCD: flash of openocd node
2021-09-06 06:56:58,169 :: INFO :: Flash firmware on OpenOCD: /usr/lib/python2.7/site-packages/gateway_code/static/m3_idle.elf
2021-09-06 06:57:00,574 :: INFO :: Control node : Stop control node serial interface
2021-09-06 06:57:00,579 :: INFO :: Control node : stop power of open node
2021-09-06 06:57:00,633 :: INFO :: Control node : reset
2021-09-06 06:57:00,637 :: INFO :: Reset Control Node
2021-09-06 06:57:03,454 :: INFO :: Stop experiment succeeded
