2021-09-06 05:56:35,229 :: INFO :: Start experiment: luna-276402
2021-09-06 05:56:35,232 :: INFO :: Control node : Starting of control node serial interface
2021-09-06 05:56:35,235 :: INFO :: Control node : reset
2021-09-06 05:56:35,238 :: INFO :: Reset Control Node
2021-09-06 05:56:38,076 :: INFO :: Control node : start power of open node
2021-09-06 05:56:38,091 :: INFO :: Node OpenOCD: Setup of openocd node
2021-09-06 05:56:41,130 :: INFO :: Node OpenOCD: flash of openocd node
2021-09-06 05:56:41,148 :: INFO :: Flash firmware on OpenOCD: /tmp/tmpjXo2sq--c646a7bd7eca22cfbffed9b70d2e0c90_unicast-sender-count-60T-100B.iotlab-m3
2021-09-06 05:56:48,032 :: INFO :: Control node : Start experiment
2021-09-06 05:56:48,097 :: INFO :: Control Node set time delay: 1129 us
2021-09-06 05:56:48,110 :: INFO :: Control node : profile configuration
2021-09-06 05:56:48,113 :: INFO :: Configure profile on Control Node
2021-09-06 05:56:48,158 :: INFO :: Start experiment succeeded
2021-09-06 06:56:54,247 :: INFO :: Gateway Manager : Stop experiment
2021-09-06 06:56:54,256 :: INFO :: Stop experiment
2021-09-06 06:56:54,265 :: INFO :: Control node : stop of the experiment
2021-09-06 06:56:54,275 :: INFO :: Control node : profile configuration
2021-09-06 06:56:54,283 :: INFO :: Configure profile on Control Node
2021-09-06 06:56:54,358 :: INFO :: Control node : start power of open node
2021-09-06 06:56:54,403 :: INFO :: Node OpenOCD: teardown of openocd node
2021-09-06 06:56:57,462 :: INFO :: openocd node debugger stop
2021-09-06 06:56:58,147 :: INFO :: Node OpenOCD: flash of openocd node
2021-09-06 06:56:58,154 :: INFO :: Flash firmware on OpenOCD: /usr/lib/python2.7/site-packages/gateway_code/static/m3_idle.elf
2021-09-06 06:57:00,510 :: INFO :: Control node : Stop control node serial interface
2021-09-06 06:57:00,515 :: INFO :: Control node : stop power of open node
2021-09-06 06:57:00,568 :: INFO :: Control node : reset
2021-09-06 06:57:00,571 :: INFO :: Reset Control Node
2021-09-06 06:57:03,387 :: INFO :: Stop experiment succeeded
