2021-09-06 05:56:35,318 :: INFO :: Start experiment: luna-276402
2021-09-06 05:56:35,321 :: INFO :: Control node : Starting of control node serial interface
2021-09-06 05:56:35,324 :: INFO :: Control node : reset
2021-09-06 05:56:35,327 :: INFO :: Reset Control Node
2021-09-06 05:56:38,224 :: INFO :: Control node : start power of open node
2021-09-06 05:56:38,278 :: INFO :: Node OpenOCD: Setup of openocd node
2021-09-06 05:56:41,326 :: INFO :: Node OpenOCD: flash of openocd node
2021-09-06 05:56:41,344 :: INFO :: Flash firmware on OpenOCD: /tmp/tmpWGfLa1--c646a7bd7eca22cfbffed9b70d2e0c90_unicast-sender-count-60T-100B.iotlab-m3
2021-09-06 05:56:48,155 :: INFO :: Control node : Start experiment
2021-09-06 05:56:48,181 :: INFO :: Control Node set time delay: 1251 us
2021-09-06 05:56:48,199 :: INFO :: Control node : profile configuration
2021-09-06 05:56:48,203 :: INFO :: Configure profile on Control Node
2021-09-06 05:56:48,247 :: INFO :: Start experiment succeeded
2021-09-06 06:56:54,269 :: INFO :: Gateway Manager : Stop experiment
2021-09-06 06:56:54,278 :: INFO :: Stop experiment
2021-09-06 06:56:54,287 :: INFO :: Control node : stop of the experiment
2021-09-06 06:56:54,295 :: INFO :: Control node : profile configuration
2021-09-06 06:56:54,302 :: INFO :: Configure profile on Control Node
2021-09-06 06:56:54,382 :: INFO :: Control node : start power of open node
2021-09-06 06:56:54,426 :: INFO :: Node OpenOCD: teardown of openocd node
2021-09-06 06:56:57,466 :: INFO :: openocd node debugger stop
2021-09-06 06:56:58,156 :: INFO :: Node OpenOCD: flash of openocd node
2021-09-06 06:56:58,172 :: INFO :: Flash firmware on OpenOCD: /usr/lib/python2.7/site-packages/gateway_code/static/m3_idle.elf
2021-09-06 06:57:00,631 :: INFO :: Control node : Stop control node serial interface
2021-09-06 06:57:00,640 :: INFO :: Control node : stop power of open node
2021-09-06 06:57:00,743 :: INFO :: Control node : reset
2021-09-06 06:57:00,750 :: INFO :: Reset Control Node
2021-09-06 06:57:03,535 :: INFO :: Stop experiment succeeded
