2021-09-06 05:56:35,287 :: INFO :: Start experiment: luna-276402
2021-09-06 05:56:35,291 :: INFO :: Control node : Starting of control node serial interface
2021-09-06 05:56:35,294 :: INFO :: Control node : reset
2021-09-06 05:56:35,296 :: INFO :: Reset Control Node
2021-09-06 05:56:38,200 :: INFO :: Control node : start power of open node
2021-09-06 05:56:38,256 :: INFO :: Node OpenOCD: Setup of openocd node
2021-09-06 05:56:41,294 :: INFO :: Node OpenOCD: flash of openocd node
2021-09-06 05:56:41,313 :: INFO :: Flash firmware on OpenOCD: /tmp/tmp_ZABYG--c646a7bd7eca22cfbffed9b70d2e0c90_unicast-sender-count-60T-100B.iotlab-m3
2021-09-06 05:56:48,094 :: INFO :: Control node : Start experiment
2021-09-06 05:56:48,125 :: INFO :: Control Node set time delay: 1770 us
2021-09-06 05:56:48,143 :: INFO :: Control node : profile configuration
2021-09-06 05:56:48,147 :: INFO :: Configure profile on Control Node
2021-09-06 05:56:48,194 :: INFO :: Start experiment succeeded
2021-09-06 06:56:54,285 :: INFO :: Gateway Manager : Stop experiment
2021-09-06 06:56:54,295 :: INFO :: Stop experiment
2021-09-06 06:56:54,304 :: INFO :: Control node : stop of the experiment
2021-09-06 06:56:54,311 :: INFO :: Control node : profile configuration
2021-09-06 06:56:54,319 :: INFO :: Configure profile on Control Node
2021-09-06 06:56:54,398 :: INFO :: Control node : start power of open node
2021-09-06 06:56:54,442 :: INFO :: Node OpenOCD: teardown of openocd node
2021-09-06 06:56:57,491 :: INFO :: openocd node debugger stop
2021-09-06 06:56:58,185 :: INFO :: Node OpenOCD: flash of openocd node
2021-09-06 06:56:58,200 :: INFO :: Flash firmware on OpenOCD: /usr/lib/python2.7/site-packages/gateway_code/static/m3_idle.elf
2021-09-06 06:57:00,665 :: INFO :: Control node : Stop control node serial interface
2021-09-06 06:57:00,670 :: INFO :: Control node : stop power of open node
2021-09-06 06:57:00,718 :: INFO :: Control node : reset
2021-09-06 06:57:00,722 :: INFO :: Reset Control Node
2021-09-06 06:57:03,534 :: INFO :: Stop experiment succeeded
