2021-09-06 05:56:35,309 :: INFO :: Start experiment: luna-276402
2021-09-06 05:56:35,313 :: INFO :: Control node : Starting of control node serial interface
2021-09-06 05:56:35,316 :: INFO :: Control node : reset
2021-09-06 05:56:35,319 :: INFO :: Reset Control Node
2021-09-06 05:56:38,221 :: INFO :: Control node : start power of open node
2021-09-06 05:56:38,278 :: INFO :: Node OpenOCD: Setup of openocd node
2021-09-06 05:56:41,319 :: INFO :: Node OpenOCD: flash of openocd node
2021-09-06 05:56:41,336 :: INFO :: Flash firmware on OpenOCD: /tmp/tmpY4PFYF--c646a7bd7eca22cfbffed9b70d2e0c90_unicast-sender-count-60T-100B.iotlab-m3
2021-09-06 05:56:48,180 :: INFO :: Control node : Start experiment
2021-09-06 05:56:48,207 :: INFO :: Control Node set time delay: 1129 us
2021-09-06 05:56:48,224 :: INFO :: Control node : profile configuration
2021-09-06 05:56:48,228 :: INFO :: Configure profile on Control Node
2021-09-06 05:56:48,272 :: INFO :: Start experiment succeeded
2021-09-06 06:56:54,267 :: INFO :: Gateway Manager : Stop experiment
2021-09-06 06:56:54,277 :: INFO :: Stop experiment
2021-09-06 06:56:54,286 :: INFO :: Control node : stop of the experiment
2021-09-06 06:56:54,293 :: INFO :: Control node : profile configuration
2021-09-06 06:56:54,301 :: INFO :: Configure profile on Control Node
2021-09-06 06:56:54,379 :: INFO :: Control node : start power of open node
2021-09-06 06:56:54,423 :: INFO :: Node OpenOCD: teardown of openocd node
2021-09-06 06:56:57,479 :: INFO :: openocd node debugger stop
2021-09-06 06:56:58,173 :: INFO :: Node OpenOCD: flash of openocd node
2021-09-06 06:56:58,187 :: INFO :: Flash firmware on OpenOCD: /usr/lib/python2.7/site-packages/gateway_code/static/m3_idle.elf
2021-09-06 06:57:00,700 :: INFO :: Control node : Stop control node serial interface
2021-09-06 06:57:00,709 :: INFO :: Control node : stop power of open node
2021-09-06 06:57:00,785 :: INFO :: Control node : reset
2021-09-06 06:57:00,792 :: INFO :: Reset Control Node
2021-09-06 06:57:03,574 :: INFO :: Stop experiment succeeded
