2021-09-06 05:56:35,281 :: INFO :: Start experiment: luna-276402
2021-09-06 05:56:35,284 :: INFO :: Control node : Starting of control node serial interface
2021-09-06 05:56:35,287 :: INFO :: Control node : reset
2021-09-06 05:56:35,290 :: INFO :: Reset Control Node
2021-09-06 05:56:38,250 :: INFO :: Control node : start power of open node
2021-09-06 05:56:38,304 :: INFO :: Node OpenOCD: Setup of openocd node
2021-09-06 05:56:41,356 :: INFO :: Node OpenOCD: flash of openocd node
2021-09-06 05:56:41,371 :: INFO :: Flash firmware on OpenOCD: /tmp/tmpFC43IH--c646a7bd7eca22cfbffed9b70d2e0c90_unicast-sender-count-60T-100B.iotlab-m3
2021-09-06 05:56:48,274 :: INFO :: Control node : Start experiment
2021-09-06 05:56:48,336 :: INFO :: Control Node set time delay: 1099 us
2021-09-06 05:56:48,359 :: INFO :: Control node : profile configuration
2021-09-06 05:56:48,366 :: INFO :: Configure profile on Control Node
2021-09-06 05:56:48,412 :: INFO :: Start experiment succeeded
2021-09-06 06:56:54,268 :: INFO :: Gateway Manager : Stop experiment
2021-09-06 06:56:54,277 :: INFO :: Stop experiment
2021-09-06 06:56:54,286 :: INFO :: Control node : stop of the experiment
2021-09-06 06:56:54,293 :: INFO :: Control node : profile configuration
2021-09-06 06:56:54,303 :: INFO :: Configure profile on Control Node
2021-09-06 06:56:54,377 :: INFO :: Control node : start power of open node
2021-09-06 06:56:54,421 :: INFO :: Node OpenOCD: teardown of openocd node
2021-09-06 06:56:57,463 :: INFO :: openocd node debugger stop
2021-09-06 06:56:58,160 :: INFO :: Node OpenOCD: flash of openocd node
2021-09-06 06:56:58,175 :: INFO :: Flash firmware on OpenOCD: /usr/lib/python2.7/site-packages/gateway_code/static/m3_idle.elf
2021-09-06 06:57:00,637 :: INFO :: Control node : Stop control node serial interface
2021-09-06 06:57:00,642 :: INFO :: Control node : stop power of open node
2021-09-06 06:57:00,693 :: INFO :: Control node : reset
2021-09-06 06:57:00,697 :: INFO :: Reset Control Node
2021-09-06 06:57:03,553 :: INFO :: Stop experiment succeeded
