2021-09-06 08:58:46,660 :: INFO :: Start experiment: luna-276405
2021-09-06 08:58:46,664 :: INFO :: Control node : Starting of control node serial interface
2021-09-06 08:58:46,666 :: INFO :: Control node : reset
2021-09-06 08:58:46,669 :: INFO :: Reset Control Node
2021-09-06 08:58:49,569 :: INFO :: Control node : start power of open node
2021-09-06 08:58:49,621 :: INFO :: Node OpenOCD: Setup of openocd node
2021-09-06 08:58:52,658 :: INFO :: Node OpenOCD: flash of openocd node
2021-09-06 08:58:52,676 :: INFO :: Flash firmware on OpenOCD: /tmp/tmp0XfrH8--11b39be0afbe655a47f82e084cf5704d_unicast-sender-count-60T-191B.iotlab-m3
2021-09-06 08:58:59,458 :: INFO :: Control node : Start experiment
2021-09-06 08:58:59,507 :: INFO :: Control Node set time delay: 1953 us
2021-09-06 08:58:59,539 :: INFO :: Control node : profile configuration
2021-09-06 08:58:59,546 :: INFO :: Configure profile on Control Node
2021-09-06 08:58:59,625 :: INFO :: Start experiment succeeded
2021-09-06 09:59:05,412 :: INFO :: Gateway Manager : Stop experiment
2021-09-06 09:59:05,421 :: INFO :: Stop experiment
2021-09-06 09:59:05,430 :: INFO :: Control node : stop of the experiment
2021-09-06 09:59:05,440 :: INFO :: Control node : profile configuration
2021-09-06 09:59:05,448 :: INFO :: Configure profile on Control Node
2021-09-06 09:59:05,520 :: INFO :: Control node : start power of open node
2021-09-06 09:59:05,563 :: INFO :: Node OpenOCD: teardown of openocd node
2021-09-06 09:59:08,629 :: INFO :: openocd node debugger stop
2021-09-06 09:59:09,308 :: INFO :: Node OpenOCD: flash of openocd node
2021-09-06 09:59:09,315 :: INFO :: Flash firmware on OpenOCD: /usr/lib/python2.7/site-packages/gateway_code/static/m3_idle.elf
2021-09-06 09:59:11,671 :: INFO :: Control node : Stop control node serial interface
2021-09-06 09:59:11,681 :: INFO :: Control node : stop power of open node
2021-09-06 09:59:11,794 :: INFO :: Control node : reset
2021-09-06 09:59:11,800 :: INFO :: Reset Control Node
2021-09-06 09:59:14,584 :: INFO :: Stop experiment succeeded
