2021-09-06 08:58:46,664 :: INFO :: Start experiment: luna-276405
2021-09-06 08:58:46,667 :: INFO :: Control node : Starting of control node serial interface
2021-09-06 08:58:46,670 :: INFO :: Control node : reset
2021-09-06 08:58:46,673 :: INFO :: Reset Control Node
2021-09-06 08:58:49,577 :: INFO :: Control node : start power of open node
2021-09-06 08:58:49,634 :: INFO :: Node OpenOCD: Setup of openocd node
2021-09-06 08:58:52,683 :: INFO :: Node OpenOCD: flash of openocd node
2021-09-06 08:58:52,700 :: INFO :: Flash firmware on OpenOCD: /tmp/tmpM1Bdd1--11b39be0afbe655a47f82e084cf5704d_unicast-sender-count-60T-191B.iotlab-m3
2021-09-06 08:58:59,578 :: INFO :: Control node : Start experiment
2021-09-06 08:58:59,629 :: INFO :: Control Node set time delay: 1251 us
2021-09-06 08:58:59,651 :: INFO :: Control node : profile configuration
2021-09-06 08:58:59,655 :: INFO :: Configure profile on Control Node
2021-09-06 08:58:59,699 :: INFO :: Start experiment succeeded
2021-09-06 09:59:05,452 :: INFO :: Gateway Manager : Stop experiment
2021-09-06 09:59:05,462 :: INFO :: Stop experiment
2021-09-06 09:59:05,473 :: INFO :: Control node : stop of the experiment
2021-09-06 09:59:05,481 :: INFO :: Control node : profile configuration
2021-09-06 09:59:05,488 :: INFO :: Configure profile on Control Node
2021-09-06 09:59:05,564 :: INFO :: Control node : start power of open node
2021-09-06 09:59:05,608 :: INFO :: Node OpenOCD: teardown of openocd node
2021-09-06 09:59:08,661 :: INFO :: openocd node debugger stop
2021-09-06 09:59:09,352 :: INFO :: Node OpenOCD: flash of openocd node
2021-09-06 09:59:09,366 :: INFO :: Flash firmware on OpenOCD: /usr/lib/python2.7/site-packages/gateway_code/static/m3_idle.elf
2021-09-06 09:59:11,832 :: INFO :: Control node : Stop control node serial interface
2021-09-06 09:59:11,837 :: INFO :: Control node : stop power of open node
2021-09-06 09:59:11,893 :: INFO :: Control node : reset
2021-09-06 09:59:11,896 :: INFO :: Reset Control Node
2021-09-06 09:59:14,716 :: INFO :: Stop experiment succeeded
