2021-09-06 08:58:46,681 :: INFO :: Start experiment: luna-276405
2021-09-06 08:58:46,685 :: INFO :: Control node : Starting of control node serial interface
2021-09-06 08:58:46,687 :: INFO :: Control node : reset
2021-09-06 08:58:46,690 :: INFO :: Reset Control Node
2021-09-06 08:58:49,599 :: INFO :: Control node : start power of open node
2021-09-06 08:58:49,655 :: INFO :: Node OpenOCD: Setup of openocd node
2021-09-06 08:58:52,693 :: INFO :: Node OpenOCD: flash of openocd node
2021-09-06 08:58:52,711 :: INFO :: Flash firmware on OpenOCD: /tmp/tmpT7ViEz--11b39be0afbe655a47f82e084cf5704d_unicast-sender-count-60T-191B.iotlab-m3
2021-09-06 08:58:59,480 :: INFO :: Control node : Start experiment
2021-09-06 08:58:59,558 :: INFO :: Control Node set time delay: 1801 us
2021-09-06 08:58:59,574 :: INFO :: Control node : profile configuration
2021-09-06 08:58:59,581 :: INFO :: Configure profile on Control Node
2021-09-06 08:58:59,661 :: INFO :: Start experiment succeeded
2021-09-06 09:59:05,446 :: INFO :: Gateway Manager : Stop experiment
2021-09-06 09:59:05,458 :: INFO :: Stop experiment
2021-09-06 09:59:05,466 :: INFO :: Control node : stop of the experiment
2021-09-06 09:59:05,474 :: INFO :: Control node : profile configuration
2021-09-06 09:59:05,480 :: INFO :: Configure profile on Control Node
2021-09-06 09:59:05,551 :: INFO :: Control node : start power of open node
2021-09-06 09:59:05,592 :: INFO :: Node OpenOCD: teardown of openocd node
2021-09-06 09:59:08,641 :: INFO :: openocd node debugger stop
2021-09-06 09:59:09,328 :: INFO :: Node OpenOCD: flash of openocd node
2021-09-06 09:59:09,343 :: INFO :: Flash firmware on OpenOCD: /usr/lib/python2.7/site-packages/gateway_code/static/m3_idle.elf
2021-09-06 09:59:11,860 :: INFO :: Control node : Stop control node serial interface
2021-09-06 09:59:11,868 :: INFO :: Control node : stop power of open node
2021-09-06 09:59:11,969 :: INFO :: Control node : reset
2021-09-06 09:59:11,975 :: INFO :: Reset Control Node
2021-09-06 09:59:14,741 :: INFO :: Stop experiment succeeded
