2021-09-06 08:58:46,643 :: INFO :: Start experiment: luna-276405
2021-09-06 08:58:46,646 :: INFO :: Control node : Starting of control node serial interface
2021-09-06 08:58:46,649 :: INFO :: Control node : reset
2021-09-06 08:58:46,651 :: INFO :: Reset Control Node
2021-09-06 08:58:49,554 :: INFO :: Control node : start power of open node
2021-09-06 08:58:49,610 :: INFO :: Node OpenOCD: Setup of openocd node
2021-09-06 08:58:52,647 :: INFO :: Node OpenOCD: flash of openocd node
2021-09-06 08:58:52,666 :: INFO :: Flash firmware on OpenOCD: /tmp/tmpb_XFiV--11b39be0afbe655a47f82e084cf5704d_unicast-sender-count-60T-191B.iotlab-m3
2021-09-06 08:58:59,462 :: INFO :: Control node : Start experiment
2021-09-06 08:58:59,530 :: INFO :: Control Node set time delay: 1739 us
2021-09-06 08:58:59,563 :: INFO :: Control node : profile configuration
2021-09-06 08:58:59,569 :: INFO :: Configure profile on Control Node
2021-09-06 08:58:59,647 :: INFO :: Start experiment succeeded
2021-09-06 09:59:05,419 :: INFO :: Gateway Manager : Stop experiment
2021-09-06 09:59:05,429 :: INFO :: Stop experiment
2021-09-06 09:59:05,437 :: INFO :: Control node : stop of the experiment
2021-09-06 09:59:05,444 :: INFO :: Control node : profile configuration
2021-09-06 09:59:05,452 :: INFO :: Configure profile on Control Node
2021-09-06 09:59:05,527 :: INFO :: Control node : start power of open node
2021-09-06 09:59:05,570 :: INFO :: Node OpenOCD: teardown of openocd node
2021-09-06 09:59:08,625 :: INFO :: openocd node debugger stop
2021-09-06 09:59:09,309 :: INFO :: Node OpenOCD: flash of openocd node
2021-09-06 09:59:09,324 :: INFO :: Flash firmware on OpenOCD: /usr/lib/python2.7/site-packages/gateway_code/static/m3_idle.elf
2021-09-06 09:59:11,786 :: INFO :: Control node : Stop control node serial interface
2021-09-06 09:59:11,791 :: INFO :: Control node : stop power of open node
2021-09-06 09:59:11,846 :: INFO :: Control node : reset
2021-09-06 09:59:11,850 :: INFO :: Reset Control Node
2021-09-06 09:59:14,650 :: INFO :: Stop experiment succeeded
