2021-09-06 08:58:46,648 :: INFO :: Start experiment: luna-276405
2021-09-06 08:58:46,652 :: INFO :: Control node : Starting of control node serial interface
2021-09-06 08:58:46,655 :: INFO :: Control node : reset
2021-09-06 08:58:46,657 :: INFO :: Reset Control Node
2021-09-06 08:58:49,526 :: INFO :: Control node : start power of open node
2021-09-06 08:58:49,555 :: INFO :: Node OpenOCD: Setup of openocd node
2021-09-06 08:58:52,595 :: INFO :: Node OpenOCD: flash of openocd node
2021-09-06 08:58:52,613 :: INFO :: Flash firmware on OpenOCD: /tmp/tmpHDz6Er--11b39be0afbe655a47f82e084cf5704d_unicast-sender-count-60T-191B.iotlab-m3
2021-09-06 08:58:59,351 :: INFO :: Control node : Start experiment
2021-09-06 08:58:59,382 :: INFO :: Control Node set time delay: 1037 us
2021-09-06 08:58:59,400 :: INFO :: Control node : profile configuration
2021-09-06 08:58:59,403 :: INFO :: Configure profile on Control Node
2021-09-06 08:58:59,447 :: INFO :: Start experiment succeeded
2021-09-06 09:59:05,412 :: INFO :: Gateway Manager : Stop experiment
2021-09-06 09:59:05,421 :: INFO :: Stop experiment
2021-09-06 09:59:05,429 :: INFO :: Control node : stop of the experiment
2021-09-06 09:59:05,436 :: INFO :: Control node : profile configuration
2021-09-06 09:59:05,443 :: INFO :: Configure profile on Control Node
2021-09-06 09:59:05,514 :: INFO :: Control node : start power of open node
2021-09-06 09:59:05,556 :: INFO :: Node OpenOCD: teardown of openocd node
2021-09-06 09:59:08,628 :: INFO :: openocd node debugger stop
2021-09-06 09:59:09,309 :: INFO :: Node OpenOCD: flash of openocd node
2021-09-06 09:59:09,316 :: INFO :: Flash firmware on OpenOCD: /usr/lib/python2.7/site-packages/gateway_code/static/m3_idle.elf
2021-09-06 09:59:11,620 :: INFO :: Control node : Stop control node serial interface
2021-09-06 09:59:11,625 :: INFO :: Control node : stop power of open node
2021-09-06 09:59:11,697 :: INFO :: Control node : reset
2021-09-06 09:59:11,701 :: INFO :: Reset Control Node
2021-09-06 09:59:14,538 :: INFO :: Stop experiment succeeded
