2021-09-06 08:58:46,658 :: INFO :: Start experiment: luna-276405
2021-09-06 08:58:46,661 :: INFO :: Control node : Starting of control node serial interface
2021-09-06 08:58:46,664 :: INFO :: Control node : reset
2021-09-06 08:58:46,667 :: INFO :: Reset Control Node
2021-09-06 08:58:49,570 :: INFO :: Control node : start power of open node
2021-09-06 08:58:49,627 :: INFO :: Node OpenOCD: Setup of openocd node
2021-09-06 08:58:52,668 :: INFO :: Node OpenOCD: flash of openocd node
2021-09-06 08:58:52,686 :: INFO :: Flash firmware on OpenOCD: /tmp/tmphGpHhX--11b39be0afbe655a47f82e084cf5704d_unicast-sender-count-60T-191B.iotlab-m3
2021-09-06 08:58:59,593 :: INFO :: Control node : Start experiment
2021-09-06 08:58:59,640 :: INFO :: Control Node set time delay: 1526 us
2021-09-06 08:58:59,672 :: INFO :: Control node : profile configuration
2021-09-06 08:58:59,677 :: INFO :: Configure profile on Control Node
2021-09-06 08:58:59,722 :: INFO :: Start experiment succeeded
2021-09-06 09:59:05,389 :: INFO :: Gateway Manager : Stop experiment
2021-09-06 09:59:05,398 :: INFO :: Stop experiment
2021-09-06 09:59:05,406 :: INFO :: Control node : stop of the experiment
2021-09-06 09:59:05,413 :: INFO :: Control node : profile configuration
2021-09-06 09:59:05,423 :: INFO :: Configure profile on Control Node
2021-09-06 09:59:05,497 :: INFO :: Control node : start power of open node
2021-09-06 09:59:05,540 :: INFO :: Node OpenOCD: teardown of openocd node
2021-09-06 09:59:08,616 :: INFO :: openocd node debugger stop
2021-09-06 09:59:09,305 :: INFO :: Node OpenOCD: flash of openocd node
2021-09-06 09:59:09,317 :: INFO :: Flash firmware on OpenOCD: /usr/lib/python2.7/site-packages/gateway_code/static/m3_idle.elf
2021-09-06 09:59:11,669 :: INFO :: Control node : Stop control node serial interface
2021-09-06 09:59:11,674 :: INFO :: Control node : stop power of open node
2021-09-06 09:59:11,729 :: INFO :: Control node : reset
2021-09-06 09:59:11,733 :: INFO :: Reset Control Node
2021-09-06 09:59:14,564 :: INFO :: Stop experiment succeeded
