2021-09-06 08:58:46,665 :: INFO :: Start experiment: luna-276405
2021-09-06 08:58:46,669 :: INFO :: Control node : Starting of control node serial interface
2021-09-06 08:58:46,672 :: INFO :: Control node : reset
2021-09-06 08:58:46,674 :: INFO :: Reset Control Node
2021-09-06 08:58:49,575 :: INFO :: Control node : start power of open node
2021-09-06 08:58:49,632 :: INFO :: Node OpenOCD: Setup of openocd node
2021-09-06 08:58:52,669 :: INFO :: Node OpenOCD: flash of openocd node
2021-09-06 08:58:52,688 :: INFO :: Flash firmware on OpenOCD: /tmp/tmpMATaXP--11b39be0afbe655a47f82e084cf5704d_unicast-sender-count-60T-191B.iotlab-m3
2021-09-06 08:58:59,540 :: INFO :: Control node : Start experiment
2021-09-06 08:58:59,588 :: INFO :: Control Node set time delay: 1343 us
2021-09-06 08:58:59,622 :: INFO :: Control node : profile configuration
2021-09-06 08:58:59,625 :: INFO :: Configure profile on Control Node
2021-09-06 08:58:59,667 :: INFO :: Start experiment succeeded
2021-09-06 09:59:05,410 :: INFO :: Gateway Manager : Stop experiment
2021-09-06 09:59:05,420 :: INFO :: Stop experiment
2021-09-06 09:59:05,428 :: INFO :: Control node : stop of the experiment
2021-09-06 09:59:05,436 :: INFO :: Control node : profile configuration
2021-09-06 09:59:05,443 :: INFO :: Configure profile on Control Node
2021-09-06 09:59:05,519 :: INFO :: Control node : start power of open node
2021-09-06 09:59:05,563 :: INFO :: Node OpenOCD: teardown of openocd node
2021-09-06 09:59:08,637 :: INFO :: openocd node debugger stop
2021-09-06 09:59:09,326 :: INFO :: Node OpenOCD: flash of openocd node
2021-09-06 09:59:09,341 :: INFO :: Flash firmware on OpenOCD: /usr/lib/python2.7/site-packages/gateway_code/static/m3_idle.elf
2021-09-06 09:59:11,853 :: INFO :: Control node : Stop control node serial interface
2021-09-06 09:59:11,858 :: INFO :: Control node : stop power of open node
2021-09-06 09:59:11,914 :: INFO :: Control node : reset
2021-09-06 09:59:11,920 :: INFO :: Reset Control Node
2021-09-06 09:59:14,743 :: INFO :: Stop experiment succeeded
