2021-09-06 08:58:46,639 :: INFO :: Start experiment: luna-276405
2021-09-06 08:58:46,642 :: INFO :: Control node : Starting of control node serial interface
2021-09-06 08:58:46,645 :: INFO :: Control node : reset
2021-09-06 08:58:46,648 :: INFO :: Reset Control Node
2021-09-06 08:58:49,549 :: INFO :: Control node : start power of open node
2021-09-06 08:58:49,585 :: INFO :: Node OpenOCD: Setup of openocd node
2021-09-06 08:58:52,615 :: INFO :: Node OpenOCD: flash of openocd node
2021-09-06 08:58:52,633 :: INFO :: Flash firmware on OpenOCD: /tmp/tmpWTWxnY--11b39be0afbe655a47f82e084cf5704d_unicast-sender-count-60T-191B.iotlab-m3
2021-09-06 08:58:59,508 :: INFO :: Control node : Start experiment
2021-09-06 08:58:59,585 :: INFO :: Control Node set time delay: 1770 us
2021-09-06 08:58:59,603 :: INFO :: Control node : profile configuration
2021-09-06 08:58:59,607 :: INFO :: Configure profile on Control Node
2021-09-06 08:58:59,651 :: INFO :: Start experiment succeeded
2021-09-06 09:59:05,418 :: INFO :: Gateway Manager : Stop experiment
2021-09-06 09:59:05,433 :: INFO :: Stop experiment
2021-09-06 09:59:05,442 :: INFO :: Control node : stop of the experiment
2021-09-06 09:59:05,450 :: INFO :: Control node : profile configuration
2021-09-06 09:59:05,457 :: INFO :: Configure profile on Control Node
2021-09-06 09:59:05,532 :: INFO :: Control node : start power of open node
2021-09-06 09:59:05,576 :: INFO :: Node OpenOCD: teardown of openocd node
2021-09-06 09:59:08,625 :: INFO :: openocd node debugger stop
2021-09-06 09:59:09,218 :: INFO :: Node OpenOCD: flash of openocd node
2021-09-06 09:59:09,233 :: INFO :: Flash firmware on OpenOCD: /usr/lib/python2.7/site-packages/gateway_code/static/m3_idle.elf
2021-09-06 09:59:11,685 :: INFO :: Control node : Stop control node serial interface
2021-09-06 09:59:11,694 :: INFO :: Control node : stop power of open node
2021-09-06 09:59:11,801 :: INFO :: Control node : reset
2021-09-06 09:59:11,808 :: INFO :: Reset Control Node
2021-09-06 09:59:14,591 :: INFO :: Stop experiment succeeded
