2021-09-06 08:58:46,608 :: INFO :: Start experiment: luna-276405
2021-09-06 08:58:46,611 :: INFO :: Control node : Starting of control node serial interface
2021-09-06 08:58:46,614 :: INFO :: Control node : reset
2021-09-06 08:58:46,617 :: INFO :: Reset Control Node
2021-09-06 08:58:49,520 :: INFO :: Control node : start power of open node
2021-09-06 08:58:49,547 :: INFO :: Node OpenOCD: Setup of openocd node
2021-09-06 08:58:52,573 :: INFO :: Node OpenOCD: flash of openocd node
2021-09-06 08:58:52,591 :: INFO :: Flash firmware on OpenOCD: /tmp/tmpzl9SS9--11b39be0afbe655a47f82e084cf5704d_unicast-sender-count-60T-191B.iotlab-m3
2021-09-06 08:58:59,441 :: INFO :: Control node : Start experiment
2021-09-06 08:58:59,490 :: INFO :: Control Node set time delay: 1709 us
2021-09-06 08:58:59,524 :: INFO :: Control node : profile configuration
2021-09-06 08:58:59,531 :: INFO :: Configure profile on Control Node
2021-09-06 08:58:59,573 :: INFO :: Start experiment succeeded
2021-09-06 09:59:05,443 :: INFO :: Gateway Manager : Stop experiment
2021-09-06 09:59:05,465 :: INFO :: Stop experiment
2021-09-06 09:59:05,483 :: INFO :: Control node : stop of the experiment
2021-09-06 09:59:05,500 :: INFO :: Control node : profile configuration
2021-09-06 09:59:05,522 :: INFO :: Configure profile on Control Node
2021-09-06 09:59:05,581 :: INFO :: Control node : start power of open node
2021-09-06 09:59:05,605 :: INFO :: Node OpenOCD: teardown of openocd node
2021-09-06 09:59:08,653 :: INFO :: openocd node debugger stop
2021-09-06 09:59:09,348 :: INFO :: Node OpenOCD: flash of openocd node
2021-09-06 09:59:09,362 :: INFO :: Flash firmware on OpenOCD: /usr/lib/python2.7/site-packages/gateway_code/static/m3_idle.elf
2021-09-06 09:59:11,821 :: INFO :: Control node : Stop control node serial interface
2021-09-06 09:59:11,827 :: INFO :: Control node : stop power of open node
2021-09-06 09:59:11,894 :: INFO :: Control node : reset
2021-09-06 09:59:11,898 :: INFO :: Reset Control Node
2021-09-06 09:59:14,730 :: INFO :: Stop experiment succeeded
