2021-09-06 08:58:46,654 :: INFO :: Start experiment: luna-276405
2021-09-06 08:58:46,658 :: INFO :: Control node : Starting of control node serial interface
2021-09-06 08:58:46,661 :: INFO :: Control node : reset
2021-09-06 08:58:46,664 :: INFO :: Reset Control Node
2021-09-06 08:58:49,566 :: INFO :: Control node : start power of open node
2021-09-06 08:58:49,623 :: INFO :: Node OpenOCD: Setup of openocd node
2021-09-06 08:58:52,671 :: INFO :: Node OpenOCD: flash of openocd node
2021-09-06 08:58:52,689 :: INFO :: Flash firmware on OpenOCD: /tmp/tmpUPSXjD--11b39be0afbe655a47f82e084cf5704d_unicast-sender-count-60T-191B.iotlab-m3
2021-09-06 08:58:59,483 :: INFO :: Control node : Start experiment
2021-09-06 08:58:59,535 :: INFO :: Control Node set time delay: 1769 us
2021-09-06 08:58:59,570 :: INFO :: Control node : profile configuration
2021-09-06 08:58:59,577 :: INFO :: Configure profile on Control Node
2021-09-06 08:58:59,658 :: INFO :: Start experiment succeeded
2021-09-06 09:59:05,404 :: INFO :: Gateway Manager : Stop experiment
2021-09-06 09:59:05,417 :: INFO :: Stop experiment
2021-09-06 09:59:05,426 :: INFO :: Control node : stop of the experiment
2021-09-06 09:59:05,433 :: INFO :: Control node : profile configuration
2021-09-06 09:59:05,440 :: INFO :: Configure profile on Control Node
2021-09-06 09:59:05,516 :: INFO :: Control node : start power of open node
2021-09-06 09:59:05,560 :: INFO :: Node OpenOCD: teardown of openocd node
2021-09-06 09:59:08,604 :: INFO :: openocd node debugger stop
2021-09-06 09:59:09,287 :: INFO :: Node OpenOCD: flash of openocd node
2021-09-06 09:59:09,294 :: INFO :: Flash firmware on OpenOCD: /usr/lib/python2.7/site-packages/gateway_code/static/m3_idle.elf
2021-09-06 09:59:11,651 :: INFO :: Control node : Stop control node serial interface
2021-09-06 09:59:11,661 :: INFO :: Control node : stop power of open node
2021-09-06 09:59:11,763 :: INFO :: Control node : reset
2021-09-06 09:59:11,770 :: INFO :: Reset Control Node
2021-09-06 09:59:14,554 :: INFO :: Stop experiment succeeded
