2021-09-06 08:58:46,673 :: INFO :: Start experiment: luna-276405
2021-09-06 08:58:46,677 :: INFO :: Control node : Starting of control node serial interface
2021-09-06 08:58:46,680 :: INFO :: Control node : reset
2021-09-06 08:58:46,682 :: INFO :: Reset Control Node
2021-09-06 08:58:49,583 :: INFO :: Control node : start power of open node
2021-09-06 08:58:49,638 :: INFO :: Node OpenOCD: Setup of openocd node
2021-09-06 08:58:52,683 :: INFO :: Node OpenOCD: flash of openocd node
2021-09-06 08:58:52,701 :: INFO :: Flash firmware on OpenOCD: /tmp/tmpN6vHtY--11b39be0afbe655a47f82e084cf5704d_unicast-sender-count-60T-191B.iotlab-m3
2021-09-06 08:58:59,606 :: INFO :: Control node : Start experiment
2021-09-06 08:58:59,656 :: INFO :: Control Node set time delay: 1159 us
2021-09-06 08:58:59,685 :: INFO :: Control node : profile configuration
2021-09-06 08:58:59,688 :: INFO :: Configure profile on Control Node
2021-09-06 08:58:59,731 :: INFO :: Start experiment succeeded
2021-09-06 09:59:05,400 :: INFO :: Gateway Manager : Stop experiment
2021-09-06 09:59:05,410 :: INFO :: Stop experiment
2021-09-06 09:59:05,418 :: INFO :: Control node : stop of the experiment
2021-09-06 09:59:05,426 :: INFO :: Control node : profile configuration
2021-09-06 09:59:05,436 :: INFO :: Configure profile on Control Node
2021-09-06 09:59:05,512 :: INFO :: Control node : start power of open node
2021-09-06 09:59:05,557 :: INFO :: Node OpenOCD: teardown of openocd node
2021-09-06 09:59:08,624 :: INFO :: openocd node debugger stop
2021-09-06 09:59:09,316 :: INFO :: Node OpenOCD: flash of openocd node
2021-09-06 09:59:09,330 :: INFO :: Flash firmware on OpenOCD: /usr/lib/python2.7/site-packages/gateway_code/static/m3_idle.elf
2021-09-06 09:59:11,793 :: INFO :: Control node : Stop control node serial interface
2021-09-06 09:59:11,798 :: INFO :: Control node : stop power of open node
2021-09-06 09:59:11,858 :: INFO :: Control node : reset
2021-09-06 09:59:11,862 :: INFO :: Reset Control Node
2021-09-06 09:59:14,693 :: INFO :: Stop experiment succeeded
