2021-09-06 04:55:49,926 :: INFO :: Start experiment: luna-276401
2021-09-06 04:55:49,929 :: INFO :: Control node : Starting of control node serial interface
2021-09-06 04:55:49,932 :: INFO :: Control node : reset
2021-09-06 04:55:49,935 :: INFO :: Reset Control Node
2021-09-06 04:55:52,827 :: INFO :: Control node : start power of open node
2021-09-06 04:55:52,884 :: INFO :: Node OpenOCD: Setup of openocd node
2021-09-06 04:55:55,933 :: INFO :: Node OpenOCD: flash of openocd node
2021-09-06 04:55:55,950 :: INFO :: Flash firmware on OpenOCD: /tmp/tmpzLDhmT--cb924b41fcfd3e3c0bada58631722ec6_unicast-sender-count-30T-100B.iotlab-m3
2021-09-06 04:56:02,577 :: INFO :: Control node : Start experiment
2021-09-06 04:56:02,610 :: INFO :: Control Node set time delay: 1038 us
2021-09-06 04:56:02,627 :: INFO :: Control node : profile configuration
2021-09-06 04:56:02,630 :: INFO :: Configure profile on Control Node
2021-09-06 04:56:02,674 :: INFO :: Start experiment succeeded
2021-09-06 05:56:08,914 :: INFO :: Gateway Manager : Stop experiment
2021-09-06 05:56:08,923 :: INFO :: Stop experiment
2021-09-06 05:56:08,931 :: INFO :: Control node : stop of the experiment
2021-09-06 05:56:08,938 :: INFO :: Control node : profile configuration
2021-09-06 05:56:08,945 :: INFO :: Configure profile on Control Node
2021-09-06 05:56:09,015 :: INFO :: Control node : start power of open node
2021-09-06 05:56:09,056 :: INFO :: Node OpenOCD: teardown of openocd node
2021-09-06 05:56:12,110 :: INFO :: openocd node debugger stop
2021-09-06 05:56:12,806 :: INFO :: Node OpenOCD: flash of openocd node
2021-09-06 05:56:12,820 :: INFO :: Flash firmware on OpenOCD: /usr/lib/python2.7/site-packages/gateway_code/static/m3_idle.elf
2021-09-06 05:56:15,282 :: INFO :: Control node : Stop control node serial interface
2021-09-06 05:56:15,287 :: INFO :: Control node : stop power of open node
2021-09-06 05:56:15,336 :: INFO :: Control node : reset
2021-09-06 05:56:15,340 :: INFO :: Reset Control Node
2021-09-06 05:56:18,171 :: INFO :: Stop experiment succeeded
