2021-09-06 04:55:49,922 :: INFO :: Start experiment: luna-276401
2021-09-06 04:55:49,926 :: INFO :: Control node : Starting of control node serial interface
2021-09-06 04:55:49,928 :: INFO :: Control node : reset
2021-09-06 04:55:49,931 :: INFO :: Reset Control Node
2021-09-06 04:55:52,832 :: INFO :: Control node : start power of open node
2021-09-06 04:55:52,889 :: INFO :: Node OpenOCD: Setup of openocd node
2021-09-06 04:55:55,928 :: INFO :: Node OpenOCD: flash of openocd node
2021-09-06 04:55:55,946 :: INFO :: Flash firmware on OpenOCD: /tmp/tmpnp97G3--cb924b41fcfd3e3c0bada58631722ec6_unicast-sender-count-30T-100B.iotlab-m3
2021-09-06 04:56:02,741 :: INFO :: Control node : Start experiment
2021-09-06 04:56:02,796 :: INFO :: Control Node set time delay: 1709 us
2021-09-06 04:56:02,829 :: INFO :: Control node : profile configuration
2021-09-06 04:56:02,836 :: INFO :: Configure profile on Control Node
2021-09-06 04:56:02,914 :: INFO :: Start experiment succeeded
2021-09-06 05:56:08,900 :: INFO :: Gateway Manager : Stop experiment
2021-09-06 05:56:08,910 :: INFO :: Stop experiment
2021-09-06 05:56:08,918 :: INFO :: Control node : stop of the experiment
2021-09-06 05:56:08,926 :: INFO :: Control node : profile configuration
2021-09-06 05:56:08,933 :: INFO :: Configure profile on Control Node
2021-09-06 05:56:09,010 :: INFO :: Control node : start power of open node
2021-09-06 05:56:09,055 :: INFO :: Node OpenOCD: teardown of openocd node
2021-09-06 05:56:12,117 :: INFO :: openocd node debugger stop
2021-09-06 05:56:12,807 :: INFO :: Node OpenOCD: flash of openocd node
2021-09-06 05:56:12,822 :: INFO :: Flash firmware on OpenOCD: /usr/lib/python2.7/site-packages/gateway_code/static/m3_idle.elf
2021-09-06 05:56:15,281 :: INFO :: Control node : Stop control node serial interface
2021-09-06 05:56:15,286 :: INFO :: Control node : stop power of open node
2021-09-06 05:56:15,348 :: INFO :: Control node : reset
2021-09-06 05:56:15,355 :: INFO :: Reset Control Node
2021-09-06 05:56:18,190 :: INFO :: Stop experiment succeeded
