2021-09-06 04:55:49,924 :: INFO :: Start experiment: luna-276401
2021-09-06 04:55:49,928 :: INFO :: Control node : Starting of control node serial interface
2021-09-06 04:55:49,931 :: INFO :: Control node : reset
2021-09-06 04:55:49,933 :: INFO :: Reset Control Node
2021-09-06 04:55:52,835 :: INFO :: Control node : start power of open node
2021-09-06 04:55:52,891 :: INFO :: Node OpenOCD: Setup of openocd node
2021-09-06 04:55:55,930 :: INFO :: Node OpenOCD: flash of openocd node
2021-09-06 04:55:55,948 :: INFO :: Flash firmware on OpenOCD: /tmp/tmpoAE8pR--cb924b41fcfd3e3c0bada58631722ec6_unicast-sender-count-30T-100B.iotlab-m3
2021-09-06 04:56:02,800 :: INFO :: Control node : Start experiment
2021-09-06 04:56:02,850 :: INFO :: Control Node set time delay: 1190 us
2021-09-06 04:56:02,883 :: INFO :: Control node : profile configuration
2021-09-06 04:56:02,890 :: INFO :: Configure profile on Control Node
2021-09-06 04:56:02,951 :: INFO :: Start experiment succeeded
2021-09-06 05:56:08,914 :: INFO :: Gateway Manager : Stop experiment
2021-09-06 05:56:08,923 :: INFO :: Stop experiment
2021-09-06 05:56:08,931 :: INFO :: Control node : stop of the experiment
2021-09-06 05:56:08,939 :: INFO :: Control node : profile configuration
2021-09-06 05:56:08,946 :: INFO :: Configure profile on Control Node
2021-09-06 05:56:09,021 :: INFO :: Control node : start power of open node
2021-09-06 05:56:09,065 :: INFO :: Node OpenOCD: teardown of openocd node
2021-09-06 05:56:12,116 :: INFO :: openocd node debugger stop
2021-09-06 05:56:12,803 :: INFO :: Node OpenOCD: flash of openocd node
2021-09-06 05:56:12,810 :: INFO :: Flash firmware on OpenOCD: /usr/lib/python2.7/site-packages/gateway_code/static/m3_idle.elf
2021-09-06 05:56:15,219 :: INFO :: Control node : Stop control node serial interface
2021-09-06 05:56:15,228 :: INFO :: Control node : stop power of open node
2021-09-06 05:56:15,319 :: INFO :: Control node : reset
2021-09-06 05:56:15,326 :: INFO :: Reset Control Node
2021-09-06 05:56:18,095 :: INFO :: Stop experiment succeeded
