2021-09-06 04:55:49,910 :: INFO :: Start experiment: luna-276401
2021-09-06 04:55:49,913 :: INFO :: Control node : Starting of control node serial interface
2021-09-06 04:55:49,916 :: INFO :: Control node : reset
2021-09-06 04:55:49,919 :: INFO :: Reset Control Node
2021-09-06 04:55:52,819 :: INFO :: Control node : start power of open node
2021-09-06 04:55:52,862 :: INFO :: Node OpenOCD: Setup of openocd node
2021-09-06 04:55:55,899 :: INFO :: Node OpenOCD: flash of openocd node
2021-09-06 04:55:55,918 :: INFO :: Flash firmware on OpenOCD: /tmp/tmpIitTGA--cb924b41fcfd3e3c0bada58631722ec6_unicast-sender-count-30T-100B.iotlab-m3
2021-09-06 04:56:02,818 :: INFO :: Control node : Start experiment
2021-09-06 04:56:02,863 :: INFO :: Control Node set time delay: 1679 us
2021-09-06 04:56:02,881 :: INFO :: Control node : profile configuration
2021-09-06 04:56:02,884 :: INFO :: Configure profile on Control Node
2021-09-06 04:56:02,928 :: INFO :: Start experiment succeeded
2021-09-06 05:56:08,902 :: INFO :: Gateway Manager : Stop experiment
2021-09-06 05:56:08,912 :: INFO :: Stop experiment
2021-09-06 05:56:08,920 :: INFO :: Control node : stop of the experiment
2021-09-06 05:56:08,930 :: INFO :: Control node : profile configuration
2021-09-06 05:56:08,938 :: INFO :: Configure profile on Control Node
2021-09-06 05:56:09,010 :: INFO :: Control node : start power of open node
2021-09-06 05:56:09,053 :: INFO :: Node OpenOCD: teardown of openocd node
2021-09-06 05:56:12,113 :: INFO :: openocd node debugger stop
2021-09-06 05:56:12,798 :: INFO :: Node OpenOCD: flash of openocd node
2021-09-06 05:56:12,805 :: INFO :: Flash firmware on OpenOCD: /usr/lib/python2.7/site-packages/gateway_code/static/m3_idle.elf
2021-09-06 05:56:15,215 :: INFO :: Control node : Stop control node serial interface
2021-09-06 05:56:15,224 :: INFO :: Control node : stop power of open node
2021-09-06 05:56:15,325 :: INFO :: Control node : reset
2021-09-06 05:56:15,332 :: INFO :: Reset Control Node
2021-09-06 05:56:18,167 :: INFO :: Stop experiment succeeded
