2021-09-06 04:55:49,910 :: INFO :: Start experiment: luna-276401
2021-09-06 04:55:49,913 :: INFO :: Control node : Starting of control node serial interface
2021-09-06 04:55:49,916 :: INFO :: Control node : reset
2021-09-06 04:55:49,919 :: INFO :: Reset Control Node
2021-09-06 04:55:52,749 :: INFO :: Control node : start power of open node
2021-09-06 04:55:52,765 :: INFO :: Node OpenOCD: Setup of openocd node
2021-09-06 04:55:55,798 :: INFO :: Node OpenOCD: flash of openocd node
2021-09-06 04:55:55,816 :: INFO :: Flash firmware on OpenOCD: /tmp/tmph6LUa9--cb924b41fcfd3e3c0bada58631722ec6_unicast-sender-count-30T-100B.iotlab-m3
2021-09-06 04:56:02,720 :: INFO :: Control node : Start experiment
2021-09-06 04:56:02,765 :: INFO :: Control Node set time delay: 1160 us
2021-09-06 04:56:02,774 :: INFO :: Control node : profile configuration
2021-09-06 04:56:02,778 :: INFO :: Configure profile on Control Node
2021-09-06 04:56:02,822 :: INFO :: Start experiment succeeded
2021-09-06 05:56:08,911 :: INFO :: Gateway Manager : Stop experiment
2021-09-06 05:56:08,920 :: INFO :: Stop experiment
2021-09-06 05:56:08,929 :: INFO :: Control node : stop of the experiment
2021-09-06 05:56:08,936 :: INFO :: Control node : profile configuration
2021-09-06 05:56:08,946 :: INFO :: Configure profile on Control Node
2021-09-06 05:56:09,019 :: INFO :: Control node : start power of open node
2021-09-06 05:56:09,062 :: INFO :: Node OpenOCD: teardown of openocd node
2021-09-06 05:56:12,121 :: INFO :: openocd node debugger stop
2021-09-06 05:56:12,815 :: INFO :: Node OpenOCD: flash of openocd node
2021-09-06 05:56:12,830 :: INFO :: Flash firmware on OpenOCD: /usr/lib/python2.7/site-packages/gateway_code/static/m3_idle.elf
2021-09-06 05:56:15,291 :: INFO :: Control node : Stop control node serial interface
2021-09-06 05:56:15,295 :: INFO :: Control node : stop power of open node
2021-09-06 05:56:15,348 :: INFO :: Control node : reset
2021-09-06 05:56:15,352 :: INFO :: Reset Control Node
2021-09-06 05:56:18,161 :: INFO :: Stop experiment succeeded
