2021-09-06 04:55:49,924 :: INFO :: Start experiment: luna-276401
2021-09-06 04:55:49,927 :: INFO :: Control node : Starting of control node serial interface
2021-09-06 04:55:49,930 :: INFO :: Control node : reset
2021-09-06 04:55:49,933 :: INFO :: Reset Control Node
2021-09-06 04:55:52,813 :: INFO :: Control node : start power of open node
2021-09-06 04:55:52,843 :: INFO :: Node OpenOCD: Setup of openocd node
2021-09-06 04:55:55,875 :: INFO :: Node OpenOCD: flash of openocd node
2021-09-06 04:55:55,893 :: INFO :: Flash firmware on OpenOCD: /tmp/tmpJ0pJZm--cb924b41fcfd3e3c0bada58631722ec6_unicast-sender-count-30T-100B.iotlab-m3
2021-09-06 04:56:02,748 :: INFO :: Control node : Start experiment
2021-09-06 04:56:02,796 :: INFO :: Control Node set time delay: 1770 us
2021-09-06 04:56:02,820 :: INFO :: Control node : profile configuration
2021-09-06 04:56:02,824 :: INFO :: Configure profile on Control Node
2021-09-06 04:56:02,865 :: INFO :: Start experiment succeeded
2021-09-06 05:56:08,914 :: INFO :: Gateway Manager : Stop experiment
2021-09-06 05:56:08,923 :: INFO :: Stop experiment
2021-09-06 05:56:08,932 :: INFO :: Control node : stop of the experiment
2021-09-06 05:56:08,939 :: INFO :: Control node : profile configuration
2021-09-06 05:56:08,949 :: INFO :: Configure profile on Control Node
2021-09-06 05:56:09,025 :: INFO :: Control node : start power of open node
2021-09-06 05:56:09,060 :: INFO :: Node OpenOCD: teardown of openocd node
2021-09-06 05:56:12,105 :: INFO :: openocd node debugger stop
2021-09-06 05:56:12,798 :: INFO :: Node OpenOCD: flash of openocd node
2021-09-06 05:56:12,813 :: INFO :: Flash firmware on OpenOCD: /usr/lib/python2.7/site-packages/gateway_code/static/m3_idle.elf
2021-09-06 05:56:15,277 :: INFO :: Control node : Stop control node serial interface
2021-09-06 05:56:15,283 :: INFO :: Control node : stop power of open node
2021-09-06 05:56:15,336 :: INFO :: Control node : reset
2021-09-06 05:56:15,340 :: INFO :: Reset Control Node
2021-09-06 05:56:18,165 :: INFO :: Stop experiment succeeded
