2021-09-06 04:55:49,848 :: INFO :: Start experiment: luna-276401
2021-09-06 04:55:49,852 :: INFO :: Control node : Starting of control node serial interface
2021-09-06 04:55:49,854 :: INFO :: Control node : reset
2021-09-06 04:55:49,857 :: INFO :: Reset Control Node
2021-09-06 04:55:52,759 :: INFO :: Control node : start power of open node
2021-09-06 04:55:52,815 :: INFO :: Node OpenOCD: Setup of openocd node
2021-09-06 04:55:55,858 :: INFO :: Node OpenOCD: flash of openocd node
2021-09-06 04:55:55,876 :: INFO :: Flash firmware on OpenOCD: /tmp/tmpHXU8_x--cb924b41fcfd3e3c0bada58631722ec6_unicast-sender-count-30T-100B.iotlab-m3
2021-09-06 04:56:02,620 :: INFO :: Control node : Start experiment
2021-09-06 04:56:02,678 :: INFO :: Control Node set time delay: 1557 us
2021-09-06 04:56:02,703 :: INFO :: Control node : profile configuration
2021-09-06 04:56:02,710 :: INFO :: Configure profile on Control Node
2021-09-06 04:56:02,775 :: INFO :: Start experiment succeeded
2021-09-06 05:56:08,907 :: INFO :: Gateway Manager : Stop experiment
2021-09-06 05:56:08,916 :: INFO :: Stop experiment
2021-09-06 05:56:08,924 :: INFO :: Control node : stop of the experiment
2021-09-06 05:56:08,932 :: INFO :: Control node : profile configuration
2021-09-06 05:56:08,939 :: INFO :: Configure profile on Control Node
2021-09-06 05:56:09,017 :: INFO :: Control node : start power of open node
2021-09-06 05:56:09,060 :: INFO :: Node OpenOCD: teardown of openocd node
2021-09-06 05:56:12,113 :: INFO :: openocd node debugger stop
2021-09-06 05:56:12,797 :: INFO :: Node OpenOCD: flash of openocd node
2021-09-06 05:56:12,804 :: INFO :: Flash firmware on OpenOCD: /usr/lib/python2.7/site-packages/gateway_code/static/m3_idle.elf
2021-09-06 05:56:15,157 :: INFO :: Control node : Stop control node serial interface
2021-09-06 05:56:15,162 :: INFO :: Control node : stop power of open node
2021-09-06 05:56:15,220 :: INFO :: Control node : reset
2021-09-06 05:56:15,224 :: INFO :: Reset Control Node
2021-09-06 05:56:18,044 :: INFO :: Stop experiment succeeded
