2021-09-06 04:55:49,901 :: INFO :: Start experiment: luna-276401
2021-09-06 04:55:49,904 :: INFO :: Control node : Starting of control node serial interface
2021-09-06 04:55:49,907 :: INFO :: Control node : reset
2021-09-06 04:55:49,910 :: INFO :: Reset Control Node
2021-09-06 04:55:52,813 :: INFO :: Control node : start power of open node
2021-09-06 04:55:52,868 :: INFO :: Node OpenOCD: Setup of openocd node
2021-09-06 04:55:55,909 :: INFO :: Node OpenOCD: flash of openocd node
2021-09-06 04:55:55,928 :: INFO :: Flash firmware on OpenOCD: /tmp/tmpqOZAiA--cb924b41fcfd3e3c0bada58631722ec6_unicast-sender-count-30T-100B.iotlab-m3
2021-09-06 04:56:02,717 :: INFO :: Control node : Start experiment
2021-09-06 04:56:02,756 :: INFO :: Control Node set time delay: 1709 us
2021-09-06 04:56:02,788 :: INFO :: Control node : profile configuration
2021-09-06 04:56:02,795 :: INFO :: Configure profile on Control Node
2021-09-06 04:56:02,874 :: INFO :: Start experiment succeeded
2021-09-06 05:56:08,915 :: INFO :: Gateway Manager : Stop experiment
2021-09-06 05:56:08,925 :: INFO :: Stop experiment
2021-09-06 05:56:08,933 :: INFO :: Control node : stop of the experiment
2021-09-06 05:56:08,941 :: INFO :: Control node : profile configuration
2021-09-06 05:56:08,948 :: INFO :: Configure profile on Control Node
2021-09-06 05:56:09,023 :: INFO :: Control node : start power of open node
2021-09-06 05:56:09,064 :: INFO :: Node OpenOCD: teardown of openocd node
2021-09-06 05:56:12,114 :: INFO :: openocd node debugger stop
2021-09-06 05:56:12,794 :: INFO :: Node OpenOCD: flash of openocd node
2021-09-06 05:56:12,801 :: INFO :: Flash firmware on OpenOCD: /usr/lib/python2.7/site-packages/gateway_code/static/m3_idle.elf
2021-09-06 05:56:15,152 :: INFO :: Control node : Stop control node serial interface
2021-09-06 05:56:15,161 :: INFO :: Control node : stop power of open node
2021-09-06 05:56:15,267 :: INFO :: Control node : reset
2021-09-06 05:56:15,274 :: INFO :: Reset Control Node
2021-09-06 05:56:18,108 :: INFO :: Stop experiment succeeded
