2021-09-06 04:55:50,231 :: INFO :: Start experiment: luna-276401
2021-09-06 04:55:50,235 :: INFO :: Control node : Starting of control node serial interface
2021-09-06 04:55:50,237 :: INFO :: Control node : reset
2021-09-06 04:55:50,240 :: INFO :: Reset Control Node
2021-09-06 04:55:53,145 :: INFO :: Control node : start power of open node
2021-09-06 04:55:53,205 :: INFO :: Node OpenOCD: Setup of openocd node
2021-09-06 04:55:56,250 :: INFO :: Node OpenOCD: flash of openocd node
2021-09-06 04:55:56,267 :: INFO :: Flash firmware on OpenOCD: /tmp/tmpI44TTk--cb924b41fcfd3e3c0bada58631722ec6_unicast-sender-count-30T-100B.iotlab-m3
2021-09-06 04:56:03,136 :: INFO :: Control node : Start experiment
2021-09-06 04:56:03,189 :: INFO :: Control Node set time delay: 1556 us
2021-09-06 04:56:03,223 :: INFO :: Control node : profile configuration
2021-09-06 04:56:03,230 :: INFO :: Configure profile on Control Node
2021-09-06 04:56:03,284 :: INFO :: Start experiment succeeded
2021-09-06 05:56:08,909 :: INFO :: Gateway Manager : Stop experiment
2021-09-06 05:56:08,919 :: INFO :: Stop experiment
2021-09-06 05:56:08,928 :: INFO :: Control node : stop of the experiment
2021-09-06 05:56:08,936 :: INFO :: Control node : profile configuration
2021-09-06 05:56:08,943 :: INFO :: Configure profile on Control Node
2021-09-06 05:56:09,020 :: INFO :: Control node : start power of open node
2021-09-06 05:56:09,066 :: INFO :: Node OpenOCD: teardown of openocd node
2021-09-06 05:56:12,102 :: INFO :: openocd node debugger stop
2021-09-06 05:56:12,770 :: INFO :: Node OpenOCD: flash of openocd node
2021-09-06 05:56:12,785 :: INFO :: Flash firmware on OpenOCD: /usr/lib/python2.7/site-packages/gateway_code/static/m3_idle.elf
2021-09-06 05:56:15,252 :: INFO :: Control node : Stop control node serial interface
2021-09-06 05:56:15,261 :: INFO :: Control node : stop power of open node
2021-09-06 05:56:15,369 :: INFO :: Control node : reset
2021-09-06 05:56:15,376 :: INFO :: Reset Control Node
2021-09-06 05:56:18,155 :: INFO :: Stop experiment succeeded
