2021-09-06 04:55:49,910 :: INFO :: Start experiment: luna-276401
2021-09-06 04:55:49,914 :: INFO :: Control node : Starting of control node serial interface
2021-09-06 04:55:49,916 :: INFO :: Control node : reset
2021-09-06 04:55:49,919 :: INFO :: Reset Control Node
2021-09-06 04:55:52,822 :: INFO :: Control node : start power of open node
2021-09-06 04:55:52,872 :: INFO :: Node OpenOCD: Setup of openocd node
2021-09-06 04:55:55,911 :: INFO :: Node OpenOCD: flash of openocd node
2021-09-06 04:55:55,930 :: INFO :: Flash firmware on OpenOCD: /tmp/tmprBP3uh--cb924b41fcfd3e3c0bada58631722ec6_unicast-sender-count-30T-100B.iotlab-m3
2021-09-06 04:56:02,735 :: INFO :: Control node : Start experiment
2021-09-06 04:56:02,785 :: INFO :: Control Node set time delay: 1038 us
2021-09-06 04:56:02,818 :: INFO :: Control node : profile configuration
2021-09-06 04:56:02,825 :: INFO :: Configure profile on Control Node
2021-09-06 04:56:02,881 :: INFO :: Start experiment succeeded
2021-09-06 05:56:08,910 :: INFO :: Gateway Manager : Stop experiment
2021-09-06 05:56:08,919 :: INFO :: Stop experiment
2021-09-06 05:56:08,928 :: INFO :: Control node : stop of the experiment
2021-09-06 05:56:08,936 :: INFO :: Control node : profile configuration
2021-09-06 05:56:08,943 :: INFO :: Configure profile on Control Node
2021-09-06 05:56:09,022 :: INFO :: Control node : start power of open node
2021-09-06 05:56:09,067 :: INFO :: Node OpenOCD: teardown of openocd node
2021-09-06 05:56:12,121 :: INFO :: openocd node debugger stop
2021-09-06 05:56:12,808 :: INFO :: Node OpenOCD: flash of openocd node
2021-09-06 05:56:12,816 :: INFO :: Flash firmware on OpenOCD: /usr/lib/python2.7/site-packages/gateway_code/static/m3_idle.elf
2021-09-06 05:56:15,172 :: INFO :: Control node : Stop control node serial interface
2021-09-06 05:56:15,178 :: INFO :: Control node : stop power of open node
2021-09-06 05:56:15,271 :: INFO :: Control node : reset
2021-09-06 05:56:15,278 :: INFO :: Reset Control Node
2021-09-06 05:56:18,114 :: INFO :: Stop experiment succeeded
