2021-09-06 04:55:49,937 :: INFO :: Start experiment: luna-276401
2021-09-06 04:55:49,940 :: INFO :: Control node : Starting of control node serial interface
2021-09-06 04:55:49,943 :: INFO :: Control node : reset
2021-09-06 04:55:49,946 :: INFO :: Reset Control Node
2021-09-06 04:55:52,844 :: INFO :: Control node : start power of open node
2021-09-06 04:55:52,900 :: INFO :: Node OpenOCD: Setup of openocd node
2021-09-06 04:55:55,938 :: INFO :: Node OpenOCD: flash of openocd node
2021-09-06 04:55:55,956 :: INFO :: Flash firmware on OpenOCD: /tmp/tmp_xA5Dl--cb924b41fcfd3e3c0bada58631722ec6_unicast-sender-count-30T-100B.iotlab-m3
2021-09-06 04:56:02,727 :: INFO :: Control node : Start experiment
2021-09-06 04:56:02,774 :: INFO :: Control Node set time delay: 1525 us
2021-09-06 04:56:02,799 :: INFO :: Control node : profile configuration
2021-09-06 04:56:02,806 :: INFO :: Configure profile on Control Node
2021-09-06 04:56:02,886 :: INFO :: Start experiment succeeded
2021-09-06 05:56:08,946 :: INFO :: Gateway Manager : Stop experiment
2021-09-06 05:56:08,955 :: INFO :: Stop experiment
2021-09-06 05:56:08,962 :: INFO :: Control node : stop of the experiment
2021-09-06 05:56:08,972 :: INFO :: Control node : profile configuration
2021-09-06 05:56:08,979 :: INFO :: Configure profile on Control Node
2021-09-06 05:56:09,050 :: INFO :: Control node : start power of open node
2021-09-06 05:56:09,093 :: INFO :: Node OpenOCD: teardown of openocd node
2021-09-06 05:56:12,143 :: INFO :: openocd node debugger stop
2021-09-06 05:56:12,839 :: INFO :: Node OpenOCD: flash of openocd node
2021-09-06 05:56:12,853 :: INFO :: Flash firmware on OpenOCD: /usr/lib/python2.7/site-packages/gateway_code/static/m3_idle.elf
2021-09-06 05:56:15,265 :: INFO :: Control node : Stop control node serial interface
2021-09-06 05:56:15,270 :: INFO :: Control node : stop power of open node
2021-09-06 05:56:15,323 :: INFO :: Control node : reset
2021-09-06 05:56:15,327 :: INFO :: Reset Control Node
2021-09-06 05:56:18,136 :: INFO :: Stop experiment succeeded
