2021-09-06 04:55:49,917 :: INFO :: Start experiment: luna-276401
2021-09-06 04:55:49,921 :: INFO :: Control node : Starting of control node serial interface
2021-09-06 04:55:49,923 :: INFO :: Control node : reset
2021-09-06 04:55:49,926 :: INFO :: Reset Control Node
2021-09-06 04:55:52,797 :: INFO :: Control node : start power of open node
2021-09-06 04:55:52,825 :: INFO :: Node OpenOCD: Setup of openocd node
2021-09-06 04:55:55,858 :: INFO :: Node OpenOCD: flash of openocd node
2021-09-06 04:55:55,876 :: INFO :: Flash firmware on OpenOCD: /tmp/tmpT5WlE0--cb924b41fcfd3e3c0bada58631722ec6_unicast-sender-count-30T-100B.iotlab-m3
2021-09-06 04:56:02,642 :: INFO :: Control node : Start experiment
2021-09-06 04:56:02,715 :: INFO :: Control Node set time delay: 1374 us
2021-09-06 04:56:02,731 :: INFO :: Control node : profile configuration
2021-09-06 04:56:02,738 :: INFO :: Configure profile on Control Node
2021-09-06 04:56:02,817 :: INFO :: Start experiment succeeded
2021-09-06 05:56:08,906 :: INFO :: Gateway Manager : Stop experiment
2021-09-06 05:56:08,915 :: INFO :: Stop experiment
2021-09-06 05:56:08,924 :: INFO :: Control node : stop of the experiment
2021-09-06 05:56:08,931 :: INFO :: Control node : profile configuration
2021-09-06 05:56:08,938 :: INFO :: Configure profile on Control Node
2021-09-06 05:56:09,012 :: INFO :: Control node : start power of open node
2021-09-06 05:56:09,055 :: INFO :: Node OpenOCD: teardown of openocd node
2021-09-06 05:56:12,113 :: INFO :: openocd node debugger stop
2021-09-06 05:56:12,799 :: INFO :: Node OpenOCD: flash of openocd node
2021-09-06 05:56:12,813 :: INFO :: Flash firmware on OpenOCD: /usr/lib/python2.7/site-packages/gateway_code/static/m3_idle.elf
2021-09-06 05:56:15,278 :: INFO :: Control node : Stop control node serial interface
2021-09-06 05:56:15,283 :: INFO :: Control node : stop power of open node
2021-09-06 05:56:15,340 :: INFO :: Control node : reset
2021-09-06 05:56:15,344 :: INFO :: Reset Control Node
2021-09-06 05:56:18,155 :: INFO :: Stop experiment succeeded
