2021-09-06 04:55:49,893 :: INFO :: Start experiment: luna-276401
2021-09-06 04:55:49,897 :: INFO :: Control node : Starting of control node serial interface
2021-09-06 04:55:49,900 :: INFO :: Control node : reset
2021-09-06 04:55:49,903 :: INFO :: Reset Control Node
2021-09-06 04:55:52,804 :: INFO :: Control node : start power of open node
2021-09-06 04:55:52,861 :: INFO :: Node OpenOCD: Setup of openocd node
2021-09-06 04:55:55,906 :: INFO :: Node OpenOCD: flash of openocd node
2021-09-06 04:55:55,924 :: INFO :: Flash firmware on OpenOCD: /tmp/tmpQE9YLG--cb924b41fcfd3e3c0bada58631722ec6_unicast-sender-count-30T-100B.iotlab-m3
2021-09-06 04:56:02,829 :: INFO :: Control node : Start experiment
2021-09-06 04:56:02,878 :: INFO :: Control Node set time delay: 1221 us
2021-09-06 04:56:02,912 :: INFO :: Control node : profile configuration
2021-09-06 04:56:02,919 :: INFO :: Configure profile on Control Node
2021-09-06 04:56:02,962 :: INFO :: Start experiment succeeded
2021-09-06 05:56:08,912 :: INFO :: Gateway Manager : Stop experiment
2021-09-06 05:56:08,921 :: INFO :: Stop experiment
2021-09-06 05:56:08,930 :: INFO :: Control node : stop of the experiment
2021-09-06 05:56:08,938 :: INFO :: Control node : profile configuration
2021-09-06 05:56:08,945 :: INFO :: Configure profile on Control Node
2021-09-06 05:56:09,021 :: INFO :: Control node : start power of open node
2021-09-06 05:56:09,065 :: INFO :: Node OpenOCD: teardown of openocd node
2021-09-06 05:56:12,117 :: INFO :: openocd node debugger stop
2021-09-06 05:56:12,813 :: INFO :: Node OpenOCD: flash of openocd node
2021-09-06 05:56:12,827 :: INFO :: Flash firmware on OpenOCD: /usr/lib/python2.7/site-packages/gateway_code/static/m3_idle.elf
2021-09-06 05:56:15,285 :: INFO :: Control node : Stop control node serial interface
2021-09-06 05:56:15,290 :: INFO :: Control node : stop power of open node
2021-09-06 05:56:15,345 :: INFO :: Control node : reset
2021-09-06 05:56:15,349 :: INFO :: Reset Control Node
2021-09-06 05:56:18,111 :: INFO :: Stop experiment succeeded
