2021-09-06 04:55:49,838 :: INFO :: Start experiment: luna-276401
2021-09-06 04:55:49,842 :: INFO :: Control node : Starting of control node serial interface
2021-09-06 04:55:49,845 :: INFO :: Control node : reset
2021-09-06 04:55:49,847 :: INFO :: Reset Control Node
2021-09-06 04:55:52,751 :: INFO :: Control node : start power of open node
2021-09-06 04:55:52,807 :: INFO :: Node OpenOCD: Setup of openocd node
2021-09-06 04:55:55,848 :: INFO :: Node OpenOCD: flash of openocd node
2021-09-06 04:55:55,866 :: INFO :: Flash firmware on OpenOCD: /tmp/tmpJ9zxQJ--cb924b41fcfd3e3c0bada58631722ec6_unicast-sender-count-30T-100B.iotlab-m3
2021-09-06 04:56:02,719 :: INFO :: Control node : Start experiment
2021-09-06 04:56:02,779 :: INFO :: Control Node set time delay: 1953 us
2021-09-06 04:56:02,802 :: INFO :: Control node : profile configuration
2021-09-06 04:56:02,809 :: INFO :: Configure profile on Control Node
2021-09-06 04:56:02,849 :: INFO :: Start experiment succeeded
2021-09-06 05:56:08,900 :: INFO :: Gateway Manager : Stop experiment
2021-09-06 05:56:08,909 :: INFO :: Stop experiment
2021-09-06 05:56:08,918 :: INFO :: Control node : stop of the experiment
2021-09-06 05:56:08,925 :: INFO :: Control node : profile configuration
2021-09-06 05:56:08,932 :: INFO :: Configure profile on Control Node
2021-09-06 05:56:09,008 :: INFO :: Control node : start power of open node
2021-09-06 05:56:09,051 :: INFO :: Node OpenOCD: teardown of openocd node
2021-09-06 05:56:12,118 :: INFO :: openocd node debugger stop
2021-09-06 05:56:12,810 :: INFO :: Node OpenOCD: flash of openocd node
2021-09-06 05:56:12,825 :: INFO :: Flash firmware on OpenOCD: /usr/lib/python2.7/site-packages/gateway_code/static/m3_idle.elf
2021-09-06 05:56:15,270 :: INFO :: Control node : Stop control node serial interface
2021-09-06 05:56:15,275 :: INFO :: Control node : stop power of open node
2021-09-06 05:56:15,330 :: INFO :: Control node : reset
2021-09-06 05:56:15,334 :: INFO :: Reset Control Node
2021-09-06 05:56:18,150 :: INFO :: Stop experiment succeeded
