2021-09-06 04:55:49,918 :: INFO :: Start experiment: luna-276401
2021-09-06 04:55:49,922 :: INFO :: Control node : Starting of control node serial interface
2021-09-06 04:55:49,925 :: INFO :: Control node : reset
2021-09-06 04:55:49,927 :: INFO :: Reset Control Node
2021-09-06 04:55:52,832 :: INFO :: Control node : start power of open node
2021-09-06 04:55:52,888 :: INFO :: Node OpenOCD: Setup of openocd node
2021-09-06 04:55:55,936 :: INFO :: Node OpenOCD: flash of openocd node
2021-09-06 04:55:55,953 :: INFO :: Flash firmware on OpenOCD: /tmp/tmpVjDbFE--cb924b41fcfd3e3c0bada58631722ec6_unicast-sender-count-30T-100B.iotlab-m3
2021-09-06 04:56:02,746 :: INFO :: Control node : Start experiment
2021-09-06 04:56:02,795 :: INFO :: Control Node set time delay: 1831 us
2021-09-06 04:56:02,827 :: INFO :: Control node : profile configuration
2021-09-06 04:56:02,834 :: INFO :: Configure profile on Control Node
2021-09-06 04:56:02,913 :: INFO :: Start experiment succeeded
2021-09-06 05:56:08,912 :: INFO :: Gateway Manager : Stop experiment
2021-09-06 05:56:08,921 :: INFO :: Stop experiment
2021-09-06 05:56:08,929 :: INFO :: Control node : stop of the experiment
2021-09-06 05:56:08,937 :: INFO :: Control node : profile configuration
2021-09-06 05:56:08,947 :: INFO :: Configure profile on Control Node
2021-09-06 05:56:09,019 :: INFO :: Control node : start power of open node
2021-09-06 05:56:09,064 :: INFO :: Node OpenOCD: teardown of openocd node
2021-09-06 05:56:12,106 :: INFO :: openocd node debugger stop
2021-09-06 05:56:12,787 :: INFO :: Node OpenOCD: flash of openocd node
2021-09-06 05:56:12,794 :: INFO :: Flash firmware on OpenOCD: /usr/lib/python2.7/site-packages/gateway_code/static/m3_idle.elf
2021-09-06 05:56:15,147 :: INFO :: Control node : Stop control node serial interface
2021-09-06 05:56:15,152 :: INFO :: Control node : stop power of open node
2021-09-06 05:56:15,206 :: INFO :: Control node : reset
2021-09-06 05:56:15,210 :: INFO :: Reset Control Node
2021-09-06 05:56:18,028 :: INFO :: Stop experiment succeeded
