2021-09-06 04:55:49,856 :: INFO :: Start experiment: luna-276401
2021-09-06 04:55:49,859 :: INFO :: Control node : Starting of control node serial interface
2021-09-06 04:55:49,862 :: INFO :: Control node : reset
2021-09-06 04:55:49,865 :: INFO :: Reset Control Node
2021-09-06 04:55:52,764 :: INFO :: Control node : start power of open node
2021-09-06 04:55:52,820 :: INFO :: Node OpenOCD: Setup of openocd node
2021-09-06 04:55:55,859 :: INFO :: Node OpenOCD: flash of openocd node
2021-09-06 04:55:55,877 :: INFO :: Flash firmware on OpenOCD: /tmp/tmpJe5sNA--ddd0625ff8382e7208c25657471d6a4a_unicast-receiver-count.iotlab-m3
2021-09-06 04:56:02,428 :: INFO :: Control node : Start experiment
2021-09-06 04:56:02,482 :: INFO :: Control Node set time delay: 1221 us
2021-09-06 04:56:02,515 :: INFO :: Control node : profile configuration
2021-09-06 04:56:02,519 :: INFO :: Configure profile on Control Node
2021-09-06 04:56:02,561 :: INFO :: Start experiment succeeded
2021-09-06 05:56:08,914 :: INFO :: Gateway Manager : Stop experiment
2021-09-06 05:56:08,923 :: INFO :: Stop experiment
2021-09-06 05:56:08,932 :: INFO :: Control node : stop of the experiment
2021-09-06 05:56:08,939 :: INFO :: Control node : profile configuration
2021-09-06 05:56:08,946 :: INFO :: Configure profile on Control Node
2021-09-06 05:56:09,018 :: INFO :: Control node : start power of open node
2021-09-06 05:56:09,064 :: INFO :: Node OpenOCD: teardown of openocd node
2021-09-06 05:56:12,102 :: INFO :: openocd node debugger stop
2021-09-06 05:56:12,788 :: INFO :: Node OpenOCD: flash of openocd node
2021-09-06 05:56:12,802 :: INFO :: Flash firmware on OpenOCD: /usr/lib/python2.7/site-packages/gateway_code/static/m3_idle.elf
2021-09-06 05:56:15,269 :: INFO :: Control node : Stop control node serial interface
2021-09-06 05:56:15,274 :: INFO :: Control node : stop power of open node
2021-09-06 05:56:15,348 :: INFO :: Control node : reset
2021-09-06 05:56:15,355 :: INFO :: Reset Control Node
2021-09-06 05:56:18,192 :: INFO :: Stop experiment succeeded
