2021-09-06 04:55:49,903 :: INFO :: Start experiment: luna-276401
2021-09-06 04:55:49,906 :: INFO :: Control node : Starting of control node serial interface
2021-09-06 04:55:49,909 :: INFO :: Control node : reset
2021-09-06 04:55:49,912 :: INFO :: Reset Control Node
2021-09-06 04:55:52,762 :: INFO :: Control node : start power of open node
2021-09-06 04:55:52,816 :: INFO :: Node OpenOCD: Setup of openocd node
2021-09-06 04:55:55,860 :: INFO :: Node OpenOCD: flash of openocd node
2021-09-06 04:55:55,877 :: INFO :: Flash firmware on OpenOCD: /tmp/tmpcR19cs--cb924b41fcfd3e3c0bada58631722ec6_unicast-sender-count-30T-100B.iotlab-m3
2021-09-06 04:56:02,665 :: INFO :: Control node : Start experiment
2021-09-06 04:56:02,728 :: INFO :: Control Node set time delay: 1648 us
2021-09-06 04:56:02,760 :: INFO :: Control node : profile configuration
2021-09-06 04:56:02,767 :: INFO :: Configure profile on Control Node
2021-09-06 04:56:02,845 :: INFO :: Start experiment succeeded
2021-09-06 05:56:08,906 :: INFO :: Gateway Manager : Stop experiment
2021-09-06 05:56:08,916 :: INFO :: Stop experiment
2021-09-06 05:56:08,925 :: INFO :: Control node : stop of the experiment
2021-09-06 05:56:08,933 :: INFO :: Control node : profile configuration
2021-09-06 05:56:08,940 :: INFO :: Configure profile on Control Node
2021-09-06 05:56:09,015 :: INFO :: Control node : start power of open node
2021-09-06 05:56:09,060 :: INFO :: Node OpenOCD: teardown of openocd node
2021-09-06 05:56:12,117 :: INFO :: openocd node debugger stop
2021-09-06 05:56:12,801 :: INFO :: Node OpenOCD: flash of openocd node
2021-09-06 05:56:12,815 :: INFO :: Flash firmware on OpenOCD: /usr/lib/python2.7/site-packages/gateway_code/static/m3_idle.elf
2021-09-06 05:56:15,333 :: INFO :: Control node : Stop control node serial interface
2021-09-06 05:56:15,342 :: INFO :: Control node : stop power of open node
2021-09-06 05:56:15,451 :: INFO :: Control node : reset
2021-09-06 05:56:15,457 :: INFO :: Reset Control Node
2021-09-06 05:56:18,243 :: INFO :: Stop experiment succeeded
