2021-09-06 04:55:49,900 :: INFO :: Start experiment: luna-276401
2021-09-06 04:55:49,904 :: INFO :: Control node : Starting of control node serial interface
2021-09-06 04:55:49,906 :: INFO :: Control node : reset
2021-09-06 04:55:49,909 :: INFO :: Reset Control Node
2021-09-06 04:55:52,811 :: INFO :: Control node : start power of open node
2021-09-06 04:55:52,868 :: INFO :: Node OpenOCD: Setup of openocd node
2021-09-06 04:55:55,905 :: INFO :: Node OpenOCD: flash of openocd node
2021-09-06 04:55:55,923 :: INFO :: Flash firmware on OpenOCD: /tmp/tmpKhVkm0--cb924b41fcfd3e3c0bada58631722ec6_unicast-sender-count-30T-100B.iotlab-m3
2021-09-06 04:56:02,832 :: INFO :: Control node : Start experiment
2021-09-06 04:56:02,865 :: INFO :: Control Node set time delay: 976 us
2021-09-06 04:56:02,882 :: INFO :: Control node : profile configuration
2021-09-06 04:56:02,886 :: INFO :: Configure profile on Control Node
2021-09-06 04:56:02,930 :: INFO :: Start experiment succeeded
2021-09-06 05:56:08,919 :: INFO :: Gateway Manager : Stop experiment
2021-09-06 05:56:08,928 :: INFO :: Stop experiment
2021-09-06 05:56:08,937 :: INFO :: Control node : stop of the experiment
2021-09-06 05:56:08,945 :: INFO :: Control node : profile configuration
2021-09-06 05:56:08,952 :: INFO :: Configure profile on Control Node
2021-09-06 05:56:09,030 :: INFO :: Control node : start power of open node
2021-09-06 05:56:09,074 :: INFO :: Node OpenOCD: teardown of openocd node
2021-09-06 05:56:12,120 :: INFO :: openocd node debugger stop
2021-09-06 05:56:12,818 :: INFO :: Node OpenOCD: flash of openocd node
2021-09-06 05:56:12,833 :: INFO :: Flash firmware on OpenOCD: /usr/lib/python2.7/site-packages/gateway_code/static/m3_idle.elf
2021-09-06 05:56:15,298 :: INFO :: Control node : Stop control node serial interface
2021-09-06 05:56:15,307 :: INFO :: Control node : stop power of open node
2021-09-06 05:56:15,408 :: INFO :: Control node : reset
2021-09-06 05:56:15,415 :: INFO :: Reset Control Node
2021-09-06 05:56:18,181 :: INFO :: Stop experiment succeeded
