2021-09-06 04:55:49,911 :: INFO :: Start experiment: luna-276401
2021-09-06 04:55:49,915 :: INFO :: Control node : Starting of control node serial interface
2021-09-06 04:55:49,917 :: INFO :: Control node : reset
2021-09-06 04:55:49,920 :: INFO :: Reset Control Node
2021-09-06 04:55:52,823 :: INFO :: Control node : start power of open node
2021-09-06 04:55:52,878 :: INFO :: Node OpenOCD: Setup of openocd node
2021-09-06 04:55:55,916 :: INFO :: Node OpenOCD: flash of openocd node
2021-09-06 04:55:55,934 :: INFO :: Flash firmware on OpenOCD: /tmp/tmp0aZXi7--cb924b41fcfd3e3c0bada58631722ec6_unicast-sender-count-30T-100B.iotlab-m3
2021-09-06 04:56:02,844 :: INFO :: Control node : Start experiment
2021-09-06 04:56:02,897 :: INFO :: Control Node set time delay: 1740 us
2021-09-06 04:56:02,915 :: INFO :: Control node : profile configuration
2021-09-06 04:56:02,918 :: INFO :: Configure profile on Control Node
2021-09-06 04:56:02,959 :: INFO :: Start experiment succeeded
2021-09-06 05:56:08,912 :: INFO :: Gateway Manager : Stop experiment
2021-09-06 05:56:08,922 :: INFO :: Stop experiment
2021-09-06 05:56:08,930 :: INFO :: Control node : stop of the experiment
2021-09-06 05:56:08,937 :: INFO :: Control node : profile configuration
2021-09-06 05:56:08,944 :: INFO :: Configure profile on Control Node
2021-09-06 05:56:09,017 :: INFO :: Control node : start power of open node
2021-09-06 05:56:09,059 :: INFO :: Node OpenOCD: teardown of openocd node
2021-09-06 05:56:12,121 :: INFO :: openocd node debugger stop
2021-09-06 05:56:12,722 :: INFO :: Node OpenOCD: flash of openocd node
2021-09-06 05:56:12,737 :: INFO :: Flash firmware on OpenOCD: /usr/lib/python2.7/site-packages/gateway_code/static/m3_idle.elf
2021-09-06 05:56:15,154 :: INFO :: Control node : Stop control node serial interface
2021-09-06 05:56:15,163 :: INFO :: Control node : stop power of open node
2021-09-06 05:56:15,270 :: INFO :: Control node : reset
2021-09-06 05:56:15,277 :: INFO :: Reset Control Node
2021-09-06 05:56:18,115 :: INFO :: Stop experiment succeeded
