2021-08-31 05:20:52,562 :: INFO :: Start experiment: luna-275823
2021-08-31 05:20:52,565 :: INFO :: Control node : Starting of control node serial interface
2021-08-31 05:20:52,568 :: INFO :: Control node : reset
2021-08-31 05:20:52,571 :: INFO :: Reset Control Node
2021-08-31 05:20:55,472 :: INFO :: Control node : start power of open node
2021-08-31 05:20:55,527 :: INFO :: Node OpenOCD: Setup of openocd node
2021-08-31 05:20:58,572 :: INFO :: Node OpenOCD: flash of openocd node
2021-08-31 05:20:58,589 :: INFO :: Flash firmware on OpenOCD: /tmp/tmp38zwmz--07af995c71c4c03e0b354753e4bf4313_unicast-sender-count-30T-191B.iotlab-m3
2021-08-31 05:21:05,379 :: INFO :: Control node : Start experiment
2021-08-31 05:21:05,442 :: INFO :: Control Node set time delay: 1404 us
2021-08-31 05:21:05,474 :: INFO :: Control node : profile configuration
2021-08-31 05:21:05,481 :: INFO :: Configure profile on Control Node
2021-08-31 05:21:05,556 :: INFO :: Start experiment succeeded
2021-08-31 06:21:11,379 :: INFO :: Gateway Manager : Stop experiment
2021-08-31 06:21:11,389 :: INFO :: Stop experiment
2021-08-31 06:21:11,397 :: INFO :: Control node : stop of the experiment
2021-08-31 06:21:11,405 :: INFO :: Control node : profile configuration
2021-08-31 06:21:11,415 :: INFO :: Configure profile on Control Node
2021-08-31 06:21:11,486 :: INFO :: Control node : start power of open node
2021-08-31 06:21:11,529 :: INFO :: Node OpenOCD: teardown of openocd node
2021-08-31 06:21:14,576 :: INFO :: openocd node debugger stop
2021-08-31 06:21:15,245 :: INFO :: Node OpenOCD: flash of openocd node
2021-08-31 06:21:15,252 :: INFO :: Flash firmware on OpenOCD: /usr/lib/python2.7/site-packages/gateway_code/static/m3_idle.elf
2021-08-31 06:21:17,605 :: INFO :: Control node : Stop control node serial interface
2021-08-31 06:21:17,614 :: INFO :: Control node : stop power of open node
2021-08-31 06:21:17,690 :: INFO :: Control node : reset
2021-08-31 06:21:17,697 :: INFO :: Reset Control Node
2021-08-31 06:21:20,537 :: INFO :: Stop experiment succeeded
