2021-08-31 05:20:52,603 :: INFO :: Start experiment: luna-275823
2021-08-31 05:20:52,606 :: INFO :: Control node : Starting of control node serial interface
2021-08-31 05:20:52,609 :: INFO :: Control node : reset
2021-08-31 05:20:52,612 :: INFO :: Reset Control Node
2021-08-31 05:20:55,452 :: INFO :: Control node : start power of open node
2021-08-31 05:20:55,481 :: INFO :: Node OpenOCD: Setup of openocd node
2021-08-31 05:20:58,520 :: INFO :: Node OpenOCD: flash of openocd node
2021-08-31 05:20:58,538 :: INFO :: Flash firmware on OpenOCD: /tmp/tmpwnl8ti--07af995c71c4c03e0b354753e4bf4313_unicast-sender-count-30T-191B.iotlab-m3
2021-08-31 05:21:05,391 :: INFO :: Control node : Start experiment
2021-08-31 05:21:05,443 :: INFO :: Control Node set time delay: 1892 us
2021-08-31 05:21:05,476 :: INFO :: Control node : profile configuration
2021-08-31 05:21:05,482 :: INFO :: Configure profile on Control Node
2021-08-31 05:21:05,541 :: INFO :: Start experiment succeeded
2021-08-31 06:21:11,423 :: INFO :: Gateway Manager : Stop experiment
2021-08-31 06:21:11,443 :: INFO :: Stop experiment
2021-08-31 06:21:11,463 :: INFO :: Control node : stop of the experiment
2021-08-31 06:21:11,481 :: INFO :: Control node : profile configuration
2021-08-31 06:21:11,503 :: INFO :: Configure profile on Control Node
2021-08-31 06:21:11,656 :: INFO :: Control node : start power of open node
2021-08-31 06:21:11,677 :: INFO :: Node OpenOCD: teardown of openocd node
2021-08-31 06:21:14,739 :: INFO :: openocd node debugger stop
2021-08-31 06:21:15,422 :: INFO :: Node OpenOCD: flash of openocd node
2021-08-31 06:21:15,429 :: INFO :: Flash firmware on OpenOCD: /usr/lib/python2.7/site-packages/gateway_code/static/m3_idle.elf
2021-08-31 06:21:17,779 :: INFO :: Control node : Stop control node serial interface
2021-08-31 06:21:17,787 :: INFO :: Control node : stop power of open node
2021-08-31 06:21:17,863 :: INFO :: Control node : reset
2021-08-31 06:21:17,870 :: INFO :: Reset Control Node
2021-08-31 06:21:20,712 :: INFO :: Stop experiment succeeded
