2021-08-31 05:20:52,620 :: INFO :: Start experiment: luna-275823
2021-08-31 05:20:52,624 :: INFO :: Control node : Starting of control node serial interface
2021-08-31 05:20:52,626 :: INFO :: Control node : reset
2021-08-31 05:20:52,629 :: INFO :: Reset Control Node
2021-08-31 05:20:55,533 :: INFO :: Control node : start power of open node
2021-08-31 05:20:55,589 :: INFO :: Node OpenOCD: Setup of openocd node
2021-08-31 05:20:58,635 :: INFO :: Node OpenOCD: flash of openocd node
2021-08-31 05:20:58,653 :: INFO :: Flash firmware on OpenOCD: /tmp/tmppgJw0I--07af995c71c4c03e0b354753e4bf4313_unicast-sender-count-30T-191B.iotlab-m3
2021-08-31 05:21:05,516 :: INFO :: Control node : Start experiment
2021-08-31 05:21:05,565 :: INFO :: Control Node set time delay: 1984 us
2021-08-31 05:21:05,597 :: INFO :: Control node : profile configuration
2021-08-31 05:21:05,604 :: INFO :: Configure profile on Control Node
2021-08-31 05:21:05,647 :: INFO :: Start experiment succeeded
2021-08-31 06:21:11,386 :: INFO :: Gateway Manager : Stop experiment
2021-08-31 06:21:11,396 :: INFO :: Stop experiment
2021-08-31 06:21:11,404 :: INFO :: Control node : stop of the experiment
2021-08-31 06:21:11,412 :: INFO :: Control node : profile configuration
2021-08-31 06:21:11,419 :: INFO :: Configure profile on Control Node
2021-08-31 06:21:11,494 :: INFO :: Control node : start power of open node
2021-08-31 06:21:11,537 :: INFO :: Node OpenOCD: teardown of openocd node
2021-08-31 06:21:14,588 :: INFO :: openocd node debugger stop
2021-08-31 06:21:15,278 :: INFO :: Node OpenOCD: flash of openocd node
2021-08-31 06:21:15,292 :: INFO :: Flash firmware on OpenOCD: /usr/lib/python2.7/site-packages/gateway_code/static/m3_idle.elf
2021-08-31 06:21:17,756 :: INFO :: Control node : Stop control node serial interface
2021-08-31 06:21:17,765 :: INFO :: Control node : stop power of open node
2021-08-31 06:21:17,839 :: INFO :: Control node : reset
2021-08-31 06:21:17,846 :: INFO :: Reset Control Node
2021-08-31 06:21:20,625 :: INFO :: Stop experiment succeeded
