2021-08-31 05:20:52,597 :: INFO :: Start experiment: luna-275823
2021-08-31 05:20:52,601 :: INFO :: Control node : Starting of control node serial interface
2021-08-31 05:20:52,603 :: INFO :: Control node : reset
2021-08-31 05:20:52,606 :: INFO :: Reset Control Node
2021-08-31 05:20:55,439 :: INFO :: Control node : start power of open node
2021-08-31 05:20:55,467 :: INFO :: Node OpenOCD: Setup of openocd node
2021-08-31 05:20:58,507 :: INFO :: Node OpenOCD: flash of openocd node
2021-08-31 05:20:58,524 :: INFO :: Flash firmware on OpenOCD: /tmp/tmpLafT_i--07af995c71c4c03e0b354753e4bf4313_unicast-sender-count-30T-191B.iotlab-m3
2021-08-31 05:21:05,313 :: INFO :: Control node : Start experiment
2021-08-31 05:21:05,364 :: INFO :: Control Node set time delay: 1587 us
2021-08-31 05:21:05,396 :: INFO :: Control node : profile configuration
2021-08-31 05:21:05,402 :: INFO :: Configure profile on Control Node
2021-08-31 05:21:05,479 :: INFO :: Start experiment succeeded
2021-08-31 06:21:11,374 :: INFO :: Gateway Manager : Stop experiment
2021-08-31 06:21:11,383 :: INFO :: Stop experiment
2021-08-31 06:21:11,391 :: INFO :: Control node : stop of the experiment
2021-08-31 06:21:11,399 :: INFO :: Control node : profile configuration
2021-08-31 06:21:11,406 :: INFO :: Configure profile on Control Node
2021-08-31 06:21:11,479 :: INFO :: Control node : start power of open node
2021-08-31 06:21:11,522 :: INFO :: Node OpenOCD: teardown of openocd node
2021-08-31 06:21:14,589 :: INFO :: openocd node debugger stop
2021-08-31 06:21:15,283 :: INFO :: Node OpenOCD: flash of openocd node
2021-08-31 06:21:15,297 :: INFO :: Flash firmware on OpenOCD: /usr/lib/python2.7/site-packages/gateway_code/static/m3_idle.elf
2021-08-31 06:21:17,752 :: INFO :: Control node : Stop control node serial interface
2021-08-31 06:21:17,757 :: INFO :: Control node : stop power of open node
2021-08-31 06:21:17,807 :: INFO :: Control node : reset
2021-08-31 06:21:17,811 :: INFO :: Reset Control Node
2021-08-31 06:21:20,664 :: INFO :: Stop experiment succeeded
