2021-08-31 05:20:52,630 :: INFO :: Start experiment: luna-275823
2021-08-31 05:20:52,633 :: INFO :: Control node : Starting of control node serial interface
2021-08-31 05:20:52,636 :: INFO :: Control node : reset
2021-08-31 05:20:52,639 :: INFO :: Reset Control Node
2021-08-31 05:20:55,534 :: INFO :: Control node : start power of open node
2021-08-31 05:20:55,562 :: INFO :: Node OpenOCD: Setup of openocd node
2021-08-31 05:20:58,600 :: INFO :: Node OpenOCD: flash of openocd node
2021-08-31 05:20:58,618 :: INFO :: Flash firmware on OpenOCD: /tmp/tmpzxdIaW--07af995c71c4c03e0b354753e4bf4313_unicast-sender-count-30T-191B.iotlab-m3
2021-08-31 05:21:05,526 :: INFO :: Control node : Start experiment
2021-08-31 05:21:05,587 :: INFO :: Control Node set time delay: 1160 us
2021-08-31 05:21:05,609 :: INFO :: Control node : profile configuration
2021-08-31 05:21:05,612 :: INFO :: Configure profile on Control Node
2021-08-31 05:21:05,655 :: INFO :: Start experiment succeeded
2021-08-31 06:21:11,384 :: INFO :: Gateway Manager : Stop experiment
2021-08-31 06:21:11,395 :: INFO :: Stop experiment
2021-08-31 06:21:11,403 :: INFO :: Control node : stop of the experiment
2021-08-31 06:21:11,411 :: INFO :: Control node : profile configuration
2021-08-31 06:21:11,419 :: INFO :: Configure profile on Control Node
2021-08-31 06:21:11,495 :: INFO :: Control node : start power of open node
2021-08-31 06:21:11,540 :: INFO :: Node OpenOCD: teardown of openocd node
2021-08-31 06:21:14,581 :: INFO :: openocd node debugger stop
2021-08-31 06:21:15,268 :: INFO :: Node OpenOCD: flash of openocd node
2021-08-31 06:21:15,282 :: INFO :: Flash firmware on OpenOCD: /usr/lib/python2.7/site-packages/gateway_code/static/m3_idle.elf
2021-08-31 06:21:17,713 :: INFO :: Control node : Stop control node serial interface
2021-08-31 06:21:17,722 :: INFO :: Control node : stop power of open node
2021-08-31 06:21:17,798 :: INFO :: Control node : reset
2021-08-31 06:21:17,805 :: INFO :: Reset Control Node
2021-08-31 06:21:20,593 :: INFO :: Stop experiment succeeded
