2021-08-31 05:20:52,571 :: INFO :: Start experiment: luna-275823
2021-08-31 05:20:52,575 :: INFO :: Control node : Starting of control node serial interface
2021-08-31 05:20:52,577 :: INFO :: Control node : reset
2021-08-31 05:20:52,580 :: INFO :: Reset Control Node
2021-08-31 05:20:55,460 :: INFO :: Control node : start power of open node
2021-08-31 05:20:55,488 :: INFO :: Node OpenOCD: Setup of openocd node
2021-08-31 05:20:58,523 :: INFO :: Node OpenOCD: flash of openocd node
2021-08-31 05:20:58,541 :: INFO :: Flash firmware on OpenOCD: /tmp/tmpsEUQv1--07af995c71c4c03e0b354753e4bf4313_unicast-sender-count-30T-191B.iotlab-m3
2021-08-31 05:21:05,242 :: INFO :: Control node : Start experiment
2021-08-31 05:21:05,294 :: INFO :: Control Node set time delay: 1435 us
2021-08-31 05:21:05,326 :: INFO :: Control node : profile configuration
2021-08-31 05:21:05,333 :: INFO :: Configure profile on Control Node
2021-08-31 05:21:05,411 :: INFO :: Start experiment succeeded
2021-08-31 06:21:11,385 :: INFO :: Gateway Manager : Stop experiment
2021-08-31 06:21:11,394 :: INFO :: Stop experiment
2021-08-31 06:21:11,402 :: INFO :: Control node : stop of the experiment
2021-08-31 06:21:11,410 :: INFO :: Control node : profile configuration
2021-08-31 06:21:11,420 :: INFO :: Configure profile on Control Node
2021-08-31 06:21:11,492 :: INFO :: Control node : start power of open node
2021-08-31 06:21:11,536 :: INFO :: Node OpenOCD: teardown of openocd node
2021-08-31 06:21:14,585 :: INFO :: openocd node debugger stop
2021-08-31 06:21:15,245 :: INFO :: Node OpenOCD: flash of openocd node
2021-08-31 06:21:15,252 :: INFO :: Flash firmware on OpenOCD: /usr/lib/python2.7/site-packages/gateway_code/static/m3_idle.elf
2021-08-31 06:21:17,655 :: INFO :: Control node : Stop control node serial interface
2021-08-31 06:21:17,664 :: INFO :: Control node : stop power of open node
2021-08-31 06:21:17,738 :: INFO :: Control node : reset
2021-08-31 06:21:17,745 :: INFO :: Reset Control Node
2021-08-31 06:21:20,534 :: INFO :: Stop experiment succeeded
