2021-08-31 05:20:52,618 :: INFO :: Start experiment: luna-275823
2021-08-31 05:20:52,622 :: INFO :: Control node : Starting of control node serial interface
2021-08-31 05:20:52,624 :: INFO :: Control node : reset
2021-08-31 05:20:52,627 :: INFO :: Reset Control Node
2021-08-31 05:20:55,534 :: INFO :: Control node : start power of open node
2021-08-31 05:20:55,588 :: INFO :: Node OpenOCD: Setup of openocd node
2021-08-31 05:20:58,639 :: INFO :: Node OpenOCD: flash of openocd node
2021-08-31 05:20:58,657 :: INFO :: Flash firmware on OpenOCD: /tmp/tmpUEk73y--07af995c71c4c03e0b354753e4bf4313_unicast-sender-count-30T-191B.iotlab-m3
2021-08-31 05:21:05,509 :: INFO :: Control node : Start experiment
2021-08-31 05:21:05,559 :: INFO :: Control Node set time delay: 1373 us
2021-08-31 05:21:05,591 :: INFO :: Control node : profile configuration
2021-08-31 05:21:05,594 :: INFO :: Configure profile on Control Node
2021-08-31 05:21:05,635 :: INFO :: Start experiment succeeded
2021-08-31 06:21:11,384 :: INFO :: Gateway Manager : Stop experiment
2021-08-31 06:21:11,394 :: INFO :: Stop experiment
2021-08-31 06:21:11,402 :: INFO :: Control node : stop of the experiment
2021-08-31 06:21:11,410 :: INFO :: Control node : profile configuration
2021-08-31 06:21:11,417 :: INFO :: Configure profile on Control Node
2021-08-31 06:21:11,490 :: INFO :: Control node : start power of open node
2021-08-31 06:21:11,534 :: INFO :: Node OpenOCD: teardown of openocd node
2021-08-31 06:21:14,586 :: INFO :: openocd node debugger stop
2021-08-31 06:21:15,276 :: INFO :: Node OpenOCD: flash of openocd node
2021-08-31 06:21:15,290 :: INFO :: Flash firmware on OpenOCD: /usr/lib/python2.7/site-packages/gateway_code/static/m3_idle.elf
2021-08-31 06:21:17,752 :: INFO :: Control node : Stop control node serial interface
2021-08-31 06:21:17,757 :: INFO :: Control node : stop power of open node
2021-08-31 06:21:17,808 :: INFO :: Control node : reset
2021-08-31 06:21:17,812 :: INFO :: Reset Control Node
2021-08-31 06:21:20,637 :: INFO :: Stop experiment succeeded
