2021-08-31 05:20:52,593 :: INFO :: Start experiment: luna-275823
2021-08-31 05:20:52,597 :: INFO :: Control node : Starting of control node serial interface
2021-08-31 05:20:52,599 :: INFO :: Control node : reset
2021-08-31 05:20:52,602 :: INFO :: Reset Control Node
2021-08-31 05:20:55,458 :: INFO :: Control node : start power of open node
2021-08-31 05:20:55,486 :: INFO :: Node OpenOCD: Setup of openocd node
2021-08-31 05:20:58,528 :: INFO :: Node OpenOCD: flash of openocd node
2021-08-31 05:20:58,546 :: INFO :: Flash firmware on OpenOCD: /tmp/tmpSuNydW--07af995c71c4c03e0b354753e4bf4313_unicast-sender-count-30T-191B.iotlab-m3
2021-08-31 05:21:05,399 :: INFO :: Control node : Start experiment
2021-08-31 05:21:05,457 :: INFO :: Control Node set time delay: 1404 us
2021-08-31 05:21:05,482 :: INFO :: Control node : profile configuration
2021-08-31 05:21:05,489 :: INFO :: Configure profile on Control Node
2021-08-31 05:21:05,544 :: INFO :: Start experiment succeeded
2021-08-31 06:21:11,372 :: INFO :: Gateway Manager : Stop experiment
2021-08-31 06:21:11,382 :: INFO :: Stop experiment
2021-08-31 06:21:11,390 :: INFO :: Control node : stop of the experiment
2021-08-31 06:21:11,398 :: INFO :: Control node : profile configuration
2021-08-31 06:21:11,408 :: INFO :: Configure profile on Control Node
2021-08-31 06:21:11,480 :: INFO :: Control node : start power of open node
2021-08-31 06:21:11,524 :: INFO :: Node OpenOCD: teardown of openocd node
2021-08-31 06:21:14,580 :: INFO :: openocd node debugger stop
2021-08-31 06:21:15,271 :: INFO :: Node OpenOCD: flash of openocd node
2021-08-31 06:21:15,285 :: INFO :: Flash firmware on OpenOCD: /usr/lib/python2.7/site-packages/gateway_code/static/m3_idle.elf
2021-08-31 06:21:17,724 :: INFO :: Control node : Stop control node serial interface
2021-08-31 06:21:17,730 :: INFO :: Control node : stop power of open node
2021-08-31 06:21:17,780 :: INFO :: Control node : reset
2021-08-31 06:21:17,784 :: INFO :: Reset Control Node
2021-08-31 06:21:20,606 :: INFO :: Stop experiment succeeded
