2021-08-31 05:20:52,609 :: INFO :: Start experiment: luna-275823
2021-08-31 05:20:52,612 :: INFO :: Control node : Starting of control node serial interface
2021-08-31 05:20:52,615 :: INFO :: Control node : reset
2021-08-31 05:20:52,618 :: INFO :: Reset Control Node
2021-08-31 05:20:55,519 :: INFO :: Control node : start power of open node
2021-08-31 05:20:55,573 :: INFO :: Node OpenOCD: Setup of openocd node
2021-08-31 05:20:58,621 :: INFO :: Node OpenOCD: flash of openocd node
2021-08-31 05:20:58,640 :: INFO :: Flash firmware on OpenOCD: /tmp/tmpaSG1_Z--07af995c71c4c03e0b354753e4bf4313_unicast-sender-count-30T-191B.iotlab-m3
2021-08-31 05:21:05,492 :: INFO :: Control node : Start experiment
2021-08-31 05:21:05,539 :: INFO :: Control Node set time delay: 1129 us
2021-08-31 05:21:05,571 :: INFO :: Control node : profile configuration
2021-08-31 05:21:05,578 :: INFO :: Configure profile on Control Node
2021-08-31 05:21:05,631 :: INFO :: Start experiment succeeded
2021-08-31 06:21:11,410 :: INFO :: Gateway Manager : Stop experiment
2021-08-31 06:21:11,419 :: INFO :: Stop experiment
2021-08-31 06:21:11,428 :: INFO :: Control node : stop of the experiment
2021-08-31 06:21:11,435 :: INFO :: Control node : profile configuration
2021-08-31 06:21:11,443 :: INFO :: Configure profile on Control Node
2021-08-31 06:21:11,517 :: INFO :: Control node : start power of open node
2021-08-31 06:21:11,560 :: INFO :: Node OpenOCD: teardown of openocd node
2021-08-31 06:21:14,601 :: INFO :: openocd node debugger stop
2021-08-31 06:21:15,286 :: INFO :: Node OpenOCD: flash of openocd node
2021-08-31 06:21:15,292 :: INFO :: Flash firmware on OpenOCD: /usr/lib/python2.7/site-packages/gateway_code/static/m3_idle.elf
2021-08-31 06:21:17,702 :: INFO :: Control node : Stop control node serial interface
2021-08-31 06:21:17,707 :: INFO :: Control node : stop power of open node
2021-08-31 06:21:17,757 :: INFO :: Control node : reset
2021-08-31 06:21:17,761 :: INFO :: Reset Control Node
2021-08-31 06:21:20,600 :: INFO :: Stop experiment succeeded
