2021-08-31 05:20:52,600 :: INFO :: Start experiment: luna-275823
2021-08-31 05:20:52,604 :: INFO :: Control node : Starting of control node serial interface
2021-08-31 05:20:52,607 :: INFO :: Control node : reset
2021-08-31 05:20:52,610 :: INFO :: Reset Control Node
2021-08-31 05:20:55,515 :: INFO :: Control node : start power of open node
2021-08-31 05:20:55,571 :: INFO :: Node OpenOCD: Setup of openocd node
2021-08-31 05:20:58,610 :: INFO :: Node OpenOCD: flash of openocd node
2021-08-31 05:20:58,628 :: INFO :: Flash firmware on OpenOCD: /tmp/tmpKvT_al--07af995c71c4c03e0b354753e4bf4313_unicast-sender-count-30T-191B.iotlab-m3
2021-08-31 05:21:05,533 :: INFO :: Control node : Start experiment
2021-08-31 05:21:05,586 :: INFO :: Control Node set time delay: 1068 us
2021-08-31 05:21:05,613 :: INFO :: Control node : profile configuration
2021-08-31 05:21:05,617 :: INFO :: Configure profile on Control Node
2021-08-31 05:21:05,659 :: INFO :: Start experiment succeeded
2021-08-31 06:21:11,415 :: INFO :: Gateway Manager : Stop experiment
2021-08-31 06:21:11,425 :: INFO :: Stop experiment
2021-08-31 06:21:11,434 :: INFO :: Control node : stop of the experiment
2021-08-31 06:21:11,442 :: INFO :: Control node : profile configuration
2021-08-31 06:21:11,450 :: INFO :: Configure profile on Control Node
2021-08-31 06:21:11,526 :: INFO :: Control node : start power of open node
2021-08-31 06:21:11,569 :: INFO :: Node OpenOCD: teardown of openocd node
2021-08-31 06:21:14,620 :: INFO :: openocd node debugger stop
2021-08-31 06:21:15,211 :: INFO :: Node OpenOCD: flash of openocd node
2021-08-31 06:21:15,226 :: INFO :: Flash firmware on OpenOCD: /usr/lib/python2.7/site-packages/gateway_code/static/m3_idle.elf
2021-08-31 06:21:17,627 :: INFO :: Control node : Stop control node serial interface
2021-08-31 06:21:17,636 :: INFO :: Control node : stop power of open node
2021-08-31 06:21:17,713 :: INFO :: Control node : reset
2021-08-31 06:21:17,720 :: INFO :: Reset Control Node
2021-08-31 06:21:20,559 :: INFO :: Stop experiment succeeded
