2021-08-31 05:20:52,562 :: INFO :: Start experiment: luna-275823
2021-08-31 05:20:52,566 :: INFO :: Control node : Starting of control node serial interface
2021-08-31 05:20:52,568 :: INFO :: Control node : reset
2021-08-31 05:20:52,571 :: INFO :: Reset Control Node
2021-08-31 05:20:55,425 :: INFO :: Control node : start power of open node
2021-08-31 05:20:55,482 :: INFO :: Node OpenOCD: Setup of openocd node
2021-08-31 05:20:58,531 :: INFO :: Node OpenOCD: flash of openocd node
2021-08-31 05:20:58,548 :: INFO :: Flash firmware on OpenOCD: /tmp/tmpPcBBVG--07af995c71c4c03e0b354753e4bf4313_unicast-sender-count-30T-191B.iotlab-m3
2021-08-31 05:21:05,332 :: INFO :: Control node : Start experiment
2021-08-31 05:21:05,400 :: INFO :: Control Node set time delay: 1343 us
2021-08-31 05:21:05,433 :: INFO :: Control node : profile configuration
2021-08-31 05:21:05,440 :: INFO :: Configure profile on Control Node
2021-08-31 05:21:05,518 :: INFO :: Start experiment succeeded
2021-08-31 06:21:11,410 :: INFO :: Gateway Manager : Stop experiment
2021-08-31 06:21:11,421 :: INFO :: Stop experiment
2021-08-31 06:21:11,429 :: INFO :: Control node : stop of the experiment
2021-08-31 06:21:11,437 :: INFO :: Control node : profile configuration
2021-08-31 06:21:11,444 :: INFO :: Configure profile on Control Node
2021-08-31 06:21:11,518 :: INFO :: Control node : start power of open node
2021-08-31 06:21:11,562 :: INFO :: Node OpenOCD: teardown of openocd node
2021-08-31 06:21:14,601 :: INFO :: openocd node debugger stop
2021-08-31 06:21:15,297 :: INFO :: Node OpenOCD: flash of openocd node
2021-08-31 06:21:15,312 :: INFO :: Flash firmware on OpenOCD: /usr/lib/python2.7/site-packages/gateway_code/static/m3_idle.elf
2021-08-31 06:21:17,775 :: INFO :: Control node : Stop control node serial interface
2021-08-31 06:21:17,780 :: INFO :: Control node : stop power of open node
2021-08-31 06:21:17,829 :: INFO :: Control node : reset
2021-08-31 06:21:17,833 :: INFO :: Reset Control Node
2021-08-31 06:21:20,593 :: INFO :: Stop experiment succeeded
