2021-08-31 05:20:52,575 :: INFO :: Start experiment: luna-275823
2021-08-31 05:20:52,578 :: INFO :: Control node : Starting of control node serial interface
2021-08-31 05:20:52,581 :: INFO :: Control node : reset
2021-08-31 05:20:52,584 :: INFO :: Reset Control Node
2021-08-31 05:20:55,488 :: INFO :: Control node : start power of open node
2021-08-31 05:20:55,546 :: INFO :: Node OpenOCD: Setup of openocd node
2021-08-31 05:20:58,591 :: INFO :: Node OpenOCD: flash of openocd node
2021-08-31 05:20:58,609 :: INFO :: Flash firmware on OpenOCD: /tmp/tmp8NDXA8--07af995c71c4c03e0b354753e4bf4313_unicast-sender-count-30T-191B.iotlab-m3
2021-08-31 05:21:05,433 :: INFO :: Control node : Start experiment
2021-08-31 05:21:05,486 :: INFO :: Control Node set time delay: 1922 us
2021-08-31 05:21:05,504 :: INFO :: Control node : profile configuration
2021-08-31 05:21:05,507 :: INFO :: Configure profile on Control Node
2021-08-31 05:21:05,550 :: INFO :: Start experiment succeeded
2021-08-31 06:21:11,414 :: INFO :: Gateway Manager : Stop experiment
2021-08-31 06:21:11,423 :: INFO :: Stop experiment
2021-08-31 06:21:11,432 :: INFO :: Control node : stop of the experiment
2021-08-31 06:21:11,439 :: INFO :: Control node : profile configuration
2021-08-31 06:21:11,447 :: INFO :: Configure profile on Control Node
2021-08-31 06:21:11,521 :: INFO :: Control node : start power of open node
2021-08-31 06:21:11,565 :: INFO :: Node OpenOCD: teardown of openocd node
2021-08-31 06:21:14,606 :: INFO :: openocd node debugger stop
2021-08-31 06:21:15,297 :: INFO :: Node OpenOCD: flash of openocd node
2021-08-31 06:21:15,312 :: INFO :: Flash firmware on OpenOCD: /usr/lib/python2.7/site-packages/gateway_code/static/m3_idle.elf
2021-08-31 06:21:17,774 :: INFO :: Control node : Stop control node serial interface
2021-08-31 06:21:17,780 :: INFO :: Control node : stop power of open node
2021-08-31 06:21:17,831 :: INFO :: Control node : reset
2021-08-31 06:21:17,835 :: INFO :: Reset Control Node
2021-08-31 06:21:20,646 :: INFO :: Stop experiment succeeded
