2021-08-31 05:20:52,551 :: INFO :: Start experiment: luna-275823
2021-08-31 05:20:52,554 :: INFO :: Control node : Starting of control node serial interface
2021-08-31 05:20:52,557 :: INFO :: Control node : reset
2021-08-31 05:20:52,560 :: INFO :: Reset Control Node
2021-08-31 05:20:55,463 :: INFO :: Control node : start power of open node
2021-08-31 05:20:55,517 :: INFO :: Node OpenOCD: Setup of openocd node
2021-08-31 05:20:58,561 :: INFO :: Node OpenOCD: flash of openocd node
2021-08-31 05:20:58,580 :: INFO :: Flash firmware on OpenOCD: /tmp/tmp1B4BK_--ddd0625ff8382e7208c25657471d6a4a_unicast-receiver-count.iotlab-m3
2021-08-31 05:21:05,127 :: INFO :: Control node : Start experiment
2021-08-31 05:21:05,188 :: INFO :: Control Node set time delay: 1892 us
2021-08-31 05:21:05,204 :: INFO :: Control node : profile configuration
2021-08-31 05:21:05,208 :: INFO :: Configure profile on Control Node
2021-08-31 05:21:05,248 :: INFO :: Start experiment succeeded
2021-08-31 06:21:11,412 :: INFO :: Gateway Manager : Stop experiment
2021-08-31 06:21:11,434 :: INFO :: Stop experiment
2021-08-31 06:21:11,453 :: INFO :: Control node : stop of the experiment
2021-08-31 06:21:11,475 :: INFO :: Control node : profile configuration
2021-08-31 06:21:11,492 :: INFO :: Configure profile on Control Node
2021-08-31 06:21:11,644 :: INFO :: Control node : start power of open node
2021-08-31 06:21:11,663 :: INFO :: Node OpenOCD: teardown of openocd node
2021-08-31 06:21:14,709 :: INFO :: openocd node debugger stop
2021-08-31 06:21:15,404 :: INFO :: Node OpenOCD: flash of openocd node
2021-08-31 06:21:15,418 :: INFO :: Flash firmware on OpenOCD: /usr/lib/python2.7/site-packages/gateway_code/static/m3_idle.elf
2021-08-31 06:21:17,871 :: INFO :: Control node : Stop control node serial interface
2021-08-31 06:21:17,876 :: INFO :: Control node : stop power of open node
2021-08-31 06:21:17,927 :: INFO :: Control node : reset
2021-08-31 06:21:17,933 :: INFO :: Reset Control Node
2021-08-31 06:21:20,776 :: INFO :: Stop experiment succeeded
