2021-08-31 05:20:52,607 :: INFO :: Start experiment: luna-275823
2021-08-31 05:20:52,610 :: INFO :: Control node : Starting of control node serial interface
2021-08-31 05:20:52,613 :: INFO :: Control node : reset
2021-08-31 05:20:52,616 :: INFO :: Reset Control Node
2021-08-31 05:20:55,519 :: INFO :: Control node : start power of open node
2021-08-31 05:20:55,576 :: INFO :: Node OpenOCD: Setup of openocd node
2021-08-31 05:20:58,613 :: INFO :: Node OpenOCD: flash of openocd node
2021-08-31 05:20:58,632 :: INFO :: Flash firmware on OpenOCD: /tmp/tmpJg87A1--07af995c71c4c03e0b354753e4bf4313_unicast-sender-count-30T-191B.iotlab-m3
2021-08-31 05:21:05,491 :: INFO :: Control node : Start experiment
2021-08-31 05:21:05,551 :: INFO :: Control Node set time delay: 1953 us
2021-08-31 05:21:05,574 :: INFO :: Control node : profile configuration
2021-08-31 05:21:05,581 :: INFO :: Configure profile on Control Node
2021-08-31 05:21:05,650 :: INFO :: Start experiment succeeded
2021-08-31 06:21:11,372 :: INFO :: Gateway Manager : Stop experiment
2021-08-31 06:21:11,381 :: INFO :: Stop experiment
2021-08-31 06:21:11,390 :: INFO :: Control node : stop of the experiment
2021-08-31 06:21:11,397 :: INFO :: Control node : profile configuration
2021-08-31 06:21:11,408 :: INFO :: Configure profile on Control Node
2021-08-31 06:21:11,479 :: INFO :: Control node : start power of open node
2021-08-31 06:21:11,523 :: INFO :: Node OpenOCD: teardown of openocd node
2021-08-31 06:21:14,580 :: INFO :: openocd node debugger stop
2021-08-31 06:21:15,269 :: INFO :: Node OpenOCD: flash of openocd node
2021-08-31 06:21:15,283 :: INFO :: Flash firmware on OpenOCD: /usr/lib/python2.7/site-packages/gateway_code/static/m3_idle.elf
2021-08-31 06:21:17,721 :: INFO :: Control node : Stop control node serial interface
2021-08-31 06:21:17,726 :: INFO :: Control node : stop power of open node
2021-08-31 06:21:17,776 :: INFO :: Control node : reset
2021-08-31 06:21:17,780 :: INFO :: Reset Control Node
2021-08-31 06:21:20,654 :: INFO :: Stop experiment succeeded
