2021-08-31 05:20:52,606 :: INFO :: Start experiment: luna-275823
2021-08-31 05:20:52,609 :: INFO :: Control node : Starting of control node serial interface
2021-08-31 05:20:52,612 :: INFO :: Control node : reset
2021-08-31 05:20:52,615 :: INFO :: Reset Control Node
2021-08-31 05:20:55,519 :: INFO :: Control node : start power of open node
2021-08-31 05:20:55,576 :: INFO :: Node OpenOCD: Setup of openocd node
2021-08-31 05:20:58,625 :: INFO :: Node OpenOCD: flash of openocd node
2021-08-31 05:20:58,642 :: INFO :: Flash firmware on OpenOCD: /tmp/tmp0xAXnZ--07af995c71c4c03e0b354753e4bf4313_unicast-sender-count-30T-191B.iotlab-m3
2021-08-31 05:21:05,548 :: INFO :: Control node : Start experiment
2021-08-31 05:21:05,601 :: INFO :: Control Node set time delay: 1404 us
2021-08-31 05:21:05,629 :: INFO :: Control node : profile configuration
2021-08-31 05:21:05,633 :: INFO :: Configure profile on Control Node
2021-08-31 05:21:05,675 :: INFO :: Start experiment succeeded
2021-08-31 06:21:11,383 :: INFO :: Gateway Manager : Stop experiment
2021-08-31 06:21:11,393 :: INFO :: Stop experiment
2021-08-31 06:21:11,401 :: INFO :: Control node : stop of the experiment
2021-08-31 06:21:11,409 :: INFO :: Control node : profile configuration
2021-08-31 06:21:11,419 :: INFO :: Configure profile on Control Node
2021-08-31 06:21:11,488 :: INFO :: Control node : start power of open node
2021-08-31 06:21:11,533 :: INFO :: Node OpenOCD: teardown of openocd node
2021-08-31 06:21:14,599 :: INFO :: openocd node debugger stop
2021-08-31 06:21:15,292 :: INFO :: Node OpenOCD: flash of openocd node
2021-08-31 06:21:15,307 :: INFO :: Flash firmware on OpenOCD: /usr/lib/python2.7/site-packages/gateway_code/static/m3_idle.elf
2021-08-31 06:21:17,685 :: INFO :: Control node : Stop control node serial interface
2021-08-31 06:21:17,694 :: INFO :: Control node : stop power of open node
2021-08-31 06:21:17,762 :: INFO :: Control node : reset
2021-08-31 06:21:17,769 :: INFO :: Reset Control Node
2021-08-31 06:21:20,611 :: INFO :: Stop experiment succeeded
