2021-08-31 05:20:52,594 :: INFO :: Start experiment: luna-275823
2021-08-31 05:20:52,598 :: INFO :: Control node : Starting of control node serial interface
2021-08-31 05:20:52,601 :: INFO :: Control node : reset
2021-08-31 05:20:52,603 :: INFO :: Reset Control Node
2021-08-31 05:20:55,490 :: INFO :: Control node : start power of open node
2021-08-31 05:20:55,518 :: INFO :: Node OpenOCD: Setup of openocd node
2021-08-31 05:20:58,559 :: INFO :: Node OpenOCD: flash of openocd node
2021-08-31 05:20:58,577 :: INFO :: Flash firmware on OpenOCD: /tmp/tmpAhkgjj--07af995c71c4c03e0b354753e4bf4313_unicast-sender-count-30T-191B.iotlab-m3
2021-08-31 05:21:05,382 :: INFO :: Control node : Start experiment
2021-08-31 05:21:05,476 :: INFO :: Control Node set time delay: 1861 us
2021-08-31 05:21:05,485 :: INFO :: Control node : profile configuration
2021-08-31 05:21:05,488 :: INFO :: Configure profile on Control Node
2021-08-31 05:21:05,529 :: INFO :: Start experiment succeeded
2021-08-31 06:21:11,419 :: INFO :: Gateway Manager : Stop experiment
2021-08-31 06:21:11,428 :: INFO :: Stop experiment
2021-08-31 06:21:11,438 :: INFO :: Control node : stop of the experiment
2021-08-31 06:21:11,445 :: INFO :: Control node : profile configuration
2021-08-31 06:21:11,453 :: INFO :: Configure profile on Control Node
2021-08-31 06:21:11,528 :: INFO :: Control node : start power of open node
2021-08-31 06:21:11,573 :: INFO :: Node OpenOCD: teardown of openocd node
2021-08-31 06:21:14,608 :: INFO :: openocd node debugger stop
2021-08-31 06:21:15,297 :: INFO :: Node OpenOCD: flash of openocd node
2021-08-31 06:21:15,312 :: INFO :: Flash firmware on OpenOCD: /usr/lib/python2.7/site-packages/gateway_code/static/m3_idle.elf
2021-08-31 06:21:17,778 :: INFO :: Control node : Stop control node serial interface
2021-08-31 06:21:17,783 :: INFO :: Control node : stop power of open node
2021-08-31 06:21:17,832 :: INFO :: Control node : reset
2021-08-31 06:21:17,836 :: INFO :: Reset Control Node
2021-08-31 06:21:20,648 :: INFO :: Stop experiment succeeded
