2021-08-31 05:20:52,533 :: INFO :: Start experiment: luna-275823
2021-08-31 05:20:52,536 :: INFO :: Control node : Starting of control node serial interface
2021-08-31 05:20:52,539 :: INFO :: Control node : reset
2021-08-31 05:20:52,542 :: INFO :: Reset Control Node
2021-08-31 05:20:55,445 :: INFO :: Control node : start power of open node
2021-08-31 05:20:55,500 :: INFO :: Node OpenOCD: Setup of openocd node
2021-08-31 05:20:58,540 :: INFO :: Node OpenOCD: flash of openocd node
2021-08-31 05:20:58,559 :: INFO :: Flash firmware on OpenOCD: /tmp/tmpQCkCvi--07af995c71c4c03e0b354753e4bf4313_unicast-sender-count-30T-191B.iotlab-m3
2021-08-31 05:21:05,464 :: INFO :: Control node : Start experiment
2021-08-31 05:21:05,516 :: INFO :: Control Node set time delay: 1892 us
2021-08-31 05:21:05,535 :: INFO :: Control node : profile configuration
2021-08-31 05:21:05,539 :: INFO :: Configure profile on Control Node
2021-08-31 05:21:05,580 :: INFO :: Start experiment succeeded
2021-08-31 06:21:11,379 :: INFO :: Gateway Manager : Stop experiment
2021-08-31 06:21:11,388 :: INFO :: Stop experiment
2021-08-31 06:21:11,397 :: INFO :: Control node : stop of the experiment
2021-08-31 06:21:11,405 :: INFO :: Control node : profile configuration
2021-08-31 06:21:11,412 :: INFO :: Configure profile on Control Node
2021-08-31 06:21:11,486 :: INFO :: Control node : start power of open node
2021-08-31 06:21:11,529 :: INFO :: Node OpenOCD: teardown of openocd node
2021-08-31 06:21:14,595 :: INFO :: openocd node debugger stop
2021-08-31 06:21:15,288 :: INFO :: Node OpenOCD: flash of openocd node
2021-08-31 06:21:15,302 :: INFO :: Flash firmware on OpenOCD: /usr/lib/python2.7/site-packages/gateway_code/static/m3_idle.elf
2021-08-31 06:21:17,817 :: INFO :: Control node : Stop control node serial interface
2021-08-31 06:21:17,826 :: INFO :: Control node : stop power of open node
2021-08-31 06:21:17,904 :: INFO :: Control node : reset
2021-08-31 06:21:17,910 :: INFO :: Reset Control Node
2021-08-31 06:21:20,692 :: INFO :: Stop experiment succeeded
