2021-08-31 05:20:52,588 :: INFO :: Start experiment: luna-275823
2021-08-31 05:20:52,591 :: INFO :: Control node : Starting of control node serial interface
2021-08-31 05:20:52,594 :: INFO :: Control node : reset
2021-08-31 05:20:52,596 :: INFO :: Reset Control Node
2021-08-31 05:20:55,496 :: INFO :: Control node : start power of open node
2021-08-31 05:20:55,552 :: INFO :: Node OpenOCD: Setup of openocd node
2021-08-31 05:20:58,602 :: INFO :: Node OpenOCD: flash of openocd node
2021-08-31 05:20:58,620 :: INFO :: Flash firmware on OpenOCD: /tmp/tmpxkj1w8--07af995c71c4c03e0b354753e4bf4313_unicast-sender-count-30T-191B.iotlab-m3
2021-08-31 05:21:05,472 :: INFO :: Control node : Start experiment
2021-08-31 05:21:05,529 :: INFO :: Control Node set time delay: 1129 us
2021-08-31 05:21:05,554 :: INFO :: Control node : profile configuration
2021-08-31 05:21:05,561 :: INFO :: Configure profile on Control Node
2021-08-31 05:21:05,603 :: INFO :: Start experiment succeeded
2021-08-31 06:21:11,404 :: INFO :: Gateway Manager : Stop experiment
2021-08-31 06:21:11,424 :: INFO :: Stop experiment
2021-08-31 06:21:11,445 :: INFO :: Control node : stop of the experiment
2021-08-31 06:21:11,462 :: INFO :: Control node : profile configuration
2021-08-31 06:21:11,479 :: INFO :: Configure profile on Control Node
2021-08-31 06:21:11,645 :: INFO :: Control node : start power of open node
2021-08-31 06:21:11,666 :: INFO :: Node OpenOCD: teardown of openocd node
2021-08-31 06:21:14,706 :: INFO :: openocd node debugger stop
2021-08-31 06:21:15,393 :: INFO :: Node OpenOCD: flash of openocd node
2021-08-31 06:21:15,407 :: INFO :: Flash firmware on OpenOCD: /usr/lib/python2.7/site-packages/gateway_code/static/m3_idle.elf
2021-08-31 06:21:17,869 :: INFO :: Control node : Stop control node serial interface
2021-08-31 06:21:17,877 :: INFO :: Control node : stop power of open node
2021-08-31 06:21:17,955 :: INFO :: Control node : reset
2021-08-31 06:21:17,962 :: INFO :: Reset Control Node
2021-08-31 06:21:20,806 :: INFO :: Stop experiment succeeded
