2021-08-31 05:20:52,578 :: INFO :: Start experiment: luna-275823
2021-08-31 05:20:52,581 :: INFO :: Control node : Starting of control node serial interface
2021-08-31 05:20:52,584 :: INFO :: Control node : reset
2021-08-31 05:20:52,586 :: INFO :: Reset Control Node
2021-08-31 05:20:55,482 :: INFO :: Control node : start power of open node
2021-08-31 05:20:55,538 :: INFO :: Node OpenOCD: Setup of openocd node
2021-08-31 05:20:58,587 :: INFO :: Node OpenOCD: flash of openocd node
2021-08-31 05:20:58,605 :: INFO :: Flash firmware on OpenOCD: /tmp/tmp9JgLHy--07af995c71c4c03e0b354753e4bf4313_unicast-sender-count-30T-191B.iotlab-m3
2021-08-31 05:21:05,453 :: INFO :: Control node : Start experiment
2021-08-31 05:21:05,480 :: INFO :: Control Node set time delay: 1312 us
2021-08-31 05:21:05,498 :: INFO :: Control node : profile configuration
2021-08-31 05:21:05,501 :: INFO :: Configure profile on Control Node
2021-08-31 05:21:05,545 :: INFO :: Start experiment succeeded
2021-08-31 06:21:11,417 :: INFO :: Gateway Manager : Stop experiment
2021-08-31 06:21:11,426 :: INFO :: Stop experiment
2021-08-31 06:21:11,435 :: INFO :: Control node : stop of the experiment
2021-08-31 06:21:11,442 :: INFO :: Control node : profile configuration
2021-08-31 06:21:11,450 :: INFO :: Configure profile on Control Node
2021-08-31 06:21:11,524 :: INFO :: Control node : start power of open node
2021-08-31 06:21:11,569 :: INFO :: Node OpenOCD: teardown of openocd node
2021-08-31 06:21:14,607 :: INFO :: openocd node debugger stop
2021-08-31 06:21:15,297 :: INFO :: Node OpenOCD: flash of openocd node
2021-08-31 06:21:15,312 :: INFO :: Flash firmware on OpenOCD: /usr/lib/python2.7/site-packages/gateway_code/static/m3_idle.elf
2021-08-31 06:21:17,773 :: INFO :: Control node : Stop control node serial interface
2021-08-31 06:21:17,778 :: INFO :: Control node : stop power of open node
2021-08-31 06:21:17,826 :: INFO :: Control node : reset
2021-08-31 06:21:17,830 :: INFO :: Reset Control Node
2021-08-31 06:21:20,589 :: INFO :: Stop experiment succeeded
