2021-08-31 05:20:52,591 :: INFO :: Start experiment: luna-275823
2021-08-31 05:20:52,594 :: INFO :: Control node : Starting of control node serial interface
2021-08-31 05:20:52,597 :: INFO :: Control node : reset
2021-08-31 05:20:52,600 :: INFO :: Reset Control Node
2021-08-31 05:20:55,500 :: INFO :: Control node : start power of open node
2021-08-31 05:20:55,556 :: INFO :: Node OpenOCD: Setup of openocd node
2021-08-31 05:20:58,601 :: INFO :: Node OpenOCD: flash of openocd node
2021-08-31 05:20:58,619 :: INFO :: Flash firmware on OpenOCD: /tmp/tmpLHYw9j--07af995c71c4c03e0b354753e4bf4313_unicast-sender-count-30T-191B.iotlab-m3
2021-08-31 05:21:05,409 :: INFO :: Control node : Start experiment
2021-08-31 05:21:05,466 :: INFO :: Control Node set time delay: 1617 us
2021-08-31 05:21:05,498 :: INFO :: Control node : profile configuration
2021-08-31 05:21:05,505 :: INFO :: Configure profile on Control Node
2021-08-31 05:21:05,583 :: INFO :: Start experiment succeeded
2021-08-31 06:21:11,382 :: INFO :: Gateway Manager : Stop experiment
2021-08-31 06:21:11,392 :: INFO :: Stop experiment
2021-08-31 06:21:11,401 :: INFO :: Control node : stop of the experiment
2021-08-31 06:21:11,409 :: INFO :: Control node : profile configuration
2021-08-31 06:21:11,416 :: INFO :: Configure profile on Control Node
2021-08-31 06:21:11,492 :: INFO :: Control node : start power of open node
2021-08-31 06:21:11,536 :: INFO :: Node OpenOCD: teardown of openocd node
2021-08-31 06:21:14,584 :: INFO :: openocd node debugger stop
2021-08-31 06:21:15,279 :: INFO :: Node OpenOCD: flash of openocd node
2021-08-31 06:21:15,294 :: INFO :: Flash firmware on OpenOCD: /usr/lib/python2.7/site-packages/gateway_code/static/m3_idle.elf
2021-08-31 06:21:17,730 :: INFO :: Control node : Stop control node serial interface
2021-08-31 06:21:17,735 :: INFO :: Control node : stop power of open node
2021-08-31 06:21:17,785 :: INFO :: Control node : reset
2021-08-31 06:21:17,790 :: INFO :: Reset Control Node
2021-08-31 06:21:20,613 :: INFO :: Stop experiment succeeded
