2021-08-27 19:07:37,806 :: INFO :: Start experiment: luna-275530
2021-08-27 19:07:37,809 :: INFO :: Control node : Starting of control node serial interface
2021-08-27 19:07:37,812 :: INFO :: Control node : reset
2021-08-27 19:07:37,814 :: INFO :: Reset Control Node
2021-08-27 19:07:40,660 :: INFO :: Control node : start power of open node
2021-08-27 19:07:40,688 :: INFO :: Node OpenOCD: Setup of openocd node
2021-08-27 19:07:43,724 :: INFO :: Node OpenOCD: flash of openocd node
2021-08-27 19:07:43,742 :: INFO :: Flash firmware on OpenOCD: /tmp/tmphVwcXZ--a14ddd1a1d6cc1c4ffb46cbabc9d20fe_unicast-sender-count-10T-20B.iotlab-m3
2021-08-27 19:07:50,638 :: INFO :: Control node : Start experiment
2021-08-27 19:07:50,694 :: INFO :: Control Node set time delay: 1892 us
2021-08-27 19:07:50,726 :: INFO :: Control node : profile configuration
2021-08-27 19:07:50,730 :: INFO :: Configure profile on Control Node
2021-08-27 19:07:50,771 :: INFO :: Start experiment succeeded
2021-08-27 20:07:55,351 :: INFO :: Gateway Manager : Stop experiment
2021-08-27 20:07:55,369 :: INFO :: Stop experiment
2021-08-27 20:07:55,385 :: INFO :: Control node : stop of the experiment
2021-08-27 20:07:55,398 :: INFO :: Control node : profile configuration
2021-08-27 20:07:55,412 :: INFO :: Configure profile on Control Node
2021-08-27 20:07:55,543 :: INFO :: Control node : start power of open node
2021-08-27 20:07:55,610 :: INFO :: Node OpenOCD: teardown of openocd node
2021-08-27 20:07:58,639 :: INFO :: openocd node debugger stop
2021-08-27 20:07:59,325 :: INFO :: Node OpenOCD: flash of openocd node
2021-08-27 20:07:59,339 :: INFO :: Flash firmware on OpenOCD: /usr/lib/python2.7/site-packages/gateway_code/static/m3_idle.elf
2021-08-27 20:08:01,776 :: INFO :: Control node : Stop control node serial interface
2021-08-27 20:08:01,781 :: INFO :: Control node : stop power of open node
2021-08-27 20:08:01,833 :: INFO :: Control node : reset
2021-08-27 20:08:01,837 :: INFO :: Reset Control Node
2021-08-27 20:08:04,654 :: INFO :: Stop experiment succeeded
