2021-08-27 19:07:37,794 :: INFO :: Start experiment: luna-275530
2021-08-27 19:07:37,797 :: INFO :: Control node : Starting of control node serial interface
2021-08-27 19:07:37,800 :: INFO :: Control node : reset
2021-08-27 19:07:37,803 :: INFO :: Reset Control Node
2021-08-27 19:07:40,711 :: INFO :: Control node : start power of open node
2021-08-27 19:07:40,769 :: INFO :: Node OpenOCD: Setup of openocd node
2021-08-27 19:07:43,812 :: INFO :: Node OpenOCD: flash of openocd node
2021-08-27 19:07:43,831 :: INFO :: Flash firmware on OpenOCD: /tmp/tmpX835hI--a14ddd1a1d6cc1c4ffb46cbabc9d20fe_unicast-sender-count-10T-20B.iotlab-m3
2021-08-27 19:07:50,644 :: INFO :: Control node : Start experiment
2021-08-27 19:07:50,695 :: INFO :: Control Node set time delay: 1831 us
2021-08-27 19:07:50,728 :: INFO :: Control node : profile configuration
2021-08-27 19:07:50,734 :: INFO :: Configure profile on Control Node
2021-08-27 19:07:50,781 :: INFO :: Start experiment succeeded
2021-08-27 20:07:55,346 :: INFO :: Gateway Manager : Stop experiment
2021-08-27 20:07:55,354 :: INFO :: Stop experiment
2021-08-27 20:07:55,363 :: INFO :: Control node : stop of the experiment
2021-08-27 20:07:55,370 :: INFO :: Control node : profile configuration
2021-08-27 20:07:55,376 :: INFO :: Configure profile on Control Node
2021-08-27 20:07:55,442 :: INFO :: Control node : start power of open node
2021-08-27 20:07:55,482 :: INFO :: Node OpenOCD: teardown of openocd node
2021-08-27 20:07:58,517 :: INFO :: openocd node debugger stop
2021-08-27 20:07:59,205 :: INFO :: Node OpenOCD: flash of openocd node
2021-08-27 20:07:59,220 :: INFO :: Flash firmware on OpenOCD: /usr/lib/python2.7/site-packages/gateway_code/static/m3_idle.elf
2021-08-27 20:08:01,738 :: INFO :: Control node : Stop control node serial interface
2021-08-27 20:08:01,747 :: INFO :: Control node : stop power of open node
2021-08-27 20:08:01,826 :: INFO :: Control node : reset
2021-08-27 20:08:01,833 :: INFO :: Reset Control Node
2021-08-27 20:08:04,618 :: INFO :: Stop experiment succeeded
