2021-08-27 19:07:37,774 :: INFO :: Start experiment: luna-275530
2021-08-27 19:07:37,777 :: INFO :: Control node : Starting of control node serial interface
2021-08-27 19:07:37,780 :: INFO :: Control node : reset
2021-08-27 19:07:37,783 :: INFO :: Reset Control Node
2021-08-27 19:07:40,694 :: INFO :: Control node : start power of open node
2021-08-27 19:07:40,722 :: INFO :: Node OpenOCD: Setup of openocd node
2021-08-27 19:07:43,759 :: INFO :: Node OpenOCD: flash of openocd node
2021-08-27 19:07:43,777 :: INFO :: Flash firmware on OpenOCD: /tmp/tmpLGpZtH--a14ddd1a1d6cc1c4ffb46cbabc9d20fe_unicast-sender-count-10T-20B.iotlab-m3
2021-08-27 19:07:50,630 :: INFO :: Control node : Start experiment
2021-08-27 19:07:50,664 :: INFO :: Control Node set time delay: 1282 us
2021-08-27 19:07:50,682 :: INFO :: Control node : profile configuration
2021-08-27 19:07:50,686 :: INFO :: Configure profile on Control Node
2021-08-27 19:07:50,730 :: INFO :: Start experiment succeeded
2021-08-27 20:07:55,367 :: INFO :: Gateway Manager : Stop experiment
2021-08-27 20:07:55,385 :: INFO :: Stop experiment
2021-08-27 20:07:55,401 :: INFO :: Control node : stop of the experiment
2021-08-27 20:07:55,415 :: INFO :: Control node : profile configuration
2021-08-27 20:07:55,433 :: INFO :: Configure profile on Control Node
2021-08-27 20:07:55,561 :: INFO :: Control node : start power of open node
2021-08-27 20:07:55,619 :: INFO :: Node OpenOCD: teardown of openocd node
2021-08-27 20:07:58,651 :: INFO :: openocd node debugger stop
2021-08-27 20:07:59,328 :: INFO :: Node OpenOCD: flash of openocd node
2021-08-27 20:07:59,337 :: INFO :: Flash firmware on OpenOCD: /usr/lib/python2.7/site-packages/gateway_code/static/m3_idle.elf
2021-08-27 20:08:01,689 :: INFO :: Control node : Stop control node serial interface
2021-08-27 20:08:01,698 :: INFO :: Control node : stop power of open node
2021-08-27 20:08:01,776 :: INFO :: Control node : reset
2021-08-27 20:08:01,783 :: INFO :: Reset Control Node
2021-08-27 20:08:04,568 :: INFO :: Stop experiment succeeded
