2021-08-27 19:07:37,753 :: INFO :: Start experiment: luna-275530
2021-08-27 19:07:37,756 :: INFO :: Control node : Starting of control node serial interface
2021-08-27 19:07:37,759 :: INFO :: Control node : reset
2021-08-27 19:07:37,762 :: INFO :: Reset Control Node
2021-08-27 19:07:40,724 :: INFO :: Control node : start power of open node
2021-08-27 19:07:40,779 :: INFO :: Node OpenOCD: Setup of openocd node
2021-08-27 19:07:43,829 :: INFO :: Node OpenOCD: flash of openocd node
2021-08-27 19:07:43,844 :: INFO :: Flash firmware on OpenOCD: /tmp/tmpAMMQna--a14ddd1a1d6cc1c4ffb46cbabc9d20fe_unicast-sender-count-10T-20B.iotlab-m3
2021-08-27 19:07:50,692 :: INFO :: Control node : Start experiment
2021-08-27 19:07:50,748 :: INFO :: Control Node set time delay: 1373 us
2021-08-27 19:07:50,780 :: INFO :: Control node : profile configuration
2021-08-27 19:07:50,784 :: INFO :: Configure profile on Control Node
2021-08-27 19:07:50,822 :: INFO :: Start experiment succeeded
2021-08-27 20:07:55,332 :: INFO :: Gateway Manager : Stop experiment
2021-08-27 20:07:55,341 :: INFO :: Stop experiment
2021-08-27 20:07:55,348 :: INFO :: Control node : stop of the experiment
2021-08-27 20:07:55,357 :: INFO :: Control node : profile configuration
2021-08-27 20:07:55,364 :: INFO :: Configure profile on Control Node
2021-08-27 20:07:55,430 :: INFO :: Control node : start power of open node
2021-08-27 20:07:55,470 :: INFO :: Node OpenOCD: teardown of openocd node
2021-08-27 20:07:58,512 :: INFO :: openocd node debugger stop
2021-08-27 20:07:59,197 :: INFO :: Node OpenOCD: flash of openocd node
2021-08-27 20:07:59,211 :: INFO :: Flash firmware on OpenOCD: /usr/lib/python2.7/site-packages/gateway_code/static/m3_idle.elf
2021-08-27 20:08:01,678 :: INFO :: Control node : Stop control node serial interface
2021-08-27 20:08:01,683 :: INFO :: Control node : stop power of open node
2021-08-27 20:08:01,732 :: INFO :: Control node : reset
2021-08-27 20:08:01,736 :: INFO :: Reset Control Node
2021-08-27 20:08:04,562 :: INFO :: Stop experiment succeeded
