2021-08-27 19:07:37,772 :: INFO :: Start experiment: luna-275530
2021-08-27 19:07:37,776 :: INFO :: Control node : Starting of control node serial interface
2021-08-27 19:07:37,779 :: INFO :: Control node : reset
2021-08-27 19:07:37,781 :: INFO :: Reset Control Node
2021-08-27 19:07:40,725 :: INFO :: Control node : start power of open node
2021-08-27 19:07:40,755 :: INFO :: Node OpenOCD: Setup of openocd node
2021-08-27 19:07:43,796 :: INFO :: Node OpenOCD: flash of openocd node
2021-08-27 19:07:43,815 :: INFO :: Flash firmware on OpenOCD: /tmp/tmp27kN8n--a14ddd1a1d6cc1c4ffb46cbabc9d20fe_unicast-sender-count-10T-20B.iotlab-m3
2021-08-27 19:07:50,714 :: INFO :: Control node : Start experiment
2021-08-27 19:07:50,745 :: INFO :: Control Node set time delay: 1037 us
2021-08-27 19:07:50,763 :: INFO :: Control node : profile configuration
2021-08-27 19:07:50,767 :: INFO :: Configure profile on Control Node
2021-08-27 19:07:50,811 :: INFO :: Start experiment succeeded
2021-08-27 20:07:55,365 :: INFO :: Gateway Manager : Stop experiment
2021-08-27 20:07:55,383 :: INFO :: Stop experiment
2021-08-27 20:07:55,400 :: INFO :: Control node : stop of the experiment
2021-08-27 20:07:55,414 :: INFO :: Control node : profile configuration
2021-08-27 20:07:55,428 :: INFO :: Configure profile on Control Node
2021-08-27 20:07:55,564 :: INFO :: Control node : start power of open node
2021-08-27 20:07:55,620 :: INFO :: Node OpenOCD: teardown of openocd node
2021-08-27 20:07:58,653 :: INFO :: openocd node debugger stop
2021-08-27 20:07:59,337 :: INFO :: Node OpenOCD: flash of openocd node
2021-08-27 20:07:59,352 :: INFO :: Flash firmware on OpenOCD: /usr/lib/python2.7/site-packages/gateway_code/static/m3_idle.elf
2021-08-27 20:08:01,810 :: INFO :: Control node : Stop control node serial interface
2021-08-27 20:08:01,815 :: INFO :: Control node : stop power of open node
2021-08-27 20:08:01,866 :: INFO :: Control node : reset
2021-08-27 20:08:01,869 :: INFO :: Reset Control Node
2021-08-27 20:08:04,695 :: INFO :: Stop experiment succeeded
