2021-08-27 19:07:37,795 :: INFO :: Start experiment: luna-275530
2021-08-27 19:07:37,798 :: INFO :: Control node : Starting of control node serial interface
2021-08-27 19:07:37,801 :: INFO :: Control node : reset
2021-08-27 19:07:37,804 :: INFO :: Reset Control Node
2021-08-27 19:07:40,713 :: INFO :: Control node : start power of open node
2021-08-27 19:07:40,768 :: INFO :: Node OpenOCD: Setup of openocd node
2021-08-27 19:07:43,807 :: INFO :: Node OpenOCD: flash of openocd node
2021-08-27 19:07:43,825 :: INFO :: Flash firmware on OpenOCD: /tmp/tmpi6da9Y--a14ddd1a1d6cc1c4ffb46cbabc9d20fe_unicast-sender-count-10T-20B.iotlab-m3
2021-08-27 19:07:50,674 :: INFO :: Control node : Start experiment
2021-08-27 19:07:50,742 :: INFO :: Control Node set time delay: 1068 us
2021-08-27 19:07:50,759 :: INFO :: Control node : profile configuration
2021-08-27 19:07:50,762 :: INFO :: Configure profile on Control Node
2021-08-27 19:07:50,803 :: INFO :: Start experiment succeeded
2021-08-27 20:07:55,334 :: INFO :: Gateway Manager : Stop experiment
2021-08-27 20:07:55,343 :: INFO :: Stop experiment
2021-08-27 20:07:55,350 :: INFO :: Control node : stop of the experiment
2021-08-27 20:07:55,357 :: INFO :: Control node : profile configuration
2021-08-27 20:07:55,364 :: INFO :: Configure profile on Control Node
2021-08-27 20:07:55,432 :: INFO :: Control node : start power of open node
2021-08-27 20:07:55,472 :: INFO :: Node OpenOCD: teardown of openocd node
2021-08-27 20:07:58,511 :: INFO :: openocd node debugger stop
2021-08-27 20:07:59,194 :: INFO :: Node OpenOCD: flash of openocd node
2021-08-27 20:07:59,209 :: INFO :: Flash firmware on OpenOCD: /usr/lib/python2.7/site-packages/gateway_code/static/m3_idle.elf
2021-08-27 20:08:01,670 :: INFO :: Control node : Stop control node serial interface
2021-08-27 20:08:01,675 :: INFO :: Control node : stop power of open node
2021-08-27 20:08:01,726 :: INFO :: Control node : reset
2021-08-27 20:08:01,733 :: INFO :: Reset Control Node
2021-08-27 20:08:04,571 :: INFO :: Stop experiment succeeded
