2021-08-27 19:07:37,778 :: INFO :: Start experiment: luna-275530
2021-08-27 19:07:37,782 :: INFO :: Control node : Starting of control node serial interface
2021-08-27 19:07:37,785 :: INFO :: Control node : reset
2021-08-27 19:07:37,787 :: INFO :: Reset Control Node
2021-08-27 19:07:40,747 :: INFO :: Control node : start power of open node
2021-08-27 19:07:40,803 :: INFO :: Node OpenOCD: Setup of openocd node
2021-08-27 19:07:43,849 :: INFO :: Node OpenOCD: flash of openocd node
2021-08-27 19:07:43,863 :: INFO :: Flash firmware on OpenOCD: /tmp/tmpHSIYtx--a14ddd1a1d6cc1c4ffb46cbabc9d20fe_unicast-sender-count-10T-20B.iotlab-m3
2021-08-27 19:07:50,656 :: INFO :: Control node : Start experiment
2021-08-27 19:07:50,732 :: INFO :: Control Node set time delay: 1922 us
2021-08-27 19:07:50,782 :: INFO :: Control node : profile configuration
2021-08-27 19:07:50,789 :: INFO :: Configure profile on Control Node
2021-08-27 19:07:50,837 :: INFO :: Start experiment succeeded
2021-08-27 20:07:55,353 :: INFO :: Gateway Manager : Stop experiment
2021-08-27 20:07:55,370 :: INFO :: Stop experiment
2021-08-27 20:07:55,385 :: INFO :: Control node : stop of the experiment
2021-08-27 20:07:55,399 :: INFO :: Control node : profile configuration
2021-08-27 20:07:55,418 :: INFO :: Configure profile on Control Node
2021-08-27 20:07:55,546 :: INFO :: Control node : start power of open node
2021-08-27 20:07:55,617 :: INFO :: Node OpenOCD: teardown of openocd node
2021-08-27 20:07:58,650 :: INFO :: openocd node debugger stop
2021-08-27 20:07:59,328 :: INFO :: Node OpenOCD: flash of openocd node
2021-08-27 20:07:59,342 :: INFO :: Flash firmware on OpenOCD: /usr/lib/python2.7/site-packages/gateway_code/static/m3_idle.elf
2021-08-27 20:08:01,851 :: INFO :: Control node : Stop control node serial interface
2021-08-27 20:08:01,856 :: INFO :: Control node : stop power of open node
2021-08-27 20:08:01,908 :: INFO :: Control node : reset
2021-08-27 20:08:01,914 :: INFO :: Reset Control Node
2021-08-27 20:08:04,739 :: INFO :: Stop experiment succeeded
