2021-08-27 19:07:37,741 :: INFO :: Start experiment: luna-275530
2021-08-27 19:07:37,744 :: INFO :: Control node : Starting of control node serial interface
2021-08-27 19:07:37,747 :: INFO :: Control node : reset
2021-08-27 19:07:37,750 :: INFO :: Reset Control Node
2021-08-27 19:07:40,660 :: INFO :: Control node : start power of open node
2021-08-27 19:07:40,715 :: INFO :: Node OpenOCD: Setup of openocd node
2021-08-27 19:07:43,763 :: INFO :: Node OpenOCD: flash of openocd node
2021-08-27 19:07:43,781 :: INFO :: Flash firmware on OpenOCD: /tmp/tmp2NanbI--ddd0625ff8382e7208c25657471d6a4a_unicast-receiver-count.iotlab-m3
2021-08-27 19:07:50,271 :: INFO :: Control node : Start experiment
2021-08-27 19:07:50,362 :: INFO :: Control Node set time delay: 1892 us
2021-08-27 19:07:50,403 :: INFO :: Control node : profile configuration
2021-08-27 19:07:50,410 :: INFO :: Configure profile on Control Node
2021-08-27 19:07:50,488 :: INFO :: Start experiment succeeded
2021-08-27 20:07:55,359 :: INFO :: Gateway Manager : Stop experiment
2021-08-27 20:07:55,377 :: INFO :: Stop experiment
2021-08-27 20:07:55,393 :: INFO :: Control node : stop of the experiment
2021-08-27 20:07:55,406 :: INFO :: Control node : profile configuration
2021-08-27 20:07:55,420 :: INFO :: Configure profile on Control Node
2021-08-27 20:07:55,550 :: INFO :: Control node : start power of open node
2021-08-27 20:07:55,613 :: INFO :: Node OpenOCD: teardown of openocd node
2021-08-27 20:07:58,652 :: INFO :: openocd node debugger stop
2021-08-27 20:07:59,341 :: INFO :: Node OpenOCD: flash of openocd node
2021-08-27 20:07:59,356 :: INFO :: Flash firmware on OpenOCD: /usr/lib/python2.7/site-packages/gateway_code/static/m3_idle.elf
2021-08-27 20:08:01,811 :: INFO :: Control node : Stop control node serial interface
2021-08-27 20:08:01,815 :: INFO :: Control node : stop power of open node
2021-08-27 20:08:01,890 :: INFO :: Control node : reset
2021-08-27 20:08:01,897 :: INFO :: Reset Control Node
2021-08-27 20:08:04,730 :: INFO :: Stop experiment succeeded
