2021-08-27 19:07:37,816 :: INFO :: Start experiment: luna-275530
2021-08-27 19:07:37,820 :: INFO :: Control node : Starting of control node serial interface
2021-08-27 19:07:37,823 :: INFO :: Control node : reset
2021-08-27 19:07:37,825 :: INFO :: Reset Control Node
2021-08-27 19:07:40,732 :: INFO :: Control node : start power of open node
2021-08-27 19:07:40,786 :: INFO :: Node OpenOCD: Setup of openocd node
2021-08-27 19:07:43,826 :: INFO :: Node OpenOCD: flash of openocd node
2021-08-27 19:07:43,844 :: INFO :: Flash firmware on OpenOCD: /tmp/tmpoSNuiC--a14ddd1a1d6cc1c4ffb46cbabc9d20fe_unicast-sender-count-10T-20B.iotlab-m3
2021-08-27 19:07:50,690 :: INFO :: Control node : Start experiment
2021-08-27 19:07:50,768 :: INFO :: Control Node set time delay: 1464 us
2021-08-27 19:07:50,802 :: INFO :: Control node : profile configuration
2021-08-27 19:07:50,809 :: INFO :: Configure profile on Control Node
2021-08-27 19:07:50,887 :: INFO :: Start experiment succeeded
2021-08-27 20:07:55,369 :: INFO :: Gateway Manager : Stop experiment
2021-08-27 20:07:55,387 :: INFO :: Stop experiment
2021-08-27 20:07:55,402 :: INFO :: Control node : stop of the experiment
2021-08-27 20:07:55,420 :: INFO :: Control node : profile configuration
2021-08-27 20:07:55,435 :: INFO :: Configure profile on Control Node
2021-08-27 20:07:55,565 :: INFO :: Control node : start power of open node
2021-08-27 20:07:55,627 :: INFO :: Node OpenOCD: teardown of openocd node
2021-08-27 20:07:58,665 :: INFO :: openocd node debugger stop
2021-08-27 20:07:59,343 :: INFO :: Node OpenOCD: flash of openocd node
2021-08-27 20:07:59,351 :: INFO :: Flash firmware on OpenOCD: /usr/lib/python2.7/site-packages/gateway_code/static/m3_idle.elf
2021-08-27 20:08:01,809 :: INFO :: Control node : Stop control node serial interface
2021-08-27 20:08:01,814 :: INFO :: Control node : stop power of open node
2021-08-27 20:08:01,866 :: INFO :: Control node : reset
2021-08-27 20:08:01,873 :: INFO :: Reset Control Node
2021-08-27 20:08:04,708 :: INFO :: Stop experiment succeeded
