2021-08-27 19:07:37,821 :: INFO :: Start experiment: luna-275530
2021-08-27 19:07:37,825 :: INFO :: Control node : Starting of control node serial interface
2021-08-27 19:07:37,827 :: INFO :: Control node : reset
2021-08-27 19:07:37,830 :: INFO :: Reset Control Node
2021-08-27 19:07:40,736 :: INFO :: Control node : start power of open node
2021-08-27 19:07:40,792 :: INFO :: Node OpenOCD: Setup of openocd node
2021-08-27 19:07:43,840 :: INFO :: Node OpenOCD: flash of openocd node
2021-08-27 19:07:43,858 :: INFO :: Flash firmware on OpenOCD: /tmp/tmptBJ1dX--a14ddd1a1d6cc1c4ffb46cbabc9d20fe_unicast-sender-count-10T-20B.iotlab-m3
2021-08-27 19:07:50,654 :: INFO :: Control node : Start experiment
2021-08-27 19:07:50,722 :: INFO :: Control Node set time delay: 1800 us
2021-08-27 19:07:50,753 :: INFO :: Control node : profile configuration
2021-08-27 19:07:50,760 :: INFO :: Configure profile on Control Node
2021-08-27 19:07:50,837 :: INFO :: Start experiment succeeded
2021-08-27 20:07:55,369 :: INFO :: Gateway Manager : Stop experiment
2021-08-27 20:07:55,387 :: INFO :: Stop experiment
2021-08-27 20:07:55,403 :: INFO :: Control node : stop of the experiment
2021-08-27 20:07:55,417 :: INFO :: Control node : profile configuration
2021-08-27 20:07:55,435 :: INFO :: Configure profile on Control Node
2021-08-27 20:07:55,566 :: INFO :: Control node : start power of open node
2021-08-27 20:07:55,631 :: INFO :: Node OpenOCD: teardown of openocd node
2021-08-27 20:07:58,668 :: INFO :: openocd node debugger stop
2021-08-27 20:07:59,346 :: INFO :: Node OpenOCD: flash of openocd node
2021-08-27 20:07:59,360 :: INFO :: Flash firmware on OpenOCD: /usr/lib/python2.7/site-packages/gateway_code/static/m3_idle.elf
2021-08-27 20:08:01,870 :: INFO :: Control node : Stop control node serial interface
2021-08-27 20:08:01,875 :: INFO :: Control node : stop power of open node
2021-08-27 20:08:01,926 :: INFO :: Control node : reset
2021-08-27 20:08:01,930 :: INFO :: Reset Control Node
2021-08-27 20:08:04,822 :: INFO :: Stop experiment succeeded
