2021-08-27 19:07:37,811 :: INFO :: Start experiment: luna-275530
2021-08-27 19:07:37,815 :: INFO :: Control node : Starting of control node serial interface
2021-08-27 19:07:37,818 :: INFO :: Control node : reset
2021-08-27 19:07:37,820 :: INFO :: Reset Control Node
2021-08-27 19:07:40,729 :: INFO :: Control node : start power of open node
2021-08-27 19:07:40,785 :: INFO :: Node OpenOCD: Setup of openocd node
2021-08-27 19:07:43,824 :: INFO :: Node OpenOCD: flash of openocd node
2021-08-27 19:07:43,842 :: INFO :: Flash firmware on OpenOCD: /tmp/tmps0r6Ke--a14ddd1a1d6cc1c4ffb46cbabc9d20fe_unicast-sender-count-10T-20B.iotlab-m3
2021-08-27 19:07:50,634 :: INFO :: Control node : Start experiment
2021-08-27 19:07:50,707 :: INFO :: Control Node set time delay: 1801 us
2021-08-27 19:07:50,739 :: INFO :: Control node : profile configuration
2021-08-27 19:07:50,746 :: INFO :: Configure profile on Control Node
2021-08-27 19:07:50,824 :: INFO :: Start experiment succeeded
2021-08-27 20:07:55,358 :: INFO :: Gateway Manager : Stop experiment
2021-08-27 20:07:55,376 :: INFO :: Stop experiment
2021-08-27 20:07:55,392 :: INFO :: Control node : stop of the experiment
2021-08-27 20:07:55,406 :: INFO :: Control node : profile configuration
2021-08-27 20:07:55,425 :: INFO :: Configure profile on Control Node
2021-08-27 20:07:55,554 :: INFO :: Control node : start power of open node
2021-08-27 20:07:55,600 :: INFO :: Node OpenOCD: teardown of openocd node
2021-08-27 20:07:58,630 :: INFO :: openocd node debugger stop
2021-08-27 20:07:59,307 :: INFO :: Node OpenOCD: flash of openocd node
2021-08-27 20:07:59,314 :: INFO :: Flash firmware on OpenOCD: /usr/lib/python2.7/site-packages/gateway_code/static/m3_idle.elf
2021-08-27 20:08:01,719 :: INFO :: Control node : Stop control node serial interface
2021-08-27 20:08:01,724 :: INFO :: Control node : stop power of open node
2021-08-27 20:08:01,770 :: INFO :: Control node : reset
2021-08-27 20:08:01,774 :: INFO :: Reset Control Node
2021-08-27 20:08:04,641 :: INFO :: Stop experiment succeeded
