2021-08-27 19:07:37,801 :: INFO :: Start experiment: luna-275530
2021-08-27 19:07:37,805 :: INFO :: Control node : Starting of control node serial interface
2021-08-27 19:07:37,808 :: INFO :: Control node : reset
2021-08-27 19:07:37,811 :: INFO :: Reset Control Node
2021-08-27 19:07:40,721 :: INFO :: Control node : start power of open node
2021-08-27 19:07:40,779 :: INFO :: Node OpenOCD: Setup of openocd node
2021-08-27 19:07:43,827 :: INFO :: Node OpenOCD: flash of openocd node
2021-08-27 19:07:43,845 :: INFO :: Flash firmware on OpenOCD: /tmp/tmpVfpb3d--a14ddd1a1d6cc1c4ffb46cbabc9d20fe_unicast-sender-count-10T-20B.iotlab-m3
2021-08-27 19:07:50,712 :: INFO :: Control node : Start experiment
2021-08-27 19:07:50,772 :: INFO :: Control Node set time delay: 1129 us
2021-08-27 19:07:50,805 :: INFO :: Control node : profile configuration
2021-08-27 19:07:50,812 :: INFO :: Configure profile on Control Node
2021-08-27 19:07:50,862 :: INFO :: Start experiment succeeded
2021-08-27 20:07:55,365 :: INFO :: Gateway Manager : Stop experiment
2021-08-27 20:07:55,382 :: INFO :: Stop experiment
2021-08-27 20:07:55,399 :: INFO :: Control node : stop of the experiment
2021-08-27 20:07:55,418 :: INFO :: Control node : profile configuration
2021-08-27 20:07:55,432 :: INFO :: Configure profile on Control Node
2021-08-27 20:07:55,563 :: INFO :: Control node : start power of open node
2021-08-27 20:07:55,604 :: INFO :: Node OpenOCD: teardown of openocd node
2021-08-27 20:07:58,634 :: INFO :: openocd node debugger stop
2021-08-27 20:07:59,323 :: INFO :: Node OpenOCD: flash of openocd node
2021-08-27 20:07:59,341 :: INFO :: Flash firmware on OpenOCD: /usr/lib/python2.7/site-packages/gateway_code/static/m3_idle.elf
2021-08-27 20:08:01,810 :: INFO :: Control node : Stop control node serial interface
2021-08-27 20:08:01,819 :: INFO :: Control node : stop power of open node
2021-08-27 20:08:01,898 :: INFO :: Control node : reset
2021-08-27 20:08:01,905 :: INFO :: Reset Control Node
2021-08-27 20:08:04,745 :: INFO :: Stop experiment succeeded
