2021-08-27 19:07:37,734 :: INFO :: Start experiment: luna-275530
2021-08-27 19:07:37,738 :: INFO :: Control node : Starting of control node serial interface
2021-08-27 19:07:37,741 :: INFO :: Control node : reset
2021-08-27 19:07:37,743 :: INFO :: Reset Control Node
2021-08-27 19:07:40,659 :: INFO :: Control node : start power of open node
2021-08-27 19:07:40,715 :: INFO :: Node OpenOCD: Setup of openocd node
2021-08-27 19:07:43,755 :: INFO :: Node OpenOCD: flash of openocd node
2021-08-27 19:07:43,773 :: INFO :: Flash firmware on OpenOCD: /tmp/tmpoYcTZT--a14ddd1a1d6cc1c4ffb46cbabc9d20fe_unicast-sender-count-10T-20B.iotlab-m3
2021-08-27 19:07:50,635 :: INFO :: Control node : Start experiment
2021-08-27 19:07:50,695 :: INFO :: Control Node set time delay: 1678 us
2021-08-27 19:07:50,720 :: INFO :: Control node : profile configuration
2021-08-27 19:07:50,723 :: INFO :: Configure profile on Control Node
2021-08-27 19:07:50,765 :: INFO :: Start experiment succeeded
2021-08-27 20:07:55,354 :: INFO :: Gateway Manager : Stop experiment
2021-08-27 20:07:55,371 :: INFO :: Stop experiment
2021-08-27 20:07:55,388 :: INFO :: Control node : stop of the experiment
2021-08-27 20:07:55,402 :: INFO :: Control node : profile configuration
2021-08-27 20:07:55,416 :: INFO :: Configure profile on Control Node
2021-08-27 20:07:55,548 :: INFO :: Control node : start power of open node
2021-08-27 20:07:55,615 :: INFO :: Node OpenOCD: teardown of openocd node
2021-08-27 20:07:58,653 :: INFO :: openocd node debugger stop
2021-08-27 20:07:59,340 :: INFO :: Node OpenOCD: flash of openocd node
2021-08-27 20:07:59,354 :: INFO :: Flash firmware on OpenOCD: /usr/lib/python2.7/site-packages/gateway_code/static/m3_idle.elf
2021-08-27 20:08:01,817 :: INFO :: Control node : Stop control node serial interface
2021-08-27 20:08:01,822 :: INFO :: Control node : stop power of open node
2021-08-27 20:08:01,873 :: INFO :: Control node : reset
2021-08-27 20:08:01,877 :: INFO :: Reset Control Node
2021-08-27 20:08:04,688 :: INFO :: Stop experiment succeeded
