2021-08-27 19:07:37,808 :: INFO :: Start experiment: luna-275530
2021-08-27 19:07:37,811 :: INFO :: Control node : Starting of control node serial interface
2021-08-27 19:07:37,814 :: INFO :: Control node : reset
2021-08-27 19:07:37,817 :: INFO :: Reset Control Node
2021-08-27 19:07:40,724 :: INFO :: Control node : start power of open node
2021-08-27 19:07:40,740 :: INFO :: Node OpenOCD: Setup of openocd node
2021-08-27 19:07:43,773 :: INFO :: Node OpenOCD: flash of openocd node
2021-08-27 19:07:43,791 :: INFO :: Flash firmware on OpenOCD: /tmp/tmpHrrJBJ--a14ddd1a1d6cc1c4ffb46cbabc9d20fe_unicast-sender-count-10T-20B.iotlab-m3
2021-08-27 19:07:50,645 :: INFO :: Control node : Start experiment
2021-08-27 19:07:50,712 :: INFO :: Control Node set time delay: 1678 us
2021-08-27 19:07:50,720 :: INFO :: Control node : profile configuration
2021-08-27 19:07:50,724 :: INFO :: Configure profile on Control Node
2021-08-27 19:07:50,766 :: INFO :: Start experiment succeeded
2021-08-27 20:07:55,347 :: INFO :: Gateway Manager : Stop experiment
2021-08-27 20:07:55,355 :: INFO :: Stop experiment
2021-08-27 20:07:55,363 :: INFO :: Control node : stop of the experiment
2021-08-27 20:07:55,370 :: INFO :: Control node : profile configuration
2021-08-27 20:07:55,379 :: INFO :: Configure profile on Control Node
2021-08-27 20:07:55,443 :: INFO :: Control node : start power of open node
2021-08-27 20:07:55,483 :: INFO :: Node OpenOCD: teardown of openocd node
2021-08-27 20:07:58,517 :: INFO :: openocd node debugger stop
2021-08-27 20:07:59,197 :: INFO :: Node OpenOCD: flash of openocd node
2021-08-27 20:07:59,213 :: INFO :: Flash firmware on OpenOCD: /usr/lib/python2.7/site-packages/gateway_code/static/m3_idle.elf
2021-08-27 20:08:01,734 :: INFO :: Control node : Stop control node serial interface
2021-08-27 20:08:01,744 :: INFO :: Control node : stop power of open node
2021-08-27 20:08:01,822 :: INFO :: Control node : reset
2021-08-27 20:08:01,826 :: INFO :: Reset Control Node
2021-08-27 20:08:04,584 :: INFO :: Stop experiment succeeded
