2021-08-31 06:21:36,535 :: INFO :: Start experiment: luna-275824
2021-08-31 06:21:36,539 :: INFO :: Control node : Starting of control node serial interface
2021-08-31 06:21:36,542 :: INFO :: Control node : reset
2021-08-31 06:21:36,544 :: INFO :: Reset Control Node
2021-08-31 06:21:39,449 :: INFO :: Control node : start power of open node
2021-08-31 06:21:39,481 :: INFO :: Node OpenOCD: Setup of openocd node
2021-08-31 06:21:42,510 :: INFO :: Node OpenOCD: flash of openocd node
2021-08-31 06:21:42,528 :: INFO :: Flash firmware on OpenOCD: /tmp/tmp7XIkWI--11b39be0afbe655a47f82e084cf5704d_unicast-sender-count-60T-191B.iotlab-m3
2021-08-31 06:21:49,381 :: INFO :: Control node : Start experiment
2021-08-31 06:21:49,434 :: INFO :: Control Node set time delay: 1220 us
2021-08-31 06:21:49,465 :: INFO :: Control node : profile configuration
2021-08-31 06:21:49,472 :: INFO :: Configure profile on Control Node
2021-08-31 06:21:49,523 :: INFO :: Start experiment succeeded
2021-08-31 07:21:55,321 :: INFO :: Gateway Manager : Stop experiment
2021-08-31 07:21:55,330 :: INFO :: Stop experiment
2021-08-31 07:21:55,340 :: INFO :: Control node : stop of the experiment
2021-08-31 07:21:55,347 :: INFO :: Control node : profile configuration
2021-08-31 07:21:55,355 :: INFO :: Configure profile on Control Node
2021-08-31 07:21:55,442 :: INFO :: Control node : start power of open node
2021-08-31 07:21:55,486 :: INFO :: Node OpenOCD: teardown of openocd node
2021-08-31 07:21:58,537 :: INFO :: openocd node debugger stop
2021-08-31 07:21:59,219 :: INFO :: Node OpenOCD: flash of openocd node
2021-08-31 07:21:59,226 :: INFO :: Flash firmware on OpenOCD: /usr/lib/python2.7/site-packages/gateway_code/static/m3_idle.elf
2021-08-31 07:22:01,586 :: INFO :: Control node : Stop control node serial interface
2021-08-31 07:22:01,595 :: INFO :: Control node : stop power of open node
2021-08-31 07:22:01,664 :: INFO :: Control node : reset
2021-08-31 07:22:01,670 :: INFO :: Reset Control Node
2021-08-31 07:22:04,496 :: INFO :: Stop experiment succeeded
