2021-08-31 06:21:36,549 :: INFO :: Start experiment: luna-275824
2021-08-31 06:21:36,552 :: INFO :: Control node : Starting of control node serial interface
2021-08-31 06:21:36,555 :: INFO :: Control node : reset
2021-08-31 06:21:36,558 :: INFO :: Reset Control Node
2021-08-31 06:21:39,458 :: INFO :: Control node : start power of open node
2021-08-31 06:21:39,516 :: INFO :: Node OpenOCD: Setup of openocd node
2021-08-31 06:21:42,564 :: INFO :: Node OpenOCD: flash of openocd node
2021-08-31 06:21:42,582 :: INFO :: Flash firmware on OpenOCD: /tmp/tmpL3DAxB--11b39be0afbe655a47f82e084cf5704d_unicast-sender-count-60T-191B.iotlab-m3
2021-08-31 06:21:49,347 :: INFO :: Control node : Start experiment
2021-08-31 06:21:49,411 :: INFO :: Control Node set time delay: 1587 us
2021-08-31 06:21:49,444 :: INFO :: Control node : profile configuration
2021-08-31 06:21:49,451 :: INFO :: Configure profile on Control Node
2021-08-31 06:21:49,528 :: INFO :: Start experiment succeeded
2021-08-31 07:21:55,338 :: INFO :: Gateway Manager : Stop experiment
2021-08-31 07:21:55,347 :: INFO :: Stop experiment
2021-08-31 07:21:55,355 :: INFO :: Control node : stop of the experiment
2021-08-31 07:21:55,362 :: INFO :: Control node : profile configuration
2021-08-31 07:21:55,369 :: INFO :: Configure profile on Control Node
2021-08-31 07:21:55,450 :: INFO :: Control node : start power of open node
2021-08-31 07:21:55,490 :: INFO :: Node OpenOCD: teardown of openocd node
2021-08-31 07:21:58,544 :: INFO :: openocd node debugger stop
2021-08-31 07:21:59,225 :: INFO :: Node OpenOCD: flash of openocd node
2021-08-31 07:21:59,232 :: INFO :: Flash firmware on OpenOCD: /usr/lib/python2.7/site-packages/gateway_code/static/m3_idle.elf
2021-08-31 07:22:01,645 :: INFO :: Control node : Stop control node serial interface
2021-08-31 07:22:01,654 :: INFO :: Control node : stop power of open node
2021-08-31 07:22:01,724 :: INFO :: Control node : reset
2021-08-31 07:22:01,731 :: INFO :: Reset Control Node
2021-08-31 07:22:04,572 :: INFO :: Stop experiment succeeded
