2021-08-31 06:21:36,587 :: INFO :: Start experiment: luna-275824
2021-08-31 06:21:36,590 :: INFO :: Control node : Starting of control node serial interface
2021-08-31 06:21:36,593 :: INFO :: Control node : reset
2021-08-31 06:21:36,596 :: INFO :: Reset Control Node
2021-08-31 06:21:39,497 :: INFO :: Control node : start power of open node
2021-08-31 06:21:39,554 :: INFO :: Node OpenOCD: Setup of openocd node
2021-08-31 06:21:42,596 :: INFO :: Node OpenOCD: flash of openocd node
2021-08-31 06:21:42,614 :: INFO :: Flash firmware on OpenOCD: /tmp/tmpRnPDQw--11b39be0afbe655a47f82e084cf5704d_unicast-sender-count-60T-191B.iotlab-m3
2021-08-31 06:21:49,306 :: INFO :: Control node : Start experiment
2021-08-31 06:21:49,344 :: INFO :: Control Node set time delay: 1648 us
2021-08-31 06:21:49,376 :: INFO :: Control node : profile configuration
2021-08-31 06:21:49,383 :: INFO :: Configure profile on Control Node
2021-08-31 06:21:49,461 :: INFO :: Start experiment succeeded
2021-08-31 07:21:55,365 :: INFO :: Gateway Manager : Stop experiment
2021-08-31 07:21:55,377 :: INFO :: Stop experiment
2021-08-31 07:21:55,386 :: INFO :: Control node : stop of the experiment
2021-08-31 07:21:55,397 :: INFO :: Control node : profile configuration
2021-08-31 07:21:55,410 :: INFO :: Configure profile on Control Node
2021-08-31 07:21:55,490 :: INFO :: Control node : start power of open node
2021-08-31 07:21:55,534 :: INFO :: Node OpenOCD: teardown of openocd node
2021-08-31 07:21:58,570 :: INFO :: openocd node debugger stop
2021-08-31 07:21:59,264 :: INFO :: Node OpenOCD: flash of openocd node
2021-08-31 07:21:59,279 :: INFO :: Flash firmware on OpenOCD: /usr/lib/python2.7/site-packages/gateway_code/static/m3_idle.elf
2021-08-31 07:22:01,740 :: INFO :: Control node : Stop control node serial interface
2021-08-31 07:22:01,745 :: INFO :: Control node : stop power of open node
2021-08-31 07:22:01,785 :: INFO :: Control node : reset
2021-08-31 07:22:01,789 :: INFO :: Reset Control Node
2021-08-31 07:22:04,599 :: INFO :: Stop experiment succeeded
