2021-08-31 06:21:36,595 :: INFO :: Start experiment: luna-275824
2021-08-31 06:21:36,599 :: INFO :: Control node : Starting of control node serial interface
2021-08-31 06:21:36,602 :: INFO :: Control node : reset
2021-08-31 06:21:36,605 :: INFO :: Reset Control Node
2021-08-31 06:21:39,480 :: INFO :: Control node : start power of open node
2021-08-31 06:21:39,508 :: INFO :: Node OpenOCD: Setup of openocd node
2021-08-31 06:21:42,549 :: INFO :: Node OpenOCD: flash of openocd node
2021-08-31 06:21:42,567 :: INFO :: Flash firmware on OpenOCD: /tmp/tmpR4KSr8--11b39be0afbe655a47f82e084cf5704d_unicast-sender-count-60T-191B.iotlab-m3
2021-08-31 06:21:49,470 :: INFO :: Control node : Start experiment
2021-08-31 06:21:49,496 :: INFO :: Control Node set time delay: 1313 us
2021-08-31 06:21:49,514 :: INFO :: Control node : profile configuration
2021-08-31 06:21:49,517 :: INFO :: Configure profile on Control Node
2021-08-31 06:21:49,561 :: INFO :: Start experiment succeeded
2021-08-31 07:21:55,361 :: INFO :: Gateway Manager : Stop experiment
2021-08-31 07:21:55,375 :: INFO :: Stop experiment
2021-08-31 07:21:55,384 :: INFO :: Control node : stop of the experiment
2021-08-31 07:21:55,398 :: INFO :: Control node : profile configuration
2021-08-31 07:21:55,410 :: INFO :: Configure profile on Control Node
2021-08-31 07:21:55,489 :: INFO :: Control node : start power of open node
2021-08-31 07:21:55,534 :: INFO :: Node OpenOCD: teardown of openocd node
2021-08-31 07:21:58,584 :: INFO :: openocd node debugger stop
2021-08-31 07:21:59,270 :: INFO :: Node OpenOCD: flash of openocd node
2021-08-31 07:21:59,277 :: INFO :: Flash firmware on OpenOCD: /usr/lib/python2.7/site-packages/gateway_code/static/m3_idle.elf
2021-08-31 07:22:01,683 :: INFO :: Control node : Stop control node serial interface
2021-08-31 07:22:01,692 :: INFO :: Control node : stop power of open node
2021-08-31 07:22:01,766 :: INFO :: Control node : reset
2021-08-31 07:22:01,772 :: INFO :: Reset Control Node
2021-08-31 07:22:04,609 :: INFO :: Stop experiment succeeded
