2021-08-31 06:21:36,570 :: INFO :: Start experiment: luna-275824
2021-08-31 06:21:36,573 :: INFO :: Control node : Starting of control node serial interface
2021-08-31 06:21:36,576 :: INFO :: Control node : reset
2021-08-31 06:21:36,579 :: INFO :: Reset Control Node
2021-08-31 06:21:39,483 :: INFO :: Control node : start power of open node
2021-08-31 06:21:39,537 :: INFO :: Node OpenOCD: Setup of openocd node
2021-08-31 06:21:42,577 :: INFO :: Node OpenOCD: flash of openocd node
2021-08-31 06:21:42,595 :: INFO :: Flash firmware on OpenOCD: /tmp/tmpQokKH8--11b39be0afbe655a47f82e084cf5704d_unicast-sender-count-60T-191B.iotlab-m3
2021-08-31 06:21:49,452 :: INFO :: Control node : Start experiment
2021-08-31 06:21:49,511 :: INFO :: Control Node set time delay: 1709 us
2021-08-31 06:21:49,533 :: INFO :: Control node : profile configuration
2021-08-31 06:21:49,537 :: INFO :: Configure profile on Control Node
2021-08-31 06:21:49,577 :: INFO :: Start experiment succeeded
2021-08-31 07:21:55,361 :: INFO :: Gateway Manager : Stop experiment
2021-08-31 07:21:55,371 :: INFO :: Stop experiment
2021-08-31 07:21:55,379 :: INFO :: Control node : stop of the experiment
2021-08-31 07:21:55,387 :: INFO :: Control node : profile configuration
2021-08-31 07:21:55,403 :: INFO :: Configure profile on Control Node
2021-08-31 07:21:55,481 :: INFO :: Control node : start power of open node
2021-08-31 07:21:55,524 :: INFO :: Node OpenOCD: teardown of openocd node
2021-08-31 07:21:58,573 :: INFO :: openocd node debugger stop
2021-08-31 07:21:59,250 :: INFO :: Node OpenOCD: flash of openocd node
2021-08-31 07:21:59,264 :: INFO :: Flash firmware on OpenOCD: /usr/lib/python2.7/site-packages/gateway_code/static/m3_idle.elf
2021-08-31 07:22:01,715 :: INFO :: Control node : Stop control node serial interface
2021-08-31 07:22:01,720 :: INFO :: Control node : stop power of open node
2021-08-31 07:22:01,760 :: INFO :: Control node : reset
2021-08-31 07:22:01,764 :: INFO :: Reset Control Node
2021-08-31 07:22:04,638 :: INFO :: Stop experiment succeeded
