2021-08-31 06:21:36,602 :: INFO :: Start experiment: luna-275824
2021-08-31 06:21:36,606 :: INFO :: Control node : Starting of control node serial interface
2021-08-31 06:21:36,609 :: INFO :: Control node : reset
2021-08-31 06:21:36,611 :: INFO :: Reset Control Node
2021-08-31 06:21:39,512 :: INFO :: Control node : start power of open node
2021-08-31 06:21:39,566 :: INFO :: Node OpenOCD: Setup of openocd node
2021-08-31 06:21:42,612 :: INFO :: Node OpenOCD: flash of openocd node
2021-08-31 06:21:42,630 :: INFO :: Flash firmware on OpenOCD: /tmp/tmpgR3ZKM--11b39be0afbe655a47f82e084cf5704d_unicast-sender-count-60T-191B.iotlab-m3
2021-08-31 06:21:49,533 :: INFO :: Control node : Start experiment
2021-08-31 06:21:49,581 :: INFO :: Control Node set time delay: 1923 us
2021-08-31 06:21:49,613 :: INFO :: Control node : profile configuration
2021-08-31 06:21:49,618 :: INFO :: Configure profile on Control Node
2021-08-31 06:21:49,659 :: INFO :: Start experiment succeeded
2021-08-31 07:21:55,312 :: INFO :: Gateway Manager : Stop experiment
2021-08-31 07:21:55,322 :: INFO :: Stop experiment
2021-08-31 07:21:55,331 :: INFO :: Control node : stop of the experiment
2021-08-31 07:21:55,338 :: INFO :: Control node : profile configuration
2021-08-31 07:21:55,345 :: INFO :: Configure profile on Control Node
2021-08-31 07:21:55,432 :: INFO :: Control node : start power of open node
2021-08-31 07:21:55,477 :: INFO :: Node OpenOCD: teardown of openocd node
2021-08-31 07:21:58,537 :: INFO :: openocd node debugger stop
2021-08-31 07:21:59,226 :: INFO :: Node OpenOCD: flash of openocd node
2021-08-31 07:21:59,240 :: INFO :: Flash firmware on OpenOCD: /usr/lib/python2.7/site-packages/gateway_code/static/m3_idle.elf
2021-08-31 07:22:01,699 :: INFO :: Control node : Stop control node serial interface
2021-08-31 07:22:01,704 :: INFO :: Control node : stop power of open node
2021-08-31 07:22:01,754 :: INFO :: Control node : reset
2021-08-31 07:22:01,761 :: INFO :: Reset Control Node
2021-08-31 07:22:04,604 :: INFO :: Stop experiment succeeded
