2021-08-31 06:21:36,586 :: INFO :: Start experiment: luna-275824
2021-08-31 06:21:36,590 :: INFO :: Control node : Starting of control node serial interface
2021-08-31 06:21:36,593 :: INFO :: Control node : reset
2021-08-31 06:21:36,595 :: INFO :: Reset Control Node
2021-08-31 06:21:39,488 :: INFO :: Control node : start power of open node
2021-08-31 06:21:39,546 :: INFO :: Node OpenOCD: Setup of openocd node
2021-08-31 06:21:42,589 :: INFO :: Node OpenOCD: flash of openocd node
2021-08-31 06:21:42,606 :: INFO :: Flash firmware on OpenOCD: /tmp/tmppXpg2y--11b39be0afbe655a47f82e084cf5704d_unicast-sender-count-60T-191B.iotlab-m3
2021-08-31 06:21:49,352 :: INFO :: Control node : Start experiment
2021-08-31 06:21:49,403 :: INFO :: Control Node set time delay: 1953 us
2021-08-31 06:21:49,433 :: INFO :: Control node : profile configuration
2021-08-31 06:21:49,436 :: INFO :: Configure profile on Control Node
2021-08-31 06:21:49,477 :: INFO :: Start experiment succeeded
2021-08-31 07:21:55,322 :: INFO :: Gateway Manager : Stop experiment
2021-08-31 07:21:55,331 :: INFO :: Stop experiment
2021-08-31 07:21:55,340 :: INFO :: Control node : stop of the experiment
2021-08-31 07:21:55,347 :: INFO :: Control node : profile configuration
2021-08-31 07:21:55,354 :: INFO :: Configure profile on Control Node
2021-08-31 07:21:55,441 :: INFO :: Control node : start power of open node
2021-08-31 07:21:55,485 :: INFO :: Node OpenOCD: teardown of openocd node
2021-08-31 07:21:58,537 :: INFO :: openocd node debugger stop
2021-08-31 07:21:59,226 :: INFO :: Node OpenOCD: flash of openocd node
2021-08-31 07:21:59,241 :: INFO :: Flash firmware on OpenOCD: /usr/lib/python2.7/site-packages/gateway_code/static/m3_idle.elf
2021-08-31 07:22:01,757 :: INFO :: Control node : Stop control node serial interface
2021-08-31 07:22:01,766 :: INFO :: Control node : stop power of open node
2021-08-31 07:22:01,835 :: INFO :: Control node : reset
2021-08-31 07:22:01,842 :: INFO :: Reset Control Node
2021-08-31 07:22:04,626 :: INFO :: Stop experiment succeeded
