2021-08-31 06:21:36,593 :: INFO :: Start experiment: luna-275824
2021-08-31 06:21:36,596 :: INFO :: Control node : Starting of control node serial interface
2021-08-31 06:21:36,599 :: INFO :: Control node : reset
2021-08-31 06:21:36,602 :: INFO :: Reset Control Node
2021-08-31 06:21:39,500 :: INFO :: Control node : start power of open node
2021-08-31 06:21:39,557 :: INFO :: Node OpenOCD: Setup of openocd node
2021-08-31 06:21:42,605 :: INFO :: Node OpenOCD: flash of openocd node
2021-08-31 06:21:42,623 :: INFO :: Flash firmware on OpenOCD: /tmp/tmpLMEQAa--11b39be0afbe655a47f82e084cf5704d_unicast-sender-count-60T-191B.iotlab-m3
2021-08-31 06:21:49,417 :: INFO :: Control node : Start experiment
2021-08-31 06:21:49,473 :: INFO :: Control Node set time delay: 1801 us
2021-08-31 06:21:49,506 :: INFO :: Control node : profile configuration
2021-08-31 06:21:49,513 :: INFO :: Configure profile on Control Node
2021-08-31 06:21:49,591 :: INFO :: Start experiment succeeded
2021-08-31 07:21:55,345 :: INFO :: Gateway Manager : Stop experiment
2021-08-31 07:21:55,357 :: INFO :: Stop experiment
2021-08-31 07:21:55,366 :: INFO :: Control node : stop of the experiment
2021-08-31 07:21:55,376 :: INFO :: Control node : profile configuration
2021-08-31 07:21:55,383 :: INFO :: Configure profile on Control Node
2021-08-31 07:21:55,468 :: INFO :: Control node : start power of open node
2021-08-31 07:21:55,509 :: INFO :: Node OpenOCD: teardown of openocd node
2021-08-31 07:21:58,561 :: INFO :: openocd node debugger stop
2021-08-31 07:21:59,247 :: INFO :: Node OpenOCD: flash of openocd node
2021-08-31 07:21:59,254 :: INFO :: Flash firmware on OpenOCD: /usr/lib/python2.7/site-packages/gateway_code/static/m3_idle.elf
2021-08-31 07:22:01,661 :: INFO :: Control node : Stop control node serial interface
2021-08-31 07:22:01,670 :: INFO :: Control node : stop power of open node
2021-08-31 07:22:01,739 :: INFO :: Control node : reset
2021-08-31 07:22:01,745 :: INFO :: Reset Control Node
2021-08-31 07:22:04,595 :: INFO :: Stop experiment succeeded
