2021-08-31 06:21:36,602 :: INFO :: Start experiment: luna-275824
2021-08-31 06:21:36,606 :: INFO :: Control node : Starting of control node serial interface
2021-08-31 06:21:36,608 :: INFO :: Control node : reset
2021-08-31 06:21:36,611 :: INFO :: Reset Control Node
2021-08-31 06:21:39,446 :: INFO :: Control node : start power of open node
2021-08-31 06:21:39,476 :: INFO :: Node OpenOCD: Setup of openocd node
2021-08-31 06:21:42,513 :: INFO :: Node OpenOCD: flash of openocd node
2021-08-31 06:21:42,531 :: INFO :: Flash firmware on OpenOCD: /tmp/tmpDGswWV--11b39be0afbe655a47f82e084cf5704d_unicast-sender-count-60T-191B.iotlab-m3
2021-08-31 06:21:49,220 :: INFO :: Control node : Start experiment
2021-08-31 06:21:49,295 :: INFO :: Control Node set time delay: 1038 us
2021-08-31 06:21:49,322 :: INFO :: Control node : profile configuration
2021-08-31 06:21:49,329 :: INFO :: Configure profile on Control Node
2021-08-31 06:21:49,406 :: INFO :: Start experiment succeeded
2021-08-31 07:21:55,321 :: INFO :: Gateway Manager : Stop experiment
2021-08-31 07:21:55,330 :: INFO :: Stop experiment
2021-08-31 07:21:55,339 :: INFO :: Control node : stop of the experiment
2021-08-31 07:21:55,346 :: INFO :: Control node : profile configuration
2021-08-31 07:21:55,353 :: INFO :: Configure profile on Control Node
2021-08-31 07:21:55,433 :: INFO :: Control node : start power of open node
2021-08-31 07:21:55,475 :: INFO :: Node OpenOCD: teardown of openocd node
2021-08-31 07:21:58,555 :: INFO :: openocd node debugger stop
2021-08-31 07:21:59,147 :: INFO :: Node OpenOCD: flash of openocd node
2021-08-31 07:21:59,161 :: INFO :: Flash firmware on OpenOCD: /usr/lib/python2.7/site-packages/gateway_code/static/m3_idle.elf
2021-08-31 07:22:01,620 :: INFO :: Control node : Stop control node serial interface
2021-08-31 07:22:01,626 :: INFO :: Control node : stop power of open node
2021-08-31 07:22:01,663 :: INFO :: Control node : reset
2021-08-31 07:22:01,667 :: INFO :: Reset Control Node
2021-08-31 07:22:04,484 :: INFO :: Stop experiment succeeded
