2021-08-31 06:21:36,573 :: INFO :: Start experiment: luna-275824
2021-08-31 06:21:36,576 :: INFO :: Control node : Starting of control node serial interface
2021-08-31 06:21:36,579 :: INFO :: Control node : reset
2021-08-31 06:21:36,582 :: INFO :: Reset Control Node
2021-08-31 06:21:39,533 :: INFO :: Control node : start power of open node
2021-08-31 06:21:39,582 :: INFO :: Node OpenOCD: Setup of openocd node
2021-08-31 06:21:42,610 :: INFO :: Node OpenOCD: flash of openocd node
2021-08-31 06:21:42,630 :: INFO :: Flash firmware on OpenOCD: /tmp/tmpDY8C0B--11b39be0afbe655a47f82e084cf5704d_unicast-sender-count-60T-191B.iotlab-m3
2021-08-31 06:21:49,478 :: INFO :: Control node : Start experiment
2021-08-31 06:21:49,529 :: INFO :: Control Node set time delay: 1923 us
2021-08-31 06:21:49,561 :: INFO :: Control node : profile configuration
2021-08-31 06:21:49,564 :: INFO :: Configure profile on Control Node
2021-08-31 06:21:49,605 :: INFO :: Start experiment succeeded
2021-08-31 07:21:55,317 :: INFO :: Gateway Manager : Stop experiment
2021-08-31 07:21:55,327 :: INFO :: Stop experiment
2021-08-31 07:21:55,335 :: INFO :: Control node : stop of the experiment
2021-08-31 07:21:55,344 :: INFO :: Control node : profile configuration
2021-08-31 07:21:55,352 :: INFO :: Configure profile on Control Node
2021-08-31 07:21:55,432 :: INFO :: Control node : start power of open node
2021-08-31 07:21:55,475 :: INFO :: Node OpenOCD: teardown of openocd node
2021-08-31 07:21:58,521 :: INFO :: openocd node debugger stop
2021-08-31 07:21:59,194 :: INFO :: Node OpenOCD: flash of openocd node
2021-08-31 07:21:59,208 :: INFO :: Flash firmware on OpenOCD: /usr/lib/python2.7/site-packages/gateway_code/static/m3_idle.elf
2021-08-31 07:22:01,669 :: INFO :: Control node : Stop control node serial interface
2021-08-31 07:22:01,678 :: INFO :: Control node : stop power of open node
2021-08-31 07:22:01,747 :: INFO :: Control node : reset
2021-08-31 07:22:01,753 :: INFO :: Reset Control Node
2021-08-31 07:22:04,591 :: INFO :: Stop experiment succeeded
