2021-08-31 06:21:36,592 :: INFO :: Start experiment: luna-275824
2021-08-31 06:21:36,595 :: INFO :: Control node : Starting of control node serial interface
2021-08-31 06:21:36,598 :: INFO :: Control node : reset
2021-08-31 06:21:36,601 :: INFO :: Reset Control Node
2021-08-31 06:21:39,451 :: INFO :: Control node : start power of open node
2021-08-31 06:21:39,508 :: INFO :: Node OpenOCD: Setup of openocd node
2021-08-31 06:21:42,556 :: INFO :: Node OpenOCD: flash of openocd node
2021-08-31 06:21:42,573 :: INFO :: Flash firmware on OpenOCD: /tmp/tmpMkN_87--11b39be0afbe655a47f82e084cf5704d_unicast-sender-count-60T-191B.iotlab-m3
2021-08-31 06:21:49,423 :: INFO :: Control node : Start experiment
2021-08-31 06:21:49,475 :: INFO :: Control Node set time delay: 1709 us
2021-08-31 06:21:49,507 :: INFO :: Control node : profile configuration
2021-08-31 06:21:49,512 :: INFO :: Configure profile on Control Node
2021-08-31 06:21:49,553 :: INFO :: Start experiment succeeded
2021-08-31 07:21:55,323 :: INFO :: Gateway Manager : Stop experiment
2021-08-31 07:21:55,332 :: INFO :: Stop experiment
2021-08-31 07:21:55,340 :: INFO :: Control node : stop of the experiment
2021-08-31 07:21:55,347 :: INFO :: Control node : profile configuration
2021-08-31 07:21:55,354 :: INFO :: Configure profile on Control Node
2021-08-31 07:21:55,434 :: INFO :: Control node : start power of open node
2021-08-31 07:21:55,476 :: INFO :: Node OpenOCD: teardown of openocd node
2021-08-31 07:21:58,516 :: INFO :: openocd node debugger stop
2021-08-31 07:21:59,201 :: INFO :: Node OpenOCD: flash of openocd node
2021-08-31 07:21:59,215 :: INFO :: Flash firmware on OpenOCD: /usr/lib/python2.7/site-packages/gateway_code/static/m3_idle.elf
2021-08-31 07:22:01,730 :: INFO :: Control node : Stop control node serial interface
2021-08-31 07:22:01,739 :: INFO :: Control node : stop power of open node
2021-08-31 07:22:01,810 :: INFO :: Control node : reset
2021-08-31 07:22:01,816 :: INFO :: Reset Control Node
2021-08-31 07:22:04,586 :: INFO :: Stop experiment succeeded
