2021-08-31 06:21:36,560 :: INFO :: Start experiment: luna-275824
2021-08-31 06:21:36,564 :: INFO :: Control node : Starting of control node serial interface
2021-08-31 06:21:36,566 :: INFO :: Control node : reset
2021-08-31 06:21:36,569 :: INFO :: Reset Control Node
2021-08-31 06:21:39,492 :: INFO :: Control node : start power of open node
2021-08-31 06:21:39,546 :: INFO :: Node OpenOCD: Setup of openocd node
2021-08-31 06:21:42,587 :: INFO :: Node OpenOCD: flash of openocd node
2021-08-31 06:21:42,605 :: INFO :: Flash firmware on OpenOCD: /tmp/tmppnpLFN--11b39be0afbe655a47f82e084cf5704d_unicast-sender-count-60T-191B.iotlab-m3
2021-08-31 06:21:49,401 :: INFO :: Control node : Start experiment
2021-08-31 06:21:49,459 :: INFO :: Control Node set time delay: 1953 us
2021-08-31 06:21:49,491 :: INFO :: Control node : profile configuration
2021-08-31 06:21:49,498 :: INFO :: Configure profile on Control Node
2021-08-31 06:21:49,575 :: INFO :: Start experiment succeeded
2021-08-31 07:21:55,315 :: INFO :: Gateway Manager : Stop experiment
2021-08-31 07:21:55,324 :: INFO :: Stop experiment
2021-08-31 07:21:55,333 :: INFO :: Control node : stop of the experiment
2021-08-31 07:21:55,340 :: INFO :: Control node : profile configuration
2021-08-31 07:21:55,350 :: INFO :: Configure profile on Control Node
2021-08-31 07:21:55,430 :: INFO :: Control node : start power of open node
2021-08-31 07:21:55,473 :: INFO :: Node OpenOCD: teardown of openocd node
2021-08-31 07:21:58,538 :: INFO :: openocd node debugger stop
2021-08-31 07:21:59,228 :: INFO :: Node OpenOCD: flash of openocd node
2021-08-31 07:21:59,243 :: INFO :: Flash firmware on OpenOCD: /usr/lib/python2.7/site-packages/gateway_code/static/m3_idle.elf
2021-08-31 07:22:01,711 :: INFO :: Control node : Stop control node serial interface
2021-08-31 07:22:01,720 :: INFO :: Control node : stop power of open node
2021-08-31 07:22:01,790 :: INFO :: Control node : reset
2021-08-31 07:22:01,797 :: INFO :: Reset Control Node
2021-08-31 07:22:04,633 :: INFO :: Stop experiment succeeded
