2021-08-31 06:21:36,567 :: INFO :: Start experiment: luna-275824
2021-08-31 06:21:36,570 :: INFO :: Control node : Starting of control node serial interface
2021-08-31 06:21:36,573 :: INFO :: Control node : reset
2021-08-31 06:21:36,576 :: INFO :: Reset Control Node
2021-08-31 06:21:39,502 :: INFO :: Control node : start power of open node
2021-08-31 06:21:39,557 :: INFO :: Node OpenOCD: Setup of openocd node
2021-08-31 06:21:42,599 :: INFO :: Node OpenOCD: flash of openocd node
2021-08-31 06:21:42,617 :: INFO :: Flash firmware on OpenOCD: /tmp/tmpsB6sOP--11b39be0afbe655a47f82e084cf5704d_unicast-sender-count-60T-191B.iotlab-m3
2021-08-31 06:21:49,523 :: INFO :: Control node : Start experiment
2021-08-31 06:21:49,591 :: INFO :: Control Node set time delay: 1800 us
2021-08-31 06:21:49,600 :: INFO :: Control node : profile configuration
2021-08-31 06:21:49,604 :: INFO :: Configure profile on Control Node
2021-08-31 06:21:49,646 :: INFO :: Start experiment succeeded
2021-08-31 07:21:55,320 :: INFO :: Gateway Manager : Stop experiment
2021-08-31 07:21:55,330 :: INFO :: Stop experiment
2021-08-31 07:21:55,338 :: INFO :: Control node : stop of the experiment
2021-08-31 07:21:55,349 :: INFO :: Control node : profile configuration
2021-08-31 07:21:55,357 :: INFO :: Configure profile on Control Node
2021-08-31 07:21:55,442 :: INFO :: Control node : start power of open node
2021-08-31 07:21:55,486 :: INFO :: Node OpenOCD: teardown of openocd node
2021-08-31 07:21:58,543 :: INFO :: openocd node debugger stop
2021-08-31 07:21:59,220 :: INFO :: Node OpenOCD: flash of openocd node
2021-08-31 07:21:59,227 :: INFO :: Flash firmware on OpenOCD: /usr/lib/python2.7/site-packages/gateway_code/static/m3_idle.elf
2021-08-31 07:22:01,636 :: INFO :: Control node : Stop control node serial interface
2021-08-31 07:22:01,641 :: INFO :: Control node : stop power of open node
2021-08-31 07:22:01,684 :: INFO :: Control node : reset
2021-08-31 07:22:01,687 :: INFO :: Reset Control Node
2021-08-31 07:22:04,455 :: INFO :: Stop experiment succeeded
