2021-08-31 06:21:36,582 :: INFO :: Start experiment: luna-275824
2021-08-31 06:21:36,585 :: INFO :: Control node : Starting of control node serial interface
2021-08-31 06:21:36,588 :: INFO :: Control node : reset
2021-08-31 06:21:36,591 :: INFO :: Reset Control Node
2021-08-31 06:21:39,447 :: INFO :: Control node : start power of open node
2021-08-31 06:21:39,474 :: INFO :: Node OpenOCD: Setup of openocd node
2021-08-31 06:21:42,515 :: INFO :: Node OpenOCD: flash of openocd node
2021-08-31 06:21:42,533 :: INFO :: Flash firmware on OpenOCD: /tmp/tmp8dJBG1--11b39be0afbe655a47f82e084cf5704d_unicast-sender-count-60T-191B.iotlab-m3
2021-08-31 06:21:49,405 :: INFO :: Control node : Start experiment
2021-08-31 06:21:49,489 :: INFO :: Control Node set time delay: 1373 us
2021-08-31 06:21:49,514 :: INFO :: Control node : profile configuration
2021-08-31 06:21:49,518 :: INFO :: Configure profile on Control Node
2021-08-31 06:21:49,558 :: INFO :: Start experiment succeeded
2021-08-31 07:21:55,362 :: INFO :: Gateway Manager : Stop experiment
2021-08-31 07:21:55,373 :: INFO :: Stop experiment
2021-08-31 07:21:55,381 :: INFO :: Control node : stop of the experiment
2021-08-31 07:21:55,390 :: INFO :: Control node : profile configuration
2021-08-31 07:21:55,406 :: INFO :: Configure profile on Control Node
2021-08-31 07:21:55,482 :: INFO :: Control node : start power of open node
2021-08-31 07:21:55,524 :: INFO :: Node OpenOCD: teardown of openocd node
2021-08-31 07:21:58,567 :: INFO :: openocd node debugger stop
2021-08-31 07:21:59,253 :: INFO :: Node OpenOCD: flash of openocd node
2021-08-31 07:21:59,260 :: INFO :: Flash firmware on OpenOCD: /usr/lib/python2.7/site-packages/gateway_code/static/m3_idle.elf
2021-08-31 07:22:01,663 :: INFO :: Control node : Stop control node serial interface
2021-08-31 07:22:01,668 :: INFO :: Control node : stop power of open node
2021-08-31 07:22:01,717 :: INFO :: Control node : reset
2021-08-31 07:22:01,723 :: INFO :: Reset Control Node
2021-08-31 07:22:04,567 :: INFO :: Stop experiment succeeded
