2021-08-31 06:21:36,600 :: INFO :: Start experiment: luna-275824
2021-08-31 06:21:36,603 :: INFO :: Control node : Starting of control node serial interface
2021-08-31 06:21:36,606 :: INFO :: Control node : reset
2021-08-31 06:21:36,609 :: INFO :: Reset Control Node
2021-08-31 06:21:39,460 :: INFO :: Control node : start power of open node
2021-08-31 06:21:39,517 :: INFO :: Node OpenOCD: Setup of openocd node
2021-08-31 06:21:42,561 :: INFO :: Node OpenOCD: flash of openocd node
2021-08-31 06:21:42,579 :: INFO :: Flash firmware on OpenOCD: /tmp/tmpgWjQWE--11b39be0afbe655a47f82e084cf5704d_unicast-sender-count-60T-191B.iotlab-m3
2021-08-31 06:21:49,484 :: INFO :: Control node : Start experiment
2021-08-31 06:21:49,533 :: INFO :: Control Node set time delay: 1129 us
2021-08-31 06:21:49,563 :: INFO :: Control node : profile configuration
2021-08-31 06:21:49,566 :: INFO :: Configure profile on Control Node
2021-08-31 06:21:49,609 :: INFO :: Start experiment succeeded
2021-08-31 07:21:55,359 :: INFO :: Gateway Manager : Stop experiment
2021-08-31 07:21:55,380 :: INFO :: Stop experiment
2021-08-31 07:21:55,412 :: INFO :: Control node : stop of the experiment
2021-08-31 07:21:55,442 :: INFO :: Control node : profile configuration
2021-08-31 07:21:55,458 :: INFO :: Configure profile on Control Node
2021-08-31 07:21:55,577 :: INFO :: Control node : start power of open node
2021-08-31 07:21:55,599 :: INFO :: Node OpenOCD: teardown of openocd node
2021-08-31 07:21:58,639 :: INFO :: openocd node debugger stop
2021-08-31 07:21:59,329 :: INFO :: Node OpenOCD: flash of openocd node
2021-08-31 07:21:59,344 :: INFO :: Flash firmware on OpenOCD: /usr/lib/python2.7/site-packages/gateway_code/static/m3_idle.elf
2021-08-31 07:22:01,803 :: INFO :: Control node : Stop control node serial interface
2021-08-31 07:22:01,808 :: INFO :: Control node : stop power of open node
2021-08-31 07:22:01,858 :: INFO :: Control node : reset
2021-08-31 07:22:01,862 :: INFO :: Reset Control Node
2021-08-31 07:22:04,618 :: INFO :: Stop experiment succeeded
