2021-08-31 06:21:36,603 :: INFO :: Start experiment: luna-275824
2021-08-31 06:21:36,607 :: INFO :: Control node : Starting of control node serial interface
2021-08-31 06:21:36,610 :: INFO :: Control node : reset
2021-08-31 06:21:36,612 :: INFO :: Reset Control Node
2021-08-31 06:21:39,510 :: INFO :: Control node : start power of open node
2021-08-31 06:21:39,564 :: INFO :: Node OpenOCD: Setup of openocd node
2021-08-31 06:21:42,604 :: INFO :: Node OpenOCD: flash of openocd node
2021-08-31 06:21:42,622 :: INFO :: Flash firmware on OpenOCD: /tmp/tmpOQ_caG--ddd0625ff8382e7208c25657471d6a4a_unicast-receiver-count.iotlab-m3
2021-08-31 06:21:49,108 :: INFO :: Control node : Start experiment
2021-08-31 06:21:49,138 :: INFO :: Control Node set time delay: 977 us
2021-08-31 06:21:49,156 :: INFO :: Control node : profile configuration
2021-08-31 06:21:49,160 :: INFO :: Configure profile on Control Node
2021-08-31 06:21:49,204 :: INFO :: Start experiment succeeded
2021-08-31 07:21:55,326 :: INFO :: Gateway Manager : Stop experiment
2021-08-31 07:21:55,335 :: INFO :: Stop experiment
2021-08-31 07:21:55,344 :: INFO :: Control node : stop of the experiment
2021-08-31 07:21:55,351 :: INFO :: Control node : profile configuration
2021-08-31 07:21:55,359 :: INFO :: Configure profile on Control Node
2021-08-31 07:21:55,446 :: INFO :: Control node : start power of open node
2021-08-31 07:21:55,491 :: INFO :: Node OpenOCD: teardown of openocd node
2021-08-31 07:21:58,550 :: INFO :: openocd node debugger stop
2021-08-31 07:21:59,238 :: INFO :: Node OpenOCD: flash of openocd node
2021-08-31 07:21:59,253 :: INFO :: Flash firmware on OpenOCD: /usr/lib/python2.7/site-packages/gateway_code/static/m3_idle.elf
2021-08-31 07:22:01,714 :: INFO :: Control node : Stop control node serial interface
2021-08-31 07:22:01,719 :: INFO :: Control node : stop power of open node
2021-08-31 07:22:01,760 :: INFO :: Control node : reset
2021-08-31 07:22:01,764 :: INFO :: Reset Control Node
2021-08-31 07:22:04,585 :: INFO :: Stop experiment succeeded
