2021-08-31 06:21:36,605 :: INFO :: Start experiment: luna-275824
2021-08-31 06:21:36,608 :: INFO :: Control node : Starting of control node serial interface
2021-08-31 06:21:36,611 :: INFO :: Control node : reset
2021-08-31 06:21:36,614 :: INFO :: Reset Control Node
2021-08-31 06:21:39,411 :: INFO :: Control node : start power of open node
2021-08-31 06:21:39,440 :: INFO :: Node OpenOCD: Setup of openocd node
2021-08-31 06:21:42,478 :: INFO :: Node OpenOCD: flash of openocd node
2021-08-31 06:21:42,496 :: INFO :: Flash firmware on OpenOCD: /tmp/tmp_OGhXX--11b39be0afbe655a47f82e084cf5704d_unicast-sender-count-60T-191B.iotlab-m3
2021-08-31 06:21:49,349 :: INFO :: Control node : Start experiment
2021-08-31 06:21:49,402 :: INFO :: Control Node set time delay: 1617 us
2021-08-31 06:21:49,420 :: INFO :: Control node : profile configuration
2021-08-31 06:21:49,423 :: INFO :: Configure profile on Control Node
2021-08-31 06:21:49,464 :: INFO :: Start experiment succeeded
2021-08-31 07:21:55,353 :: INFO :: Gateway Manager : Stop experiment
2021-08-31 07:21:55,372 :: INFO :: Stop experiment
2021-08-31 07:21:55,380 :: INFO :: Control node : stop of the experiment
2021-08-31 07:21:55,387 :: INFO :: Control node : profile configuration
2021-08-31 07:21:55,397 :: INFO :: Configure profile on Control Node
2021-08-31 07:21:55,475 :: INFO :: Control node : start power of open node
2021-08-31 07:21:55,517 :: INFO :: Node OpenOCD: teardown of openocd node
2021-08-31 07:21:58,567 :: INFO :: openocd node debugger stop
2021-08-31 07:21:59,251 :: INFO :: Node OpenOCD: flash of openocd node
2021-08-31 07:21:59,258 :: INFO :: Flash firmware on OpenOCD: /usr/lib/python2.7/site-packages/gateway_code/static/m3_idle.elf
2021-08-31 07:22:01,665 :: INFO :: Control node : Stop control node serial interface
2021-08-31 07:22:01,674 :: INFO :: Control node : stop power of open node
2021-08-31 07:22:01,743 :: INFO :: Control node : reset
2021-08-31 07:22:01,750 :: INFO :: Reset Control Node
2021-08-31 07:22:04,586 :: INFO :: Stop experiment succeeded
