2021-08-30 23:16:18,620 :: INFO :: Start experiment: luna-275817
2021-08-30 23:16:18,623 :: INFO :: Control node : Starting of control node serial interface
2021-08-30 23:16:18,626 :: INFO :: Control node : reset
2021-08-30 23:16:18,629 :: INFO :: Reset Control Node
2021-08-30 23:16:21,481 :: INFO :: Control node : start power of open node
2021-08-30 23:16:21,539 :: INFO :: Node OpenOCD: Setup of openocd node
2021-08-30 23:16:24,586 :: INFO :: Node OpenOCD: flash of openocd node
2021-08-30 23:16:24,604 :: INFO :: Flash firmware on OpenOCD: /tmp/tmpZGuKHg--d4a0543b7d1f359d92f0e4afc0b7f0cf_unicast-sender-count-30T-20B.iotlab-m3
2021-08-30 23:16:31,290 :: INFO :: Control node : Start experiment
2021-08-30 23:16:31,369 :: INFO :: Control Node set time delay: 1495 us
2021-08-30 23:16:31,393 :: INFO :: Control node : profile configuration
2021-08-30 23:16:31,400 :: INFO :: Configure profile on Control Node
2021-08-30 23:16:31,479 :: INFO :: Start experiment succeeded
2021-08-31 00:16:37,346 :: INFO :: Gateway Manager : Stop experiment
2021-08-31 00:16:37,357 :: INFO :: Stop experiment
2021-08-31 00:16:37,366 :: INFO :: Control node : stop of the experiment
2021-08-31 00:16:37,373 :: INFO :: Control node : profile configuration
2021-08-31 00:16:37,380 :: INFO :: Configure profile on Control Node
2021-08-31 00:16:37,451 :: INFO :: Control node : start power of open node
2021-08-31 00:16:37,492 :: INFO :: Node OpenOCD: teardown of openocd node
2021-08-31 00:16:40,551 :: INFO :: openocd node debugger stop
2021-08-31 00:16:41,240 :: INFO :: Node OpenOCD: flash of openocd node
2021-08-31 00:16:41,254 :: INFO :: Flash firmware on OpenOCD: /usr/lib/python2.7/site-packages/gateway_code/static/m3_idle.elf
2021-08-31 00:16:43,719 :: INFO :: Control node : Stop control node serial interface
2021-08-31 00:16:43,723 :: INFO :: Control node : stop power of open node
2021-08-31 00:16:43,764 :: INFO :: Control node : reset
2021-08-31 00:16:43,768 :: INFO :: Reset Control Node
2021-08-31 00:16:46,638 :: INFO :: Stop experiment succeeded
