2021-08-30 23:16:18,646 :: INFO :: Start experiment: luna-275817
2021-08-30 23:16:18,649 :: INFO :: Control node : Starting of control node serial interface
2021-08-30 23:16:18,652 :: INFO :: Control node : reset
2021-08-30 23:16:18,654 :: INFO :: Reset Control Node
2021-08-30 23:16:21,575 :: INFO :: Control node : start power of open node
2021-08-30 23:16:21,603 :: INFO :: Node OpenOCD: Setup of openocd node
2021-08-30 23:16:24,640 :: INFO :: Node OpenOCD: flash of openocd node
2021-08-30 23:16:24,658 :: INFO :: Flash firmware on OpenOCD: /tmp/tmpYqoVk9--d4a0543b7d1f359d92f0e4afc0b7f0cf_unicast-sender-count-30T-20B.iotlab-m3
2021-08-30 23:16:31,526 :: INFO :: Control node : Start experiment
2021-08-30 23:16:31,625 :: INFO :: Control Node set time delay: 1831 us
2021-08-30 23:16:31,638 :: INFO :: Control node : profile configuration
2021-08-30 23:16:31,641 :: INFO :: Configure profile on Control Node
2021-08-30 23:16:31,682 :: INFO :: Start experiment succeeded
2021-08-31 00:16:37,364 :: INFO :: Gateway Manager : Stop experiment
2021-08-31 00:16:37,374 :: INFO :: Stop experiment
2021-08-31 00:16:37,383 :: INFO :: Control node : stop of the experiment
2021-08-31 00:16:37,391 :: INFO :: Control node : profile configuration
2021-08-31 00:16:37,398 :: INFO :: Configure profile on Control Node
2021-08-31 00:16:37,472 :: INFO :: Control node : start power of open node
2021-08-31 00:16:37,516 :: INFO :: Node OpenOCD: teardown of openocd node
2021-08-31 00:16:40,567 :: INFO :: openocd node debugger stop
2021-08-31 00:16:41,241 :: INFO :: Node OpenOCD: flash of openocd node
2021-08-31 00:16:41,255 :: INFO :: Flash firmware on OpenOCD: /usr/lib/python2.7/site-packages/gateway_code/static/m3_idle.elf
2021-08-31 00:16:43,658 :: INFO :: Control node : Stop control node serial interface
2021-08-31 00:16:43,662 :: INFO :: Control node : stop power of open node
2021-08-31 00:16:43,716 :: INFO :: Control node : reset
2021-08-31 00:16:43,720 :: INFO :: Reset Control Node
2021-08-31 00:16:46,539 :: INFO :: Stop experiment succeeded
