2021-08-30 23:16:18,634 :: INFO :: Start experiment: luna-275817
2021-08-30 23:16:18,637 :: INFO :: Control node : Starting of control node serial interface
2021-08-30 23:16:18,640 :: INFO :: Control node : reset
2021-08-30 23:16:18,643 :: INFO :: Reset Control Node
2021-08-30 23:16:21,494 :: INFO :: Control node : start power of open node
2021-08-30 23:16:21,549 :: INFO :: Node OpenOCD: Setup of openocd node
2021-08-30 23:16:24,593 :: INFO :: Node OpenOCD: flash of openocd node
2021-08-30 23:16:24,611 :: INFO :: Flash firmware on OpenOCD: /tmp/tmpzXQbBO--d4a0543b7d1f359d92f0e4afc0b7f0cf_unicast-sender-count-30T-20B.iotlab-m3
2021-08-30 23:16:31,457 :: INFO :: Control node : Start experiment
2021-08-30 23:16:31,519 :: INFO :: Control Node set time delay: 1617 us
2021-08-30 23:16:31,536 :: INFO :: Control node : profile configuration
2021-08-30 23:16:31,543 :: INFO :: Configure profile on Control Node
2021-08-30 23:16:31,588 :: INFO :: Start experiment succeeded
2021-08-31 00:16:37,307 :: INFO :: Gateway Manager : Stop experiment
2021-08-31 00:16:37,318 :: INFO :: Stop experiment
2021-08-31 00:16:37,326 :: INFO :: Control node : stop of the experiment
2021-08-31 00:16:37,334 :: INFO :: Control node : profile configuration
2021-08-31 00:16:37,341 :: INFO :: Configure profile on Control Node
2021-08-31 00:16:37,413 :: INFO :: Control node : start power of open node
2021-08-31 00:16:37,456 :: INFO :: Node OpenOCD: teardown of openocd node
2021-08-31 00:16:40,529 :: INFO :: openocd node debugger stop
2021-08-31 00:16:41,217 :: INFO :: Node OpenOCD: flash of openocd node
2021-08-31 00:16:41,232 :: INFO :: Flash firmware on OpenOCD: /usr/lib/python2.7/site-packages/gateway_code/static/m3_idle.elf
2021-08-31 00:16:43,740 :: INFO :: Control node : Stop control node serial interface
2021-08-31 00:16:43,749 :: INFO :: Control node : stop power of open node
2021-08-31 00:16:43,815 :: INFO :: Control node : reset
2021-08-31 00:16:43,822 :: INFO :: Reset Control Node
2021-08-31 00:16:46,607 :: INFO :: Stop experiment succeeded
