2021-08-30 23:16:18,576 :: INFO :: Start experiment: luna-275817
2021-08-30 23:16:18,579 :: INFO :: Control node : Starting of control node serial interface
2021-08-30 23:16:18,582 :: INFO :: Control node : reset
2021-08-30 23:16:18,584 :: INFO :: Reset Control Node
2021-08-30 23:16:21,485 :: INFO :: Control node : start power of open node
2021-08-30 23:16:21,540 :: INFO :: Node OpenOCD: Setup of openocd node
2021-08-30 23:16:24,577 :: INFO :: Node OpenOCD: flash of openocd node
2021-08-30 23:16:24,594 :: INFO :: Flash firmware on OpenOCD: /tmp/tmp2jfio0--d4a0543b7d1f359d92f0e4afc0b7f0cf_unicast-sender-count-30T-20B.iotlab-m3
2021-08-30 23:16:31,493 :: INFO :: Control node : Start experiment
2021-08-30 23:16:31,555 :: INFO :: Control Node set time delay: 1251 us
2021-08-30 23:16:31,569 :: INFO :: Control node : profile configuration
2021-08-30 23:16:31,572 :: INFO :: Configure profile on Control Node
2021-08-30 23:16:31,613 :: INFO :: Start experiment succeeded
2021-08-31 00:16:37,349 :: INFO :: Gateway Manager : Stop experiment
2021-08-31 00:16:37,368 :: INFO :: Stop experiment
2021-08-31 00:16:37,387 :: INFO :: Control node : stop of the experiment
2021-08-31 00:16:37,402 :: INFO :: Control node : profile configuration
2021-08-31 00:16:37,418 :: INFO :: Configure profile on Control Node
2021-08-31 00:16:37,590 :: INFO :: Control node : start power of open node
2021-08-31 00:16:37,613 :: INFO :: Node OpenOCD: teardown of openocd node
2021-08-31 00:16:40,657 :: INFO :: openocd node debugger stop
2021-08-31 00:16:41,343 :: INFO :: Node OpenOCD: flash of openocd node
2021-08-31 00:16:41,350 :: INFO :: Flash firmware on OpenOCD: /usr/lib/python2.7/site-packages/gateway_code/static/m3_idle.elf
2021-08-31 00:16:43,750 :: INFO :: Control node : Stop control node serial interface
2021-08-31 00:16:43,754 :: INFO :: Control node : stop power of open node
2021-08-31 00:16:43,792 :: INFO :: Control node : reset
2021-08-31 00:16:43,797 :: INFO :: Reset Control Node
2021-08-31 00:16:46,638 :: INFO :: Stop experiment succeeded
