2021-08-30 23:16:18,643 :: INFO :: Start experiment: luna-275817
2021-08-30 23:16:18,647 :: INFO :: Control node : Starting of control node serial interface
2021-08-30 23:16:18,650 :: INFO :: Control node : reset
2021-08-30 23:16:18,652 :: INFO :: Reset Control Node
2021-08-30 23:16:21,573 :: INFO :: Control node : start power of open node
2021-08-30 23:16:21,589 :: INFO :: Node OpenOCD: Setup of openocd node
2021-08-30 23:16:24,623 :: INFO :: Node OpenOCD: flash of openocd node
2021-08-30 23:16:24,641 :: INFO :: Flash firmware on OpenOCD: /tmp/tmpPtSPAY--d4a0543b7d1f359d92f0e4afc0b7f0cf_unicast-sender-count-30T-20B.iotlab-m3
2021-08-30 23:16:31,467 :: INFO :: Control node : Start experiment
2021-08-30 23:16:31,519 :: INFO :: Control Node set time delay: 1922 us
2021-08-30 23:16:31,551 :: INFO :: Control node : profile configuration
2021-08-30 23:16:31,558 :: INFO :: Configure profile on Control Node
2021-08-30 23:16:31,599 :: INFO :: Start experiment succeeded
2021-08-31 00:16:37,317 :: INFO :: Gateway Manager : Stop experiment
2021-08-31 00:16:37,327 :: INFO :: Stop experiment
2021-08-31 00:16:37,336 :: INFO :: Control node : stop of the experiment
2021-08-31 00:16:37,343 :: INFO :: Control node : profile configuration
2021-08-31 00:16:37,351 :: INFO :: Configure profile on Control Node
2021-08-31 00:16:37,426 :: INFO :: Control node : start power of open node
2021-08-31 00:16:37,471 :: INFO :: Node OpenOCD: teardown of openocd node
2021-08-31 00:16:40,525 :: INFO :: openocd node debugger stop
2021-08-31 00:16:41,214 :: INFO :: Node OpenOCD: flash of openocd node
2021-08-31 00:16:41,228 :: INFO :: Flash firmware on OpenOCD: /usr/lib/python2.7/site-packages/gateway_code/static/m3_idle.elf
2021-08-31 00:16:43,694 :: INFO :: Control node : Stop control node serial interface
2021-08-31 00:16:43,703 :: INFO :: Control node : stop power of open node
2021-08-31 00:16:43,770 :: INFO :: Control node : reset
2021-08-31 00:16:43,777 :: INFO :: Reset Control Node
2021-08-31 00:16:46,567 :: INFO :: Stop experiment succeeded
