2021-08-30 23:16:18,614 :: INFO :: Start experiment: luna-275817
2021-08-30 23:16:18,618 :: INFO :: Control node : Starting of control node serial interface
2021-08-30 23:16:18,621 :: INFO :: Control node : reset
2021-08-30 23:16:18,623 :: INFO :: Reset Control Node
2021-08-30 23:16:21,524 :: INFO :: Control node : start power of open node
2021-08-30 23:16:21,579 :: INFO :: Node OpenOCD: Setup of openocd node
2021-08-30 23:16:24,627 :: INFO :: Node OpenOCD: flash of openocd node
2021-08-30 23:16:24,646 :: INFO :: Flash firmware on OpenOCD: /tmp/tmp_abTSd--d4a0543b7d1f359d92f0e4afc0b7f0cf_unicast-sender-count-30T-20B.iotlab-m3
2021-08-30 23:16:31,501 :: INFO :: Control node : Start experiment
2021-08-30 23:16:31,560 :: INFO :: Control Node set time delay: 1190 us
2021-08-30 23:16:31,582 :: INFO :: Control node : profile configuration
2021-08-30 23:16:31,589 :: INFO :: Configure profile on Control Node
2021-08-30 23:16:31,649 :: INFO :: Start experiment succeeded
2021-08-31 00:16:37,361 :: INFO :: Gateway Manager : Stop experiment
2021-08-31 00:16:37,370 :: INFO :: Stop experiment
2021-08-31 00:16:37,379 :: INFO :: Control node : stop of the experiment
2021-08-31 00:16:37,386 :: INFO :: Control node : profile configuration
2021-08-31 00:16:37,394 :: INFO :: Configure profile on Control Node
2021-08-31 00:16:37,467 :: INFO :: Control node : start power of open node
2021-08-31 00:16:37,512 :: INFO :: Node OpenOCD: teardown of openocd node
2021-08-31 00:16:40,552 :: INFO :: openocd node debugger stop
2021-08-31 00:16:41,241 :: INFO :: Node OpenOCD: flash of openocd node
2021-08-31 00:16:41,255 :: INFO :: Flash firmware on OpenOCD: /usr/lib/python2.7/site-packages/gateway_code/static/m3_idle.elf
2021-08-31 00:16:43,721 :: INFO :: Control node : Stop control node serial interface
2021-08-31 00:16:43,726 :: INFO :: Control node : stop power of open node
2021-08-31 00:16:43,763 :: INFO :: Control node : reset
2021-08-31 00:16:43,767 :: INFO :: Reset Control Node
2021-08-31 00:16:46,582 :: INFO :: Stop experiment succeeded
