2021-08-30 23:16:18,629 :: INFO :: Start experiment: luna-275817
2021-08-30 23:16:18,633 :: INFO :: Control node : Starting of control node serial interface
2021-08-30 23:16:18,636 :: INFO :: Control node : reset
2021-08-30 23:16:18,638 :: INFO :: Reset Control Node
2021-08-30 23:16:21,546 :: INFO :: Control node : start power of open node
2021-08-30 23:16:21,600 :: INFO :: Node OpenOCD: Setup of openocd node
2021-08-30 23:16:24,649 :: INFO :: Node OpenOCD: flash of openocd node
2021-08-30 23:16:24,667 :: INFO :: Flash firmware on OpenOCD: /tmp/tmpIg1J0b--d4a0543b7d1f359d92f0e4afc0b7f0cf_unicast-sender-count-30T-20B.iotlab-m3
2021-08-30 23:16:31,574 :: INFO :: Control node : Start experiment
2021-08-30 23:16:31,632 :: INFO :: Control Node set time delay: 946 us
2021-08-30 23:16:31,650 :: INFO :: Control node : profile configuration
2021-08-30 23:16:31,654 :: INFO :: Configure profile on Control Node
2021-08-30 23:16:31,698 :: INFO :: Start experiment succeeded
2021-08-31 00:16:37,342 :: INFO :: Gateway Manager : Stop experiment
2021-08-31 00:16:37,362 :: INFO :: Stop experiment
2021-08-31 00:16:37,380 :: INFO :: Control node : stop of the experiment
2021-08-31 00:16:37,396 :: INFO :: Control node : profile configuration
2021-08-31 00:16:37,417 :: INFO :: Configure profile on Control Node
2021-08-31 00:16:37,594 :: INFO :: Control node : start power of open node
2021-08-31 00:16:37,617 :: INFO :: Node OpenOCD: teardown of openocd node
2021-08-31 00:16:40,657 :: INFO :: openocd node debugger stop
2021-08-31 00:16:41,342 :: INFO :: Node OpenOCD: flash of openocd node
2021-08-31 00:16:41,349 :: INFO :: Flash firmware on OpenOCD: /usr/lib/python2.7/site-packages/gateway_code/static/m3_idle.elf
2021-08-31 00:16:43,753 :: INFO :: Control node : Stop control node serial interface
2021-08-31 00:16:43,758 :: INFO :: Control node : stop power of open node
2021-08-31 00:16:43,799 :: INFO :: Control node : reset
2021-08-31 00:16:43,803 :: INFO :: Reset Control Node
2021-08-31 00:16:46,615 :: INFO :: Stop experiment succeeded
