2021-08-30 23:16:18,559 :: INFO :: Start experiment: luna-275817
2021-08-30 23:16:18,563 :: INFO :: Control node : Starting of control node serial interface
2021-08-30 23:16:18,566 :: INFO :: Control node : reset
2021-08-30 23:16:18,568 :: INFO :: Reset Control Node
2021-08-30 23:16:21,453 :: INFO :: Control node : start power of open node
2021-08-30 23:16:21,468 :: INFO :: Node OpenOCD: Setup of openocd node
2021-08-30 23:16:24,501 :: INFO :: Node OpenOCD: flash of openocd node
2021-08-30 23:16:24,520 :: INFO :: Flash firmware on OpenOCD: /tmp/tmpa1BKmg--d4a0543b7d1f359d92f0e4afc0b7f0cf_unicast-sender-count-30T-20B.iotlab-m3
2021-08-30 23:16:31,373 :: INFO :: Control node : Start experiment
2021-08-30 23:16:31,431 :: INFO :: Control Node set time delay: 1647 us
2021-08-30 23:16:31,448 :: INFO :: Control node : profile configuration
2021-08-30 23:16:31,452 :: INFO :: Configure profile on Control Node
2021-08-30 23:16:31,493 :: INFO :: Start experiment succeeded
2021-08-31 00:16:37,321 :: INFO :: Gateway Manager : Stop experiment
2021-08-31 00:16:37,331 :: INFO :: Stop experiment
2021-08-31 00:16:37,339 :: INFO :: Control node : stop of the experiment
2021-08-31 00:16:37,346 :: INFO :: Control node : profile configuration
2021-08-31 00:16:37,353 :: INFO :: Configure profile on Control Node
2021-08-31 00:16:37,426 :: INFO :: Control node : start power of open node
2021-08-31 00:16:37,468 :: INFO :: Node OpenOCD: teardown of openocd node
2021-08-31 00:16:40,542 :: INFO :: openocd node debugger stop
2021-08-31 00:16:41,235 :: INFO :: Node OpenOCD: flash of openocd node
2021-08-31 00:16:41,250 :: INFO :: Flash firmware on OpenOCD: /usr/lib/python2.7/site-packages/gateway_code/static/m3_idle.elf
2021-08-31 00:16:43,707 :: INFO :: Control node : Stop control node serial interface
2021-08-31 00:16:43,712 :: INFO :: Control node : stop power of open node
2021-08-31 00:16:43,751 :: INFO :: Control node : reset
2021-08-31 00:16:43,755 :: INFO :: Reset Control Node
2021-08-31 00:16:46,624 :: INFO :: Stop experiment succeeded
