2021-08-30 23:16:18,590 :: INFO :: Start experiment: luna-275817
2021-08-30 23:16:18,594 :: INFO :: Control node : Starting of control node serial interface
2021-08-30 23:16:18,596 :: INFO :: Control node : reset
2021-08-30 23:16:18,599 :: INFO :: Reset Control Node
2021-08-30 23:16:21,495 :: INFO :: Control node : start power of open node
2021-08-30 23:16:21,523 :: INFO :: Node OpenOCD: Setup of openocd node
2021-08-30 23:16:24,561 :: INFO :: Node OpenOCD: flash of openocd node
2021-08-30 23:16:24,579 :: INFO :: Flash firmware on OpenOCD: /tmp/tmpSEwIdK--d4a0543b7d1f359d92f0e4afc0b7f0cf_unicast-sender-count-30T-20B.iotlab-m3
2021-08-30 23:16:31,373 :: INFO :: Control node : Start experiment
2021-08-30 23:16:31,447 :: INFO :: Control Node set time delay: 1068 us
2021-08-30 23:16:31,464 :: INFO :: Control node : profile configuration
2021-08-30 23:16:31,471 :: INFO :: Configure profile on Control Node
2021-08-30 23:16:31,550 :: INFO :: Start experiment succeeded
2021-08-31 00:16:37,354 :: INFO :: Gateway Manager : Stop experiment
2021-08-31 00:16:37,375 :: INFO :: Stop experiment
2021-08-31 00:16:37,394 :: INFO :: Control node : stop of the experiment
2021-08-31 00:16:37,411 :: INFO :: Control node : profile configuration
2021-08-31 00:16:37,433 :: INFO :: Configure profile on Control Node
2021-08-31 00:16:37,570 :: INFO :: Control node : start power of open node
2021-08-31 00:16:37,592 :: INFO :: Node OpenOCD: teardown of openocd node
2021-08-31 00:16:40,626 :: INFO :: openocd node debugger stop
2021-08-31 00:16:41,323 :: INFO :: Node OpenOCD: flash of openocd node
2021-08-31 00:16:41,337 :: INFO :: Flash firmware on OpenOCD: /usr/lib/python2.7/site-packages/gateway_code/static/m3_idle.elf
2021-08-31 00:16:43,792 :: INFO :: Control node : Stop control node serial interface
2021-08-31 00:16:43,796 :: INFO :: Control node : stop power of open node
2021-08-31 00:16:43,835 :: INFO :: Control node : reset
2021-08-31 00:16:43,839 :: INFO :: Reset Control Node
2021-08-31 00:16:46,712 :: INFO :: Stop experiment succeeded
