2021-08-30 23:16:18,660 :: INFO :: Start experiment: luna-275817
2021-08-30 23:16:18,663 :: INFO :: Control node : Starting of control node serial interface
2021-08-30 23:16:18,666 :: INFO :: Control node : reset
2021-08-30 23:16:18,669 :: INFO :: Reset Control Node
2021-08-30 23:16:21,572 :: INFO :: Control node : start power of open node
2021-08-30 23:16:21,613 :: INFO :: Node OpenOCD: Setup of openocd node
2021-08-30 23:16:24,645 :: INFO :: Node OpenOCD: flash of openocd node
2021-08-30 23:16:24,663 :: INFO :: Flash firmware on OpenOCD: /tmp/tmptzdw5o--ddd0625ff8382e7208c25657471d6a4a_unicast-receiver-count.iotlab-m3
2021-08-30 23:16:31,211 :: INFO :: Control node : Start experiment
2021-08-30 23:16:31,263 :: INFO :: Control Node set time delay: 1526 us
2021-08-30 23:16:31,295 :: INFO :: Control node : profile configuration
2021-08-30 23:16:31,300 :: INFO :: Configure profile on Control Node
2021-08-30 23:16:31,341 :: INFO :: Start experiment succeeded
2021-08-31 00:16:37,319 :: INFO :: Gateway Manager : Stop experiment
2021-08-31 00:16:37,328 :: INFO :: Stop experiment
2021-08-31 00:16:37,338 :: INFO :: Control node : stop of the experiment
2021-08-31 00:16:37,345 :: INFO :: Control node : profile configuration
2021-08-31 00:16:37,352 :: INFO :: Configure profile on Control Node
2021-08-31 00:16:37,415 :: INFO :: Control node : start power of open node
2021-08-31 00:16:37,455 :: INFO :: Node OpenOCD: teardown of openocd node
2021-08-31 00:16:40,493 :: INFO :: openocd node debugger stop
2021-08-31 00:16:41,186 :: INFO :: Node OpenOCD: flash of openocd node
2021-08-31 00:16:41,201 :: INFO :: Flash firmware on OpenOCD: /usr/lib/python2.7/site-packages/gateway_code/static/m3_idle.elf
2021-08-31 00:16:43,663 :: INFO :: Control node : Stop control node serial interface
2021-08-31 00:16:43,668 :: INFO :: Control node : stop power of open node
2021-08-31 00:16:43,709 :: INFO :: Control node : reset
2021-08-31 00:16:43,713 :: INFO :: Reset Control Node
2021-08-31 00:16:46,526 :: INFO :: Stop experiment succeeded
