2021-08-30 23:16:18,599 :: INFO :: Start experiment: luna-275817
2021-08-30 23:16:18,602 :: INFO :: Control node : Starting of control node serial interface
2021-08-30 23:16:18,605 :: INFO :: Control node : reset
2021-08-30 23:16:18,608 :: INFO :: Reset Control Node
2021-08-30 23:16:21,510 :: INFO :: Control node : start power of open node
2021-08-30 23:16:21,565 :: INFO :: Node OpenOCD: Setup of openocd node
2021-08-30 23:16:24,610 :: INFO :: Node OpenOCD: flash of openocd node
2021-08-30 23:16:24,628 :: INFO :: Flash firmware on OpenOCD: /tmp/tmpUPZb8D--d4a0543b7d1f359d92f0e4afc0b7f0cf_unicast-sender-count-30T-20B.iotlab-m3
2021-08-30 23:16:31,532 :: INFO :: Control node : Start experiment
2021-08-30 23:16:31,586 :: INFO :: Control Node set time delay: 1923 us
2021-08-30 23:16:31,614 :: INFO :: Control node : profile configuration
2021-08-30 23:16:31,617 :: INFO :: Configure profile on Control Node
2021-08-30 23:16:31,659 :: INFO :: Start experiment succeeded
2021-08-31 00:16:37,357 :: INFO :: Gateway Manager : Stop experiment
2021-08-31 00:16:37,374 :: INFO :: Stop experiment
2021-08-31 00:16:37,383 :: INFO :: Control node : stop of the experiment
2021-08-31 00:16:37,393 :: INFO :: Control node : profile configuration
2021-08-31 00:16:37,401 :: INFO :: Configure profile on Control Node
2021-08-31 00:16:37,474 :: INFO :: Control node : start power of open node
2021-08-31 00:16:37,519 :: INFO :: Node OpenOCD: teardown of openocd node
2021-08-31 00:16:40,571 :: INFO :: openocd node debugger stop
2021-08-31 00:16:41,264 :: INFO :: Node OpenOCD: flash of openocd node
2021-08-31 00:16:41,278 :: INFO :: Flash firmware on OpenOCD: /usr/lib/python2.7/site-packages/gateway_code/static/m3_idle.elf
2021-08-31 00:16:43,743 :: INFO :: Control node : Stop control node serial interface
2021-08-31 00:16:43,752 :: INFO :: Control node : stop power of open node
2021-08-31 00:16:43,819 :: INFO :: Control node : reset
2021-08-31 00:16:43,825 :: INFO :: Reset Control Node
2021-08-31 00:16:46,664 :: INFO :: Stop experiment succeeded
