2021-08-30 23:16:18,611 :: INFO :: Start experiment: luna-275817
2021-08-30 23:16:18,614 :: INFO :: Control node : Starting of control node serial interface
2021-08-30 23:16:18,617 :: INFO :: Control node : reset
2021-08-30 23:16:18,620 :: INFO :: Reset Control Node
2021-08-30 23:16:21,475 :: INFO :: Control node : start power of open node
2021-08-30 23:16:21,503 :: INFO :: Node OpenOCD: Setup of openocd node
2021-08-30 23:16:24,544 :: INFO :: Node OpenOCD: flash of openocd node
2021-08-30 23:16:24,563 :: INFO :: Flash firmware on OpenOCD: /tmp/tmptYZ3CM--d4a0543b7d1f359d92f0e4afc0b7f0cf_unicast-sender-count-30T-20B.iotlab-m3
2021-08-30 23:16:31,418 :: INFO :: Control node : Start experiment
2021-08-30 23:16:31,467 :: INFO :: Control Node set time delay: 1374 us
2021-08-30 23:16:31,499 :: INFO :: Control node : profile configuration
2021-08-30 23:16:31,506 :: INFO :: Configure profile on Control Node
2021-08-30 23:16:31,551 :: INFO :: Start experiment succeeded
2021-08-31 00:16:37,345 :: INFO :: Gateway Manager : Stop experiment
2021-08-31 00:16:37,367 :: INFO :: Stop experiment
2021-08-31 00:16:37,376 :: INFO :: Control node : stop of the experiment
2021-08-31 00:16:37,383 :: INFO :: Control node : profile configuration
2021-08-31 00:16:37,390 :: INFO :: Configure profile on Control Node
2021-08-31 00:16:37,461 :: INFO :: Control node : start power of open node
2021-08-31 00:16:37,502 :: INFO :: Node OpenOCD: teardown of openocd node
2021-08-31 00:16:40,543 :: INFO :: openocd node debugger stop
2021-08-31 00:16:41,232 :: INFO :: Node OpenOCD: flash of openocd node
2021-08-31 00:16:41,246 :: INFO :: Flash firmware on OpenOCD: /usr/lib/python2.7/site-packages/gateway_code/static/m3_idle.elf
2021-08-31 00:16:43,715 :: INFO :: Control node : Stop control node serial interface
2021-08-31 00:16:43,724 :: INFO :: Control node : stop power of open node
2021-08-31 00:16:43,791 :: INFO :: Control node : reset
2021-08-31 00:16:43,798 :: INFO :: Reset Control Node
2021-08-31 00:16:46,633 :: INFO :: Stop experiment succeeded
