2021-08-30 23:16:18,654 :: INFO :: Start experiment: luna-275817
2021-08-30 23:16:18,657 :: INFO :: Control node : Starting of control node serial interface
2021-08-30 23:16:18,660 :: INFO :: Control node : reset
2021-08-30 23:16:18,663 :: INFO :: Reset Control Node
2021-08-30 23:16:21,561 :: INFO :: Control node : start power of open node
2021-08-30 23:16:21,617 :: INFO :: Node OpenOCD: Setup of openocd node
2021-08-30 23:16:24,661 :: INFO :: Node OpenOCD: flash of openocd node
2021-08-30 23:16:24,679 :: INFO :: Flash firmware on OpenOCD: /tmp/tmpDrwTc3--d4a0543b7d1f359d92f0e4afc0b7f0cf_unicast-sender-count-30T-20B.iotlab-m3
2021-08-30 23:16:31,532 :: INFO :: Control node : Start experiment
2021-08-30 23:16:31,590 :: INFO :: Control Node set time delay: 1099 us
2021-08-30 23:16:31,615 :: INFO :: Control node : profile configuration
2021-08-30 23:16:31,621 :: INFO :: Configure profile on Control Node
2021-08-30 23:16:31,661 :: INFO :: Start experiment succeeded
2021-08-31 00:16:37,341 :: INFO :: Gateway Manager : Stop experiment
2021-08-31 00:16:37,358 :: INFO :: Stop experiment
2021-08-31 00:16:37,374 :: INFO :: Control node : stop of the experiment
2021-08-31 00:16:37,381 :: INFO :: Control node : profile configuration
2021-08-31 00:16:37,388 :: INFO :: Configure profile on Control Node
2021-08-31 00:16:37,455 :: INFO :: Control node : start power of open node
2021-08-31 00:16:37,496 :: INFO :: Node OpenOCD: teardown of openocd node
2021-08-31 00:16:40,545 :: INFO :: openocd node debugger stop
2021-08-31 00:16:41,234 :: INFO :: Node OpenOCD: flash of openocd node
2021-08-31 00:16:41,248 :: INFO :: Flash firmware on OpenOCD: /usr/lib/python2.7/site-packages/gateway_code/static/m3_idle.elf
2021-08-31 00:16:43,715 :: INFO :: Control node : Stop control node serial interface
2021-08-31 00:16:43,720 :: INFO :: Control node : stop power of open node
2021-08-31 00:16:43,758 :: INFO :: Control node : reset
2021-08-31 00:16:43,762 :: INFO :: Reset Control Node
2021-08-31 00:16:46,576 :: INFO :: Stop experiment succeeded
