2021-08-30 23:16:18,608 :: INFO :: Start experiment: luna-275817
2021-08-30 23:16:18,612 :: INFO :: Control node : Starting of control node serial interface
2021-08-30 23:16:18,614 :: INFO :: Control node : reset
2021-08-30 23:16:18,617 :: INFO :: Reset Control Node
2021-08-30 23:16:21,452 :: INFO :: Control node : start power of open node
2021-08-30 23:16:21,482 :: INFO :: Node OpenOCD: Setup of openocd node
2021-08-30 23:16:24,522 :: INFO :: Node OpenOCD: flash of openocd node
2021-08-30 23:16:24,540 :: INFO :: Flash firmware on OpenOCD: /tmp/tmpHzx54o--d4a0543b7d1f359d92f0e4afc0b7f0cf_unicast-sender-count-30T-20B.iotlab-m3
2021-08-30 23:16:31,390 :: INFO :: Control node : Start experiment
2021-08-30 23:16:31,439 :: INFO :: Control Node set time delay: 1526 us
2021-08-30 23:16:31,472 :: INFO :: Control node : profile configuration
2021-08-30 23:16:31,479 :: INFO :: Configure profile on Control Node
2021-08-30 23:16:31,531 :: INFO :: Start experiment succeeded
2021-08-31 00:16:37,359 :: INFO :: Gateway Manager : Stop experiment
2021-08-31 00:16:37,376 :: INFO :: Stop experiment
2021-08-31 00:16:37,385 :: INFO :: Control node : stop of the experiment
2021-08-31 00:16:37,392 :: INFO :: Control node : profile configuration
2021-08-31 00:16:37,399 :: INFO :: Configure profile on Control Node
2021-08-31 00:16:37,473 :: INFO :: Control node : start power of open node
2021-08-31 00:16:37,516 :: INFO :: Node OpenOCD: teardown of openocd node
2021-08-31 00:16:40,564 :: INFO :: openocd node debugger stop
2021-08-31 00:16:41,249 :: INFO :: Node OpenOCD: flash of openocd node
2021-08-31 00:16:41,257 :: INFO :: Flash firmware on OpenOCD: /usr/lib/python2.7/site-packages/gateway_code/static/m3_idle.elf
2021-08-31 00:16:43,612 :: INFO :: Control node : Stop control node serial interface
2021-08-31 00:16:43,617 :: INFO :: Control node : stop power of open node
2021-08-31 00:16:43,663 :: INFO :: Control node : reset
2021-08-31 00:16:43,667 :: INFO :: Reset Control Node
2021-08-31 00:16:46,492 :: INFO :: Stop experiment succeeded
