2021-08-30 23:16:18,636 :: INFO :: Start experiment: luna-275817
2021-08-30 23:16:18,640 :: INFO :: Control node : Starting of control node serial interface
2021-08-30 23:16:18,642 :: INFO :: Control node : reset
2021-08-30 23:16:18,645 :: INFO :: Reset Control Node
2021-08-30 23:16:21,551 :: INFO :: Control node : start power of open node
2021-08-30 23:16:21,607 :: INFO :: Node OpenOCD: Setup of openocd node
2021-08-30 23:16:24,653 :: INFO :: Node OpenOCD: flash of openocd node
2021-08-30 23:16:24,672 :: INFO :: Flash firmware on OpenOCD: /tmp/tmpKyNc7g--d4a0543b7d1f359d92f0e4afc0b7f0cf_unicast-sender-count-30T-20B.iotlab-m3
2021-08-30 23:16:31,474 :: INFO :: Control node : Start experiment
2021-08-30 23:16:31,538 :: INFO :: Control Node set time delay: 1099 us
2021-08-30 23:16:31,571 :: INFO :: Control node : profile configuration
2021-08-30 23:16:31,578 :: INFO :: Configure profile on Control Node
2021-08-30 23:16:31,659 :: INFO :: Start experiment succeeded
2021-08-31 00:16:37,313 :: INFO :: Gateway Manager : Stop experiment
2021-08-31 00:16:37,322 :: INFO :: Stop experiment
2021-08-31 00:16:37,331 :: INFO :: Control node : stop of the experiment
2021-08-31 00:16:37,339 :: INFO :: Control node : profile configuration
2021-08-31 00:16:37,347 :: INFO :: Configure profile on Control Node
2021-08-31 00:16:37,423 :: INFO :: Control node : start power of open node
2021-08-31 00:16:37,468 :: INFO :: Node OpenOCD: teardown of openocd node
2021-08-31 00:16:40,543 :: INFO :: openocd node debugger stop
2021-08-31 00:16:41,238 :: INFO :: Node OpenOCD: flash of openocd node
2021-08-31 00:16:41,252 :: INFO :: Flash firmware on OpenOCD: /usr/lib/python2.7/site-packages/gateway_code/static/m3_idle.elf
2021-08-31 00:16:43,690 :: INFO :: Control node : Stop control node serial interface
2021-08-31 00:16:43,695 :: INFO :: Control node : stop power of open node
2021-08-31 00:16:43,735 :: INFO :: Control node : reset
2021-08-31 00:16:43,739 :: INFO :: Reset Control Node
2021-08-31 00:16:46,563 :: INFO :: Stop experiment succeeded
