2021-08-30 23:16:18,637 :: INFO :: Start experiment: luna-275817
2021-08-30 23:16:18,640 :: INFO :: Control node : Starting of control node serial interface
2021-08-30 23:16:18,643 :: INFO :: Control node : reset
2021-08-30 23:16:18,646 :: INFO :: Reset Control Node
2021-08-30 23:16:21,555 :: INFO :: Control node : start power of open node
2021-08-30 23:16:21,598 :: INFO :: Node OpenOCD: Setup of openocd node
2021-08-30 23:16:24,630 :: INFO :: Node OpenOCD: flash of openocd node
2021-08-30 23:16:24,648 :: INFO :: Flash firmware on OpenOCD: /tmp/tmppyrJlE--d4a0543b7d1f359d92f0e4afc0b7f0cf_unicast-sender-count-30T-20B.iotlab-m3
2021-08-30 23:16:31,503 :: INFO :: Control node : Start experiment
2021-08-30 23:16:31,562 :: INFO :: Control Node set time delay: 1099 us
2021-08-30 23:16:31,585 :: INFO :: Control node : profile configuration
2021-08-30 23:16:31,592 :: INFO :: Configure profile on Control Node
2021-08-30 23:16:31,632 :: INFO :: Start experiment succeeded
2021-08-31 00:16:37,318 :: INFO :: Gateway Manager : Stop experiment
2021-08-31 00:16:37,328 :: INFO :: Stop experiment
2021-08-31 00:16:37,337 :: INFO :: Control node : stop of the experiment
2021-08-31 00:16:37,344 :: INFO :: Control node : profile configuration
2021-08-31 00:16:37,355 :: INFO :: Configure profile on Control Node
2021-08-31 00:16:37,428 :: INFO :: Control node : start power of open node
2021-08-31 00:16:37,472 :: INFO :: Node OpenOCD: teardown of openocd node
2021-08-31 00:16:40,527 :: INFO :: openocd node debugger stop
2021-08-31 00:16:41,215 :: INFO :: Node OpenOCD: flash of openocd node
2021-08-31 00:16:41,229 :: INFO :: Flash firmware on OpenOCD: /usr/lib/python2.7/site-packages/gateway_code/static/m3_idle.elf
2021-08-31 00:16:43,701 :: INFO :: Control node : Stop control node serial interface
2021-08-31 00:16:43,706 :: INFO :: Control node : stop power of open node
2021-08-31 00:16:43,747 :: INFO :: Control node : reset
2021-08-31 00:16:43,751 :: INFO :: Reset Control Node
2021-08-31 00:16:46,566 :: INFO :: Stop experiment succeeded
