2021-08-30 23:16:18,569 :: INFO :: Start experiment: luna-275817
2021-08-30 23:16:18,573 :: INFO :: Control node : Starting of control node serial interface
2021-08-30 23:16:18,575 :: INFO :: Control node : reset
2021-08-30 23:16:18,578 :: INFO :: Reset Control Node
2021-08-30 23:16:21,530 :: INFO :: Control node : start power of open node
2021-08-30 23:16:21,586 :: INFO :: Node OpenOCD: Setup of openocd node
2021-08-30 23:16:24,633 :: INFO :: Node OpenOCD: flash of openocd node
2021-08-30 23:16:24,648 :: INFO :: Flash firmware on OpenOCD: /tmp/tmpIJPmvI--d4a0543b7d1f359d92f0e4afc0b7f0cf_unicast-sender-count-30T-20B.iotlab-m3
2021-08-30 23:16:31,498 :: INFO :: Control node : Start experiment
2021-08-30 23:16:31,548 :: INFO :: Control Node set time delay: 1220 us
2021-08-30 23:16:31,570 :: INFO :: Control node : profile configuration
2021-08-30 23:16:31,573 :: INFO :: Configure profile on Control Node
2021-08-30 23:16:31,615 :: INFO :: Start experiment succeeded
2021-08-31 00:16:37,320 :: INFO :: Gateway Manager : Stop experiment
2021-08-31 00:16:37,329 :: INFO :: Stop experiment
2021-08-31 00:16:37,337 :: INFO :: Control node : stop of the experiment
2021-08-31 00:16:37,345 :: INFO :: Control node : profile configuration
2021-08-31 00:16:37,352 :: INFO :: Configure profile on Control Node
2021-08-31 00:16:37,426 :: INFO :: Control node : start power of open node
2021-08-31 00:16:37,468 :: INFO :: Node OpenOCD: teardown of openocd node
2021-08-31 00:16:40,545 :: INFO :: openocd node debugger stop
2021-08-31 00:16:41,240 :: INFO :: Node OpenOCD: flash of openocd node
2021-08-31 00:16:41,254 :: INFO :: Flash firmware on OpenOCD: /usr/lib/python2.7/site-packages/gateway_code/static/m3_idle.elf
2021-08-31 00:16:43,715 :: INFO :: Control node : Stop control node serial interface
2021-08-31 00:16:43,720 :: INFO :: Control node : stop power of open node
2021-08-31 00:16:43,758 :: INFO :: Control node : reset
2021-08-31 00:16:43,762 :: INFO :: Reset Control Node
2021-08-31 00:16:46,558 :: INFO :: Stop experiment succeeded
