2021-08-30 23:16:18,645 :: INFO :: Start experiment: luna-275817
2021-08-30 23:16:18,649 :: INFO :: Control node : Starting of control node serial interface
2021-08-30 23:16:18,651 :: INFO :: Control node : reset
2021-08-30 23:16:18,654 :: INFO :: Reset Control Node
2021-08-30 23:16:21,556 :: INFO :: Control node : start power of open node
2021-08-30 23:16:21,613 :: INFO :: Node OpenOCD: Setup of openocd node
2021-08-30 23:16:24,653 :: INFO :: Node OpenOCD: flash of openocd node
2021-08-30 23:16:24,671 :: INFO :: Flash firmware on OpenOCD: /tmp/tmpeWPamP--d4a0543b7d1f359d92f0e4afc0b7f0cf_unicast-sender-count-30T-20B.iotlab-m3
2021-08-30 23:16:31,579 :: INFO :: Control node : Start experiment
2021-08-30 23:16:31,629 :: INFO :: Control Node set time delay: 1770 us
2021-08-30 23:16:31,648 :: INFO :: Control node : profile configuration
2021-08-30 23:16:31,651 :: INFO :: Configure profile on Control Node
2021-08-30 23:16:31,692 :: INFO :: Start experiment succeeded
2021-08-31 00:16:37,315 :: INFO :: Gateway Manager : Stop experiment
2021-08-31 00:16:37,325 :: INFO :: Stop experiment
2021-08-31 00:16:37,333 :: INFO :: Control node : stop of the experiment
2021-08-31 00:16:37,341 :: INFO :: Control node : profile configuration
2021-08-31 00:16:37,348 :: INFO :: Configure profile on Control Node
2021-08-31 00:16:37,425 :: INFO :: Control node : start power of open node
2021-08-31 00:16:37,469 :: INFO :: Node OpenOCD: teardown of openocd node
2021-08-31 00:16:40,539 :: INFO :: openocd node debugger stop
2021-08-31 00:16:41,221 :: INFO :: Node OpenOCD: flash of openocd node
2021-08-31 00:16:41,228 :: INFO :: Flash firmware on OpenOCD: /usr/lib/python2.7/site-packages/gateway_code/static/m3_idle.elf
2021-08-31 00:16:43,637 :: INFO :: Control node : Stop control node serial interface
2021-08-31 00:16:43,642 :: INFO :: Control node : stop power of open node
2021-08-31 00:16:43,684 :: INFO :: Control node : reset
2021-08-31 00:16:43,688 :: INFO :: Reset Control Node
2021-08-31 00:16:46,512 :: INFO :: Stop experiment succeeded
