2021-09-06 09:59:29,766 :: INFO :: Start experiment: luna-276406
2021-09-06 09:59:29,770 :: INFO :: Control node : Starting of control node serial interface
2021-09-06 09:59:29,773 :: INFO :: Control node : reset
2021-09-06 09:59:29,775 :: INFO :: Reset Control Node
2021-09-06 09:59:32,680 :: INFO :: Control node : start power of open node
2021-09-06 09:59:32,738 :: INFO :: Node OpenOCD: Setup of openocd node
2021-09-06 09:59:35,778 :: INFO :: Node OpenOCD: flash of openocd node
2021-09-06 09:59:35,796 :: INFO :: Flash firmware on OpenOCD: /tmp/tmpTEH35r--a14ddd1a1d6cc1c4ffb46cbabc9d20fe_unicast-sender-count-10T-20B.iotlab-m3
2021-09-06 09:59:42,502 :: INFO :: Control node : Start experiment
2021-09-06 09:59:42,558 :: INFO :: Control Node set time delay: 1984 us
2021-09-06 09:59:42,581 :: INFO :: Control node : profile configuration
2021-09-06 09:59:42,588 :: INFO :: Configure profile on Control Node
2021-09-06 09:59:42,669 :: INFO :: Start experiment succeeded
2021-09-06 11:00:48,465 :: INFO :: Gateway Manager : Stop experiment
2021-09-06 11:00:48,474 :: INFO :: Stop experiment
2021-09-06 11:00:48,482 :: INFO :: Control node : stop of the experiment
2021-09-06 11:00:48,489 :: INFO :: Control node : profile configuration
2021-09-06 11:00:48,496 :: INFO :: Configure profile on Control Node
2021-09-06 11:00:48,572 :: INFO :: Control node : start power of open node
2021-09-06 11:00:48,615 :: INFO :: Node OpenOCD: teardown of openocd node
2021-09-06 11:00:51,684 :: INFO :: openocd node debugger stop
2021-09-06 11:00:52,359 :: INFO :: Node OpenOCD: flash of openocd node
2021-09-06 11:00:52,366 :: INFO :: Flash firmware on OpenOCD: /usr/lib/python2.7/site-packages/gateway_code/static/m3_idle.elf
2021-09-06 11:00:54,720 :: INFO :: Control node : Stop control node serial interface
2021-09-06 11:00:54,729 :: INFO :: Control node : stop power of open node
2021-09-06 11:00:54,835 :: INFO :: Control node : reset
2021-09-06 11:00:54,842 :: INFO :: Reset Control Node
2021-09-06 11:00:57,614 :: INFO :: Stop experiment succeeded
