2021-09-06 09:59:29,792 :: INFO :: Start experiment: luna-276406
2021-09-06 09:59:29,795 :: INFO :: Control node : Starting of control node serial interface
2021-09-06 09:59:29,798 :: INFO :: Control node : reset
2021-09-06 09:59:29,800 :: INFO :: Reset Control Node
2021-09-06 09:59:32,705 :: INFO :: Control node : start power of open node
2021-09-06 09:59:32,759 :: INFO :: Node OpenOCD: Setup of openocd node
2021-09-06 09:59:35,802 :: INFO :: Node OpenOCD: flash of openocd node
2021-09-06 09:59:35,821 :: INFO :: Flash firmware on OpenOCD: /tmp/tmpugfw6R--a14ddd1a1d6cc1c4ffb46cbabc9d20fe_unicast-sender-count-10T-20B.iotlab-m3
2021-09-06 09:59:42,612 :: INFO :: Control node : Start experiment
2021-09-06 09:59:42,699 :: INFO :: Control Node set time delay: 1892 us
2021-09-06 09:59:42,722 :: INFO :: Control node : profile configuration
2021-09-06 09:59:42,728 :: INFO :: Configure profile on Control Node
2021-09-06 09:59:42,807 :: INFO :: Start experiment succeeded
2021-09-06 11:00:48,462 :: INFO :: Gateway Manager : Stop experiment
2021-09-06 11:00:48,471 :: INFO :: Stop experiment
2021-09-06 11:00:48,479 :: INFO :: Control node : stop of the experiment
2021-09-06 11:00:48,486 :: INFO :: Control node : profile configuration
2021-09-06 11:00:48,492 :: INFO :: Configure profile on Control Node
2021-09-06 11:00:48,559 :: INFO :: Control node : start power of open node
2021-09-06 11:00:48,599 :: INFO :: Node OpenOCD: teardown of openocd node
2021-09-06 11:00:51,634 :: INFO :: openocd node debugger stop
2021-09-06 11:00:52,322 :: INFO :: Node OpenOCD: flash of openocd node
2021-09-06 11:00:52,336 :: INFO :: Flash firmware on OpenOCD: /usr/lib/python2.7/site-packages/gateway_code/static/m3_idle.elf
2021-09-06 11:00:54,806 :: INFO :: Control node : Stop control node serial interface
2021-09-06 11:00:54,814 :: INFO :: Control node : stop power of open node
2021-09-06 11:00:54,918 :: INFO :: Control node : reset
2021-09-06 11:00:54,925 :: INFO :: Reset Control Node
2021-09-06 11:00:57,707 :: INFO :: Stop experiment succeeded
