2021-09-06 09:59:29,740 :: INFO :: Start experiment: luna-276406
2021-09-06 09:59:29,743 :: INFO :: Control node : Starting of control node serial interface
2021-09-06 09:59:29,746 :: INFO :: Control node : reset
2021-09-06 09:59:29,749 :: INFO :: Reset Control Node
2021-09-06 09:59:32,604 :: INFO :: Control node : start power of open node
2021-09-06 09:59:32,660 :: INFO :: Node OpenOCD: Setup of openocd node
2021-09-06 09:59:35,701 :: INFO :: Node OpenOCD: flash of openocd node
2021-09-06 09:59:35,719 :: INFO :: Flash firmware on OpenOCD: /tmp/tmpDYCTNp--a14ddd1a1d6cc1c4ffb46cbabc9d20fe_unicast-sender-count-10T-20B.iotlab-m3
2021-09-06 09:59:42,572 :: INFO :: Control node : Start experiment
2021-09-06 09:59:42,625 :: INFO :: Control Node set time delay: 1251 us
2021-09-06 09:59:42,660 :: INFO :: Control node : profile configuration
2021-09-06 09:59:42,666 :: INFO :: Configure profile on Control Node
2021-09-06 09:59:42,713 :: INFO :: Start experiment succeeded
2021-09-06 11:00:48,418 :: INFO :: Gateway Manager : Stop experiment
2021-09-06 11:00:48,428 :: INFO :: Stop experiment
2021-09-06 11:00:48,437 :: INFO :: Control node : stop of the experiment
2021-09-06 11:00:48,444 :: INFO :: Control node : profile configuration
2021-09-06 11:00:48,452 :: INFO :: Configure profile on Control Node
2021-09-06 11:00:48,528 :: INFO :: Control node : start power of open node
2021-09-06 11:00:48,572 :: INFO :: Node OpenOCD: teardown of openocd node
2021-09-06 11:00:51,629 :: INFO :: openocd node debugger stop
2021-09-06 11:00:52,310 :: INFO :: Node OpenOCD: flash of openocd node
2021-09-06 11:00:52,325 :: INFO :: Flash firmware on OpenOCD: /usr/lib/python2.7/site-packages/gateway_code/static/m3_idle.elf
2021-09-06 11:00:54,785 :: INFO :: Control node : Stop control node serial interface
2021-09-06 11:00:54,793 :: INFO :: Control node : stop power of open node
2021-09-06 11:00:54,898 :: INFO :: Control node : reset
2021-09-06 11:00:54,904 :: INFO :: Reset Control Node
2021-09-06 11:00:57,740 :: INFO :: Stop experiment succeeded
