2021-09-06 09:59:29,734 :: INFO :: Start experiment: luna-276406
2021-09-06 09:59:29,738 :: INFO :: Control node : Starting of control node serial interface
2021-09-06 09:59:29,741 :: INFO :: Control node : reset
2021-09-06 09:59:29,743 :: INFO :: Reset Control Node
2021-09-06 09:59:32,651 :: INFO :: Control node : start power of open node
2021-09-06 09:59:32,707 :: INFO :: Node OpenOCD: Setup of openocd node
2021-09-06 09:59:35,757 :: INFO :: Node OpenOCD: flash of openocd node
2021-09-06 09:59:35,772 :: INFO :: Flash firmware on OpenOCD: /tmp/tmpREq7Zz--ddd0625ff8382e7208c25657471d6a4a_unicast-receiver-count.iotlab-m3
2021-09-06 09:59:42,208 :: INFO :: Control node : Start experiment
2021-09-06 09:59:42,235 :: INFO :: Control Node set time delay: 1068 us
2021-09-06 09:59:42,252 :: INFO :: Control node : profile configuration
2021-09-06 09:59:42,256 :: INFO :: Configure profile on Control Node
2021-09-06 09:59:42,300 :: INFO :: Start experiment succeeded
2021-09-06 11:00:48,469 :: INFO :: Gateway Manager : Stop experiment
2021-09-06 11:00:48,478 :: INFO :: Stop experiment
2021-09-06 11:00:48,485 :: INFO :: Control node : stop of the experiment
2021-09-06 11:00:48,495 :: INFO :: Control node : profile configuration
2021-09-06 11:00:48,502 :: INFO :: Configure profile on Control Node
2021-09-06 11:00:48,567 :: INFO :: Control node : start power of open node
2021-09-06 11:00:48,606 :: INFO :: Node OpenOCD: teardown of openocd node
2021-09-06 11:00:51,638 :: INFO :: openocd node debugger stop
2021-09-06 11:00:52,324 :: INFO :: Node OpenOCD: flash of openocd node
2021-09-06 11:00:52,339 :: INFO :: Flash firmware on OpenOCD: /usr/lib/python2.7/site-packages/gateway_code/static/m3_idle.elf
2021-09-06 11:00:54,812 :: INFO :: Control node : Stop control node serial interface
2021-09-06 11:00:54,817 :: INFO :: Control node : stop power of open node
2021-09-06 11:00:54,868 :: INFO :: Control node : reset
2021-09-06 11:00:54,875 :: INFO :: Reset Control Node
2021-09-06 11:00:57,701 :: INFO :: Stop experiment succeeded
