2021-08-31 03:19:12,997 :: INFO :: Start experiment: luna-275821
2021-08-31 03:19:13,000 :: INFO :: Control node : Starting of control node serial interface
2021-08-31 03:19:13,003 :: INFO :: Control node : reset
2021-08-31 03:19:13,006 :: INFO :: Reset Control Node
2021-08-31 03:19:15,964 :: INFO :: Control node : start power of open node
2021-08-31 03:19:16,019 :: INFO :: Node OpenOCD: Setup of openocd node
2021-08-31 03:19:19,061 :: INFO :: Node OpenOCD: flash of openocd node
2021-08-31 03:19:19,076 :: INFO :: Flash firmware on OpenOCD: /tmp/tmpwltOxV--c646a7bd7eca22cfbffed9b70d2e0c90_unicast-sender-count-60T-100B.iotlab-m3
2021-08-31 03:19:25,905 :: INFO :: Control node : Start experiment
2021-08-31 03:19:25,955 :: INFO :: Control Node set time delay: 1617 us
2021-08-31 03:19:25,988 :: INFO :: Control node : profile configuration
2021-08-31 03:19:25,995 :: INFO :: Configure profile on Control Node
2021-08-31 03:19:26,038 :: INFO :: Start experiment succeeded
2021-08-31 03:37:58,274 :: INFO :: Check 'control' node ftdi
2021-08-31 03:37:58,427 :: INFO :: control node ftdi found
2021-08-31 03:37:58,432 :: INFO :: Check 'm3' node ftdi
2021-08-31 03:37:58,510 :: INFO :: m3 node ftdi found
2021-08-31 04:19:31,677 :: INFO :: Gateway Manager : Stop experiment
2021-08-31 04:19:31,686 :: INFO :: Stop experiment
2021-08-31 04:19:31,695 :: INFO :: Control node : stop of the experiment
2021-08-31 04:19:31,706 :: INFO :: Control node : profile configuration
2021-08-31 04:19:31,714 :: INFO :: Configure profile on Control Node
2021-08-31 04:19:31,788 :: INFO :: Control node : start power of open node
2021-08-31 04:19:31,832 :: INFO :: Node OpenOCD: teardown of openocd node
2021-08-31 04:19:34,889 :: INFO :: openocd node debugger stop
2021-08-31 04:19:35,577 :: INFO :: Node OpenOCD: flash of openocd node
2021-08-31 04:19:35,585 :: INFO :: Flash firmware on OpenOCD: /usr/lib/python2.7/site-packages/gateway_code/static/m3_idle.elf
2021-08-31 04:19:37,994 :: INFO :: Control node : Stop control node serial interface
2021-08-31 04:19:38,003 :: INFO :: Control node : stop power of open node
2021-08-31 04:19:38,071 :: INFO :: Control node : reset
2021-08-31 04:19:38,077 :: INFO :: Reset Control Node
2021-08-31 04:19:40,912 :: INFO :: Stop experiment succeeded
