2021-08-31 03:19:12,957 :: INFO :: Start experiment: luna-275821
2021-08-31 03:19:12,961 :: INFO :: Control node : Starting of control node serial interface
2021-08-31 03:19:12,964 :: INFO :: Control node : reset
2021-08-31 03:19:12,967 :: INFO :: Reset Control Node
2021-08-31 03:19:15,850 :: INFO :: Control node : start power of open node
2021-08-31 03:19:15,867 :: INFO :: Node OpenOCD: Setup of openocd node
2021-08-31 03:19:18,897 :: INFO :: Node OpenOCD: flash of openocd node
2021-08-31 03:19:18,915 :: INFO :: Flash firmware on OpenOCD: /tmp/tmpcGUlhn--c646a7bd7eca22cfbffed9b70d2e0c90_unicast-sender-count-60T-100B.iotlab-m3
2021-08-31 03:19:25,820 :: INFO :: Control node : Start experiment
2021-08-31 03:19:25,857 :: INFO :: Control Node set time delay: 1343 us
2021-08-31 03:19:25,875 :: INFO :: Control node : profile configuration
2021-08-31 03:19:25,879 :: INFO :: Configure profile on Control Node
2021-08-31 03:19:25,922 :: INFO :: Start experiment succeeded
2021-08-31 03:33:01,835 :: INFO :: Check 'control' node ftdi
2021-08-31 03:33:02,001 :: INFO :: control node ftdi found
2021-08-31 03:33:02,011 :: INFO :: Check 'm3' node ftdi
2021-08-31 03:33:02,115 :: INFO :: m3 node ftdi found
2021-08-31 04:19:31,699 :: INFO :: Gateway Manager : Stop experiment
2021-08-31 04:19:31,709 :: INFO :: Stop experiment
2021-08-31 04:19:31,717 :: INFO :: Control node : stop of the experiment
2021-08-31 04:19:31,725 :: INFO :: Control node : profile configuration
2021-08-31 04:19:31,732 :: INFO :: Configure profile on Control Node
2021-08-31 04:19:31,804 :: INFO :: Control node : start power of open node
2021-08-31 04:19:31,847 :: INFO :: Node OpenOCD: teardown of openocd node
2021-08-31 04:19:34,897 :: INFO :: openocd node debugger stop
2021-08-31 04:19:35,594 :: INFO :: Node OpenOCD: flash of openocd node
2021-08-31 04:19:35,609 :: INFO :: Flash firmware on OpenOCD: /usr/lib/python2.7/site-packages/gateway_code/static/m3_idle.elf
2021-08-31 04:19:38,075 :: INFO :: Control node : Stop control node serial interface
2021-08-31 04:19:38,081 :: INFO :: Control node : stop power of open node
2021-08-31 04:19:38,122 :: INFO :: Control node : reset
2021-08-31 04:19:38,125 :: INFO :: Reset Control Node
2021-08-31 04:19:40,953 :: INFO :: Stop experiment succeeded
