2021-08-31 03:19:12,940 :: INFO :: Start experiment: luna-275821
2021-08-31 03:19:12,943 :: INFO :: Control node : Starting of control node serial interface
2021-08-31 03:19:12,946 :: INFO :: Control node : reset
2021-08-31 03:19:12,949 :: INFO :: Reset Control Node
2021-08-31 03:19:15,852 :: INFO :: Control node : start power of open node
2021-08-31 03:19:15,907 :: INFO :: Node OpenOCD: Setup of openocd node
2021-08-31 03:19:18,951 :: INFO :: Node OpenOCD: flash of openocd node
2021-08-31 03:19:18,969 :: INFO :: Flash firmware on OpenOCD: /tmp/tmpk3G_17--c646a7bd7eca22cfbffed9b70d2e0c90_unicast-sender-count-60T-100B.iotlab-m3
2021-08-31 03:19:25,874 :: INFO :: Control node : Start experiment
2021-08-31 03:19:25,925 :: INFO :: Control Node set time delay: 1953 us
2021-08-31 03:19:25,953 :: INFO :: Control node : profile configuration
2021-08-31 03:19:25,957 :: INFO :: Configure profile on Control Node
2021-08-31 03:19:26,000 :: INFO :: Start experiment succeeded
2021-08-31 03:38:42,637 :: INFO :: Check 'control' node ftdi
2021-08-31 03:38:42,907 :: INFO :: control node ftdi found
2021-08-31 03:38:42,911 :: INFO :: Check 'm3' node ftdi
2021-08-31 03:38:42,983 :: INFO :: m3 node ftdi found
2021-08-31 04:19:31,698 :: INFO :: Gateway Manager : Stop experiment
2021-08-31 04:19:31,708 :: INFO :: Stop experiment
2021-08-31 04:19:31,716 :: INFO :: Control node : stop of the experiment
2021-08-31 04:19:31,724 :: INFO :: Control node : profile configuration
2021-08-31 04:19:31,732 :: INFO :: Configure profile on Control Node
2021-08-31 04:19:31,808 :: INFO :: Control node : start power of open node
2021-08-31 04:19:31,852 :: INFO :: Node OpenOCD: teardown of openocd node
2021-08-31 04:19:34,903 :: INFO :: openocd node debugger stop
2021-08-31 04:19:35,599 :: INFO :: Node OpenOCD: flash of openocd node
2021-08-31 04:19:35,614 :: INFO :: Flash firmware on OpenOCD: /usr/lib/python2.7/site-packages/gateway_code/static/m3_idle.elf
2021-08-31 04:19:38,025 :: INFO :: Control node : Stop control node serial interface
2021-08-31 04:19:38,030 :: INFO :: Control node : stop power of open node
2021-08-31 04:19:38,071 :: INFO :: Control node : reset
2021-08-31 04:19:38,075 :: INFO :: Reset Control Node
2021-08-31 04:19:40,878 :: INFO :: Stop experiment succeeded
