2021-08-31 03:19:12,965 :: INFO :: Start experiment: luna-275821
2021-08-31 03:19:12,968 :: INFO :: Control node : Starting of control node serial interface
2021-08-31 03:19:12,971 :: INFO :: Control node : reset
2021-08-31 03:19:12,974 :: INFO :: Reset Control Node
2021-08-31 03:19:15,874 :: INFO :: Control node : start power of open node
2021-08-31 03:19:15,907 :: INFO :: Node OpenOCD: Setup of openocd node
2021-08-31 03:19:18,941 :: INFO :: Node OpenOCD: flash of openocd node
2021-08-31 03:19:18,959 :: INFO :: Flash firmware on OpenOCD: /tmp/tmp5uAO8d--c646a7bd7eca22cfbffed9b70d2e0c90_unicast-sender-count-60T-100B.iotlab-m3
2021-08-31 03:19:25,729 :: INFO :: Control node : Start experiment
2021-08-31 03:19:25,773 :: INFO :: Control Node set time delay: 1648 us
2021-08-31 03:19:25,805 :: INFO :: Control node : profile configuration
2021-08-31 03:19:25,812 :: INFO :: Configure profile on Control Node
2021-08-31 03:19:25,889 :: INFO :: Start experiment succeeded
2021-08-31 03:32:19,475 :: INFO :: Check 'control' node ftdi
2021-08-31 03:32:19,759 :: INFO :: control node ftdi found
2021-08-31 03:32:19,764 :: INFO :: Check 'm3' node ftdi
2021-08-31 03:32:19,832 :: INFO :: m3 node ftdi found
2021-08-31 04:19:31,694 :: INFO :: Gateway Manager : Stop experiment
2021-08-31 04:19:31,704 :: INFO :: Stop experiment
2021-08-31 04:19:31,712 :: INFO :: Control node : stop of the experiment
2021-08-31 04:19:31,723 :: INFO :: Control node : profile configuration
2021-08-31 04:19:31,731 :: INFO :: Configure profile on Control Node
2021-08-31 04:19:31,804 :: INFO :: Control node : start power of open node
2021-08-31 04:19:31,849 :: INFO :: Node OpenOCD: teardown of openocd node
2021-08-31 04:19:34,899 :: INFO :: openocd node debugger stop
2021-08-31 04:19:35,591 :: INFO :: Node OpenOCD: flash of openocd node
2021-08-31 04:19:35,605 :: INFO :: Flash firmware on OpenOCD: /usr/lib/python2.7/site-packages/gateway_code/static/m3_idle.elf
2021-08-31 04:19:38,065 :: INFO :: Control node : Stop control node serial interface
2021-08-31 04:19:38,070 :: INFO :: Control node : stop power of open node
2021-08-31 04:19:38,108 :: INFO :: Control node : reset
2021-08-31 04:19:38,112 :: INFO :: Reset Control Node
2021-08-31 04:19:40,916 :: INFO :: Stop experiment succeeded
