2021-08-31 03:19:12,952 :: INFO :: Start experiment: luna-275821
2021-08-31 03:19:12,956 :: INFO :: Control node : Starting of control node serial interface
2021-08-31 03:19:12,958 :: INFO :: Control node : reset
2021-08-31 03:19:12,961 :: INFO :: Reset Control Node
2021-08-31 03:19:15,863 :: INFO :: Control node : start power of open node
2021-08-31 03:19:15,900 :: INFO :: Node OpenOCD: Setup of openocd node
2021-08-31 03:19:18,928 :: INFO :: Node OpenOCD: flash of openocd node
2021-08-31 03:19:18,946 :: INFO :: Flash firmware on OpenOCD: /tmp/tmpRXtKE5--c646a7bd7eca22cfbffed9b70d2e0c90_unicast-sender-count-60T-100B.iotlab-m3
2021-08-31 03:19:25,696 :: INFO :: Control node : Start experiment
2021-08-31 03:19:25,762 :: INFO :: Control Node set time delay: 1892 us
2021-08-31 03:19:25,786 :: INFO :: Control node : profile configuration
2021-08-31 03:19:25,793 :: INFO :: Configure profile on Control Node
2021-08-31 03:19:25,872 :: INFO :: Start experiment succeeded
2021-08-31 03:37:05,037 :: INFO :: Check 'control' node ftdi
2021-08-31 03:37:05,208 :: INFO :: control node ftdi found
2021-08-31 03:37:05,215 :: INFO :: Check 'm3' node ftdi
2021-08-31 03:37:05,291 :: INFO :: m3 node ftdi found
2021-08-31 04:19:31,692 :: INFO :: Gateway Manager : Stop experiment
2021-08-31 04:19:31,702 :: INFO :: Stop experiment
2021-08-31 04:19:31,710 :: INFO :: Control node : stop of the experiment
2021-08-31 04:19:31,721 :: INFO :: Control node : profile configuration
2021-08-31 04:19:31,728 :: INFO :: Configure profile on Control Node
2021-08-31 04:19:31,799 :: INFO :: Control node : start power of open node
2021-08-31 04:19:31,843 :: INFO :: Node OpenOCD: teardown of openocd node
2021-08-31 04:19:34,880 :: INFO :: openocd node debugger stop
2021-08-31 04:19:35,567 :: INFO :: Node OpenOCD: flash of openocd node
2021-08-31 04:19:35,581 :: INFO :: Flash firmware on OpenOCD: /usr/lib/python2.7/site-packages/gateway_code/static/m3_idle.elf
2021-08-31 04:19:38,041 :: INFO :: Control node : Stop control node serial interface
2021-08-31 04:19:38,046 :: INFO :: Control node : stop power of open node
2021-08-31 04:19:38,086 :: INFO :: Control node : reset
2021-08-31 04:19:38,090 :: INFO :: Reset Control Node
2021-08-31 04:19:40,922 :: INFO :: Stop experiment succeeded
