2021-08-31 03:19:12,959 :: INFO :: Start experiment: luna-275821
2021-08-31 03:19:12,962 :: INFO :: Control node : Starting of control node serial interface
2021-08-31 03:19:12,965 :: INFO :: Control node : reset
2021-08-31 03:19:12,968 :: INFO :: Reset Control Node
2021-08-31 03:19:15,872 :: INFO :: Control node : start power of open node
2021-08-31 03:19:15,929 :: INFO :: Node OpenOCD: Setup of openocd node
2021-08-31 03:19:18,976 :: INFO :: Node OpenOCD: flash of openocd node
2021-08-31 03:19:18,995 :: INFO :: Flash firmware on OpenOCD: /tmp/tmpcoqVE4--c646a7bd7eca22cfbffed9b70d2e0c90_unicast-sender-count-60T-100B.iotlab-m3
2021-08-31 03:19:25,785 :: INFO :: Control node : Start experiment
2021-08-31 03:19:25,842 :: INFO :: Control Node set time delay: 1343 us
2021-08-31 03:19:25,868 :: INFO :: Control node : profile configuration
2021-08-31 03:19:25,874 :: INFO :: Configure profile on Control Node
2021-08-31 03:19:25,952 :: INFO :: Start experiment succeeded
2021-08-31 03:38:00,359 :: INFO :: Check 'control' node ftdi
2021-08-31 03:38:00,540 :: INFO :: control node ftdi found
2021-08-31 03:38:00,546 :: INFO :: Check 'm3' node ftdi
2021-08-31 03:38:00,623 :: INFO :: m3 node ftdi found
2021-08-31 04:19:31,685 :: INFO :: Gateway Manager : Stop experiment
2021-08-31 04:19:31,694 :: INFO :: Stop experiment
2021-08-31 04:19:31,704 :: INFO :: Control node : stop of the experiment
2021-08-31 04:19:31,714 :: INFO :: Control node : profile configuration
2021-08-31 04:19:31,721 :: INFO :: Configure profile on Control Node
2021-08-31 04:19:31,792 :: INFO :: Control node : start power of open node
2021-08-31 04:19:31,837 :: INFO :: Node OpenOCD: teardown of openocd node
2021-08-31 04:19:34,886 :: INFO :: openocd node debugger stop
2021-08-31 04:19:35,569 :: INFO :: Node OpenOCD: flash of openocd node
2021-08-31 04:19:35,583 :: INFO :: Flash firmware on OpenOCD: /usr/lib/python2.7/site-packages/gateway_code/static/m3_idle.elf
2021-08-31 04:19:38,045 :: INFO :: Control node : Stop control node serial interface
2021-08-31 04:19:38,054 :: INFO :: Control node : stop power of open node
2021-08-31 04:19:38,121 :: INFO :: Control node : reset
2021-08-31 04:19:38,128 :: INFO :: Reset Control Node
2021-08-31 04:19:40,914 :: INFO :: Stop experiment succeeded
