2021-08-31 03:19:12,947 :: INFO :: Start experiment: luna-275821
2021-08-31 03:19:12,951 :: INFO :: Control node : Starting of control node serial interface
2021-08-31 03:19:12,954 :: INFO :: Control node : reset
2021-08-31 03:19:12,957 :: INFO :: Reset Control Node
2021-08-31 03:19:15,816 :: INFO :: Control node : start power of open node
2021-08-31 03:19:15,843 :: INFO :: Node OpenOCD: Setup of openocd node
2021-08-31 03:19:18,877 :: INFO :: Node OpenOCD: flash of openocd node
2021-08-31 03:19:18,895 :: INFO :: Flash firmware on OpenOCD: /tmp/tmpWZDIeA--c646a7bd7eca22cfbffed9b70d2e0c90_unicast-sender-count-60T-100B.iotlab-m3
2021-08-31 03:19:25,798 :: INFO :: Control node : Start experiment
2021-08-31 03:19:25,863 :: INFO :: Control Node set time delay: 1862 us
2021-08-31 03:19:25,877 :: INFO :: Control node : profile configuration
2021-08-31 03:19:25,881 :: INFO :: Configure profile on Control Node
2021-08-31 03:19:25,923 :: INFO :: Start experiment succeeded
2021-08-31 03:38:01,066 :: INFO :: Check 'control' node ftdi
2021-08-31 03:38:01,330 :: INFO :: control node ftdi found
2021-08-31 03:38:01,335 :: INFO :: Check 'm3' node ftdi
2021-08-31 03:38:01,408 :: INFO :: m3 node ftdi found
2021-08-31 04:19:31,675 :: INFO :: Gateway Manager : Stop experiment
2021-08-31 04:19:31,686 :: INFO :: Stop experiment
2021-08-31 04:19:31,694 :: INFO :: Control node : stop of the experiment
2021-08-31 04:19:31,702 :: INFO :: Control node : profile configuration
2021-08-31 04:19:31,709 :: INFO :: Configure profile on Control Node
2021-08-31 04:19:31,784 :: INFO :: Control node : start power of open node
2021-08-31 04:19:31,829 :: INFO :: Node OpenOCD: teardown of openocd node
2021-08-31 04:19:34,893 :: INFO :: openocd node debugger stop
2021-08-31 04:19:35,587 :: INFO :: Node OpenOCD: flash of openocd node
2021-08-31 04:19:35,602 :: INFO :: Flash firmware on OpenOCD: /usr/lib/python2.7/site-packages/gateway_code/static/m3_idle.elf
2021-08-31 04:19:38,113 :: INFO :: Control node : Stop control node serial interface
2021-08-31 04:19:38,122 :: INFO :: Control node : stop power of open node
2021-08-31 04:19:38,188 :: INFO :: Control node : reset
2021-08-31 04:19:38,194 :: INFO :: Reset Control Node
2021-08-31 04:19:41,034 :: INFO :: Stop experiment succeeded
