2021-08-31 03:19:12,957 :: INFO :: Start experiment: luna-275821
2021-08-31 03:19:12,960 :: INFO :: Control node : Starting of control node serial interface
2021-08-31 03:19:12,963 :: INFO :: Control node : reset
2021-08-31 03:19:12,965 :: INFO :: Reset Control Node
2021-08-31 03:19:15,870 :: INFO :: Control node : start power of open node
2021-08-31 03:19:15,908 :: INFO :: Node OpenOCD: Setup of openocd node
2021-08-31 03:19:18,941 :: INFO :: Node OpenOCD: flash of openocd node
2021-08-31 03:19:18,959 :: INFO :: Flash firmware on OpenOCD: /tmp/tmpoq5UOh--c646a7bd7eca22cfbffed9b70d2e0c90_unicast-sender-count-60T-100B.iotlab-m3
2021-08-31 03:19:25,866 :: INFO :: Control node : Start experiment
2021-08-31 03:19:25,912 :: INFO :: Control Node set time delay: 1679 us
2021-08-31 03:19:25,928 :: INFO :: Control node : profile configuration
2021-08-31 03:19:25,932 :: INFO :: Configure profile on Control Node
2021-08-31 03:19:25,976 :: INFO :: Start experiment succeeded
2021-08-31 03:33:03,846 :: INFO :: Check 'control' node ftdi
2021-08-31 03:33:04,004 :: INFO :: control node ftdi found
2021-08-31 03:33:04,014 :: INFO :: Check 'm3' node ftdi
2021-08-31 03:33:04,140 :: INFO :: m3 node ftdi found
2021-08-31 04:19:31,720 :: INFO :: Gateway Manager : Stop experiment
2021-08-31 04:19:31,731 :: INFO :: Stop experiment
2021-08-31 04:19:31,740 :: INFO :: Control node : stop of the experiment
2021-08-31 04:19:31,747 :: INFO :: Control node : profile configuration
2021-08-31 04:19:31,755 :: INFO :: Configure profile on Control Node
2021-08-31 04:19:31,831 :: INFO :: Control node : start power of open node
2021-08-31 04:19:31,875 :: INFO :: Node OpenOCD: teardown of openocd node
2021-08-31 04:19:34,918 :: INFO :: openocd node debugger stop
2021-08-31 04:19:35,615 :: INFO :: Node OpenOCD: flash of openocd node
2021-08-31 04:19:35,629 :: INFO :: Flash firmware on OpenOCD: /usr/lib/python2.7/site-packages/gateway_code/static/m3_idle.elf
2021-08-31 04:19:38,092 :: INFO :: Control node : Stop control node serial interface
2021-08-31 04:19:38,097 :: INFO :: Control node : stop power of open node
2021-08-31 04:19:38,137 :: INFO :: Control node : reset
2021-08-31 04:19:38,141 :: INFO :: Reset Control Node
2021-08-31 04:19:40,963 :: INFO :: Stop experiment succeeded
