2021-08-31 03:19:12,994 :: INFO :: Start experiment: luna-275821
2021-08-31 03:19:12,997 :: INFO :: Control node : Starting of control node serial interface
2021-08-31 03:19:13,000 :: INFO :: Control node : reset
2021-08-31 03:19:13,002 :: INFO :: Reset Control Node
2021-08-31 03:19:15,909 :: INFO :: Control node : start power of open node
2021-08-31 03:19:15,966 :: INFO :: Node OpenOCD: Setup of openocd node
2021-08-31 03:19:19,003 :: INFO :: Node OpenOCD: flash of openocd node
2021-08-31 03:19:19,021 :: INFO :: Flash firmware on OpenOCD: /tmp/tmp8vnWMj--c646a7bd7eca22cfbffed9b70d2e0c90_unicast-sender-count-60T-100B.iotlab-m3
2021-08-31 03:19:25,934 :: INFO :: Control node : Start experiment
2021-08-31 03:19:25,986 :: INFO :: Control Node set time delay: 1160 us
2021-08-31 03:19:26,004 :: INFO :: Control node : profile configuration
2021-08-31 03:19:26,008 :: INFO :: Configure profile on Control Node
2021-08-31 03:19:26,051 :: INFO :: Start experiment succeeded
2021-08-31 03:33:20,006 :: INFO :: Check 'control' node ftdi
2021-08-31 03:33:20,166 :: INFO :: control node ftdi found
2021-08-31 03:33:20,176 :: INFO :: Check 'm3' node ftdi
2021-08-31 03:33:20,302 :: INFO :: m3 node ftdi found
2021-08-31 04:19:31,693 :: INFO :: Gateway Manager : Stop experiment
2021-08-31 04:19:31,702 :: INFO :: Stop experiment
2021-08-31 04:19:31,711 :: INFO :: Control node : stop of the experiment
2021-08-31 04:19:31,722 :: INFO :: Control node : profile configuration
2021-08-31 04:19:31,730 :: INFO :: Configure profile on Control Node
2021-08-31 04:19:31,801 :: INFO :: Control node : start power of open node
2021-08-31 04:19:31,847 :: INFO :: Node OpenOCD: teardown of openocd node
2021-08-31 04:19:34,900 :: INFO :: openocd node debugger stop
2021-08-31 04:19:35,587 :: INFO :: Node OpenOCD: flash of openocd node
2021-08-31 04:19:35,594 :: INFO :: Flash firmware on OpenOCD: /usr/lib/python2.7/site-packages/gateway_code/static/m3_idle.elf
2021-08-31 04:19:38,002 :: INFO :: Control node : Stop control node serial interface
2021-08-31 04:19:38,011 :: INFO :: Control node : stop power of open node
2021-08-31 04:19:38,080 :: INFO :: Control node : reset
2021-08-31 04:19:38,087 :: INFO :: Reset Control Node
2021-08-31 04:19:40,872 :: INFO :: Stop experiment succeeded
