2021-08-31 03:19:12,992 :: INFO :: Start experiment: luna-275821
2021-08-31 03:19:12,995 :: INFO :: Control node : Starting of control node serial interface
2021-08-31 03:19:12,998 :: INFO :: Control node : reset
2021-08-31 03:19:13,000 :: INFO :: Reset Control Node
2021-08-31 03:19:15,871 :: INFO :: Control node : start power of open node
2021-08-31 03:19:15,899 :: INFO :: Node OpenOCD: Setup of openocd node
2021-08-31 03:19:18,935 :: INFO :: Node OpenOCD: flash of openocd node
2021-08-31 03:19:18,953 :: INFO :: Flash firmware on OpenOCD: /tmp/tmpwrMga9--ddd0625ff8382e7208c25657471d6a4a_unicast-receiver-count.iotlab-m3
2021-08-31 03:19:25,439 :: INFO :: Control node : Start experiment
2021-08-31 03:19:25,503 :: INFO :: Control Node set time delay: 1862 us
2021-08-31 03:19:25,535 :: INFO :: Control node : profile configuration
2021-08-31 03:19:25,542 :: INFO :: Configure profile on Control Node
2021-08-31 03:19:25,619 :: INFO :: Start experiment succeeded
2021-08-31 03:32:16,975 :: INFO :: Check 'control' node ftdi
2021-08-31 03:32:17,124 :: INFO :: control node ftdi found
2021-08-31 03:32:17,129 :: INFO :: Check 'm3' node ftdi
2021-08-31 03:32:17,206 :: INFO :: m3 node ftdi found
2021-08-31 04:19:31,689 :: INFO :: Gateway Manager : Stop experiment
2021-08-31 04:19:31,698 :: INFO :: Stop experiment
2021-08-31 04:19:31,706 :: INFO :: Control node : stop of the experiment
2021-08-31 04:19:31,713 :: INFO :: Control node : profile configuration
2021-08-31 04:19:31,720 :: INFO :: Configure profile on Control Node
2021-08-31 04:19:31,790 :: INFO :: Control node : start power of open node
2021-08-31 04:19:31,832 :: INFO :: Node OpenOCD: teardown of openocd node
2021-08-31 04:19:34,888 :: INFO :: openocd node debugger stop
2021-08-31 04:19:35,585 :: INFO :: Node OpenOCD: flash of openocd node
2021-08-31 04:19:35,600 :: INFO :: Flash firmware on OpenOCD: /usr/lib/python2.7/site-packages/gateway_code/static/m3_idle.elf
2021-08-31 04:19:38,061 :: INFO :: Control node : Stop control node serial interface
2021-08-31 04:19:38,066 :: INFO :: Control node : stop power of open node
2021-08-31 04:19:38,105 :: INFO :: Control node : reset
2021-08-31 04:19:38,112 :: INFO :: Reset Control Node
2021-08-31 04:19:40,948 :: INFO :: Stop experiment succeeded
