2021-08-31 03:19:12,967 :: INFO :: Start experiment: luna-275821
2021-08-31 03:19:12,971 :: INFO :: Control node : Starting of control node serial interface
2021-08-31 03:19:12,973 :: INFO :: Control node : reset
2021-08-31 03:19:12,976 :: INFO :: Reset Control Node
2021-08-31 03:19:15,876 :: INFO :: Control node : start power of open node
2021-08-31 03:19:15,934 :: INFO :: Node OpenOCD: Setup of openocd node
2021-08-31 03:19:18,983 :: INFO :: Node OpenOCD: flash of openocd node
2021-08-31 03:19:19,001 :: INFO :: Flash firmware on OpenOCD: /tmp/tmprN9h5o--c646a7bd7eca22cfbffed9b70d2e0c90_unicast-sender-count-60T-100B.iotlab-m3
2021-08-31 03:19:25,902 :: INFO :: Control node : Start experiment
2021-08-31 03:19:25,959 :: INFO :: Control Node set time delay: 1220 us
2021-08-31 03:19:25,972 :: INFO :: Control node : profile configuration
2021-08-31 03:19:25,976 :: INFO :: Configure profile on Control Node
2021-08-31 03:19:26,017 :: INFO :: Start experiment succeeded
2021-08-31 03:36:32,636 :: INFO :: Check 'control' node ftdi
2021-08-31 03:36:32,770 :: INFO :: control node ftdi found
2021-08-31 03:36:32,775 :: INFO :: Check 'm3' node ftdi
2021-08-31 03:36:32,854 :: INFO :: m3 node ftdi found
2021-08-31 04:19:31,720 :: INFO :: Gateway Manager : Stop experiment
2021-08-31 04:19:31,729 :: INFO :: Stop experiment
2021-08-31 04:19:31,738 :: INFO :: Control node : stop of the experiment
2021-08-31 04:19:31,746 :: INFO :: Control node : profile configuration
2021-08-31 04:19:31,753 :: INFO :: Configure profile on Control Node
2021-08-31 04:19:31,829 :: INFO :: Control node : start power of open node
2021-08-31 04:19:31,871 :: INFO :: Node OpenOCD: teardown of openocd node
2021-08-31 04:19:34,920 :: INFO :: openocd node debugger stop
2021-08-31 04:19:35,605 :: INFO :: Node OpenOCD: flash of openocd node
2021-08-31 04:19:35,612 :: INFO :: Flash firmware on OpenOCD: /usr/lib/python2.7/site-packages/gateway_code/static/m3_idle.elf
2021-08-31 04:19:38,022 :: INFO :: Control node : Stop control node serial interface
2021-08-31 04:19:38,031 :: INFO :: Control node : stop power of open node
2021-08-31 04:19:38,100 :: INFO :: Control node : reset
2021-08-31 04:19:38,107 :: INFO :: Reset Control Node
2021-08-31 04:19:40,942 :: INFO :: Stop experiment succeeded
