2021-08-31 03:19:12,984 :: INFO :: Start experiment: luna-275821
2021-08-31 03:19:12,987 :: INFO :: Control node : Starting of control node serial interface
2021-08-31 03:19:12,990 :: INFO :: Control node : reset
2021-08-31 03:19:12,993 :: INFO :: Reset Control Node
2021-08-31 03:19:15,899 :: INFO :: Control node : start power of open node
2021-08-31 03:19:15,956 :: INFO :: Node OpenOCD: Setup of openocd node
2021-08-31 03:19:19,005 :: INFO :: Node OpenOCD: flash of openocd node
2021-08-31 03:19:19,023 :: INFO :: Flash firmware on OpenOCD: /tmp/tmpPSy9eM--c646a7bd7eca22cfbffed9b70d2e0c90_unicast-sender-count-60T-100B.iotlab-m3
2021-08-31 03:19:25,929 :: INFO :: Control node : Start experiment
2021-08-31 03:19:25,983 :: INFO :: Control Node set time delay: 1587 us
2021-08-31 03:19:26,003 :: INFO :: Control node : profile configuration
2021-08-31 03:19:26,007 :: INFO :: Configure profile on Control Node
2021-08-31 03:19:26,083 :: INFO :: Start experiment succeeded
2021-08-31 03:36:47,044 :: INFO :: Check 'control' node ftdi
2021-08-31 03:36:47,205 :: INFO :: control node ftdi found
2021-08-31 03:36:47,215 :: INFO :: Check 'm3' node ftdi
2021-08-31 03:36:47,351 :: INFO :: m3 node ftdi found
2021-08-31 04:19:31,704 :: INFO :: Gateway Manager : Stop experiment
2021-08-31 04:19:31,714 :: INFO :: Stop experiment
2021-08-31 04:19:31,723 :: INFO :: Control node : stop of the experiment
2021-08-31 04:19:31,731 :: INFO :: Control node : profile configuration
2021-08-31 04:19:31,739 :: INFO :: Configure profile on Control Node
2021-08-31 04:19:31,816 :: INFO :: Control node : start power of open node
2021-08-31 04:19:31,862 :: INFO :: Node OpenOCD: teardown of openocd node
2021-08-31 04:19:34,916 :: INFO :: openocd node debugger stop
2021-08-31 04:19:35,614 :: INFO :: Node OpenOCD: flash of openocd node
2021-08-31 04:19:35,628 :: INFO :: Flash firmware on OpenOCD: /usr/lib/python2.7/site-packages/gateway_code/static/m3_idle.elf
2021-08-31 04:19:38,139 :: INFO :: Control node : Stop control node serial interface
2021-08-31 04:19:38,148 :: INFO :: Control node : stop power of open node
2021-08-31 04:19:38,217 :: INFO :: Control node : reset
2021-08-31 04:19:38,224 :: INFO :: Reset Control Node
2021-08-31 04:19:41,010 :: INFO :: Stop experiment succeeded
