2021-08-31 03:19:12,976 :: INFO :: Start experiment: luna-275821
2021-08-31 03:19:12,980 :: INFO :: Control node : Starting of control node serial interface
2021-08-31 03:19:12,983 :: INFO :: Control node : reset
2021-08-31 03:19:12,986 :: INFO :: Reset Control Node
2021-08-31 03:19:15,870 :: INFO :: Control node : start power of open node
2021-08-31 03:19:15,898 :: INFO :: Node OpenOCD: Setup of openocd node
2021-08-31 03:19:18,937 :: INFO :: Node OpenOCD: flash of openocd node
2021-08-31 03:19:18,955 :: INFO :: Flash firmware on OpenOCD: /tmp/tmpeXrKKP--c646a7bd7eca22cfbffed9b70d2e0c90_unicast-sender-count-60T-100B.iotlab-m3
2021-08-31 03:19:25,749 :: INFO :: Control node : Start experiment
2021-08-31 03:19:25,796 :: INFO :: Control Node set time delay: 1831 us
2021-08-31 03:19:25,828 :: INFO :: Control node : profile configuration
2021-08-31 03:19:25,834 :: INFO :: Configure profile on Control Node
2021-08-31 03:19:25,914 :: INFO :: Start experiment succeeded
2021-08-31 03:33:32,889 :: INFO :: Check 'control' node ftdi
2021-08-31 03:33:33,061 :: INFO :: control node ftdi found
2021-08-31 03:33:33,071 :: INFO :: Check 'm3' node ftdi
2021-08-31 03:33:33,188 :: INFO :: m3 node ftdi found
2021-08-31 04:19:31,688 :: INFO :: Gateway Manager : Stop experiment
2021-08-31 04:19:31,698 :: INFO :: Stop experiment
2021-08-31 04:19:31,707 :: INFO :: Control node : stop of the experiment
2021-08-31 04:19:31,715 :: INFO :: Control node : profile configuration
2021-08-31 04:19:31,722 :: INFO :: Configure profile on Control Node
2021-08-31 04:19:31,799 :: INFO :: Control node : start power of open node
2021-08-31 04:19:31,843 :: INFO :: Node OpenOCD: teardown of openocd node
2021-08-31 04:19:34,893 :: INFO :: openocd node debugger stop
2021-08-31 04:19:35,556 :: INFO :: Node OpenOCD: flash of openocd node
2021-08-31 04:19:35,563 :: INFO :: Flash firmware on OpenOCD: /usr/lib/python2.7/site-packages/gateway_code/static/m3_idle.elf
2021-08-31 04:19:37,969 :: INFO :: Control node : Stop control node serial interface
2021-08-31 04:19:37,978 :: INFO :: Control node : stop power of open node
2021-08-31 04:19:38,047 :: INFO :: Control node : reset
2021-08-31 04:19:38,053 :: INFO :: Reset Control Node
2021-08-31 04:19:40,843 :: INFO :: Stop experiment succeeded
