2021-08-31 03:19:12,977 :: INFO :: Start experiment: luna-275821
2021-08-31 03:19:12,981 :: INFO :: Control node : Starting of control node serial interface
2021-08-31 03:19:12,984 :: INFO :: Control node : reset
2021-08-31 03:19:12,986 :: INFO :: Reset Control Node
2021-08-31 03:19:15,859 :: INFO :: Control node : start power of open node
2021-08-31 03:19:15,887 :: INFO :: Node OpenOCD: Setup of openocd node
2021-08-31 03:19:18,926 :: INFO :: Node OpenOCD: flash of openocd node
2021-08-31 03:19:18,944 :: INFO :: Flash firmware on OpenOCD: /tmp/tmp3q7L2g--c646a7bd7eca22cfbffed9b70d2e0c90_unicast-sender-count-60T-100B.iotlab-m3
2021-08-31 03:19:25,732 :: INFO :: Control node : Start experiment
2021-08-31 03:19:25,781 :: INFO :: Control Node set time delay: 1923 us
2021-08-31 03:19:25,813 :: INFO :: Control node : profile configuration
2021-08-31 03:19:25,819 :: INFO :: Configure profile on Control Node
2021-08-31 03:19:25,897 :: INFO :: Start experiment succeeded
2021-08-31 03:37:36,573 :: INFO :: Check 'control' node ftdi
2021-08-31 03:37:36,746 :: INFO :: control node ftdi found
2021-08-31 03:37:36,756 :: INFO :: Check 'm3' node ftdi
2021-08-31 03:37:36,873 :: INFO :: m3 node ftdi found
2021-08-31 04:19:31,698 :: INFO :: Gateway Manager : Stop experiment
2021-08-31 04:19:31,707 :: INFO :: Stop experiment
2021-08-31 04:19:31,715 :: INFO :: Control node : stop of the experiment
2021-08-31 04:19:31,723 :: INFO :: Control node : profile configuration
2021-08-31 04:19:31,729 :: INFO :: Configure profile on Control Node
2021-08-31 04:19:31,803 :: INFO :: Control node : start power of open node
2021-08-31 04:19:31,845 :: INFO :: Node OpenOCD: teardown of openocd node
2021-08-31 04:19:34,897 :: INFO :: openocd node debugger stop
2021-08-31 04:19:35,554 :: INFO :: Node OpenOCD: flash of openocd node
2021-08-31 04:19:35,561 :: INFO :: Flash firmware on OpenOCD: /usr/lib/python2.7/site-packages/gateway_code/static/m3_idle.elf
2021-08-31 04:19:37,913 :: INFO :: Control node : Stop control node serial interface
2021-08-31 04:19:37,922 :: INFO :: Control node : stop power of open node
2021-08-31 04:19:37,990 :: INFO :: Control node : reset
2021-08-31 04:19:37,997 :: INFO :: Reset Control Node
2021-08-31 04:19:40,835 :: INFO :: Stop experiment succeeded
