2021-08-31 03:19:12,988 :: INFO :: Start experiment: luna-275821
2021-08-31 03:19:12,992 :: INFO :: Control node : Starting of control node serial interface
2021-08-31 03:19:12,994 :: INFO :: Control node : reset
2021-08-31 03:19:12,997 :: INFO :: Reset Control Node
2021-08-31 03:19:15,850 :: INFO :: Control node : start power of open node
2021-08-31 03:19:15,905 :: INFO :: Node OpenOCD: Setup of openocd node
2021-08-31 03:19:18,953 :: INFO :: Node OpenOCD: flash of openocd node
2021-08-31 03:19:18,970 :: INFO :: Flash firmware on OpenOCD: /tmp/tmpwekimA--c646a7bd7eca22cfbffed9b70d2e0c90_unicast-sender-count-60T-100B.iotlab-m3
2021-08-31 03:19:25,818 :: INFO :: Control node : Start experiment
2021-08-31 03:19:25,868 :: INFO :: Control Node set time delay: 1922 us
2021-08-31 03:19:25,894 :: INFO :: Control node : profile configuration
2021-08-31 03:19:25,898 :: INFO :: Configure profile on Control Node
2021-08-31 03:19:25,939 :: INFO :: Start experiment succeeded
2021-08-31 03:36:20,008 :: INFO :: Check 'control' node ftdi
2021-08-31 03:36:20,171 :: INFO :: control node ftdi found
2021-08-31 03:36:20,182 :: INFO :: Check 'm3' node ftdi
2021-08-31 03:36:20,269 :: INFO :: m3 node ftdi found
2021-08-31 04:19:31,704 :: INFO :: Gateway Manager : Stop experiment
2021-08-31 04:19:31,714 :: INFO :: Stop experiment
2021-08-31 04:19:31,722 :: INFO :: Control node : stop of the experiment
2021-08-31 04:19:31,730 :: INFO :: Control node : profile configuration
2021-08-31 04:19:31,741 :: INFO :: Configure profile on Control Node
2021-08-31 04:19:31,814 :: INFO :: Control node : start power of open node
2021-08-31 04:19:31,859 :: INFO :: Node OpenOCD: teardown of openocd node
2021-08-31 04:19:34,896 :: INFO :: openocd node debugger stop
2021-08-31 04:19:35,577 :: INFO :: Node OpenOCD: flash of openocd node
2021-08-31 04:19:35,584 :: INFO :: Flash firmware on OpenOCD: /usr/lib/python2.7/site-packages/gateway_code/static/m3_idle.elf
2021-08-31 04:19:37,989 :: INFO :: Control node : Stop control node serial interface
2021-08-31 04:19:37,998 :: INFO :: Control node : stop power of open node
2021-08-31 04:19:38,067 :: INFO :: Control node : reset
2021-08-31 04:19:38,073 :: INFO :: Reset Control Node
2021-08-31 04:19:40,860 :: INFO :: Stop experiment succeeded
