2021-08-31 03:19:12,974 :: INFO :: Start experiment: luna-275821
2021-08-31 03:19:12,977 :: INFO :: Control node : Starting of control node serial interface
2021-08-31 03:19:12,980 :: INFO :: Control node : reset
2021-08-31 03:19:12,983 :: INFO :: Reset Control Node
2021-08-31 03:19:15,884 :: INFO :: Control node : start power of open node
2021-08-31 03:19:15,941 :: INFO :: Node OpenOCD: Setup of openocd node
2021-08-31 03:19:18,991 :: INFO :: Node OpenOCD: flash of openocd node
2021-08-31 03:19:19,009 :: INFO :: Flash firmware on OpenOCD: /tmp/tmpPdxCso--c646a7bd7eca22cfbffed9b70d2e0c90_unicast-sender-count-60T-100B.iotlab-m3
2021-08-31 03:19:25,804 :: INFO :: Control node : Start experiment
2021-08-31 03:19:25,855 :: INFO :: Control Node set time delay: 1862 us
2021-08-31 03:19:25,888 :: INFO :: Control node : profile configuration
2021-08-31 03:19:25,895 :: INFO :: Configure profile on Control Node
2021-08-31 03:19:25,973 :: INFO :: Start experiment succeeded
2021-08-31 03:38:41,878 :: INFO :: Check 'control' node ftdi
2021-08-31 03:38:42,040 :: INFO :: control node ftdi found
2021-08-31 03:38:42,051 :: INFO :: Check 'm3' node ftdi
2021-08-31 03:38:42,177 :: INFO :: m3 node ftdi found
2021-08-31 04:19:31,717 :: INFO :: Gateway Manager : Stop experiment
2021-08-31 04:19:31,726 :: INFO :: Stop experiment
2021-08-31 04:19:31,735 :: INFO :: Control node : stop of the experiment
2021-08-31 04:19:31,743 :: INFO :: Control node : profile configuration
2021-08-31 04:19:31,750 :: INFO :: Configure profile on Control Node
2021-08-31 04:19:31,824 :: INFO :: Control node : start power of open node
2021-08-31 04:19:31,868 :: INFO :: Node OpenOCD: teardown of openocd node
2021-08-31 04:19:34,920 :: INFO :: openocd node debugger stop
2021-08-31 04:19:35,607 :: INFO :: Node OpenOCD: flash of openocd node
2021-08-31 04:19:35,614 :: INFO :: Flash firmware on OpenOCD: /usr/lib/python2.7/site-packages/gateway_code/static/m3_idle.elf
2021-08-31 04:19:38,019 :: INFO :: Control node : Stop control node serial interface
2021-08-31 04:19:38,028 :: INFO :: Control node : stop power of open node
2021-08-31 04:19:38,095 :: INFO :: Control node : reset
2021-08-31 04:19:38,101 :: INFO :: Reset Control Node
2021-08-31 04:19:40,941 :: INFO :: Stop experiment succeeded
