2021-08-31 03:19:12,973 :: INFO :: Start experiment: luna-275821
2021-08-31 03:19:12,977 :: INFO :: Control node : Starting of control node serial interface
2021-08-31 03:19:12,980 :: INFO :: Control node : reset
2021-08-31 03:19:12,982 :: INFO :: Reset Control Node
2021-08-31 03:19:15,876 :: INFO :: Control node : start power of open node
2021-08-31 03:19:15,933 :: INFO :: Node OpenOCD: Setup of openocd node
2021-08-31 03:19:18,981 :: INFO :: Node OpenOCD: flash of openocd node
2021-08-31 03:19:18,999 :: INFO :: Flash firmware on OpenOCD: /tmp/tmphHC0Y6--c646a7bd7eca22cfbffed9b70d2e0c90_unicast-sender-count-60T-100B.iotlab-m3
2021-08-31 03:19:25,741 :: INFO :: Control node : Start experiment
2021-08-31 03:19:25,788 :: INFO :: Control Node set time delay: 1740 us
2021-08-31 03:19:25,817 :: INFO :: Control node : profile configuration
2021-08-31 03:19:25,824 :: INFO :: Configure profile on Control Node
2021-08-31 03:19:25,902 :: INFO :: Start experiment succeeded
2021-08-31 03:33:27,706 :: INFO :: Check 'control' node ftdi
2021-08-31 03:33:27,880 :: INFO :: control node ftdi found
2021-08-31 03:33:27,890 :: INFO :: Check 'm3' node ftdi
2021-08-31 03:33:28,009 :: INFO :: m3 node ftdi found
2021-08-31 04:19:31,689 :: INFO :: Gateway Manager : Stop experiment
2021-08-31 04:19:31,698 :: INFO :: Stop experiment
2021-08-31 04:19:31,707 :: INFO :: Control node : stop of the experiment
2021-08-31 04:19:31,714 :: INFO :: Control node : profile configuration
2021-08-31 04:19:31,725 :: INFO :: Configure profile on Control Node
2021-08-31 04:19:31,796 :: INFO :: Control node : start power of open node
2021-08-31 04:19:31,839 :: INFO :: Node OpenOCD: teardown of openocd node
2021-08-31 04:19:34,876 :: INFO :: openocd node debugger stop
2021-08-31 04:19:35,550 :: INFO :: Node OpenOCD: flash of openocd node
2021-08-31 04:19:35,565 :: INFO :: Flash firmware on OpenOCD: /usr/lib/python2.7/site-packages/gateway_code/static/m3_idle.elf
2021-08-31 04:19:38,084 :: INFO :: Control node : Stop control node serial interface
2021-08-31 04:19:38,092 :: INFO :: Control node : stop power of open node
2021-08-31 04:19:38,160 :: INFO :: Control node : reset
2021-08-31 04:19:38,167 :: INFO :: Reset Control Node
2021-08-31 04:19:40,941 :: INFO :: Stop experiment succeeded
