2021-08-31 03:19:12,959 :: INFO :: Start experiment: luna-275821
2021-08-31 03:19:12,963 :: INFO :: Control node : Starting of control node serial interface
2021-08-31 03:19:12,965 :: INFO :: Control node : reset
2021-08-31 03:19:12,968 :: INFO :: Reset Control Node
2021-08-31 03:19:15,822 :: INFO :: Control node : start power of open node
2021-08-31 03:19:15,878 :: INFO :: Node OpenOCD: Setup of openocd node
2021-08-31 03:19:18,917 :: INFO :: Node OpenOCD: flash of openocd node
2021-08-31 03:19:18,935 :: INFO :: Flash firmware on OpenOCD: /tmp/tmpjF3kGV--c646a7bd7eca22cfbffed9b70d2e0c90_unicast-sender-count-60T-100B.iotlab-m3
2021-08-31 03:19:25,709 :: INFO :: Control node : Start experiment
2021-08-31 03:19:25,766 :: INFO :: Control Node set time delay: 1617 us
2021-08-31 03:19:25,799 :: INFO :: Control node : profile configuration
2021-08-31 03:19:25,806 :: INFO :: Configure profile on Control Node
2021-08-31 03:19:25,886 :: INFO :: Start experiment succeeded
2021-08-31 03:37:59,617 :: INFO :: Check 'control' node ftdi
2021-08-31 03:37:59,778 :: INFO :: control node ftdi found
2021-08-31 03:37:59,788 :: INFO :: Check 'm3' node ftdi
2021-08-31 03:37:59,907 :: INFO :: m3 node ftdi found
2021-08-31 04:19:31,687 :: INFO :: Gateway Manager : Stop experiment
2021-08-31 04:19:31,696 :: INFO :: Stop experiment
2021-08-31 04:19:31,705 :: INFO :: Control node : stop of the experiment
2021-08-31 04:19:31,713 :: INFO :: Control node : profile configuration
2021-08-31 04:19:31,720 :: INFO :: Configure profile on Control Node
2021-08-31 04:19:31,796 :: INFO :: Control node : start power of open node
2021-08-31 04:19:31,838 :: INFO :: Node OpenOCD: teardown of openocd node
2021-08-31 04:19:34,888 :: INFO :: openocd node debugger stop
2021-08-31 04:19:35,577 :: INFO :: Node OpenOCD: flash of openocd node
2021-08-31 04:19:35,584 :: INFO :: Flash firmware on OpenOCD: /usr/lib/python2.7/site-packages/gateway_code/static/m3_idle.elf
2021-08-31 04:19:37,993 :: INFO :: Control node : Stop control node serial interface
2021-08-31 04:19:38,003 :: INFO :: Control node : stop power of open node
2021-08-31 04:19:38,070 :: INFO :: Control node : reset
2021-08-31 04:19:38,077 :: INFO :: Reset Control Node
2021-08-31 04:19:40,913 :: INFO :: Stop experiment succeeded
