2021-09-06 12:02:51,468 :: INFO :: Start experiment: luna-276408
2021-09-06 12:02:51,471 :: INFO :: Control node : Starting of control node serial interface
2021-09-06 12:02:51,474 :: INFO :: Control node : reset
2021-09-06 12:02:51,477 :: INFO :: Reset Control Node
2021-09-06 12:02:54,382 :: INFO :: Control node : start power of open node
2021-09-06 12:02:54,438 :: INFO :: Node OpenOCD: Setup of openocd node
2021-09-06 12:02:57,485 :: INFO :: Node OpenOCD: flash of openocd node
2021-09-06 12:02:57,503 :: INFO :: Flash firmware on OpenOCD: /tmp/tmpTei8G7--9eca698c47b1367377dfc6ae1bda6964_unicast-sender-count-60T-20B.iotlab-m3
2021-09-06 12:03:04,240 :: INFO :: Control node : Start experiment
2021-09-06 12:03:04,277 :: INFO :: Control Node set time delay: 1800 us
2021-09-06 12:03:04,309 :: INFO :: Control node : profile configuration
2021-09-06 12:03:04,316 :: INFO :: Configure profile on Control Node
2021-09-06 12:03:04,394 :: INFO :: Start experiment succeeded
2021-09-06 13:04:10,424 :: INFO :: Gateway Manager : Stop experiment
2021-09-06 13:04:10,433 :: INFO :: Stop experiment
2021-09-06 13:04:10,441 :: INFO :: Control node : stop of the experiment
2021-09-06 13:04:10,449 :: INFO :: Control node : profile configuration
2021-09-06 13:04:10,456 :: INFO :: Configure profile on Control Node
2021-09-06 13:04:10,533 :: INFO :: Control node : start power of open node
2021-09-06 13:04:10,577 :: INFO :: Node OpenOCD: teardown of openocd node
2021-09-06 13:04:13,642 :: INFO :: openocd node debugger stop
2021-09-06 13:04:14,333 :: INFO :: Node OpenOCD: flash of openocd node
2021-09-06 13:04:14,348 :: INFO :: Flash firmware on OpenOCD: /usr/lib/python2.7/site-packages/gateway_code/static/m3_idle.elf
2021-09-06 13:04:16,815 :: INFO :: Control node : Stop control node serial interface
2021-09-06 13:04:16,824 :: INFO :: Control node : stop power of open node
2021-09-06 13:04:16,920 :: INFO :: Control node : reset
2021-09-06 13:04:16,926 :: INFO :: Reset Control Node
2021-09-06 13:04:19,697 :: INFO :: Stop experiment succeeded
