2021-09-06 12:02:51,474 :: INFO :: Start experiment: luna-276408
2021-09-06 12:02:51,478 :: INFO :: Control node : Starting of control node serial interface
2021-09-06 12:02:51,480 :: INFO :: Control node : reset
2021-09-06 12:02:51,483 :: INFO :: Reset Control Node
2021-09-06 12:02:54,339 :: INFO :: Control node : start power of open node
2021-09-06 12:02:54,366 :: INFO :: Node OpenOCD: Setup of openocd node
2021-09-06 12:02:57,403 :: INFO :: Node OpenOCD: flash of openocd node
2021-09-06 12:02:57,421 :: INFO :: Flash firmware on OpenOCD: /tmp/tmp0rfccK--9eca698c47b1367377dfc6ae1bda6964_unicast-sender-count-60T-20B.iotlab-m3
2021-09-06 12:03:04,253 :: INFO :: Control node : Start experiment
2021-09-06 12:03:04,306 :: INFO :: Control Node set time delay: 1862 us
2021-09-06 12:03:04,339 :: INFO :: Control node : profile configuration
2021-09-06 12:03:04,343 :: INFO :: Configure profile on Control Node
2021-09-06 12:03:04,385 :: INFO :: Start experiment succeeded
2021-09-06 13:04:10,445 :: INFO :: Gateway Manager : Stop experiment
2021-09-06 13:04:10,457 :: INFO :: Stop experiment
2021-09-06 13:04:10,466 :: INFO :: Control node : stop of the experiment
2021-09-06 13:04:10,474 :: INFO :: Control node : profile configuration
2021-09-06 13:04:10,481 :: INFO :: Configure profile on Control Node
2021-09-06 13:04:10,557 :: INFO :: Control node : start power of open node
2021-09-06 13:04:10,602 :: INFO :: Node OpenOCD: teardown of openocd node
2021-09-06 13:04:13,663 :: INFO :: openocd node debugger stop
2021-09-06 13:04:14,347 :: INFO :: Node OpenOCD: flash of openocd node
2021-09-06 13:04:14,354 :: INFO :: Flash firmware on OpenOCD: /usr/lib/python2.7/site-packages/gateway_code/static/m3_idle.elf
2021-09-06 13:04:16,707 :: INFO :: Control node : Stop control node serial interface
2021-09-06 13:04:16,712 :: INFO :: Control node : stop power of open node
2021-09-06 13:04:16,769 :: INFO :: Control node : reset
2021-09-06 13:04:16,773 :: INFO :: Reset Control Node
2021-09-06 13:04:19,584 :: INFO :: Stop experiment succeeded
