2021-09-06 12:02:51,481 :: INFO :: Start experiment: luna-276408
2021-09-06 12:02:51,484 :: INFO :: Control node : Starting of control node serial interface
2021-09-06 12:02:51,487 :: INFO :: Control node : reset
2021-09-06 12:02:51,490 :: INFO :: Reset Control Node
2021-09-06 12:02:54,393 :: INFO :: Control node : start power of open node
2021-09-06 12:02:54,450 :: INFO :: Node OpenOCD: Setup of openocd node
2021-09-06 12:02:57,499 :: INFO :: Node OpenOCD: flash of openocd node
2021-09-06 12:02:57,516 :: INFO :: Flash firmware on OpenOCD: /tmp/tmp_nIxBq--ddd0625ff8382e7208c25657471d6a4a_unicast-receiver-count.iotlab-m3
2021-09-06 12:03:04,088 :: INFO :: Control node : Start experiment
2021-09-06 12:03:04,143 :: INFO :: Control Node set time delay: 1923 us
2021-09-06 12:03:04,160 :: INFO :: Control node : profile configuration
2021-09-06 12:03:04,164 :: INFO :: Configure profile on Control Node
2021-09-06 12:03:04,206 :: INFO :: Start experiment succeeded
2021-09-06 13:04:10,451 :: INFO :: Gateway Manager : Stop experiment
2021-09-06 13:04:10,471 :: INFO :: Stop experiment
2021-09-06 13:04:10,492 :: INFO :: Control node : stop of the experiment
2021-09-06 13:04:10,510 :: INFO :: Control node : profile configuration
2021-09-06 13:04:10,526 :: INFO :: Configure profile on Control Node
2021-09-06 13:04:10,672 :: INFO :: Control node : start power of open node
2021-09-06 13:04:10,694 :: INFO :: Node OpenOCD: teardown of openocd node
2021-09-06 13:04:13,741 :: INFO :: openocd node debugger stop
2021-09-06 13:04:14,433 :: INFO :: Node OpenOCD: flash of openocd node
2021-09-06 13:04:14,450 :: INFO :: Flash firmware on OpenOCD: /usr/lib/python2.7/site-packages/gateway_code/static/m3_idle.elf
2021-09-06 13:04:16,907 :: INFO :: Control node : Stop control node serial interface
2021-09-06 13:04:16,912 :: INFO :: Control node : stop power of open node
2021-09-06 13:04:16,962 :: INFO :: Control node : reset
2021-09-06 13:04:16,966 :: INFO :: Reset Control Node
2021-09-06 13:04:19,787 :: INFO :: Stop experiment succeeded
