2021-08-30 22:33:29,171 :: INFO :: Start experiment: luna-275812
2021-08-30 22:33:29,175 :: INFO :: Control node : Starting of control node serial interface
2021-08-30 22:33:29,178 :: INFO :: Control node : reset
2021-08-30 22:33:29,180 :: INFO :: Reset Control Node
2021-08-30 22:33:32,146 :: INFO :: Control node : start power of open node
2021-08-30 22:33:32,201 :: INFO :: Node OpenOCD: Setup of openocd node
2021-08-30 22:33:35,246 :: INFO :: Node OpenOCD: flash of openocd node
2021-08-30 22:33:35,262 :: INFO :: Flash firmware on OpenOCD: /tmp/tmp2MnlHH--3e6b491341ebfbb107b5d3aaa6c4431d_unicast-sender-count-10T-191B.iotlab-m3
2021-08-30 22:33:42,117 :: INFO :: Control node : Start experiment
2021-08-30 22:33:42,178 :: INFO :: Control Node set time delay: 1618 us
2021-08-30 22:33:42,210 :: INFO :: Control node : profile configuration
2021-08-30 22:33:42,217 :: INFO :: Configure profile on Control Node
2021-08-30 22:33:42,266 :: INFO :: Start experiment succeeded
2021-08-30 22:43:47,874 :: INFO :: Gateway Manager : Stop experiment
2021-08-30 22:43:47,894 :: INFO :: Stop experiment
2021-08-30 22:43:47,910 :: INFO :: Control node : stop of the experiment
2021-08-30 22:43:47,925 :: INFO :: Control node : profile configuration
2021-08-30 22:43:47,943 :: INFO :: Configure profile on Control Node
2021-08-30 22:43:48,028 :: INFO :: Control node : start power of open node
2021-08-30 22:43:48,052 :: INFO :: Node OpenOCD: teardown of openocd node
2021-08-30 22:43:51,084 :: INFO :: openocd node debugger stop
2021-08-30 22:43:51,761 :: INFO :: Node OpenOCD: flash of openocd node
2021-08-30 22:43:51,775 :: INFO :: Flash firmware on OpenOCD: /usr/lib/python2.7/site-packages/gateway_code/static/m3_idle.elf
2021-08-30 22:43:54,242 :: INFO :: Control node : Stop control node serial interface
2021-08-30 22:43:54,248 :: INFO :: Control node : stop power of open node
2021-08-30 22:43:54,281 :: INFO :: Control node : reset
2021-08-30 22:43:54,285 :: INFO :: Reset Control Node
2021-08-30 22:43:57,088 :: INFO :: Stop experiment succeeded
