2021-08-30 22:33:29,187 :: INFO :: Start experiment: luna-275812
2021-08-30 22:33:29,191 :: INFO :: Control node : Starting of control node serial interface
2021-08-30 22:33:29,194 :: INFO :: Control node : reset
2021-08-30 22:33:29,196 :: INFO :: Reset Control Node
2021-08-30 22:33:32,106 :: INFO :: Control node : start power of open node
2021-08-30 22:33:32,163 :: INFO :: Node OpenOCD: Setup of openocd node
2021-08-30 22:33:35,212 :: INFO :: Node OpenOCD: flash of openocd node
2021-08-30 22:33:35,230 :: INFO :: Flash firmware on OpenOCD: /tmp/tmpH64dQ2--3e6b491341ebfbb107b5d3aaa6c4431d_unicast-sender-count-10T-191B.iotlab-m3
2021-08-30 22:33:42,130 :: INFO :: Control node : Start experiment
2021-08-30 22:33:42,188 :: INFO :: Control Node set time delay: 1099 us
2021-08-30 22:33:42,213 :: INFO :: Control node : profile configuration
2021-08-30 22:33:42,217 :: INFO :: Configure profile on Control Node
2021-08-30 22:33:42,256 :: INFO :: Start experiment succeeded
2021-08-30 22:43:47,883 :: INFO :: Gateway Manager : Stop experiment
2021-08-30 22:43:47,902 :: INFO :: Stop experiment
2021-08-30 22:43:47,919 :: INFO :: Control node : stop of the experiment
2021-08-30 22:43:47,933 :: INFO :: Control node : profile configuration
2021-08-30 22:43:47,947 :: INFO :: Configure profile on Control Node
2021-08-30 22:43:48,079 :: INFO :: Control node : start power of open node
2021-08-30 22:43:48,133 :: INFO :: Node OpenOCD: teardown of openocd node
2021-08-30 22:43:51,170 :: INFO :: openocd node debugger stop
2021-08-30 22:43:51,850 :: INFO :: Node OpenOCD: flash of openocd node
2021-08-30 22:43:51,865 :: INFO :: Flash firmware on OpenOCD: /usr/lib/python2.7/site-packages/gateway_code/static/m3_idle.elf
2021-08-30 22:43:54,382 :: INFO :: Control node : Stop control node serial interface
2021-08-30 22:43:54,391 :: INFO :: Control node : stop power of open node
2021-08-30 22:43:54,443 :: INFO :: Control node : reset
2021-08-30 22:43:54,449 :: INFO :: Reset Control Node
2021-08-30 22:43:57,297 :: INFO :: Stop experiment succeeded
