2021-09-06 13:04:32,745 :: INFO :: Start experiment: luna-276409
2021-09-06 13:04:32,748 :: INFO :: Control node : Starting of control node serial interface
2021-09-06 13:04:32,751 :: INFO :: Control node : reset
2021-09-06 13:04:32,754 :: INFO :: Reset Control Node
2021-09-06 13:04:35,654 :: INFO :: Control node : start power of open node
2021-09-06 13:04:35,711 :: INFO :: Node OpenOCD: Setup of openocd node
2021-09-06 13:04:38,760 :: INFO :: Node OpenOCD: flash of openocd node
2021-09-06 13:04:38,778 :: INFO :: Flash firmware on OpenOCD: /tmp/tmpeo6grv--93e977ac3781fe5042fd86dcc34ed19b_unicast-sender-count-10T-100B.iotlab-m3
2021-09-06 13:04:45,588 :: INFO :: Control node : Start experiment
2021-09-06 13:04:45,692 :: INFO :: Control Node set time delay: 1587 us
2021-09-06 13:04:45,713 :: INFO :: Control node : profile configuration
2021-09-06 13:04:45,720 :: INFO :: Configure profile on Control Node
2021-09-06 13:04:45,799 :: INFO :: Start experiment succeeded
2021-09-06 14:05:51,626 :: INFO :: Gateway Manager : Stop experiment
2021-09-06 14:05:51,646 :: INFO :: Stop experiment
2021-09-06 14:05:51,666 :: INFO :: Control node : stop of the experiment
2021-09-06 14:05:51,683 :: INFO :: Control node : profile configuration
2021-09-06 14:05:51,700 :: INFO :: Configure profile on Control Node
2021-09-06 14:05:51,859 :: INFO :: Control node : start power of open node
2021-09-06 14:05:51,880 :: INFO :: Node OpenOCD: teardown of openocd node
2021-09-06 14:05:54,928 :: INFO :: openocd node debugger stop
2021-09-06 14:05:55,615 :: INFO :: Node OpenOCD: flash of openocd node
2021-09-06 14:05:55,629 :: INFO :: Flash firmware on OpenOCD: /usr/lib/python2.7/site-packages/gateway_code/static/m3_idle.elf
2021-09-06 14:05:58,141 :: INFO :: Control node : Stop control node serial interface
2021-09-06 14:05:58,150 :: INFO :: Control node : stop power of open node
2021-09-06 14:05:58,250 :: INFO :: Control node : reset
2021-09-06 14:05:58,256 :: INFO :: Reset Control Node
2021-09-06 14:06:01,091 :: INFO :: Stop experiment succeeded
