2021-09-06 13:04:32,747 :: INFO :: Start experiment: luna-276409
2021-09-06 13:04:32,751 :: INFO :: Control node : Starting of control node serial interface
2021-09-06 13:04:32,754 :: INFO :: Control node : reset
2021-09-06 13:04:32,756 :: INFO :: Reset Control Node
2021-09-06 13:04:35,661 :: INFO :: Control node : start power of open node
2021-09-06 13:04:35,717 :: INFO :: Node OpenOCD: Setup of openocd node
2021-09-06 13:04:38,765 :: INFO :: Node OpenOCD: flash of openocd node
2021-09-06 13:04:38,783 :: INFO :: Flash firmware on OpenOCD: /tmp/tmpkiz_6x--93e977ac3781fe5042fd86dcc34ed19b_unicast-sender-count-10T-100B.iotlab-m3
2021-09-06 13:04:45,609 :: INFO :: Control node : Start experiment
2021-09-06 13:04:45,660 :: INFO :: Control Node set time delay: 1434 us
2021-09-06 13:04:45,692 :: INFO :: Control node : profile configuration
2021-09-06 13:04:45,696 :: INFO :: Configure profile on Control Node
2021-09-06 13:04:45,738 :: INFO :: Start experiment succeeded
2021-09-06 14:05:51,581 :: INFO :: Gateway Manager : Stop experiment
2021-09-06 14:05:51,590 :: INFO :: Stop experiment
2021-09-06 14:05:51,599 :: INFO :: Control node : stop of the experiment
2021-09-06 14:05:51,607 :: INFO :: Control node : profile configuration
2021-09-06 14:05:51,614 :: INFO :: Configure profile on Control Node
2021-09-06 14:05:51,690 :: INFO :: Control node : start power of open node
2021-09-06 14:05:51,733 :: INFO :: Node OpenOCD: teardown of openocd node
2021-09-06 14:05:54,803 :: INFO :: openocd node debugger stop
2021-09-06 14:05:55,483 :: INFO :: Node OpenOCD: flash of openocd node
2021-09-06 14:05:55,490 :: INFO :: Flash firmware on OpenOCD: /usr/lib/python2.7/site-packages/gateway_code/static/m3_idle.elf
2021-09-06 14:05:57,900 :: INFO :: Control node : Stop control node serial interface
2021-09-06 14:05:57,905 :: INFO :: Control node : stop power of open node
2021-09-06 14:05:57,958 :: INFO :: Control node : reset
2021-09-06 14:05:57,962 :: INFO :: Reset Control Node
2021-09-06 14:06:00,802 :: INFO :: Stop experiment succeeded
