2021-09-06 13:04:32,756 :: INFO :: Start experiment: luna-276409
2021-09-06 13:04:32,760 :: INFO :: Control node : Starting of control node serial interface
2021-09-06 13:04:32,763 :: INFO :: Control node : reset
2021-09-06 13:04:32,765 :: INFO :: Reset Control Node
2021-09-06 13:04:35,619 :: INFO :: Control node : start power of open node
2021-09-06 13:04:35,677 :: INFO :: Node OpenOCD: Setup of openocd node
2021-09-06 13:04:38,714 :: INFO :: Node OpenOCD: flash of openocd node
2021-09-06 13:04:38,733 :: INFO :: Flash firmware on OpenOCD: /tmp/tmpalmaC5--ddd0625ff8382e7208c25657471d6a4a_unicast-receiver-count.iotlab-m3
2021-09-06 13:04:45,278 :: INFO :: Control node : Start experiment
2021-09-06 13:04:45,347 :: INFO :: Control Node set time delay: 1801 us
2021-09-06 13:04:45,356 :: INFO :: Control node : profile configuration
2021-09-06 13:04:45,360 :: INFO :: Configure profile on Control Node
2021-09-06 13:04:45,401 :: INFO :: Start experiment succeeded
2021-09-06 14:05:51,567 :: INFO :: Gateway Manager : Stop experiment
2021-09-06 14:05:51,576 :: INFO :: Stop experiment
2021-09-06 14:05:51,585 :: INFO :: Control node : stop of the experiment
2021-09-06 14:05:51,593 :: INFO :: Control node : profile configuration
2021-09-06 14:05:51,600 :: INFO :: Configure profile on Control Node
2021-09-06 14:05:51,676 :: INFO :: Control node : start power of open node
2021-09-06 14:05:51,721 :: INFO :: Node OpenOCD: teardown of openocd node
2021-09-06 14:05:54,764 :: INFO :: openocd node debugger stop
2021-09-06 14:05:55,447 :: INFO :: Node OpenOCD: flash of openocd node
2021-09-06 14:05:55,462 :: INFO :: Flash firmware on OpenOCD: /usr/lib/python2.7/site-packages/gateway_code/static/m3_idle.elf
2021-09-06 14:05:57,925 :: INFO :: Control node : Stop control node serial interface
2021-09-06 14:05:57,930 :: INFO :: Control node : stop power of open node
2021-09-06 14:05:57,982 :: INFO :: Control node : reset
2021-09-06 14:05:57,986 :: INFO :: Reset Control Node
2021-09-06 14:06:00,842 :: INFO :: Stop experiment succeeded
