2021-09-06 13:04:32,793 :: INFO :: Start experiment: luna-276409
2021-09-06 13:04:32,796 :: INFO :: Control node : Starting of control node serial interface
2021-09-06 13:04:32,799 :: INFO :: Control node : reset
2021-09-06 13:04:32,802 :: INFO :: Reset Control Node
2021-09-06 13:04:35,708 :: INFO :: Control node : start power of open node
2021-09-06 13:04:35,766 :: INFO :: Node OpenOCD: Setup of openocd node
2021-09-06 13:04:38,808 :: INFO :: Node OpenOCD: flash of openocd node
2021-09-06 13:04:38,826 :: INFO :: Flash firmware on OpenOCD: /tmp/tmpEAwk3i--93e977ac3781fe5042fd86dcc34ed19b_unicast-sender-count-10T-100B.iotlab-m3
2021-09-06 13:04:45,686 :: INFO :: Control node : Start experiment
2021-09-06 13:04:45,748 :: INFO :: Control Node set time delay: 1922 us
2021-09-06 13:04:45,771 :: INFO :: Control node : profile configuration
2021-09-06 13:04:45,778 :: INFO :: Configure profile on Control Node
2021-09-06 13:04:45,831 :: INFO :: Start experiment succeeded
2021-09-06 14:05:51,580 :: INFO :: Gateway Manager : Stop experiment
2021-09-06 14:05:51,589 :: INFO :: Stop experiment
2021-09-06 14:05:51,598 :: INFO :: Control node : stop of the experiment
2021-09-06 14:05:51,605 :: INFO :: Control node : profile configuration
2021-09-06 14:05:51,613 :: INFO :: Configure profile on Control Node
2021-09-06 14:05:51,691 :: INFO :: Control node : start power of open node
2021-09-06 14:05:51,738 :: INFO :: Node OpenOCD: teardown of openocd node
2021-09-06 14:05:54,808 :: INFO :: openocd node debugger stop
2021-09-06 14:05:55,488 :: INFO :: Node OpenOCD: flash of openocd node
2021-09-06 14:05:55,495 :: INFO :: Flash firmware on OpenOCD: /usr/lib/python2.7/site-packages/gateway_code/static/m3_idle.elf
2021-09-06 14:05:57,854 :: INFO :: Control node : Stop control node serial interface
2021-09-06 14:05:57,863 :: INFO :: Control node : stop power of open node
2021-09-06 14:05:57,974 :: INFO :: Control node : reset
2021-09-06 14:05:57,981 :: INFO :: Reset Control Node
2021-09-06 14:06:00,869 :: INFO :: Stop experiment succeeded
