2021-08-31 01:17:45,526 :: INFO :: Start experiment: luna-275819
2021-08-31 01:17:45,529 :: INFO :: Control node : Starting of control node serial interface
2021-08-31 01:17:45,532 :: INFO :: Control node : reset
2021-08-31 01:17:45,535 :: INFO :: Reset Control Node
2021-08-31 01:17:48,441 :: INFO :: Control node : start power of open node
2021-08-31 01:17:48,495 :: INFO :: Node OpenOCD: Setup of openocd node
2021-08-31 01:17:51,533 :: INFO :: Node OpenOCD: flash of openocd node
2021-08-31 01:17:51,551 :: INFO :: Flash firmware on OpenOCD: /tmp/tmpVXn1XW--93e977ac3781fe5042fd86dcc34ed19b_unicast-sender-count-10T-100B.iotlab-m3
2021-08-31 01:17:58,378 :: INFO :: Control node : Start experiment
2021-08-31 01:17:58,428 :: INFO :: Control Node set time delay: 2045 us
2021-08-31 01:17:58,462 :: INFO :: Control node : profile configuration
2021-08-31 01:17:58,468 :: INFO :: Configure profile on Control Node
2021-08-31 01:17:58,509 :: INFO :: Start experiment succeeded
2021-08-31 02:18:04,361 :: INFO :: Gateway Manager : Stop experiment
2021-08-31 02:18:04,371 :: INFO :: Stop experiment
2021-08-31 02:18:04,379 :: INFO :: Control node : stop of the experiment
2021-08-31 02:18:04,387 :: INFO :: Control node : profile configuration
2021-08-31 02:18:04,394 :: INFO :: Configure profile on Control Node
2021-08-31 02:18:04,469 :: INFO :: Control node : start power of open node
2021-08-31 02:18:04,512 :: INFO :: Node OpenOCD: teardown of openocd node
2021-08-31 02:18:07,561 :: INFO :: openocd node debugger stop
2021-08-31 02:18:08,245 :: INFO :: Node OpenOCD: flash of openocd node
2021-08-31 02:18:08,260 :: INFO :: Flash firmware on OpenOCD: /usr/lib/python2.7/site-packages/gateway_code/static/m3_idle.elf
2021-08-31 02:18:10,725 :: INFO :: Control node : Stop control node serial interface
2021-08-31 02:18:10,734 :: INFO :: Control node : stop power of open node
2021-08-31 02:18:10,825 :: INFO :: Control node : reset
2021-08-31 02:18:10,832 :: INFO :: Reset Control Node
2021-08-31 02:18:13,618 :: INFO :: Stop experiment succeeded
