2021-08-31 01:17:45,542 :: INFO :: Start experiment: luna-275819
2021-08-31 01:17:45,546 :: INFO :: Control node : Starting of control node serial interface
2021-08-31 01:17:45,549 :: INFO :: Control node : reset
2021-08-31 01:17:45,551 :: INFO :: Reset Control Node
2021-08-31 01:17:48,447 :: INFO :: Control node : start power of open node
2021-08-31 01:17:48,503 :: INFO :: Node OpenOCD: Setup of openocd node
2021-08-31 01:17:51,553 :: INFO :: Node OpenOCD: flash of openocd node
2021-08-31 01:17:51,571 :: INFO :: Flash firmware on OpenOCD: /tmp/tmp6jH28o--93e977ac3781fe5042fd86dcc34ed19b_unicast-sender-count-10T-100B.iotlab-m3
2021-08-31 01:17:58,356 :: INFO :: Control node : Start experiment
2021-08-31 01:17:58,416 :: INFO :: Control Node set time delay: 1099 us
2021-08-31 01:17:58,439 :: INFO :: Control node : profile configuration
2021-08-31 01:17:58,446 :: INFO :: Configure profile on Control Node
2021-08-31 01:17:58,524 :: INFO :: Start experiment succeeded
2021-08-31 02:18:04,366 :: INFO :: Gateway Manager : Stop experiment
2021-08-31 02:18:04,375 :: INFO :: Stop experiment
2021-08-31 02:18:04,383 :: INFO :: Control node : stop of the experiment
2021-08-31 02:18:04,390 :: INFO :: Control node : profile configuration
2021-08-31 02:18:04,399 :: INFO :: Configure profile on Control Node
2021-08-31 02:18:04,468 :: INFO :: Control node : start power of open node
2021-08-31 02:18:04,511 :: INFO :: Node OpenOCD: teardown of openocd node
2021-08-31 02:18:07,560 :: INFO :: openocd node debugger stop
2021-08-31 02:18:08,244 :: INFO :: Node OpenOCD: flash of openocd node
2021-08-31 02:18:08,259 :: INFO :: Flash firmware on OpenOCD: /usr/lib/python2.7/site-packages/gateway_code/static/m3_idle.elf
2021-08-31 02:18:10,770 :: INFO :: Control node : Stop control node serial interface
2021-08-31 02:18:10,780 :: INFO :: Control node : stop power of open node
2021-08-31 02:18:10,850 :: INFO :: Control node : reset
2021-08-31 02:18:10,857 :: INFO :: Reset Control Node
2021-08-31 02:18:13,671 :: INFO :: Stop experiment succeeded
