2021-08-31 01:17:45,583 :: INFO :: Start experiment: luna-275819
2021-08-31 01:17:45,586 :: INFO :: Control node : Starting of control node serial interface
2021-08-31 01:17:45,589 :: INFO :: Control node : reset
2021-08-31 01:17:45,592 :: INFO :: Reset Control Node
2021-08-31 01:17:48,489 :: INFO :: Control node : start power of open node
2021-08-31 01:17:48,544 :: INFO :: Node OpenOCD: Setup of openocd node
2021-08-31 01:17:51,581 :: INFO :: Node OpenOCD: flash of openocd node
2021-08-31 01:17:51,599 :: INFO :: Flash firmware on OpenOCD: /tmp/tmpMbh1vU--93e977ac3781fe5042fd86dcc34ed19b_unicast-sender-count-10T-100B.iotlab-m3
2021-08-31 01:17:58,499 :: INFO :: Control node : Start experiment
2021-08-31 01:17:58,556 :: INFO :: Control Node set time delay: 1801 us
2021-08-31 01:17:58,577 :: INFO :: Control node : profile configuration
2021-08-31 01:17:58,581 :: INFO :: Configure profile on Control Node
2021-08-31 01:17:58,623 :: INFO :: Start experiment succeeded
2021-08-31 02:18:04,356 :: INFO :: Gateway Manager : Stop experiment
2021-08-31 02:18:04,365 :: INFO :: Stop experiment
2021-08-31 02:18:04,373 :: INFO :: Control node : stop of the experiment
2021-08-31 02:18:04,381 :: INFO :: Control node : profile configuration
2021-08-31 02:18:04,388 :: INFO :: Configure profile on Control Node
2021-08-31 02:18:04,460 :: INFO :: Control node : start power of open node
2021-08-31 02:18:04,504 :: INFO :: Node OpenOCD: teardown of openocd node
2021-08-31 02:18:07,568 :: INFO :: openocd node debugger stop
2021-08-31 02:18:08,256 :: INFO :: Node OpenOCD: flash of openocd node
2021-08-31 02:18:08,270 :: INFO :: Flash firmware on OpenOCD: /usr/lib/python2.7/site-packages/gateway_code/static/m3_idle.elf
2021-08-31 02:18:10,731 :: INFO :: Control node : Stop control node serial interface
2021-08-31 02:18:10,736 :: INFO :: Control node : stop power of open node
2021-08-31 02:18:10,785 :: INFO :: Control node : reset
2021-08-31 02:18:10,789 :: INFO :: Reset Control Node
2021-08-31 02:18:13,586 :: INFO :: Stop experiment succeeded
