2021-08-31 01:17:45,592 :: INFO :: Start experiment: luna-275819
2021-08-31 01:17:45,596 :: INFO :: Control node : Starting of control node serial interface
2021-08-31 01:17:45,598 :: INFO :: Control node : reset
2021-08-31 01:17:45,601 :: INFO :: Reset Control Node
2021-08-31 01:17:48,500 :: INFO :: Control node : start power of open node
2021-08-31 01:17:48,556 :: INFO :: Node OpenOCD: Setup of openocd node
2021-08-31 01:17:51,595 :: INFO :: Node OpenOCD: flash of openocd node
2021-08-31 01:17:51,613 :: INFO :: Flash firmware on OpenOCD: /tmp/tmp5CxZYu--93e977ac3781fe5042fd86dcc34ed19b_unicast-sender-count-10T-100B.iotlab-m3
2021-08-31 01:17:58,387 :: INFO :: Control node : Start experiment
2021-08-31 01:17:58,426 :: INFO :: Control Node set time delay: 1800 us
2021-08-31 01:17:58,457 :: INFO :: Control node : profile configuration
2021-08-31 01:17:58,464 :: INFO :: Configure profile on Control Node
2021-08-31 01:17:58,543 :: INFO :: Start experiment succeeded
2021-08-31 02:18:04,352 :: INFO :: Gateway Manager : Stop experiment
2021-08-31 02:18:04,361 :: INFO :: Stop experiment
2021-08-31 02:18:04,370 :: INFO :: Control node : stop of the experiment
2021-08-31 02:18:04,377 :: INFO :: Control node : profile configuration
2021-08-31 02:18:04,385 :: INFO :: Configure profile on Control Node
2021-08-31 02:18:04,456 :: INFO :: Control node : start power of open node
2021-08-31 02:18:04,498 :: INFO :: Node OpenOCD: teardown of openocd node
2021-08-31 02:18:07,566 :: INFO :: openocd node debugger stop
2021-08-31 02:18:08,249 :: INFO :: Node OpenOCD: flash of openocd node
2021-08-31 02:18:08,263 :: INFO :: Flash firmware on OpenOCD: /usr/lib/python2.7/site-packages/gateway_code/static/m3_idle.elf
2021-08-31 02:18:10,779 :: INFO :: Control node : Stop control node serial interface
2021-08-31 02:18:10,788 :: INFO :: Control node : stop power of open node
2021-08-31 02:18:10,858 :: INFO :: Control node : reset
2021-08-31 02:18:10,865 :: INFO :: Reset Control Node
2021-08-31 02:18:13,629 :: INFO :: Stop experiment succeeded
