2021-08-31 01:17:45,574 :: INFO :: Start experiment: luna-275819
2021-08-31 01:17:45,578 :: INFO :: Control node : Starting of control node serial interface
2021-08-31 01:17:45,580 :: INFO :: Control node : reset
2021-08-31 01:17:45,583 :: INFO :: Reset Control Node
2021-08-31 01:17:48,487 :: INFO :: Control node : start power of open node
2021-08-31 01:17:48,541 :: INFO :: Node OpenOCD: Setup of openocd node
2021-08-31 01:17:51,591 :: INFO :: Node OpenOCD: flash of openocd node
2021-08-31 01:17:51,608 :: INFO :: Flash firmware on OpenOCD: /tmp/tmpKhd4kR--93e977ac3781fe5042fd86dcc34ed19b_unicast-sender-count-10T-100B.iotlab-m3
2021-08-31 01:17:58,493 :: INFO :: Control node : Start experiment
2021-08-31 01:17:58,544 :: INFO :: Control Node set time delay: 1892 us
2021-08-31 01:17:58,562 :: INFO :: Control node : profile configuration
2021-08-31 01:17:58,565 :: INFO :: Configure profile on Control Node
2021-08-31 01:17:58,607 :: INFO :: Start experiment succeeded
2021-08-31 02:18:04,366 :: INFO :: Gateway Manager : Stop experiment
2021-08-31 02:18:04,375 :: INFO :: Stop experiment
2021-08-31 02:18:04,384 :: INFO :: Control node : stop of the experiment
2021-08-31 02:18:04,391 :: INFO :: Control node : profile configuration
2021-08-31 02:18:04,399 :: INFO :: Configure profile on Control Node
2021-08-31 02:18:04,471 :: INFO :: Control node : start power of open node
2021-08-31 02:18:04,513 :: INFO :: Node OpenOCD: teardown of openocd node
2021-08-31 02:18:07,594 :: INFO :: openocd node debugger stop
2021-08-31 02:18:08,282 :: INFO :: Node OpenOCD: flash of openocd node
2021-08-31 02:18:08,297 :: INFO :: Flash firmware on OpenOCD: /usr/lib/python2.7/site-packages/gateway_code/static/m3_idle.elf
2021-08-31 02:18:10,762 :: INFO :: Control node : Stop control node serial interface
2021-08-31 02:18:10,767 :: INFO :: Control node : stop power of open node
2021-08-31 02:18:10,824 :: INFO :: Control node : reset
2021-08-31 02:18:10,828 :: INFO :: Reset Control Node
2021-08-31 02:18:13,641 :: INFO :: Stop experiment succeeded
