2021-08-31 01:17:45,564 :: INFO :: Start experiment: luna-275819
2021-08-31 01:17:45,567 :: INFO :: Control node : Starting of control node serial interface
2021-08-31 01:17:45,570 :: INFO :: Control node : reset
2021-08-31 01:17:45,573 :: INFO :: Reset Control Node
2021-08-31 01:17:48,475 :: INFO :: Control node : start power of open node
2021-08-31 01:17:48,496 :: INFO :: Node OpenOCD: Setup of openocd node
2021-08-31 01:17:51,528 :: INFO :: Node OpenOCD: flash of openocd node
2021-08-31 01:17:51,546 :: INFO :: Flash firmware on OpenOCD: /tmp/tmp2PPVjp--93e977ac3781fe5042fd86dcc34ed19b_unicast-sender-count-10T-100B.iotlab-m3
2021-08-31 01:17:58,400 :: INFO :: Control node : Start experiment
2021-08-31 01:17:58,449 :: INFO :: Control Node set time delay: 1770 us
2021-08-31 01:17:58,482 :: INFO :: Control node : profile configuration
2021-08-31 01:17:58,485 :: INFO :: Configure profile on Control Node
2021-08-31 01:17:58,527 :: INFO :: Start experiment succeeded
2021-08-31 02:18:04,361 :: INFO :: Gateway Manager : Stop experiment
2021-08-31 02:18:04,371 :: INFO :: Stop experiment
2021-08-31 02:18:04,379 :: INFO :: Control node : stop of the experiment
2021-08-31 02:18:04,386 :: INFO :: Control node : profile configuration
2021-08-31 02:18:04,393 :: INFO :: Configure profile on Control Node
2021-08-31 02:18:04,463 :: INFO :: Control node : start power of open node
2021-08-31 02:18:04,504 :: INFO :: Node OpenOCD: teardown of openocd node
2021-08-31 02:18:07,572 :: INFO :: openocd node debugger stop
2021-08-31 02:18:08,252 :: INFO :: Node OpenOCD: flash of openocd node
2021-08-31 02:18:08,259 :: INFO :: Flash firmware on OpenOCD: /usr/lib/python2.7/site-packages/gateway_code/static/m3_idle.elf
2021-08-31 02:18:10,612 :: INFO :: Control node : Stop control node serial interface
2021-08-31 02:18:10,617 :: INFO :: Control node : stop power of open node
2021-08-31 02:18:10,674 :: INFO :: Control node : reset
2021-08-31 02:18:10,678 :: INFO :: Reset Control Node
2021-08-31 02:18:13,499 :: INFO :: Stop experiment succeeded
