2021-08-31 01:17:45,579 :: INFO :: Start experiment: luna-275819
2021-08-31 01:17:45,583 :: INFO :: Control node : Starting of control node serial interface
2021-08-31 01:17:45,585 :: INFO :: Control node : reset
2021-08-31 01:17:45,588 :: INFO :: Reset Control Node
2021-08-31 01:17:48,458 :: INFO :: Control node : start power of open node
2021-08-31 01:17:48,486 :: INFO :: Node OpenOCD: Setup of openocd node
2021-08-31 01:17:51,526 :: INFO :: Node OpenOCD: flash of openocd node
2021-08-31 01:17:51,544 :: INFO :: Flash firmware on OpenOCD: /tmp/tmpcFWzrk--93e977ac3781fe5042fd86dcc34ed19b_unicast-sender-count-10T-100B.iotlab-m3
2021-08-31 01:17:58,331 :: INFO :: Control node : Start experiment
2021-08-31 01:17:58,382 :: INFO :: Control Node set time delay: 1770 us
2021-08-31 01:17:58,407 :: INFO :: Control node : profile configuration
2021-08-31 01:17:58,413 :: INFO :: Configure profile on Control Node
2021-08-31 01:17:58,492 :: INFO :: Start experiment succeeded
2021-08-31 02:18:04,363 :: INFO :: Gateway Manager : Stop experiment
2021-08-31 02:18:04,373 :: INFO :: Stop experiment
2021-08-31 02:18:04,381 :: INFO :: Control node : stop of the experiment
2021-08-31 02:18:04,389 :: INFO :: Control node : profile configuration
2021-08-31 02:18:04,396 :: INFO :: Configure profile on Control Node
2021-08-31 02:18:04,472 :: INFO :: Control node : start power of open node
2021-08-31 02:18:04,496 :: INFO :: Node OpenOCD: teardown of openocd node
2021-08-31 02:18:07,540 :: INFO :: openocd node debugger stop
2021-08-31 02:18:08,222 :: INFO :: Node OpenOCD: flash of openocd node
2021-08-31 02:18:08,229 :: INFO :: Flash firmware on OpenOCD: /usr/lib/python2.7/site-packages/gateway_code/static/m3_idle.elf
2021-08-31 02:18:10,635 :: INFO :: Control node : Stop control node serial interface
2021-08-31 02:18:10,644 :: INFO :: Control node : stop power of open node
2021-08-31 02:18:10,730 :: INFO :: Control node : reset
2021-08-31 02:18:10,737 :: INFO :: Reset Control Node
2021-08-31 02:18:13,576 :: INFO :: Stop experiment succeeded
