2021-08-31 01:17:45,516 :: INFO :: Start experiment: luna-275819
2021-08-31 01:17:45,520 :: INFO :: Control node : Starting of control node serial interface
2021-08-31 01:17:45,522 :: INFO :: Control node : reset
2021-08-31 01:17:45,525 :: INFO :: Reset Control Node
2021-08-31 01:17:48,429 :: INFO :: Control node : start power of open node
2021-08-31 01:17:48,486 :: INFO :: Node OpenOCD: Setup of openocd node
2021-08-31 01:17:51,536 :: INFO :: Node OpenOCD: flash of openocd node
2021-08-31 01:17:51,555 :: INFO :: Flash firmware on OpenOCD: /tmp/tmp_YGmof--93e977ac3781fe5042fd86dcc34ed19b_unicast-sender-count-10T-100B.iotlab-m3
2021-08-31 01:17:58,408 :: INFO :: Control node : Start experiment
2021-08-31 01:17:58,457 :: INFO :: Control Node set time delay: 1099 us
2021-08-31 01:17:58,489 :: INFO :: Control node : profile configuration
2021-08-31 01:17:58,496 :: INFO :: Configure profile on Control Node
2021-08-31 01:17:58,557 :: INFO :: Start experiment succeeded
2021-08-31 02:18:04,361 :: INFO :: Gateway Manager : Stop experiment
2021-08-31 02:18:04,371 :: INFO :: Stop experiment
2021-08-31 02:18:04,380 :: INFO :: Control node : stop of the experiment
2021-08-31 02:18:04,388 :: INFO :: Control node : profile configuration
2021-08-31 02:18:04,395 :: INFO :: Configure profile on Control Node
2021-08-31 02:18:04,467 :: INFO :: Control node : start power of open node
2021-08-31 02:18:04,511 :: INFO :: Node OpenOCD: teardown of openocd node
2021-08-31 02:18:07,578 :: INFO :: openocd node debugger stop
2021-08-31 02:18:08,266 :: INFO :: Node OpenOCD: flash of openocd node
2021-08-31 02:18:08,281 :: INFO :: Flash firmware on OpenOCD: /usr/lib/python2.7/site-packages/gateway_code/static/m3_idle.elf
2021-08-31 02:18:10,749 :: INFO :: Control node : Stop control node serial interface
2021-08-31 02:18:10,754 :: INFO :: Control node : stop power of open node
2021-08-31 02:18:10,797 :: INFO :: Control node : reset
2021-08-31 02:18:10,801 :: INFO :: Reset Control Node
2021-08-31 02:18:13,612 :: INFO :: Stop experiment succeeded
