2021-08-31 01:17:45,594 :: INFO :: Start experiment: luna-275819
2021-08-31 01:17:45,598 :: INFO :: Control node : Starting of control node serial interface
2021-08-31 01:17:45,601 :: INFO :: Control node : reset
2021-08-31 01:17:45,603 :: INFO :: Reset Control Node
2021-08-31 01:17:48,498 :: INFO :: Control node : start power of open node
2021-08-31 01:17:48,555 :: INFO :: Node OpenOCD: Setup of openocd node
2021-08-31 01:17:51,595 :: INFO :: Node OpenOCD: flash of openocd node
2021-08-31 01:17:51,612 :: INFO :: Flash firmware on OpenOCD: /tmp/tmpjyKbRu--ddd0625ff8382e7208c25657471d6a4a_unicast-receiver-count.iotlab-m3
2021-08-31 01:17:58,044 :: INFO :: Control node : Start experiment
2021-08-31 01:17:58,102 :: INFO :: Control Node set time delay: 1465 us
2021-08-31 01:17:58,122 :: INFO :: Control node : profile configuration
2021-08-31 01:17:58,126 :: INFO :: Configure profile on Control Node
2021-08-31 01:17:58,170 :: INFO :: Start experiment succeeded
2021-08-31 02:18:04,356 :: INFO :: Gateway Manager : Stop experiment
2021-08-31 02:18:04,365 :: INFO :: Stop experiment
2021-08-31 02:18:04,374 :: INFO :: Control node : stop of the experiment
2021-08-31 02:18:04,381 :: INFO :: Control node : profile configuration
2021-08-31 02:18:04,389 :: INFO :: Configure profile on Control Node
2021-08-31 02:18:04,465 :: INFO :: Control node : start power of open node
2021-08-31 02:18:04,510 :: INFO :: Node OpenOCD: teardown of openocd node
2021-08-31 02:18:07,554 :: INFO :: openocd node debugger stop
2021-08-31 02:18:08,242 :: INFO :: Node OpenOCD: flash of openocd node
2021-08-31 02:18:08,256 :: INFO :: Flash firmware on OpenOCD: /usr/lib/python2.7/site-packages/gateway_code/static/m3_idle.elf
2021-08-31 02:18:10,716 :: INFO :: Control node : Stop control node serial interface
2021-08-31 02:18:10,721 :: INFO :: Control node : stop power of open node
2021-08-31 02:18:10,792 :: INFO :: Control node : reset
2021-08-31 02:18:10,799 :: INFO :: Reset Control Node
2021-08-31 02:18:13,633 :: INFO :: Stop experiment succeeded
