2021-08-31 01:17:45,540 :: INFO :: Start experiment: luna-275819
2021-08-31 01:17:45,544 :: INFO :: Control node : Starting of control node serial interface
2021-08-31 01:17:45,547 :: INFO :: Control node : reset
2021-08-31 01:17:45,549 :: INFO :: Reset Control Node
2021-08-31 01:17:48,408 :: INFO :: Control node : start power of open node
2021-08-31 01:17:48,436 :: INFO :: Node OpenOCD: Setup of openocd node
2021-08-31 01:17:51,475 :: INFO :: Node OpenOCD: flash of openocd node
2021-08-31 01:17:51,493 :: INFO :: Flash firmware on OpenOCD: /tmp/tmpoNjqFk--93e977ac3781fe5042fd86dcc34ed19b_unicast-sender-count-10T-100B.iotlab-m3
2021-08-31 01:17:58,272 :: INFO :: Control node : Start experiment
2021-08-31 01:17:58,350 :: INFO :: Control Node set time delay: 1709 us
2021-08-31 01:17:58,374 :: INFO :: Control node : profile configuration
2021-08-31 01:17:58,381 :: INFO :: Configure profile on Control Node
2021-08-31 01:17:58,460 :: INFO :: Start experiment succeeded
2021-08-31 02:18:04,359 :: INFO :: Gateway Manager : Stop experiment
2021-08-31 02:18:04,369 :: INFO :: Stop experiment
2021-08-31 02:18:04,377 :: INFO :: Control node : stop of the experiment
2021-08-31 02:18:04,385 :: INFO :: Control node : profile configuration
2021-08-31 02:18:04,392 :: INFO :: Configure profile on Control Node
2021-08-31 02:18:04,466 :: INFO :: Control node : start power of open node
2021-08-31 02:18:04,511 :: INFO :: Node OpenOCD: teardown of openocd node
2021-08-31 02:18:07,565 :: INFO :: openocd node debugger stop
2021-08-31 02:18:08,248 :: INFO :: Node OpenOCD: flash of openocd node
2021-08-31 02:18:08,255 :: INFO :: Flash firmware on OpenOCD: /usr/lib/python2.7/site-packages/gateway_code/static/m3_idle.elf
2021-08-31 02:18:10,608 :: INFO :: Control node : Stop control node serial interface
2021-08-31 02:18:10,618 :: INFO :: Control node : stop power of open node
2021-08-31 02:18:10,699 :: INFO :: Control node : reset
2021-08-31 02:18:10,706 :: INFO :: Reset Control Node
2021-08-31 02:18:13,543 :: INFO :: Stop experiment succeeded
