2021-08-31 01:17:45,571 :: INFO :: Start experiment: luna-275819
2021-08-31 01:17:45,575 :: INFO :: Control node : Starting of control node serial interface
2021-08-31 01:17:45,577 :: INFO :: Control node : reset
2021-08-31 01:17:45,580 :: INFO :: Reset Control Node
2021-08-31 01:17:48,479 :: INFO :: Control node : start power of open node
2021-08-31 01:17:48,537 :: INFO :: Node OpenOCD: Setup of openocd node
2021-08-31 01:17:51,577 :: INFO :: Node OpenOCD: flash of openocd node
2021-08-31 01:17:51,593 :: INFO :: Flash firmware on OpenOCD: /tmp/tmpFaHbue--93e977ac3781fe5042fd86dcc34ed19b_unicast-sender-count-10T-100B.iotlab-m3
2021-08-31 01:17:58,383 :: INFO :: Control node : Start experiment
2021-08-31 01:17:58,441 :: INFO :: Control Node set time delay: 1159 us
2021-08-31 01:17:58,466 :: INFO :: Control node : profile configuration
2021-08-31 01:17:58,472 :: INFO :: Configure profile on Control Node
2021-08-31 01:17:58,519 :: INFO :: Start experiment succeeded
2021-08-31 02:18:04,358 :: INFO :: Gateway Manager : Stop experiment
2021-08-31 02:18:04,367 :: INFO :: Stop experiment
2021-08-31 02:18:04,376 :: INFO :: Control node : stop of the experiment
2021-08-31 02:18:04,383 :: INFO :: Control node : profile configuration
2021-08-31 02:18:04,393 :: INFO :: Configure profile on Control Node
2021-08-31 02:18:04,465 :: INFO :: Control node : start power of open node
2021-08-31 02:18:04,509 :: INFO :: Node OpenOCD: teardown of openocd node
2021-08-31 02:18:07,558 :: INFO :: openocd node debugger stop
2021-08-31 02:18:08,239 :: INFO :: Node OpenOCD: flash of openocd node
2021-08-31 02:18:08,246 :: INFO :: Flash firmware on OpenOCD: /usr/lib/python2.7/site-packages/gateway_code/static/m3_idle.elf
2021-08-31 02:18:10,652 :: INFO :: Control node : Stop control node serial interface
2021-08-31 02:18:10,657 :: INFO :: Control node : stop power of open node
2021-08-31 02:18:10,712 :: INFO :: Control node : reset
2021-08-31 02:18:10,716 :: INFO :: Reset Control Node
2021-08-31 02:18:13,530 :: INFO :: Stop experiment succeeded
