2021-08-31 01:17:45,585 :: INFO :: Start experiment: luna-275819
2021-08-31 01:17:45,589 :: INFO :: Control node : Starting of control node serial interface
2021-08-31 01:17:45,591 :: INFO :: Control node : reset
2021-08-31 01:17:45,594 :: INFO :: Reset Control Node
2021-08-31 01:17:48,500 :: INFO :: Control node : start power of open node
2021-08-31 01:17:48,555 :: INFO :: Node OpenOCD: Setup of openocd node
2021-08-31 01:17:51,595 :: INFO :: Node OpenOCD: flash of openocd node
2021-08-31 01:17:51,613 :: INFO :: Flash firmware on OpenOCD: /tmp/tmp257Ttf--93e977ac3781fe5042fd86dcc34ed19b_unicast-sender-count-10T-100B.iotlab-m3
2021-08-31 01:17:58,505 :: INFO :: Control node : Start experiment
2021-08-31 01:17:58,555 :: INFO :: Control Node set time delay: 1801 us
2021-08-31 01:17:58,588 :: INFO :: Control node : profile configuration
2021-08-31 01:17:58,592 :: INFO :: Configure profile on Control Node
2021-08-31 01:17:58,633 :: INFO :: Start experiment succeeded
2021-08-31 02:18:04,354 :: INFO :: Gateway Manager : Stop experiment
2021-08-31 02:18:04,363 :: INFO :: Stop experiment
2021-08-31 02:18:04,371 :: INFO :: Control node : stop of the experiment
2021-08-31 02:18:04,378 :: INFO :: Control node : profile configuration
2021-08-31 02:18:04,388 :: INFO :: Configure profile on Control Node
2021-08-31 02:18:04,458 :: INFO :: Control node : start power of open node
2021-08-31 02:18:04,482 :: INFO :: Node OpenOCD: teardown of openocd node
2021-08-31 02:18:07,514 :: INFO :: openocd node debugger stop
2021-08-31 02:18:08,194 :: INFO :: Node OpenOCD: flash of openocd node
2021-08-31 02:18:08,208 :: INFO :: Flash firmware on OpenOCD: /usr/lib/python2.7/site-packages/gateway_code/static/m3_idle.elf
2021-08-31 02:18:10,681 :: INFO :: Control node : Stop control node serial interface
2021-08-31 02:18:10,686 :: INFO :: Control node : stop power of open node
2021-08-31 02:18:10,735 :: INFO :: Control node : reset
2021-08-31 02:18:10,739 :: INFO :: Reset Control Node
2021-08-31 02:18:13,560 :: INFO :: Stop experiment succeeded
