2021-08-31 01:17:45,544 :: INFO :: Start experiment: luna-275819
2021-08-31 01:17:45,548 :: INFO :: Control node : Starting of control node serial interface
2021-08-31 01:17:45,550 :: INFO :: Control node : reset
2021-08-31 01:17:45,553 :: INFO :: Reset Control Node
2021-08-31 01:17:48,454 :: INFO :: Control node : start power of open node
2021-08-31 01:17:48,511 :: INFO :: Node OpenOCD: Setup of openocd node
2021-08-31 01:17:51,552 :: INFO :: Node OpenOCD: flash of openocd node
2021-08-31 01:17:51,570 :: INFO :: Flash firmware on OpenOCD: /tmp/tmp0mdCOI--93e977ac3781fe5042fd86dcc34ed19b_unicast-sender-count-10T-100B.iotlab-m3
2021-08-31 01:17:58,313 :: INFO :: Control node : Start experiment
2021-08-31 01:17:58,353 :: INFO :: Control Node set time delay: 1770 us
2021-08-31 01:17:58,386 :: INFO :: Control node : profile configuration
2021-08-31 01:17:58,392 :: INFO :: Configure profile on Control Node
2021-08-31 01:17:58,470 :: INFO :: Start experiment succeeded
2021-08-31 02:18:04,360 :: INFO :: Gateway Manager : Stop experiment
2021-08-31 02:18:04,370 :: INFO :: Stop experiment
2021-08-31 02:18:04,378 :: INFO :: Control node : stop of the experiment
2021-08-31 02:18:04,388 :: INFO :: Control node : profile configuration
2021-08-31 02:18:04,396 :: INFO :: Configure profile on Control Node
2021-08-31 02:18:04,468 :: INFO :: Control node : start power of open node
2021-08-31 02:18:04,513 :: INFO :: Node OpenOCD: teardown of openocd node
2021-08-31 02:18:07,569 :: INFO :: openocd node debugger stop
2021-08-31 02:18:08,249 :: INFO :: Node OpenOCD: flash of openocd node
2021-08-31 02:18:08,264 :: INFO :: Flash firmware on OpenOCD: /usr/lib/python2.7/site-packages/gateway_code/static/m3_idle.elf
2021-08-31 02:18:10,727 :: INFO :: Control node : Stop control node serial interface
2021-08-31 02:18:10,732 :: INFO :: Control node : stop power of open node
2021-08-31 02:18:10,780 :: INFO :: Control node : reset
2021-08-31 02:18:10,784 :: INFO :: Reset Control Node
2021-08-31 02:18:13,545 :: INFO :: Stop experiment succeeded
