2021-08-31 01:17:45,537 :: INFO :: Start experiment: luna-275819
2021-08-31 01:17:45,541 :: INFO :: Control node : Starting of control node serial interface
2021-08-31 01:17:45,544 :: INFO :: Control node : reset
2021-08-31 01:17:45,546 :: INFO :: Reset Control Node
2021-08-31 01:17:48,445 :: INFO :: Control node : start power of open node
2021-08-31 01:17:48,499 :: INFO :: Node OpenOCD: Setup of openocd node
2021-08-31 01:17:51,543 :: INFO :: Node OpenOCD: flash of openocd node
2021-08-31 01:17:51,562 :: INFO :: Flash firmware on OpenOCD: /tmp/tmptfR1aE--93e977ac3781fe5042fd86dcc34ed19b_unicast-sender-count-10T-100B.iotlab-m3
2021-08-31 01:17:58,355 :: INFO :: Control node : Start experiment
2021-08-31 01:17:58,401 :: INFO :: Control Node set time delay: 1648 us
2021-08-31 01:17:58,433 :: INFO :: Control node : profile configuration
2021-08-31 01:17:58,440 :: INFO :: Configure profile on Control Node
2021-08-31 01:17:58,518 :: INFO :: Start experiment succeeded
2021-08-31 02:18:04,359 :: INFO :: Gateway Manager : Stop experiment
2021-08-31 02:18:04,368 :: INFO :: Stop experiment
2021-08-31 02:18:04,377 :: INFO :: Control node : stop of the experiment
2021-08-31 02:18:04,385 :: INFO :: Control node : profile configuration
2021-08-31 02:18:04,395 :: INFO :: Configure profile on Control Node
2021-08-31 02:18:04,467 :: INFO :: Control node : start power of open node
2021-08-31 02:18:04,510 :: INFO :: Node OpenOCD: teardown of openocd node
2021-08-31 02:18:07,583 :: INFO :: openocd node debugger stop
2021-08-31 02:18:08,273 :: INFO :: Node OpenOCD: flash of openocd node
2021-08-31 02:18:08,288 :: INFO :: Flash firmware on OpenOCD: /usr/lib/python2.7/site-packages/gateway_code/static/m3_idle.elf
2021-08-31 02:18:10,697 :: INFO :: Control node : Stop control node serial interface
2021-08-31 02:18:10,702 :: INFO :: Control node : stop power of open node
2021-08-31 02:18:10,755 :: INFO :: Control node : reset
2021-08-31 02:18:10,759 :: INFO :: Reset Control Node
2021-08-31 02:18:13,582 :: INFO :: Stop experiment succeeded
