2021-08-31 01:17:45,579 :: INFO :: Start experiment: luna-275819
2021-08-31 01:17:45,582 :: INFO :: Control node : Starting of control node serial interface
2021-08-31 01:17:45,585 :: INFO :: Control node : reset
2021-08-31 01:17:45,588 :: INFO :: Reset Control Node
2021-08-31 01:17:48,436 :: INFO :: Control node : start power of open node
2021-08-31 01:17:48,492 :: INFO :: Node OpenOCD: Setup of openocd node
2021-08-31 01:17:51,532 :: INFO :: Node OpenOCD: flash of openocd node
2021-08-31 01:17:51,550 :: INFO :: Flash firmware on OpenOCD: /tmp/tmpb8cXBM--93e977ac3781fe5042fd86dcc34ed19b_unicast-sender-count-10T-100B.iotlab-m3
2021-08-31 01:17:58,397 :: INFO :: Control node : Start experiment
2021-08-31 01:17:58,448 :: INFO :: Control Node set time delay: 1831 us
2021-08-31 01:17:58,480 :: INFO :: Control node : profile configuration
2021-08-31 01:17:58,485 :: INFO :: Configure profile on Control Node
2021-08-31 01:17:58,526 :: INFO :: Start experiment succeeded
2021-08-31 02:18:04,370 :: INFO :: Gateway Manager : Stop experiment
2021-08-31 02:18:04,379 :: INFO :: Stop experiment
2021-08-31 02:18:04,388 :: INFO :: Control node : stop of the experiment
2021-08-31 02:18:04,396 :: INFO :: Control node : profile configuration
2021-08-31 02:18:04,406 :: INFO :: Configure profile on Control Node
2021-08-31 02:18:04,480 :: INFO :: Control node : start power of open node
2021-08-31 02:18:04,506 :: INFO :: Node OpenOCD: teardown of openocd node
2021-08-31 02:18:07,577 :: INFO :: openocd node debugger stop
2021-08-31 02:18:08,260 :: INFO :: Node OpenOCD: flash of openocd node
2021-08-31 02:18:08,268 :: INFO :: Flash firmware on OpenOCD: /usr/lib/python2.7/site-packages/gateway_code/static/m3_idle.elf
2021-08-31 02:18:10,624 :: INFO :: Control node : Stop control node serial interface
2021-08-31 02:18:10,634 :: INFO :: Control node : stop power of open node
2021-08-31 02:18:10,727 :: INFO :: Control node : reset
2021-08-31 02:18:10,733 :: INFO :: Reset Control Node
2021-08-31 02:18:13,498 :: INFO :: Stop experiment succeeded
