2021-08-31 01:17:45,566 :: INFO :: Start experiment: luna-275819
2021-08-31 01:17:45,570 :: INFO :: Control node : Starting of control node serial interface
2021-08-31 01:17:45,573 :: INFO :: Control node : reset
2021-08-31 01:17:45,575 :: INFO :: Reset Control Node
2021-08-31 01:17:48,477 :: INFO :: Control node : start power of open node
2021-08-31 01:17:48,503 :: INFO :: Node OpenOCD: Setup of openocd node
2021-08-31 01:17:51,541 :: INFO :: Node OpenOCD: flash of openocd node
2021-08-31 01:17:51,559 :: INFO :: Flash firmware on OpenOCD: /tmp/tmpOvNFYm--93e977ac3781fe5042fd86dcc34ed19b_unicast-sender-count-10T-100B.iotlab-m3
2021-08-31 01:17:58,381 :: INFO :: Control node : Start experiment
2021-08-31 01:17:58,465 :: INFO :: Control Node set time delay: 1557 us
2021-08-31 01:17:58,498 :: INFO :: Control node : profile configuration
2021-08-31 01:17:58,505 :: INFO :: Configure profile on Control Node
2021-08-31 01:17:58,552 :: INFO :: Start experiment succeeded
2021-08-31 02:18:04,365 :: INFO :: Gateway Manager : Stop experiment
2021-08-31 02:18:04,375 :: INFO :: Stop experiment
2021-08-31 02:18:04,383 :: INFO :: Control node : stop of the experiment
2021-08-31 02:18:04,391 :: INFO :: Control node : profile configuration
2021-08-31 02:18:04,401 :: INFO :: Configure profile on Control Node
2021-08-31 02:18:04,472 :: INFO :: Control node : start power of open node
2021-08-31 02:18:04,516 :: INFO :: Node OpenOCD: teardown of openocd node
2021-08-31 02:18:07,582 :: INFO :: openocd node debugger stop
2021-08-31 02:18:08,278 :: INFO :: Node OpenOCD: flash of openocd node
2021-08-31 02:18:08,293 :: INFO :: Flash firmware on OpenOCD: /usr/lib/python2.7/site-packages/gateway_code/static/m3_idle.elf
2021-08-31 02:18:10,755 :: INFO :: Control node : Stop control node serial interface
2021-08-31 02:18:10,760 :: INFO :: Control node : stop power of open node
2021-08-31 02:18:10,813 :: INFO :: Control node : reset
2021-08-31 02:18:10,817 :: INFO :: Reset Control Node
2021-08-31 02:18:13,705 :: INFO :: Stop experiment succeeded
