2021-08-31 01:17:45,530 :: INFO :: Start experiment: luna-275819
2021-08-31 01:17:45,534 :: INFO :: Control node : Starting of control node serial interface
2021-08-31 01:17:45,536 :: INFO :: Control node : reset
2021-08-31 01:17:45,539 :: INFO :: Reset Control Node
2021-08-31 01:17:48,438 :: INFO :: Control node : start power of open node
2021-08-31 01:17:48,495 :: INFO :: Node OpenOCD: Setup of openocd node
2021-08-31 01:17:51,533 :: INFO :: Node OpenOCD: flash of openocd node
2021-08-31 01:17:51,551 :: INFO :: Flash firmware on OpenOCD: /tmp/tmp1FH_ou--93e977ac3781fe5042fd86dcc34ed19b_unicast-sender-count-10T-100B.iotlab-m3
2021-08-31 01:17:58,322 :: INFO :: Control node : Start experiment
2021-08-31 01:17:58,393 :: INFO :: Control Node set time delay: 1923 us
2021-08-31 01:17:58,414 :: INFO :: Control node : profile configuration
2021-08-31 01:17:58,421 :: INFO :: Configure profile on Control Node
2021-08-31 01:17:58,500 :: INFO :: Start experiment succeeded
2021-08-31 02:18:04,349 :: INFO :: Gateway Manager : Stop experiment
2021-08-31 02:18:04,358 :: INFO :: Stop experiment
2021-08-31 02:18:04,367 :: INFO :: Control node : stop of the experiment
2021-08-31 02:18:04,374 :: INFO :: Control node : profile configuration
2021-08-31 02:18:04,384 :: INFO :: Configure profile on Control Node
2021-08-31 02:18:04,456 :: INFO :: Control node : start power of open node
2021-08-31 02:18:04,500 :: INFO :: Node OpenOCD: teardown of openocd node
2021-08-31 02:18:07,561 :: INFO :: openocd node debugger stop
2021-08-31 02:18:08,252 :: INFO :: Node OpenOCD: flash of openocd node
2021-08-31 02:18:08,267 :: INFO :: Flash firmware on OpenOCD: /usr/lib/python2.7/site-packages/gateway_code/static/m3_idle.elf
2021-08-31 02:18:10,780 :: INFO :: Control node : Stop control node serial interface
2021-08-31 02:18:10,789 :: INFO :: Control node : stop power of open node
2021-08-31 02:18:10,885 :: INFO :: Control node : reset
2021-08-31 02:18:10,893 :: INFO :: Reset Control Node
2021-08-31 02:18:13,679 :: INFO :: Stop experiment succeeded
