2021-08-31 01:17:45,559 :: INFO :: Start experiment: luna-275819
2021-08-31 01:17:45,562 :: INFO :: Control node : Starting of control node serial interface
2021-08-31 01:17:45,565 :: INFO :: Control node : reset
2021-08-31 01:17:45,568 :: INFO :: Reset Control Node
2021-08-31 01:17:48,474 :: INFO :: Control node : start power of open node
2021-08-31 01:17:48,528 :: INFO :: Node OpenOCD: Setup of openocd node
2021-08-31 01:17:51,567 :: INFO :: Node OpenOCD: flash of openocd node
2021-08-31 01:17:51,585 :: INFO :: Flash firmware on OpenOCD: /tmp/tmpWY7Iuf--93e977ac3781fe5042fd86dcc34ed19b_unicast-sender-count-10T-100B.iotlab-m3
2021-08-31 01:17:58,389 :: INFO :: Control node : Start experiment
2021-08-31 01:17:58,449 :: INFO :: Control Node set time delay: 1617 us
2021-08-31 01:17:58,471 :: INFO :: Control node : profile configuration
2021-08-31 01:17:58,478 :: INFO :: Configure profile on Control Node
2021-08-31 01:17:58,524 :: INFO :: Start experiment succeeded
2021-08-31 02:18:04,361 :: INFO :: Gateway Manager : Stop experiment
2021-08-31 02:18:04,371 :: INFO :: Stop experiment
2021-08-31 02:18:04,380 :: INFO :: Control node : stop of the experiment
2021-08-31 02:18:04,387 :: INFO :: Control node : profile configuration
2021-08-31 02:18:04,394 :: INFO :: Configure profile on Control Node
2021-08-31 02:18:04,468 :: INFO :: Control node : start power of open node
2021-08-31 02:18:04,513 :: INFO :: Node OpenOCD: teardown of openocd node
2021-08-31 02:18:07,571 :: INFO :: openocd node debugger stop
2021-08-31 02:18:08,248 :: INFO :: Node OpenOCD: flash of openocd node
2021-08-31 02:18:08,263 :: INFO :: Flash firmware on OpenOCD: /usr/lib/python2.7/site-packages/gateway_code/static/m3_idle.elf
2021-08-31 02:18:10,749 :: INFO :: Control node : Stop control node serial interface
2021-08-31 02:18:10,758 :: INFO :: Control node : stop power of open node
2021-08-31 02:18:10,824 :: INFO :: Control node : reset
2021-08-31 02:18:10,830 :: INFO :: Reset Control Node
2021-08-31 02:18:13,591 :: INFO :: Stop experiment succeeded
