2021-09-06 11:01:10,635 :: INFO :: Start experiment: luna-276407
2021-09-06 11:01:10,638 :: INFO :: Control node : Starting of control node serial interface
2021-09-06 11:01:10,641 :: INFO :: Control node : reset
2021-09-06 11:01:10,643 :: INFO :: Reset Control Node
2021-09-06 11:01:13,546 :: INFO :: Control node : start power of open node
2021-09-06 11:01:13,604 :: INFO :: Node OpenOCD: Setup of openocd node
2021-09-06 11:01:16,654 :: INFO :: Node OpenOCD: flash of openocd node
2021-09-06 11:01:16,672 :: INFO :: Flash firmware on OpenOCD: /tmp/tmpqwVIrB--d4a0543b7d1f359d92f0e4afc0b7f0cf_unicast-sender-count-30T-20B.iotlab-m3
2021-09-06 11:01:23,521 :: INFO :: Control node : Start experiment
2021-09-06 11:01:23,581 :: INFO :: Control Node set time delay: 1739 us
2021-09-06 11:01:23,605 :: INFO :: Control node : profile configuration
2021-09-06 11:01:23,612 :: INFO :: Configure profile on Control Node
2021-09-06 11:01:23,666 :: INFO :: Start experiment succeeded
2021-09-06 12:02:29,363 :: INFO :: Gateway Manager : Stop experiment
2021-09-06 12:02:29,372 :: INFO :: Stop experiment
2021-09-06 12:02:29,381 :: INFO :: Control node : stop of the experiment
2021-09-06 12:02:29,388 :: INFO :: Control node : profile configuration
2021-09-06 12:02:29,398 :: INFO :: Configure profile on Control Node
2021-09-06 12:02:29,471 :: INFO :: Control node : start power of open node
2021-09-06 12:02:29,517 :: INFO :: Node OpenOCD: teardown of openocd node
2021-09-06 12:02:32,596 :: INFO :: openocd node debugger stop
2021-09-06 12:02:33,280 :: INFO :: Node OpenOCD: flash of openocd node
2021-09-06 12:02:33,287 :: INFO :: Flash firmware on OpenOCD: /usr/lib/python2.7/site-packages/gateway_code/static/m3_idle.elf
2021-09-06 12:02:35,643 :: INFO :: Control node : Stop control node serial interface
2021-09-06 12:02:35,648 :: INFO :: Control node : stop power of open node
2021-09-06 12:02:35,698 :: INFO :: Control node : reset
2021-09-06 12:02:35,702 :: INFO :: Reset Control Node
2021-09-06 12:02:38,514 :: INFO :: Stop experiment succeeded
