2021-09-06 11:01:10,642 :: INFO :: Start experiment: luna-276407
2021-09-06 11:01:10,645 :: INFO :: Control node : Starting of control node serial interface
2021-09-06 11:01:10,648 :: INFO :: Control node : reset
2021-09-06 11:01:10,651 :: INFO :: Reset Control Node
2021-09-06 11:01:13,551 :: INFO :: Control node : start power of open node
2021-09-06 11:01:13,608 :: INFO :: Node OpenOCD: Setup of openocd node
2021-09-06 11:01:16,655 :: INFO :: Node OpenOCD: flash of openocd node
2021-09-06 11:01:16,673 :: INFO :: Flash firmware on OpenOCD: /tmp/tmp1ft1wK--d4a0543b7d1f359d92f0e4afc0b7f0cf_unicast-sender-count-30T-20B.iotlab-m3
2021-09-06 11:01:23,581 :: INFO :: Control node : Start experiment
2021-09-06 11:01:23,635 :: INFO :: Control Node set time delay: 1068 us
2021-09-06 11:01:23,662 :: INFO :: Control node : profile configuration
2021-09-06 11:01:23,666 :: INFO :: Configure profile on Control Node
2021-09-06 11:01:23,708 :: INFO :: Start experiment succeeded
2021-09-06 12:02:29,344 :: INFO :: Gateway Manager : Stop experiment
2021-09-06 12:02:29,354 :: INFO :: Stop experiment
2021-09-06 12:02:29,362 :: INFO :: Control node : stop of the experiment
2021-09-06 12:02:29,370 :: INFO :: Control node : profile configuration
2021-09-06 12:02:29,377 :: INFO :: Configure profile on Control Node
2021-09-06 12:02:29,453 :: INFO :: Control node : start power of open node
2021-09-06 12:02:29,496 :: INFO :: Node OpenOCD: teardown of openocd node
2021-09-06 12:02:32,559 :: INFO :: openocd node debugger stop
2021-09-06 12:02:33,248 :: INFO :: Node OpenOCD: flash of openocd node
2021-09-06 12:02:33,263 :: INFO :: Flash firmware on OpenOCD: /usr/lib/python2.7/site-packages/gateway_code/static/m3_idle.elf
2021-09-06 12:02:35,707 :: INFO :: Control node : Stop control node serial interface
2021-09-06 12:02:35,712 :: INFO :: Control node : stop power of open node
2021-09-06 12:02:35,775 :: INFO :: Control node : reset
2021-09-06 12:02:35,782 :: INFO :: Reset Control Node
2021-09-06 12:02:38,669 :: INFO :: Stop experiment succeeded
