2021-09-06 07:58:02,538 :: INFO :: Start experiment: luna-276404
2021-09-06 07:58:02,541 :: INFO :: Control node : Starting of control node serial interface
2021-09-06 07:58:02,544 :: INFO :: Control node : reset
2021-09-06 07:58:02,547 :: INFO :: Reset Control Node
2021-09-06 07:58:05,445 :: INFO :: Control node : start power of open node
2021-09-06 07:58:05,502 :: INFO :: Node OpenOCD: Setup of openocd node
2021-09-06 07:58:08,550 :: INFO :: Node OpenOCD: flash of openocd node
2021-09-06 07:58:08,567 :: INFO :: Flash firmware on OpenOCD: /tmp/tmpiCH8Ig--07af995c71c4c03e0b354753e4bf4313_unicast-sender-count-30T-191B.iotlab-m3
2021-09-06 07:58:15,322 :: INFO :: Control node : Start experiment
2021-09-06 07:58:15,367 :: INFO :: Control Node set time delay: 1892 us
2021-09-06 07:58:15,400 :: INFO :: Control node : profile configuration
2021-09-06 07:58:15,407 :: INFO :: Configure profile on Control Node
2021-09-06 07:58:15,486 :: INFO :: Start experiment succeeded
2021-09-06 08:58:21,357 :: INFO :: Gateway Manager : Stop experiment
2021-09-06 08:58:21,367 :: INFO :: Stop experiment
2021-09-06 08:58:21,375 :: INFO :: Control node : stop of the experiment
2021-09-06 08:58:21,382 :: INFO :: Control node : profile configuration
2021-09-06 08:58:21,389 :: INFO :: Configure profile on Control Node
2021-09-06 08:58:21,463 :: INFO :: Control node : start power of open node
2021-09-06 08:58:21,507 :: INFO :: Node OpenOCD: teardown of openocd node
2021-09-06 08:58:24,543 :: INFO :: openocd node debugger stop
2021-09-06 08:58:25,225 :: INFO :: Node OpenOCD: flash of openocd node
2021-09-06 08:58:25,240 :: INFO :: Flash firmware on OpenOCD: /usr/lib/python2.7/site-packages/gateway_code/static/m3_idle.elf
2021-09-06 08:58:27,698 :: INFO :: Control node : Stop control node serial interface
2021-09-06 08:58:27,707 :: INFO :: Control node : stop power of open node
2021-09-06 08:58:27,811 :: INFO :: Control node : reset
2021-09-06 08:58:27,818 :: INFO :: Reset Control Node
2021-09-06 08:58:30,601 :: INFO :: Stop experiment succeeded
