2021-09-06 07:58:02,541 :: INFO :: Start experiment: luna-276404
2021-09-06 07:58:02,544 :: INFO :: Control node : Starting of control node serial interface
2021-09-06 07:58:02,547 :: INFO :: Control node : reset
2021-09-06 07:58:02,550 :: INFO :: Reset Control Node
2021-09-06 07:58:05,457 :: INFO :: Control node : start power of open node
2021-09-06 07:58:05,511 :: INFO :: Node OpenOCD: Setup of openocd node
2021-09-06 07:58:08,549 :: INFO :: Node OpenOCD: flash of openocd node
2021-09-06 07:58:08,567 :: INFO :: Flash firmware on OpenOCD: /tmp/tmpcVTuUN--07af995c71c4c03e0b354753e4bf4313_unicast-sender-count-30T-191B.iotlab-m3
2021-09-06 07:58:15,416 :: INFO :: Control node : Start experiment
2021-09-06 07:58:15,466 :: INFO :: Control Node set time delay: 1801 us
2021-09-06 07:58:15,498 :: INFO :: Control node : profile configuration
2021-09-06 07:58:15,504 :: INFO :: Configure profile on Control Node
2021-09-06 07:58:15,557 :: INFO :: Start experiment succeeded
2021-09-06 08:58:21,379 :: INFO :: Gateway Manager : Stop experiment
2021-09-06 08:58:21,388 :: INFO :: Stop experiment
2021-09-06 08:58:21,397 :: INFO :: Control node : stop of the experiment
2021-09-06 08:58:21,404 :: INFO :: Control node : profile configuration
2021-09-06 08:58:21,411 :: INFO :: Configure profile on Control Node
2021-09-06 08:58:21,483 :: INFO :: Control node : start power of open node
2021-09-06 08:58:21,524 :: INFO :: Node OpenOCD: teardown of openocd node
2021-09-06 08:58:24,590 :: INFO :: openocd node debugger stop
2021-09-06 08:58:25,271 :: INFO :: Node OpenOCD: flash of openocd node
2021-09-06 08:58:25,278 :: INFO :: Flash firmware on OpenOCD: /usr/lib/python2.7/site-packages/gateway_code/static/m3_idle.elf
2021-09-06 08:58:27,683 :: INFO :: Control node : Stop control node serial interface
2021-09-06 08:58:27,692 :: INFO :: Control node : stop power of open node
2021-09-06 08:58:27,789 :: INFO :: Control node : reset
2021-09-06 08:58:27,794 :: INFO :: Reset Control Node
2021-09-06 08:58:30,552 :: INFO :: Stop experiment succeeded
