2021-09-06 07:58:02,560 :: INFO :: Start experiment: luna-276404
2021-09-06 07:58:02,563 :: INFO :: Control node : Starting of control node serial interface
2021-09-06 07:58:02,566 :: INFO :: Control node : reset
2021-09-06 07:58:02,569 :: INFO :: Reset Control Node
2021-09-06 07:58:05,472 :: INFO :: Control node : start power of open node
2021-09-06 07:58:05,529 :: INFO :: Node OpenOCD: Setup of openocd node
2021-09-06 07:58:08,579 :: INFO :: Node OpenOCD: flash of openocd node
2021-09-06 07:58:08,597 :: INFO :: Flash firmware on OpenOCD: /tmp/tmpgrXmoR--07af995c71c4c03e0b354753e4bf4313_unicast-sender-count-30T-191B.iotlab-m3
2021-09-06 07:58:15,449 :: INFO :: Control node : Start experiment
2021-09-06 07:58:15,500 :: INFO :: Control Node set time delay: 1221 us
2021-09-06 07:58:15,523 :: INFO :: Control node : profile configuration
2021-09-06 07:58:15,527 :: INFO :: Configure profile on Control Node
2021-09-06 07:58:15,569 :: INFO :: Start experiment succeeded
2021-09-06 08:58:21,402 :: INFO :: Gateway Manager : Stop experiment
2021-09-06 08:58:21,411 :: INFO :: Stop experiment
2021-09-06 08:58:21,420 :: INFO :: Control node : stop of the experiment
2021-09-06 08:58:21,427 :: INFO :: Control node : profile configuration
2021-09-06 08:58:21,437 :: INFO :: Configure profile on Control Node
2021-09-06 08:58:21,512 :: INFO :: Control node : start power of open node
2021-09-06 08:58:21,556 :: INFO :: Node OpenOCD: teardown of openocd node
2021-09-06 08:58:24,618 :: INFO :: openocd node debugger stop
2021-09-06 08:58:25,303 :: INFO :: Node OpenOCD: flash of openocd node
2021-09-06 08:58:25,310 :: INFO :: Flash firmware on OpenOCD: /usr/lib/python2.7/site-packages/gateway_code/static/m3_idle.elf
2021-09-06 08:58:27,741 :: INFO :: Control node : Stop control node serial interface
2021-09-06 08:58:27,746 :: INFO :: Control node : stop power of open node
2021-09-06 08:58:27,795 :: INFO :: Control node : reset
2021-09-06 08:58:27,799 :: INFO :: Reset Control Node
2021-09-06 08:58:30,627 :: INFO :: Stop experiment succeeded
