2021-09-06 07:58:02,578 :: INFO :: Start experiment: luna-276404
2021-09-06 07:58:02,582 :: INFO :: Control node : Starting of control node serial interface
2021-09-06 07:58:02,585 :: INFO :: Control node : reset
2021-09-06 07:58:02,587 :: INFO :: Reset Control Node
2021-09-06 07:58:05,489 :: INFO :: Control node : start power of open node
2021-09-06 07:58:05,546 :: INFO :: Node OpenOCD: Setup of openocd node
2021-09-06 07:58:08,585 :: INFO :: Node OpenOCD: flash of openocd node
2021-09-06 07:58:08,603 :: INFO :: Flash firmware on OpenOCD: /tmp/tmpATspq4--07af995c71c4c03e0b354753e4bf4313_unicast-sender-count-30T-191B.iotlab-m3
2021-09-06 07:58:15,510 :: INFO :: Control node : Start experiment
2021-09-06 07:58:15,567 :: INFO :: Control Node set time delay: 1068 us
2021-09-06 07:58:15,578 :: INFO :: Control node : profile configuration
2021-09-06 07:58:15,582 :: INFO :: Configure profile on Control Node
2021-09-06 07:58:15,625 :: INFO :: Start experiment succeeded
2021-09-06 08:58:21,367 :: INFO :: Gateway Manager : Stop experiment
2021-09-06 08:58:21,376 :: INFO :: Stop experiment
2021-09-06 08:58:21,384 :: INFO :: Control node : stop of the experiment
2021-09-06 08:58:21,392 :: INFO :: Control node : profile configuration
2021-09-06 08:58:21,402 :: INFO :: Configure profile on Control Node
2021-09-06 08:58:21,473 :: INFO :: Control node : start power of open node
2021-09-06 08:58:21,516 :: INFO :: Node OpenOCD: teardown of openocd node
2021-09-06 08:58:24,567 :: INFO :: openocd node debugger stop
2021-09-06 08:58:25,251 :: INFO :: Node OpenOCD: flash of openocd node
2021-09-06 08:58:25,265 :: INFO :: Flash firmware on OpenOCD: /usr/lib/python2.7/site-packages/gateway_code/static/m3_idle.elf
2021-09-06 08:58:27,782 :: INFO :: Control node : Stop control node serial interface
2021-09-06 08:58:27,791 :: INFO :: Control node : stop power of open node
2021-09-06 08:58:27,888 :: INFO :: Control node : reset
2021-09-06 08:58:27,895 :: INFO :: Reset Control Node
2021-09-06 08:58:30,679 :: INFO :: Stop experiment succeeded
