2021-09-06 07:58:02,548 :: INFO :: Start experiment: luna-276404
2021-09-06 07:58:02,551 :: INFO :: Control node : Starting of control node serial interface
2021-09-06 07:58:02,554 :: INFO :: Control node : reset
2021-09-06 07:58:02,557 :: INFO :: Reset Control Node
2021-09-06 07:58:05,457 :: INFO :: Control node : start power of open node
2021-09-06 07:58:05,513 :: INFO :: Node OpenOCD: Setup of openocd node
2021-09-06 07:58:08,564 :: INFO :: Node OpenOCD: flash of openocd node
2021-09-06 07:58:08,581 :: INFO :: Flash firmware on OpenOCD: /tmp/tmpXXZ3iF--07af995c71c4c03e0b354753e4bf4313_unicast-sender-count-30T-191B.iotlab-m3
2021-09-06 07:58:15,276 :: INFO :: Control node : Start experiment
2021-09-06 07:58:15,328 :: INFO :: Control Node set time delay: 1983 us
2021-09-06 07:58:15,360 :: INFO :: Control node : profile configuration
2021-09-06 07:58:15,367 :: INFO :: Configure profile on Control Node
2021-09-06 07:58:15,447 :: INFO :: Start experiment succeeded
2021-09-06 08:58:21,404 :: INFO :: Gateway Manager : Stop experiment
2021-09-06 08:58:21,414 :: INFO :: Stop experiment
2021-09-06 08:58:21,422 :: INFO :: Control node : stop of the experiment
2021-09-06 08:58:21,430 :: INFO :: Control node : profile configuration
2021-09-06 08:58:21,437 :: INFO :: Configure profile on Control Node
2021-09-06 08:58:21,512 :: INFO :: Control node : start power of open node
2021-09-06 08:58:21,557 :: INFO :: Node OpenOCD: teardown of openocd node
2021-09-06 08:58:24,594 :: INFO :: openocd node debugger stop
2021-09-06 08:58:25,282 :: INFO :: Node OpenOCD: flash of openocd node
2021-09-06 08:58:25,297 :: INFO :: Flash firmware on OpenOCD: /usr/lib/python2.7/site-packages/gateway_code/static/m3_idle.elf
2021-09-06 08:58:27,683 :: INFO :: Control node : Stop control node serial interface
2021-09-06 08:58:27,688 :: INFO :: Control node : stop power of open node
2021-09-06 08:58:27,736 :: INFO :: Control node : reset
2021-09-06 08:58:27,740 :: INFO :: Reset Control Node
2021-09-06 08:58:30,549 :: INFO :: Stop experiment succeeded
