2021-09-06 07:58:02,552 :: INFO :: Start experiment: luna-276404
2021-09-06 07:58:02,555 :: INFO :: Control node : Starting of control node serial interface
2021-09-06 07:58:02,558 :: INFO :: Control node : reset
2021-09-06 07:58:02,561 :: INFO :: Reset Control Node
2021-09-06 07:58:05,461 :: INFO :: Control node : start power of open node
2021-09-06 07:58:05,519 :: INFO :: Node OpenOCD: Setup of openocd node
2021-09-06 07:58:08,557 :: INFO :: Node OpenOCD: flash of openocd node
2021-09-06 07:58:08,575 :: INFO :: Flash firmware on OpenOCD: /tmp/tmp9qxqjU--07af995c71c4c03e0b354753e4bf4313_unicast-sender-count-30T-191B.iotlab-m3
2021-09-06 07:58:15,376 :: INFO :: Control node : Start experiment
2021-09-06 07:58:15,426 :: INFO :: Control Node set time delay: 1800 us
2021-09-06 07:58:15,458 :: INFO :: Control node : profile configuration
2021-09-06 07:58:15,465 :: INFO :: Configure profile on Control Node
2021-09-06 07:58:15,536 :: INFO :: Start experiment succeeded
2021-09-06 08:58:21,375 :: INFO :: Gateway Manager : Stop experiment
2021-09-06 08:58:21,384 :: INFO :: Stop experiment
2021-09-06 08:58:21,393 :: INFO :: Control node : stop of the experiment
2021-09-06 08:58:21,403 :: INFO :: Control node : profile configuration
2021-09-06 08:58:21,410 :: INFO :: Configure profile on Control Node
2021-09-06 08:58:21,483 :: INFO :: Control node : start power of open node
2021-09-06 08:58:21,526 :: INFO :: Node OpenOCD: teardown of openocd node
2021-09-06 08:58:24,607 :: INFO :: openocd node debugger stop
2021-09-06 08:58:25,168 :: INFO :: Node OpenOCD: flash of openocd node
2021-09-06 08:58:25,175 :: INFO :: Flash firmware on OpenOCD: /usr/lib/python2.7/site-packages/gateway_code/static/m3_idle.elf
2021-09-06 08:58:27,580 :: INFO :: Control node : Stop control node serial interface
2021-09-06 08:58:27,584 :: INFO :: Control node : stop power of open node
2021-09-06 08:58:27,685 :: INFO :: Control node : reset
2021-09-06 08:58:27,691 :: INFO :: Reset Control Node
2021-09-06 08:58:30,482 :: INFO :: Stop experiment succeeded
