2021-09-06 07:58:02,531 :: INFO :: Start experiment: luna-276404
2021-09-06 07:58:02,534 :: INFO :: Control node : Starting of control node serial interface
2021-09-06 07:58:02,537 :: INFO :: Control node : reset
2021-09-06 07:58:02,540 :: INFO :: Reset Control Node
2021-09-06 07:58:05,442 :: INFO :: Control node : start power of open node
2021-09-06 07:58:05,501 :: INFO :: Node OpenOCD: Setup of openocd node
2021-09-06 07:58:08,545 :: INFO :: Node OpenOCD: flash of openocd node
2021-09-06 07:58:08,563 :: INFO :: Flash firmware on OpenOCD: /tmp/tmpL5AQ9w--07af995c71c4c03e0b354753e4bf4313_unicast-sender-count-30T-191B.iotlab-m3
2021-09-06 07:58:15,382 :: INFO :: Control node : Start experiment
2021-09-06 07:58:15,430 :: INFO :: Control Node set time delay: 1923 us
2021-09-06 07:58:15,462 :: INFO :: Control node : profile configuration
2021-09-06 07:58:15,467 :: INFO :: Configure profile on Control Node
2021-09-06 07:58:15,509 :: INFO :: Start experiment succeeded
2021-09-06 08:58:21,381 :: INFO :: Gateway Manager : Stop experiment
2021-09-06 08:58:21,391 :: INFO :: Stop experiment
2021-09-06 08:58:21,400 :: INFO :: Control node : stop of the experiment
2021-09-06 08:58:21,408 :: INFO :: Control node : profile configuration
2021-09-06 08:58:21,415 :: INFO :: Configure profile on Control Node
2021-09-06 08:58:21,490 :: INFO :: Control node : start power of open node
2021-09-06 08:58:21,534 :: INFO :: Node OpenOCD: teardown of openocd node
2021-09-06 08:58:24,598 :: INFO :: openocd node debugger stop
2021-09-06 08:58:25,278 :: INFO :: Node OpenOCD: flash of openocd node
2021-09-06 08:58:25,285 :: INFO :: Flash firmware on OpenOCD: /usr/lib/python2.7/site-packages/gateway_code/static/m3_idle.elf
2021-09-06 08:58:27,693 :: INFO :: Control node : Stop control node serial interface
2021-09-06 08:58:27,698 :: INFO :: Control node : stop power of open node
2021-09-06 08:58:27,749 :: INFO :: Control node : reset
2021-09-06 08:58:27,753 :: INFO :: Reset Control Node
2021-09-06 08:58:30,578 :: INFO :: Stop experiment succeeded
