2021-09-06 07:58:02,571 :: INFO :: Start experiment: luna-276404
2021-09-06 07:58:02,575 :: INFO :: Control node : Starting of control node serial interface
2021-09-06 07:58:02,577 :: INFO :: Control node : reset
2021-09-06 07:58:02,580 :: INFO :: Reset Control Node
2021-09-06 07:58:05,482 :: INFO :: Control node : start power of open node
2021-09-06 07:58:05,540 :: INFO :: Node OpenOCD: Setup of openocd node
2021-09-06 07:58:08,577 :: INFO :: Node OpenOCD: flash of openocd node
2021-09-06 07:58:08,595 :: INFO :: Flash firmware on OpenOCD: /tmp/tmpNlJzDL--07af995c71c4c03e0b354753e4bf4313_unicast-sender-count-30T-191B.iotlab-m3
2021-09-06 07:58:15,465 :: INFO :: Control node : Start experiment
2021-09-06 07:58:15,567 :: INFO :: Control Node set time delay: 1862 us
2021-09-06 07:58:15,583 :: INFO :: Control node : profile configuration
2021-09-06 07:58:15,587 :: INFO :: Configure profile on Control Node
2021-09-06 07:58:15,628 :: INFO :: Start experiment succeeded
2021-09-06 08:58:21,376 :: INFO :: Gateway Manager : Stop experiment
2021-09-06 08:58:21,386 :: INFO :: Stop experiment
2021-09-06 08:58:21,394 :: INFO :: Control node : stop of the experiment
2021-09-06 08:58:21,402 :: INFO :: Control node : profile configuration
2021-09-06 08:58:21,409 :: INFO :: Configure profile on Control Node
2021-09-06 08:58:21,489 :: INFO :: Control node : start power of open node
2021-09-06 08:58:21,532 :: INFO :: Node OpenOCD: teardown of openocd node
2021-09-06 08:58:24,593 :: INFO :: openocd node debugger stop
2021-09-06 08:58:25,275 :: INFO :: Node OpenOCD: flash of openocd node
2021-09-06 08:58:25,282 :: INFO :: Flash firmware on OpenOCD: /usr/lib/python2.7/site-packages/gateway_code/static/m3_idle.elf
2021-09-06 08:58:27,636 :: INFO :: Control node : Stop control node serial interface
2021-09-06 08:58:27,641 :: INFO :: Control node : stop power of open node
2021-09-06 08:58:27,694 :: INFO :: Control node : reset
2021-09-06 08:58:27,698 :: INFO :: Reset Control Node
2021-09-06 08:58:30,523 :: INFO :: Stop experiment succeeded
