2021-09-06 07:58:02,569 :: INFO :: Start experiment: luna-276404
2021-09-06 07:58:02,572 :: INFO :: Control node : Starting of control node serial interface
2021-09-06 07:58:02,575 :: INFO :: Control node : reset
2021-09-06 07:58:02,577 :: INFO :: Reset Control Node
2021-09-06 07:58:05,477 :: INFO :: Control node : start power of open node
2021-09-06 07:58:05,534 :: INFO :: Node OpenOCD: Setup of openocd node
2021-09-06 07:58:08,579 :: INFO :: Node OpenOCD: flash of openocd node
2021-09-06 07:58:08,596 :: INFO :: Flash firmware on OpenOCD: /tmp/tmpxBFnBo--ddd0625ff8382e7208c25657471d6a4a_unicast-receiver-count.iotlab-m3
2021-09-06 07:58:15,051 :: INFO :: Control node : Start experiment
2021-09-06 07:58:15,103 :: INFO :: Control Node set time delay: 1526 us
2021-09-06 07:58:15,132 :: INFO :: Control node : profile configuration
2021-09-06 07:58:15,135 :: INFO :: Configure profile on Control Node
2021-09-06 07:58:15,176 :: INFO :: Start experiment succeeded
2021-09-06 08:58:21,339 :: INFO :: Gateway Manager : Stop experiment
2021-09-06 08:58:21,349 :: INFO :: Stop experiment
2021-09-06 08:58:21,357 :: INFO :: Control node : stop of the experiment
2021-09-06 08:58:21,363 :: INFO :: Control node : profile configuration
2021-09-06 08:58:21,370 :: INFO :: Configure profile on Control Node
2021-09-06 08:58:21,439 :: INFO :: Control node : start power of open node
2021-09-06 08:58:21,478 :: INFO :: Node OpenOCD: teardown of openocd node
2021-09-06 08:58:24,514 :: INFO :: openocd node debugger stop
2021-09-06 08:58:25,211 :: INFO :: Node OpenOCD: flash of openocd node
2021-09-06 08:58:25,225 :: INFO :: Flash firmware on OpenOCD: /usr/lib/python2.7/site-packages/gateway_code/static/m3_idle.elf
2021-09-06 08:58:27,688 :: INFO :: Control node : Stop control node serial interface
2021-09-06 08:58:27,697 :: INFO :: Control node : stop power of open node
2021-09-06 08:58:27,811 :: INFO :: Control node : reset
2021-09-06 08:58:27,818 :: INFO :: Reset Control Node
2021-09-06 08:58:30,600 :: INFO :: Stop experiment succeeded
