2021-09-06 07:58:02,546 :: INFO :: Start experiment: luna-276404
2021-09-06 07:58:02,550 :: INFO :: Control node : Starting of control node serial interface
2021-09-06 07:58:02,553 :: INFO :: Control node : reset
2021-09-06 07:58:02,555 :: INFO :: Reset Control Node
2021-09-06 07:58:05,456 :: INFO :: Control node : start power of open node
2021-09-06 07:58:05,514 :: INFO :: Node OpenOCD: Setup of openocd node
2021-09-06 07:58:08,555 :: INFO :: Node OpenOCD: flash of openocd node
2021-09-06 07:58:08,573 :: INFO :: Flash firmware on OpenOCD: /tmp/tmpRtQaMS--07af995c71c4c03e0b354753e4bf4313_unicast-sender-count-30T-191B.iotlab-m3
2021-09-06 07:58:15,367 :: INFO :: Control node : Start experiment
2021-09-06 07:58:15,430 :: INFO :: Control Node set time delay: 1190 us
2021-09-06 07:58:15,452 :: INFO :: Control node : profile configuration
2021-09-06 07:58:15,459 :: INFO :: Configure profile on Control Node
2021-09-06 07:58:15,538 :: INFO :: Start experiment succeeded
2021-09-06 08:58:21,388 :: INFO :: Gateway Manager : Stop experiment
2021-09-06 08:58:21,398 :: INFO :: Stop experiment
2021-09-06 08:58:21,406 :: INFO :: Control node : stop of the experiment
2021-09-06 08:58:21,414 :: INFO :: Control node : profile configuration
2021-09-06 08:58:21,421 :: INFO :: Configure profile on Control Node
2021-09-06 08:58:21,498 :: INFO :: Control node : start power of open node
2021-09-06 08:58:21,543 :: INFO :: Node OpenOCD: teardown of openocd node
2021-09-06 08:58:24,637 :: INFO :: openocd node debugger stop
2021-09-06 08:58:25,325 :: INFO :: Node OpenOCD: flash of openocd node
2021-09-06 08:58:25,340 :: INFO :: Flash firmware on OpenOCD: /usr/lib/python2.7/site-packages/gateway_code/static/m3_idle.elf
2021-09-06 08:58:27,800 :: INFO :: Control node : Stop control node serial interface
2021-09-06 08:58:27,805 :: INFO :: Control node : stop power of open node
2021-09-06 08:58:27,857 :: INFO :: Control node : reset
2021-09-06 08:58:27,861 :: INFO :: Reset Control Node
2021-09-06 08:58:30,696 :: INFO :: Stop experiment succeeded
