2021-09-06 07:58:02,560 :: INFO :: Start experiment: luna-276404
2021-09-06 07:58:02,563 :: INFO :: Control node : Starting of control node serial interface
2021-09-06 07:58:02,566 :: INFO :: Control node : reset
2021-09-06 07:58:02,569 :: INFO :: Reset Control Node
2021-09-06 07:58:05,471 :: INFO :: Control node : start power of open node
2021-09-06 07:58:05,527 :: INFO :: Node OpenOCD: Setup of openocd node
2021-09-06 07:58:08,571 :: INFO :: Node OpenOCD: flash of openocd node
2021-09-06 07:58:08,589 :: INFO :: Flash firmware on OpenOCD: /tmp/tmphVmqYS--07af995c71c4c03e0b354753e4bf4313_unicast-sender-count-30T-191B.iotlab-m3
2021-09-06 07:58:15,379 :: INFO :: Control node : Start experiment
2021-09-06 07:58:15,429 :: INFO :: Control Node set time delay: 1831 us
2021-09-06 07:58:15,461 :: INFO :: Control node : profile configuration
2021-09-06 07:58:15,468 :: INFO :: Configure profile on Control Node
2021-09-06 07:58:15,548 :: INFO :: Start experiment succeeded
2021-09-06 08:58:21,385 :: INFO :: Gateway Manager : Stop experiment
2021-09-06 08:58:21,394 :: INFO :: Stop experiment
2021-09-06 08:58:21,404 :: INFO :: Control node : stop of the experiment
2021-09-06 08:58:21,412 :: INFO :: Control node : profile configuration
2021-09-06 08:58:21,418 :: INFO :: Configure profile on Control Node
2021-09-06 08:58:21,487 :: INFO :: Control node : start power of open node
2021-09-06 08:58:21,528 :: INFO :: Node OpenOCD: teardown of openocd node
2021-09-06 08:58:24,586 :: INFO :: openocd node debugger stop
2021-09-06 08:58:25,269 :: INFO :: Node OpenOCD: flash of openocd node
2021-09-06 08:58:25,284 :: INFO :: Flash firmware on OpenOCD: /usr/lib/python2.7/site-packages/gateway_code/static/m3_idle.elf
2021-09-06 08:58:27,753 :: INFO :: Control node : Stop control node serial interface
2021-09-06 08:58:27,762 :: INFO :: Control node : stop power of open node
2021-09-06 08:58:27,876 :: INFO :: Control node : reset
2021-09-06 08:58:27,883 :: INFO :: Reset Control Node
2021-09-06 08:58:30,663 :: INFO :: Stop experiment succeeded
