2021-09-06 07:58:02,554 :: INFO :: Start experiment: luna-276404
2021-09-06 07:58:02,558 :: INFO :: Control node : Starting of control node serial interface
2021-09-06 07:58:02,561 :: INFO :: Control node : reset
2021-09-06 07:58:02,563 :: INFO :: Reset Control Node
2021-09-06 07:58:05,439 :: INFO :: Control node : start power of open node
2021-09-06 07:58:05,470 :: INFO :: Node OpenOCD: Setup of openocd node
2021-09-06 07:58:08,505 :: INFO :: Node OpenOCD: flash of openocd node
2021-09-06 07:58:08,524 :: INFO :: Flash firmware on OpenOCD: /tmp/tmpzZI_6G--07af995c71c4c03e0b354753e4bf4313_unicast-sender-count-30T-191B.iotlab-m3
2021-09-06 07:58:15,380 :: INFO :: Control node : Start experiment
2021-09-06 07:58:15,438 :: INFO :: Control Node set time delay: 1342 us
2021-09-06 07:58:15,467 :: INFO :: Control node : profile configuration
2021-09-06 07:58:15,471 :: INFO :: Configure profile on Control Node
2021-09-06 07:58:15,515 :: INFO :: Start experiment succeeded
2021-09-06 08:58:21,364 :: INFO :: Gateway Manager : Stop experiment
2021-09-06 08:58:21,374 :: INFO :: Stop experiment
2021-09-06 08:58:21,383 :: INFO :: Control node : stop of the experiment
2021-09-06 08:58:21,391 :: INFO :: Control node : profile configuration
2021-09-06 08:58:21,399 :: INFO :: Configure profile on Control Node
2021-09-06 08:58:21,476 :: INFO :: Control node : start power of open node
2021-09-06 08:58:21,521 :: INFO :: Node OpenOCD: teardown of openocd node
2021-09-06 08:58:24,604 :: INFO :: openocd node debugger stop
2021-09-06 08:58:25,293 :: INFO :: Node OpenOCD: flash of openocd node
2021-09-06 08:58:25,308 :: INFO :: Flash firmware on OpenOCD: /usr/lib/python2.7/site-packages/gateway_code/static/m3_idle.elf
2021-09-06 08:58:27,771 :: INFO :: Control node : Stop control node serial interface
2021-09-06 08:58:27,776 :: INFO :: Control node : stop power of open node
2021-09-06 08:58:27,833 :: INFO :: Control node : reset
2021-09-06 08:58:27,837 :: INFO :: Reset Control Node
2021-09-06 08:58:30,655 :: INFO :: Stop experiment succeeded
