2021-09-06 07:58:02,567 :: INFO :: Start experiment: luna-276404
2021-09-06 07:58:02,570 :: INFO :: Control node : Starting of control node serial interface
2021-09-06 07:58:02,573 :: INFO :: Control node : reset
2021-09-06 07:58:02,576 :: INFO :: Reset Control Node
2021-09-06 07:58:05,474 :: INFO :: Control node : start power of open node
2021-09-06 07:58:05,530 :: INFO :: Node OpenOCD: Setup of openocd node
2021-09-06 07:58:08,570 :: INFO :: Node OpenOCD: flash of openocd node
2021-09-06 07:58:08,587 :: INFO :: Flash firmware on OpenOCD: /tmp/tmpP_wV9c--07af995c71c4c03e0b354753e4bf4313_unicast-sender-count-30T-191B.iotlab-m3
2021-09-06 07:58:15,377 :: INFO :: Control node : Start experiment
2021-09-06 07:58:15,412 :: INFO :: Control Node set time delay: 1861 us
2021-09-06 07:58:15,447 :: INFO :: Control node : profile configuration
2021-09-06 07:58:15,454 :: INFO :: Configure profile on Control Node
2021-09-06 07:58:15,534 :: INFO :: Start experiment succeeded
2021-09-06 08:58:21,374 :: INFO :: Gateway Manager : Stop experiment
2021-09-06 08:58:21,384 :: INFO :: Stop experiment
2021-09-06 08:58:21,393 :: INFO :: Control node : stop of the experiment
2021-09-06 08:58:21,401 :: INFO :: Control node : profile configuration
2021-09-06 08:58:21,408 :: INFO :: Configure profile on Control Node
2021-09-06 08:58:21,486 :: INFO :: Control node : start power of open node
2021-09-06 08:58:21,530 :: INFO :: Node OpenOCD: teardown of openocd node
2021-09-06 08:58:24,593 :: INFO :: openocd node debugger stop
2021-09-06 08:58:25,275 :: INFO :: Node OpenOCD: flash of openocd node
2021-09-06 08:58:25,290 :: INFO :: Flash firmware on OpenOCD: /usr/lib/python2.7/site-packages/gateway_code/static/m3_idle.elf
2021-09-06 08:58:27,751 :: INFO :: Control node : Stop control node serial interface
2021-09-06 08:58:27,756 :: INFO :: Control node : stop power of open node
2021-09-06 08:58:27,814 :: INFO :: Control node : reset
2021-09-06 08:58:27,818 :: INFO :: Reset Control Node
2021-09-06 08:58:30,641 :: INFO :: Stop experiment succeeded
