2021-09-06 07:58:02,572 :: INFO :: Start experiment: luna-276404
2021-09-06 07:58:02,575 :: INFO :: Control node : Starting of control node serial interface
2021-09-06 07:58:02,578 :: INFO :: Control node : reset
2021-09-06 07:58:02,581 :: INFO :: Reset Control Node
2021-09-06 07:58:05,481 :: INFO :: Control node : start power of open node
2021-09-06 07:58:05,537 :: INFO :: Node OpenOCD: Setup of openocd node
2021-09-06 07:58:08,573 :: INFO :: Node OpenOCD: flash of openocd node
2021-09-06 07:58:08,591 :: INFO :: Flash firmware on OpenOCD: /tmp/tmp0W8Urk--07af995c71c4c03e0b354753e4bf4313_unicast-sender-count-30T-191B.iotlab-m3
2021-09-06 07:58:15,441 :: INFO :: Control node : Start experiment
2021-09-06 07:58:15,488 :: INFO :: Control Node set time delay: 1221 us
2021-09-06 07:58:15,522 :: INFO :: Control node : profile configuration
2021-09-06 07:58:15,528 :: INFO :: Configure profile on Control Node
2021-09-06 07:58:15,580 :: INFO :: Start experiment succeeded
2021-09-06 08:58:21,377 :: INFO :: Gateway Manager : Stop experiment
2021-09-06 08:58:21,386 :: INFO :: Stop experiment
2021-09-06 08:58:21,396 :: INFO :: Control node : stop of the experiment
2021-09-06 08:58:21,404 :: INFO :: Control node : profile configuration
2021-09-06 08:58:21,411 :: INFO :: Configure profile on Control Node
2021-09-06 08:58:21,490 :: INFO :: Control node : start power of open node
2021-09-06 08:58:21,534 :: INFO :: Node OpenOCD: teardown of openocd node
2021-09-06 08:58:24,591 :: INFO :: openocd node debugger stop
2021-09-06 08:58:25,247 :: INFO :: Node OpenOCD: flash of openocd node
2021-09-06 08:58:25,254 :: INFO :: Flash firmware on OpenOCD: /usr/lib/python2.7/site-packages/gateway_code/static/m3_idle.elf
2021-09-06 08:58:27,605 :: INFO :: Control node : Stop control node serial interface
2021-09-06 08:58:27,614 :: INFO :: Control node : stop power of open node
2021-09-06 08:58:27,701 :: INFO :: Control node : reset
2021-09-06 08:58:27,708 :: INFO :: Reset Control Node
2021-09-06 08:58:30,543 :: INFO :: Stop experiment succeeded
