2021-09-06 03:55:06,239 :: INFO :: Start experiment: luna-276400
2021-09-06 03:55:06,242 :: INFO :: Control node : Starting of control node serial interface
2021-09-06 03:55:06,245 :: INFO :: Control node : reset
2021-09-06 03:55:06,247 :: INFO :: Reset Control Node
2021-09-06 03:55:09,148 :: INFO :: Control node : start power of open node
2021-09-06 03:55:09,202 :: INFO :: Node OpenOCD: Setup of openocd node
2021-09-06 03:55:12,241 :: INFO :: Node OpenOCD: flash of openocd node
2021-09-06 03:55:12,259 :: INFO :: Flash firmware on OpenOCD: /tmp/tmpZgxAKY--93e977ac3781fe5042fd86dcc34ed19b_unicast-sender-count-10T-100B.iotlab-m3
2021-09-06 03:55:19,112 :: INFO :: Control node : Start experiment
2021-09-06 03:55:19,159 :: INFO :: Control Node set time delay: 1892 us
2021-09-06 03:55:19,192 :: INFO :: Control node : profile configuration
2021-09-06 03:55:19,199 :: INFO :: Configure profile on Control Node
2021-09-06 03:55:19,246 :: INFO :: Start experiment succeeded
2021-09-06 04:55:25,076 :: INFO :: Gateway Manager : Stop experiment
2021-09-06 04:55:25,085 :: INFO :: Stop experiment
2021-09-06 04:55:25,094 :: INFO :: Control node : stop of the experiment
2021-09-06 04:55:25,101 :: INFO :: Control node : profile configuration
2021-09-06 04:55:25,110 :: INFO :: Configure profile on Control Node
2021-09-06 04:55:25,179 :: INFO :: Control node : start power of open node
2021-09-06 04:55:25,222 :: INFO :: Node OpenOCD: teardown of openocd node
2021-09-06 04:55:28,286 :: INFO :: openocd node debugger stop
2021-09-06 04:55:28,980 :: INFO :: Node OpenOCD: flash of openocd node
2021-09-06 04:55:28,994 :: INFO :: Flash firmware on OpenOCD: /usr/lib/python2.7/site-packages/gateway_code/static/m3_idle.elf
2021-09-06 04:55:31,430 :: INFO :: Control node : Stop control node serial interface
2021-09-06 04:55:31,435 :: INFO :: Control node : stop power of open node
2021-09-06 04:55:31,516 :: INFO :: Control node : reset
2021-09-06 04:55:31,519 :: INFO :: Reset Control Node
2021-09-06 04:55:34,355 :: INFO :: Stop experiment succeeded
