2021-09-06 03:55:06,222 :: INFO :: Start experiment: luna-276400
2021-09-06 03:55:06,226 :: INFO :: Control node : Starting of control node serial interface
2021-09-06 03:55:06,229 :: INFO :: Control node : reset
2021-09-06 03:55:06,231 :: INFO :: Reset Control Node
2021-09-06 03:55:09,133 :: INFO :: Control node : start power of open node
2021-09-06 03:55:09,190 :: INFO :: Node OpenOCD: Setup of openocd node
2021-09-06 03:55:12,231 :: INFO :: Node OpenOCD: flash of openocd node
2021-09-06 03:55:12,248 :: INFO :: Flash firmware on OpenOCD: /tmp/tmpHuuaVA--93e977ac3781fe5042fd86dcc34ed19b_unicast-sender-count-10T-100B.iotlab-m3
2021-09-06 03:55:19,015 :: INFO :: Control node : Start experiment
2021-09-06 03:55:19,078 :: INFO :: Control Node set time delay: 1190 us
2021-09-06 03:55:19,104 :: INFO :: Control node : profile configuration
2021-09-06 03:55:19,110 :: INFO :: Configure profile on Control Node
2021-09-06 03:55:19,190 :: INFO :: Start experiment succeeded
2021-09-06 04:55:25,071 :: INFO :: Gateway Manager : Stop experiment
2021-09-06 04:55:25,080 :: INFO :: Stop experiment
2021-09-06 04:55:25,089 :: INFO :: Control node : stop of the experiment
2021-09-06 04:55:25,099 :: INFO :: Control node : profile configuration
2021-09-06 04:55:25,106 :: INFO :: Configure profile on Control Node
2021-09-06 04:55:25,175 :: INFO :: Control node : start power of open node
2021-09-06 04:55:25,217 :: INFO :: Node OpenOCD: teardown of openocd node
2021-09-06 04:55:28,279 :: INFO :: openocd node debugger stop
2021-09-06 04:55:28,943 :: INFO :: Node OpenOCD: flash of openocd node
2021-09-06 04:55:28,950 :: INFO :: Flash firmware on OpenOCD: /usr/lib/python2.7/site-packages/gateway_code/static/m3_idle.elf
2021-09-06 04:55:31,361 :: INFO :: Control node : Stop control node serial interface
2021-09-06 04:55:31,366 :: INFO :: Control node : stop power of open node
2021-09-06 04:55:31,463 :: INFO :: Control node : reset
2021-09-06 04:55:31,469 :: INFO :: Reset Control Node
2021-09-06 04:55:34,307 :: INFO :: Stop experiment succeeded
