2021-09-06 03:55:06,223 :: INFO :: Start experiment: luna-276400
2021-09-06 03:55:06,226 :: INFO :: Control node : Starting of control node serial interface
2021-09-06 03:55:06,229 :: INFO :: Control node : reset
2021-09-06 03:55:06,232 :: INFO :: Reset Control Node
2021-09-06 03:55:09,140 :: INFO :: Control node : start power of open node
2021-09-06 03:55:09,197 :: INFO :: Node OpenOCD: Setup of openocd node
2021-09-06 03:55:12,237 :: INFO :: Node OpenOCD: flash of openocd node
2021-09-06 03:55:12,255 :: INFO :: Flash firmware on OpenOCD: /tmp/tmpmM0n7m--93e977ac3781fe5042fd86dcc34ed19b_unicast-sender-count-10T-100B.iotlab-m3
2021-09-06 03:55:19,105 :: INFO :: Control node : Start experiment
2021-09-06 03:55:19,155 :: INFO :: Control Node set time delay: 1587 us
2021-09-06 03:55:19,181 :: INFO :: Control node : profile configuration
2021-09-06 03:55:19,184 :: INFO :: Configure profile on Control Node
2021-09-06 03:55:19,227 :: INFO :: Start experiment succeeded
2021-09-06 04:55:25,116 :: INFO :: Gateway Manager : Stop experiment
2021-09-06 04:55:25,136 :: INFO :: Stop experiment
2021-09-06 04:55:25,153 :: INFO :: Control node : stop of the experiment
2021-09-06 04:55:25,174 :: INFO :: Control node : profile configuration
2021-09-06 04:55:25,198 :: INFO :: Configure profile on Control Node
2021-09-06 04:55:25,358 :: INFO :: Control node : start power of open node
2021-09-06 04:55:25,379 :: INFO :: Node OpenOCD: teardown of openocd node
2021-09-06 04:55:28,422 :: INFO :: openocd node debugger stop
2021-09-06 04:55:29,117 :: INFO :: Node OpenOCD: flash of openocd node
2021-09-06 04:55:29,131 :: INFO :: Flash firmware on OpenOCD: /usr/lib/python2.7/site-packages/gateway_code/static/m3_idle.elf
2021-09-06 04:55:31,571 :: INFO :: Control node : Stop control node serial interface
2021-09-06 04:55:31,580 :: INFO :: Control node : stop power of open node
2021-09-06 04:55:31,676 :: INFO :: Control node : reset
2021-09-06 04:55:31,683 :: INFO :: Reset Control Node
2021-09-06 04:55:34,530 :: INFO :: Stop experiment succeeded
