2021-09-06 03:55:06,257 :: INFO :: Start experiment: luna-276400
2021-09-06 03:55:06,260 :: INFO :: Control node : Starting of control node serial interface
2021-09-06 03:55:06,263 :: INFO :: Control node : reset
2021-09-06 03:55:06,266 :: INFO :: Reset Control Node
2021-09-06 03:55:09,167 :: INFO :: Control node : start power of open node
2021-09-06 03:55:09,223 :: INFO :: Node OpenOCD: Setup of openocd node
2021-09-06 03:55:12,265 :: INFO :: Node OpenOCD: flash of openocd node
2021-09-06 03:55:12,283 :: INFO :: Flash firmware on OpenOCD: /tmp/tmpZUQc8p--93e977ac3781fe5042fd86dcc34ed19b_unicast-sender-count-10T-100B.iotlab-m3
2021-09-06 03:55:19,164 :: INFO :: Control node : Start experiment
2021-09-06 03:55:19,222 :: INFO :: Control Node set time delay: 1709 us
2021-09-06 03:55:19,239 :: INFO :: Control node : profile configuration
2021-09-06 03:55:19,242 :: INFO :: Configure profile on Control Node
2021-09-06 03:55:19,283 :: INFO :: Start experiment succeeded
2021-09-06 04:55:25,073 :: INFO :: Gateway Manager : Stop experiment
2021-09-06 04:55:25,082 :: INFO :: Stop experiment
2021-09-06 04:55:25,091 :: INFO :: Control node : stop of the experiment
2021-09-06 04:55:25,098 :: INFO :: Control node : profile configuration
2021-09-06 04:55:25,105 :: INFO :: Configure profile on Control Node
2021-09-06 04:55:25,180 :: INFO :: Control node : start power of open node
2021-09-06 04:55:25,223 :: INFO :: Node OpenOCD: teardown of openocd node
2021-09-06 04:55:28,284 :: INFO :: openocd node debugger stop
2021-09-06 04:55:28,970 :: INFO :: Node OpenOCD: flash of openocd node
2021-09-06 04:55:28,985 :: INFO :: Flash firmware on OpenOCD: /usr/lib/python2.7/site-packages/gateway_code/static/m3_idle.elf
2021-09-06 04:55:31,446 :: INFO :: Control node : Stop control node serial interface
2021-09-06 04:55:31,455 :: INFO :: Control node : stop power of open node
2021-09-06 04:55:31,557 :: INFO :: Control node : reset
2021-09-06 04:55:31,564 :: INFO :: Reset Control Node
2021-09-06 04:55:34,350 :: INFO :: Stop experiment succeeded
