2021-09-06 03:55:06,254 :: INFO :: Start experiment: luna-276400
2021-09-06 03:55:06,257 :: INFO :: Control node : Starting of control node serial interface
2021-09-06 03:55:06,260 :: INFO :: Control node : reset
2021-09-06 03:55:06,263 :: INFO :: Reset Control Node
2021-09-06 03:55:09,119 :: INFO :: Control node : start power of open node
2021-09-06 03:55:09,148 :: INFO :: Node OpenOCD: Setup of openocd node
2021-09-06 03:55:12,187 :: INFO :: Node OpenOCD: flash of openocd node
2021-09-06 03:55:12,205 :: INFO :: Flash firmware on OpenOCD: /tmp/tmpLp86pv--93e977ac3781fe5042fd86dcc34ed19b_unicast-sender-count-10T-100B.iotlab-m3
2021-09-06 03:55:18,981 :: INFO :: Control node : Start experiment
2021-09-06 03:55:19,044 :: INFO :: Control Node set time delay: 1495 us
2021-09-06 03:55:19,067 :: INFO :: Control node : profile configuration
2021-09-06 03:55:19,073 :: INFO :: Configure profile on Control Node
2021-09-06 03:55:19,153 :: INFO :: Start experiment succeeded
2021-09-06 04:55:25,075 :: INFO :: Gateway Manager : Stop experiment
2021-09-06 04:55:25,085 :: INFO :: Stop experiment
2021-09-06 04:55:25,093 :: INFO :: Control node : stop of the experiment
2021-09-06 04:55:25,104 :: INFO :: Control node : profile configuration
2021-09-06 04:55:25,111 :: INFO :: Configure profile on Control Node
2021-09-06 04:55:25,182 :: INFO :: Control node : start power of open node
2021-09-06 04:55:25,226 :: INFO :: Node OpenOCD: teardown of openocd node
2021-09-06 04:55:28,292 :: INFO :: openocd node debugger stop
2021-09-06 04:55:28,968 :: INFO :: Node OpenOCD: flash of openocd node
2021-09-06 04:55:28,975 :: INFO :: Flash firmware on OpenOCD: /usr/lib/python2.7/site-packages/gateway_code/static/m3_idle.elf
2021-09-06 04:55:31,328 :: INFO :: Control node : Stop control node serial interface
2021-09-06 04:55:31,337 :: INFO :: Control node : stop power of open node
2021-09-06 04:55:31,475 :: INFO :: Control node : reset
2021-09-06 04:55:31,481 :: INFO :: Reset Control Node
2021-09-06 04:55:34,270 :: INFO :: Stop experiment succeeded
