2021-09-06 03:55:06,284 :: INFO :: Start experiment: luna-276400
2021-09-06 03:55:06,288 :: INFO :: Control node : Starting of control node serial interface
2021-09-06 03:55:06,291 :: INFO :: Control node : reset
2021-09-06 03:55:06,293 :: INFO :: Reset Control Node
2021-09-06 03:55:09,196 :: INFO :: Control node : start power of open node
2021-09-06 03:55:09,253 :: INFO :: Node OpenOCD: Setup of openocd node
2021-09-06 03:55:12,289 :: INFO :: Node OpenOCD: flash of openocd node
2021-09-06 03:55:12,308 :: INFO :: Flash firmware on OpenOCD: /tmp/tmpA7Q7qn--93e977ac3781fe5042fd86dcc34ed19b_unicast-sender-count-10T-100B.iotlab-m3
2021-09-06 03:55:19,211 :: INFO :: Control node : Start experiment
2021-09-06 03:55:19,270 :: INFO :: Control Node set time delay: 1861 us
2021-09-06 03:55:19,284 :: INFO :: Control node : profile configuration
2021-09-06 03:55:19,288 :: INFO :: Configure profile on Control Node
2021-09-06 03:55:19,332 :: INFO :: Start experiment succeeded
2021-09-06 04:55:25,076 :: INFO :: Gateway Manager : Stop experiment
2021-09-06 04:55:25,086 :: INFO :: Stop experiment
2021-09-06 04:55:25,095 :: INFO :: Control node : stop of the experiment
2021-09-06 04:55:25,102 :: INFO :: Control node : profile configuration
2021-09-06 04:55:25,110 :: INFO :: Configure profile on Control Node
2021-09-06 04:55:25,207 :: INFO :: Control node : start power of open node
2021-09-06 04:55:25,249 :: INFO :: Node OpenOCD: teardown of openocd node
2021-09-06 04:55:28,294 :: INFO :: openocd node debugger stop
2021-09-06 04:55:28,982 :: INFO :: Node OpenOCD: flash of openocd node
2021-09-06 04:55:28,997 :: INFO :: Flash firmware on OpenOCD: /usr/lib/python2.7/site-packages/gateway_code/static/m3_idle.elf
2021-09-06 04:55:31,460 :: INFO :: Control node : Stop control node serial interface
2021-09-06 04:55:31,465 :: INFO :: Control node : stop power of open node
2021-09-06 04:55:31,519 :: INFO :: Control node : reset
2021-09-06 04:55:31,523 :: INFO :: Reset Control Node
2021-09-06 04:55:34,280 :: INFO :: Stop experiment succeeded
