2021-09-06 03:55:06,216 :: INFO :: Start experiment: luna-276400
2021-09-06 03:55:06,219 :: INFO :: Control node : Starting of control node serial interface
2021-09-06 03:55:06,222 :: INFO :: Control node : reset
2021-09-06 03:55:06,225 :: INFO :: Reset Control Node
2021-09-06 03:55:09,127 :: INFO :: Control node : start power of open node
2021-09-06 03:55:09,183 :: INFO :: Node OpenOCD: Setup of openocd node
2021-09-06 03:55:12,232 :: INFO :: Node OpenOCD: flash of openocd node
2021-09-06 03:55:12,251 :: INFO :: Flash firmware on OpenOCD: /tmp/tmpAVd0CM--93e977ac3781fe5042fd86dcc34ed19b_unicast-sender-count-10T-100B.iotlab-m3
2021-09-06 03:55:19,101 :: INFO :: Control node : Start experiment
2021-09-06 03:55:19,160 :: INFO :: Control Node set time delay: 1892 us
2021-09-06 03:55:19,175 :: INFO :: Control node : profile configuration
2021-09-06 03:55:19,179 :: INFO :: Configure profile on Control Node
2021-09-06 03:55:19,221 :: INFO :: Start experiment succeeded
2021-09-06 04:55:25,070 :: INFO :: Gateway Manager : Stop experiment
2021-09-06 04:55:25,080 :: INFO :: Stop experiment
2021-09-06 04:55:25,088 :: INFO :: Control node : stop of the experiment
2021-09-06 04:55:25,096 :: INFO :: Control node : profile configuration
2021-09-06 04:55:25,103 :: INFO :: Configure profile on Control Node
2021-09-06 04:55:25,178 :: INFO :: Control node : start power of open node
2021-09-06 04:55:25,222 :: INFO :: Node OpenOCD: teardown of openocd node
2021-09-06 04:55:28,289 :: INFO :: openocd node debugger stop
2021-09-06 04:55:28,950 :: INFO :: Node OpenOCD: flash of openocd node
2021-09-06 04:55:28,965 :: INFO :: Flash firmware on OpenOCD: /usr/lib/python2.7/site-packages/gateway_code/static/m3_idle.elf
2021-09-06 04:55:31,430 :: INFO :: Control node : Stop control node serial interface
2021-09-06 04:55:31,435 :: INFO :: Control node : stop power of open node
2021-09-06 04:55:31,492 :: INFO :: Control node : reset
2021-09-06 04:55:31,496 :: INFO :: Reset Control Node
2021-09-06 04:55:34,251 :: INFO :: Stop experiment succeeded
