2021-09-06 03:55:06,216 :: INFO :: Start experiment: luna-276400
2021-09-06 03:55:06,219 :: INFO :: Control node : Starting of control node serial interface
2021-09-06 03:55:06,222 :: INFO :: Control node : reset
2021-09-06 03:55:06,225 :: INFO :: Reset Control Node
2021-09-06 03:55:09,127 :: INFO :: Control node : start power of open node
2021-09-06 03:55:09,185 :: INFO :: Node OpenOCD: Setup of openocd node
2021-09-06 03:55:12,226 :: INFO :: Node OpenOCD: flash of openocd node
2021-09-06 03:55:12,244 :: INFO :: Flash firmware on OpenOCD: /tmp/tmpnKJTMM--93e977ac3781fe5042fd86dcc34ed19b_unicast-sender-count-10T-100B.iotlab-m3
2021-09-06 03:55:19,096 :: INFO :: Control node : Start experiment
2021-09-06 03:55:19,147 :: INFO :: Control Node set time delay: 1740 us
2021-09-06 03:55:19,175 :: INFO :: Control node : profile configuration
2021-09-06 03:55:19,179 :: INFO :: Configure profile on Control Node
2021-09-06 03:55:19,223 :: INFO :: Start experiment succeeded
2021-09-06 04:55:25,075 :: INFO :: Gateway Manager : Stop experiment
2021-09-06 04:55:25,084 :: INFO :: Stop experiment
2021-09-06 04:55:25,093 :: INFO :: Control node : stop of the experiment
2021-09-06 04:55:25,100 :: INFO :: Control node : profile configuration
2021-09-06 04:55:25,107 :: INFO :: Configure profile on Control Node
2021-09-06 04:55:25,185 :: INFO :: Control node : start power of open node
2021-09-06 04:55:25,228 :: INFO :: Node OpenOCD: teardown of openocd node
2021-09-06 04:55:28,282 :: INFO :: openocd node debugger stop
2021-09-06 04:55:28,975 :: INFO :: Node OpenOCD: flash of openocd node
2021-09-06 04:55:28,989 :: INFO :: Flash firmware on OpenOCD: /usr/lib/python2.7/site-packages/gateway_code/static/m3_idle.elf
2021-09-06 04:55:31,453 :: INFO :: Control node : Stop control node serial interface
2021-09-06 04:55:31,458 :: INFO :: Control node : stop power of open node
2021-09-06 04:55:31,515 :: INFO :: Control node : reset
2021-09-06 04:55:31,519 :: INFO :: Reset Control Node
2021-09-06 04:55:34,337 :: INFO :: Stop experiment succeeded
