2021-09-06 03:55:06,284 :: INFO :: Start experiment: luna-276400
2021-09-06 03:55:06,287 :: INFO :: Control node : Starting of control node serial interface
2021-09-06 03:55:06,290 :: INFO :: Control node : reset
2021-09-06 03:55:06,293 :: INFO :: Reset Control Node
2021-09-06 03:55:09,192 :: INFO :: Control node : start power of open node
2021-09-06 03:55:09,246 :: INFO :: Node OpenOCD: Setup of openocd node
2021-09-06 03:55:12,287 :: INFO :: Node OpenOCD: flash of openocd node
2021-09-06 03:55:12,305 :: INFO :: Flash firmware on OpenOCD: /tmp/tmppUjriF--93e977ac3781fe5042fd86dcc34ed19b_unicast-sender-count-10T-100B.iotlab-m3
2021-09-06 03:55:19,032 :: INFO :: Control node : Start experiment
2021-09-06 03:55:19,091 :: INFO :: Control Node set time delay: 1678 us
2021-09-06 03:55:19,115 :: INFO :: Control node : profile configuration
2021-09-06 03:55:19,122 :: INFO :: Configure profile on Control Node
2021-09-06 03:55:19,202 :: INFO :: Start experiment succeeded
2021-09-06 04:55:25,099 :: INFO :: Gateway Manager : Stop experiment
2021-09-06 04:55:25,108 :: INFO :: Stop experiment
2021-09-06 04:55:25,117 :: INFO :: Control node : stop of the experiment
2021-09-06 04:55:25,127 :: INFO :: Control node : profile configuration
2021-09-06 04:55:25,135 :: INFO :: Configure profile on Control Node
2021-09-06 04:55:25,215 :: INFO :: Control node : start power of open node
2021-09-06 04:55:25,259 :: INFO :: Node OpenOCD: teardown of openocd node
2021-09-06 04:55:28,305 :: INFO :: openocd node debugger stop
2021-09-06 04:55:28,998 :: INFO :: Node OpenOCD: flash of openocd node
2021-09-06 04:55:29,013 :: INFO :: Flash firmware on OpenOCD: /usr/lib/python2.7/site-packages/gateway_code/static/m3_idle.elf
2021-09-06 04:55:31,399 :: INFO :: Control node : Stop control node serial interface
2021-09-06 04:55:31,404 :: INFO :: Control node : stop power of open node
2021-09-06 04:55:31,487 :: INFO :: Control node : reset
2021-09-06 04:55:31,494 :: INFO :: Reset Control Node
2021-09-06 04:55:34,335 :: INFO :: Stop experiment succeeded
