2021-09-06 03:55:06,266 :: INFO :: Start experiment: luna-276400
2021-09-06 03:55:06,270 :: INFO :: Control node : Starting of control node serial interface
2021-09-06 03:55:06,273 :: INFO :: Control node : reset
2021-09-06 03:55:06,275 :: INFO :: Reset Control Node
2021-09-06 03:55:09,173 :: INFO :: Control node : start power of open node
2021-09-06 03:55:09,230 :: INFO :: Node OpenOCD: Setup of openocd node
2021-09-06 03:55:12,271 :: INFO :: Node OpenOCD: flash of openocd node
2021-09-06 03:55:12,289 :: INFO :: Flash firmware on OpenOCD: /tmp/tmpl79iWc--93e977ac3781fe5042fd86dcc34ed19b_unicast-sender-count-10T-100B.iotlab-m3
2021-09-06 03:55:19,088 :: INFO :: Control node : Start experiment
2021-09-06 03:55:19,136 :: INFO :: Control Node set time delay: 1617 us
2021-09-06 03:55:19,164 :: INFO :: Control node : profile configuration
2021-09-06 03:55:19,167 :: INFO :: Configure profile on Control Node
2021-09-06 03:55:19,210 :: INFO :: Start experiment succeeded
2021-09-06 04:55:25,084 :: INFO :: Gateway Manager : Stop experiment
2021-09-06 04:55:25,094 :: INFO :: Stop experiment
2021-09-06 04:55:25,103 :: INFO :: Control node : stop of the experiment
2021-09-06 04:55:25,111 :: INFO :: Control node : profile configuration
2021-09-06 04:55:25,119 :: INFO :: Configure profile on Control Node
2021-09-06 04:55:25,195 :: INFO :: Control node : start power of open node
2021-09-06 04:55:25,240 :: INFO :: Node OpenOCD: teardown of openocd node
2021-09-06 04:55:28,293 :: INFO :: openocd node debugger stop
2021-09-06 04:55:28,984 :: INFO :: Node OpenOCD: flash of openocd node
2021-09-06 04:55:28,999 :: INFO :: Flash firmware on OpenOCD: /usr/lib/python2.7/site-packages/gateway_code/static/m3_idle.elf
2021-09-06 04:55:31,464 :: INFO :: Control node : Stop control node serial interface
2021-09-06 04:55:31,472 :: INFO :: Control node : stop power of open node
2021-09-06 04:55:31,566 :: INFO :: Control node : reset
2021-09-06 04:55:31,573 :: INFO :: Reset Control Node
2021-09-06 04:55:34,352 :: INFO :: Stop experiment succeeded
