2021-09-06 03:55:06,241 :: INFO :: Start experiment: luna-276400
2021-09-06 03:55:06,245 :: INFO :: Control node : Starting of control node serial interface
2021-09-06 03:55:06,248 :: INFO :: Control node : reset
2021-09-06 03:55:06,250 :: INFO :: Reset Control Node
2021-09-06 03:55:09,154 :: INFO :: Control node : start power of open node
2021-09-06 03:55:09,210 :: INFO :: Node OpenOCD: Setup of openocd node
2021-09-06 03:55:12,255 :: INFO :: Node OpenOCD: flash of openocd node
2021-09-06 03:55:12,273 :: INFO :: Flash firmware on OpenOCD: /tmp/tmprHz3RH--ddd0625ff8382e7208c25657471d6a4a_unicast-receiver-count.iotlab-m3
2021-09-06 03:55:18,804 :: INFO :: Control node : Start experiment
2021-09-06 03:55:18,888 :: INFO :: Control Node set time delay: 1191 us
2021-09-06 03:55:18,914 :: INFO :: Control node : profile configuration
2021-09-06 03:55:18,920 :: INFO :: Configure profile on Control Node
2021-09-06 03:55:18,972 :: INFO :: Start experiment succeeded
2021-09-06 04:55:25,066 :: INFO :: Gateway Manager : Stop experiment
2021-09-06 04:55:25,076 :: INFO :: Stop experiment
2021-09-06 04:55:25,083 :: INFO :: Control node : stop of the experiment
2021-09-06 04:55:25,090 :: INFO :: Control node : profile configuration
2021-09-06 04:55:25,096 :: INFO :: Configure profile on Control Node
2021-09-06 04:55:25,165 :: INFO :: Control node : start power of open node
2021-09-06 04:55:25,205 :: INFO :: Node OpenOCD: teardown of openocd node
2021-09-06 04:55:28,246 :: INFO :: openocd node debugger stop
2021-09-06 04:55:28,932 :: INFO :: Node OpenOCD: flash of openocd node
2021-09-06 04:55:28,946 :: INFO :: Flash firmware on OpenOCD: /usr/lib/python2.7/site-packages/gateway_code/static/m3_idle.elf
2021-09-06 04:55:31,459 :: INFO :: Control node : Stop control node serial interface
2021-09-06 04:55:31,468 :: INFO :: Control node : stop power of open node
2021-09-06 04:55:31,581 :: INFO :: Control node : reset
2021-09-06 04:55:31,588 :: INFO :: Reset Control Node
2021-09-06 04:55:34,370 :: INFO :: Stop experiment succeeded
