2021-09-06 03:55:06,247 :: INFO :: Start experiment: luna-276400
2021-09-06 03:55:06,251 :: INFO :: Control node : Starting of control node serial interface
2021-09-06 03:55:06,253 :: INFO :: Control node : reset
2021-09-06 03:55:06,256 :: INFO :: Reset Control Node
2021-09-06 03:55:09,158 :: INFO :: Control node : start power of open node
2021-09-06 03:55:09,212 :: INFO :: Node OpenOCD: Setup of openocd node
2021-09-06 03:55:12,251 :: INFO :: Node OpenOCD: flash of openocd node
2021-09-06 03:55:12,269 :: INFO :: Flash firmware on OpenOCD: /tmp/tmpZ9MHzc--93e977ac3781fe5042fd86dcc34ed19b_unicast-sender-count-10T-100B.iotlab-m3
2021-09-06 03:55:19,036 :: INFO :: Control node : Start experiment
2021-09-06 03:55:19,093 :: INFO :: Control Node set time delay: 1678 us
2021-09-06 03:55:19,126 :: INFO :: Control node : profile configuration
2021-09-06 03:55:19,132 :: INFO :: Configure profile on Control Node
2021-09-06 03:55:19,212 :: INFO :: Start experiment succeeded
2021-09-06 04:55:25,080 :: INFO :: Gateway Manager : Stop experiment
2021-09-06 04:55:25,089 :: INFO :: Stop experiment
2021-09-06 04:55:25,098 :: INFO :: Control node : stop of the experiment
2021-09-06 04:55:25,106 :: INFO :: Control node : profile configuration
2021-09-06 04:55:25,113 :: INFO :: Configure profile on Control Node
2021-09-06 04:55:25,191 :: INFO :: Control node : start power of open node
2021-09-06 04:55:25,235 :: INFO :: Node OpenOCD: teardown of openocd node
2021-09-06 04:55:28,303 :: INFO :: openocd node debugger stop
2021-09-06 04:55:28,998 :: INFO :: Node OpenOCD: flash of openocd node
2021-09-06 04:55:29,013 :: INFO :: Flash firmware on OpenOCD: /usr/lib/python2.7/site-packages/gateway_code/static/m3_idle.elf
2021-09-06 04:55:31,450 :: INFO :: Control node : Stop control node serial interface
2021-09-06 04:55:31,458 :: INFO :: Control node : stop power of open node
2021-09-06 04:55:31,552 :: INFO :: Control node : reset
2021-09-06 04:55:31,559 :: INFO :: Reset Control Node
2021-09-06 04:55:34,347 :: INFO :: Stop experiment succeeded
