2021-09-06 03:55:06,261 :: INFO :: Start experiment: luna-276400
2021-09-06 03:55:06,264 :: INFO :: Control node : Starting of control node serial interface
2021-09-06 03:55:06,267 :: INFO :: Control node : reset
2021-09-06 03:55:06,270 :: INFO :: Reset Control Node
2021-09-06 03:55:09,173 :: INFO :: Control node : start power of open node
2021-09-06 03:55:09,229 :: INFO :: Node OpenOCD: Setup of openocd node
2021-09-06 03:55:12,271 :: INFO :: Node OpenOCD: flash of openocd node
2021-09-06 03:55:12,289 :: INFO :: Flash firmware on OpenOCD: /tmp/tmpQ8Tcql--93e977ac3781fe5042fd86dcc34ed19b_unicast-sender-count-10T-100B.iotlab-m3
2021-09-06 03:55:19,107 :: INFO :: Control node : Start experiment
2021-09-06 03:55:19,201 :: INFO :: Control Node set time delay: 1709 us
2021-09-06 03:55:19,225 :: INFO :: Control node : profile configuration
2021-09-06 03:55:19,232 :: INFO :: Configure profile on Control Node
2021-09-06 03:55:19,274 :: INFO :: Start experiment succeeded
2021-09-06 04:55:25,082 :: INFO :: Gateway Manager : Stop experiment
2021-09-06 04:55:25,092 :: INFO :: Stop experiment
2021-09-06 04:55:25,101 :: INFO :: Control node : stop of the experiment
2021-09-06 04:55:25,109 :: INFO :: Control node : profile configuration
2021-09-06 04:55:25,116 :: INFO :: Configure profile on Control Node
2021-09-06 04:55:25,196 :: INFO :: Control node : start power of open node
2021-09-06 04:55:25,240 :: INFO :: Node OpenOCD: teardown of openocd node
2021-09-06 04:55:28,306 :: INFO :: openocd node debugger stop
2021-09-06 04:55:28,992 :: INFO :: Node OpenOCD: flash of openocd node
2021-09-06 04:55:29,007 :: INFO :: Flash firmware on OpenOCD: /usr/lib/python2.7/site-packages/gateway_code/static/m3_idle.elf
2021-09-06 04:55:31,470 :: INFO :: Control node : Stop control node serial interface
2021-09-06 04:55:31,475 :: INFO :: Control node : stop power of open node
2021-09-06 04:55:31,523 :: INFO :: Control node : reset
2021-09-06 04:55:31,527 :: INFO :: Reset Control Node
2021-09-06 04:55:34,338 :: INFO :: Stop experiment succeeded
