2021-09-06 03:55:06,229 :: INFO :: Start experiment: luna-276400
2021-09-06 03:55:06,232 :: INFO :: Control node : Starting of control node serial interface
2021-09-06 03:55:06,235 :: INFO :: Control node : reset
2021-09-06 03:55:06,237 :: INFO :: Reset Control Node
2021-09-06 03:55:09,139 :: INFO :: Control node : start power of open node
2021-09-06 03:55:09,197 :: INFO :: Node OpenOCD: Setup of openocd node
2021-09-06 03:55:12,244 :: INFO :: Node OpenOCD: flash of openocd node
2021-09-06 03:55:12,263 :: INFO :: Flash firmware on OpenOCD: /tmp/tmpL63OlZ--93e977ac3781fe5042fd86dcc34ed19b_unicast-sender-count-10T-100B.iotlab-m3
2021-09-06 03:55:19,080 :: INFO :: Control node : Start experiment
2021-09-06 03:55:19,155 :: INFO :: Control Node set time delay: 1923 us
2021-09-06 03:55:19,200 :: INFO :: Control node : profile configuration
2021-09-06 03:55:19,204 :: INFO :: Configure profile on Control Node
2021-09-06 03:55:19,244 :: INFO :: Start experiment succeeded
2021-09-06 04:55:25,074 :: INFO :: Gateway Manager : Stop experiment
2021-09-06 04:55:25,083 :: INFO :: Stop experiment
2021-09-06 04:55:25,092 :: INFO :: Control node : stop of the experiment
2021-09-06 04:55:25,099 :: INFO :: Control node : profile configuration
2021-09-06 04:55:25,106 :: INFO :: Configure profile on Control Node
2021-09-06 04:55:25,183 :: INFO :: Control node : start power of open node
2021-09-06 04:55:25,227 :: INFO :: Node OpenOCD: teardown of openocd node
2021-09-06 04:55:28,279 :: INFO :: openocd node debugger stop
2021-09-06 04:55:28,958 :: INFO :: Node OpenOCD: flash of openocd node
2021-09-06 04:55:28,965 :: INFO :: Flash firmware on OpenOCD: /usr/lib/python2.7/site-packages/gateway_code/static/m3_idle.elf
2021-09-06 04:55:31,372 :: INFO :: Control node : Stop control node serial interface
2021-09-06 04:55:31,377 :: INFO :: Control node : stop power of open node
2021-09-06 04:55:31,450 :: INFO :: Control node : reset
2021-09-06 04:55:31,454 :: INFO :: Reset Control Node
2021-09-06 04:55:34,290 :: INFO :: Stop experiment succeeded
