2021-08-30 22:59:47,748 :: INFO :: Start experiment: luna-275816
2021-08-30 22:59:47,752 :: INFO :: Control node : Starting of control node serial interface
2021-08-30 22:59:47,754 :: INFO :: Control node : reset
2021-08-30 22:59:47,757 :: INFO :: Reset Control Node
2021-08-30 22:59:50,719 :: INFO :: Control node : start power of open node
2021-08-30 22:59:50,776 :: INFO :: Node OpenOCD: Setup of openocd node
2021-08-30 22:59:53,819 :: INFO :: Node OpenOCD: flash of openocd node
2021-08-30 22:59:53,833 :: INFO :: Flash firmware on OpenOCD: /tmp/tmp4eQ92b--a14ddd1a1d6cc1c4ffb46cbabc9d20fe_unicast-sender-count-10T-20B.iotlab-m3
2021-08-30 23:00:00,648 :: INFO :: Control node : Start experiment
2021-08-30 23:00:00,698 :: INFO :: Control Node set time delay: 1037 us
2021-08-30 23:00:00,715 :: INFO :: Control node : profile configuration
2021-08-30 23:00:00,718 :: INFO :: Configure profile on Control Node
2021-08-30 23:00:00,759 :: INFO :: Start experiment succeeded
2021-08-30 23:15:54,089 :: INFO :: Gateway Manager : Stop experiment
2021-08-30 23:15:54,098 :: INFO :: Stop experiment
2021-08-30 23:15:54,107 :: INFO :: Control node : stop of the experiment
2021-08-30 23:15:54,115 :: INFO :: Control node : profile configuration
2021-08-30 23:15:54,125 :: INFO :: Configure profile on Control Node
2021-08-30 23:15:54,195 :: INFO :: Control node : start power of open node
2021-08-30 23:15:54,239 :: INFO :: Node OpenOCD: teardown of openocd node
2021-08-30 23:15:57,299 :: INFO :: openocd node debugger stop
2021-08-30 23:15:57,984 :: INFO :: Node OpenOCD: flash of openocd node
2021-08-30 23:15:57,991 :: INFO :: Flash firmware on OpenOCD: /usr/lib/python2.7/site-packages/gateway_code/static/m3_idle.elf
2021-08-30 23:16:00,394 :: INFO :: Control node : Stop control node serial interface
2021-08-30 23:16:00,403 :: INFO :: Control node : stop power of open node
2021-08-30 23:16:00,484 :: INFO :: Control node : reset
2021-08-30 23:16:00,491 :: INFO :: Reset Control Node
2021-08-30 23:16:03,274 :: INFO :: Stop experiment succeeded
