2021-08-30 22:59:47,718 :: INFO :: Start experiment: luna-275816
2021-08-30 22:59:47,722 :: INFO :: Control node : Starting of control node serial interface
2021-08-30 22:59:47,725 :: INFO :: Control node : reset
2021-08-30 22:59:47,728 :: INFO :: Reset Control Node
2021-08-30 22:59:50,637 :: INFO :: Control node : start power of open node
2021-08-30 22:59:50,694 :: INFO :: Node OpenOCD: Setup of openocd node
2021-08-30 22:59:53,733 :: INFO :: Node OpenOCD: flash of openocd node
2021-08-30 22:59:53,751 :: INFO :: Flash firmware on OpenOCD: /tmp/tmp5hsZjg--a14ddd1a1d6cc1c4ffb46cbabc9d20fe_unicast-sender-count-10T-20B.iotlab-m3
2021-08-30 23:00:00,598 :: INFO :: Control node : Start experiment
2021-08-30 23:00:00,667 :: INFO :: Control Node set time delay: 1892 us
2021-08-30 23:00:00,689 :: INFO :: Control node : profile configuration
2021-08-30 23:00:00,696 :: INFO :: Configure profile on Control Node
2021-08-30 23:00:00,770 :: INFO :: Start experiment succeeded
2021-08-30 23:15:54,088 :: INFO :: Gateway Manager : Stop experiment
2021-08-30 23:15:54,109 :: INFO :: Stop experiment
2021-08-30 23:15:54,129 :: INFO :: Control node : stop of the experiment
2021-08-30 23:15:54,152 :: INFO :: Control node : profile configuration
2021-08-30 23:15:54,170 :: INFO :: Configure profile on Control Node
2021-08-30 23:15:54,318 :: INFO :: Control node : start power of open node
2021-08-30 23:15:54,339 :: INFO :: Node OpenOCD: teardown of openocd node
2021-08-30 23:15:57,390 :: INFO :: openocd node debugger stop
2021-08-30 23:15:58,074 :: INFO :: Node OpenOCD: flash of openocd node
2021-08-30 23:15:58,081 :: INFO :: Flash firmware on OpenOCD: /usr/lib/python2.7/site-packages/gateway_code/static/m3_idle.elf
2021-08-30 23:16:00,432 :: INFO :: Control node : Stop control node serial interface
2021-08-30 23:16:00,441 :: INFO :: Control node : stop power of open node
2021-08-30 23:16:00,525 :: INFO :: Control node : reset
2021-08-30 23:16:00,531 :: INFO :: Reset Control Node
2021-08-30 23:16:03,369 :: INFO :: Stop experiment succeeded
