2021-08-30 22:59:47,710 :: INFO :: Start experiment: luna-275816
2021-08-30 22:59:47,714 :: INFO :: Control node : Starting of control node serial interface
2021-08-30 22:59:47,717 :: INFO :: Control node : reset
2021-08-30 22:59:47,719 :: INFO :: Reset Control Node
2021-08-30 22:59:50,590 :: INFO :: Control node : start power of open node
2021-08-30 22:59:50,618 :: INFO :: Node OpenOCD: Setup of openocd node
2021-08-30 22:59:53,655 :: INFO :: Node OpenOCD: flash of openocd node
2021-08-30 22:59:53,674 :: INFO :: Flash firmware on OpenOCD: /tmp/tmpwLZxim--a14ddd1a1d6cc1c4ffb46cbabc9d20fe_unicast-sender-count-10T-20B.iotlab-m3
2021-08-30 23:00:00,524 :: INFO :: Control node : Start experiment
2021-08-30 23:00:00,592 :: INFO :: Control Node set time delay: 1922 us
2021-08-30 23:00:00,614 :: INFO :: Control node : profile configuration
2021-08-30 23:00:00,617 :: INFO :: Configure profile on Control Node
2021-08-30 23:00:00,658 :: INFO :: Start experiment succeeded
2021-08-30 23:15:54,073 :: INFO :: Gateway Manager : Stop experiment
2021-08-30 23:15:54,088 :: INFO :: Stop experiment
2021-08-30 23:15:54,097 :: INFO :: Control node : stop of the experiment
2021-08-30 23:15:54,104 :: INFO :: Control node : profile configuration
2021-08-30 23:15:54,114 :: INFO :: Configure profile on Control Node
2021-08-30 23:15:54,185 :: INFO :: Control node : start power of open node
2021-08-30 23:15:54,229 :: INFO :: Node OpenOCD: teardown of openocd node
2021-08-30 23:15:57,279 :: INFO :: openocd node debugger stop
2021-08-30 23:15:57,971 :: INFO :: Node OpenOCD: flash of openocd node
2021-08-30 23:15:57,986 :: INFO :: Flash firmware on OpenOCD: /usr/lib/python2.7/site-packages/gateway_code/static/m3_idle.elf
2021-08-30 23:16:00,451 :: INFO :: Control node : Stop control node serial interface
2021-08-30 23:16:00,460 :: INFO :: Control node : stop power of open node
2021-08-30 23:16:00,542 :: INFO :: Control node : reset
2021-08-30 23:16:00,549 :: INFO :: Reset Control Node
2021-08-30 23:16:03,327 :: INFO :: Stop experiment succeeded
