2021-08-30 22:59:47,701 :: INFO :: Start experiment: luna-275816
2021-08-30 22:59:47,704 :: INFO :: Control node : Starting of control node serial interface
2021-08-30 22:59:47,707 :: INFO :: Control node : reset
2021-08-30 22:59:47,710 :: INFO :: Reset Control Node
2021-08-30 22:59:50,620 :: INFO :: Control node : start power of open node
2021-08-30 22:59:50,677 :: INFO :: Node OpenOCD: Setup of openocd node
2021-08-30 22:59:53,736 :: INFO :: Node OpenOCD: flash of openocd node
2021-08-30 22:59:53,755 :: INFO :: Flash firmware on OpenOCD: /tmp/tmpV8psCW--a14ddd1a1d6cc1c4ffb46cbabc9d20fe_unicast-sender-count-10T-20B.iotlab-m3
2021-08-30 23:00:00,660 :: INFO :: Control node : Start experiment
2021-08-30 23:00:00,715 :: INFO :: Control Node set time delay: 1556 us
2021-08-30 23:00:00,748 :: INFO :: Control node : profile configuration
2021-08-30 23:00:00,754 :: INFO :: Configure profile on Control Node
2021-08-30 23:00:00,798 :: INFO :: Start experiment succeeded
2021-08-30 23:15:54,087 :: INFO :: Gateway Manager : Stop experiment
2021-08-30 23:15:54,098 :: INFO :: Stop experiment
2021-08-30 23:15:54,107 :: INFO :: Control node : stop of the experiment
2021-08-30 23:15:54,114 :: INFO :: Control node : profile configuration
2021-08-30 23:15:54,121 :: INFO :: Configure profile on Control Node
2021-08-30 23:15:54,194 :: INFO :: Control node : start power of open node
2021-08-30 23:15:54,238 :: INFO :: Node OpenOCD: teardown of openocd node
2021-08-30 23:15:57,276 :: INFO :: openocd node debugger stop
2021-08-30 23:15:57,960 :: INFO :: Node OpenOCD: flash of openocd node
2021-08-30 23:15:57,975 :: INFO :: Flash firmware on OpenOCD: /usr/lib/python2.7/site-packages/gateway_code/static/m3_idle.elf
2021-08-30 23:16:00,441 :: INFO :: Control node : Stop control node serial interface
2021-08-30 23:16:00,449 :: INFO :: Control node : stop power of open node
2021-08-30 23:16:00,528 :: INFO :: Control node : reset
2021-08-30 23:16:00,535 :: INFO :: Reset Control Node
2021-08-30 23:16:03,372 :: INFO :: Stop experiment succeeded
