2021-08-30 22:59:47,725 :: INFO :: Start experiment: luna-275816
2021-08-30 22:59:47,728 :: INFO :: Control node : Starting of control node serial interface
2021-08-30 22:59:47,731 :: INFO :: Control node : reset
2021-08-30 22:59:47,734 :: INFO :: Reset Control Node
2021-08-30 22:59:50,642 :: INFO :: Control node : start power of open node
2021-08-30 22:59:50,697 :: INFO :: Node OpenOCD: Setup of openocd node
2021-08-30 22:59:53,742 :: INFO :: Node OpenOCD: flash of openocd node
2021-08-30 22:59:53,760 :: INFO :: Flash firmware on OpenOCD: /tmp/tmp6JIxer--a14ddd1a1d6cc1c4ffb46cbabc9d20fe_unicast-sender-count-10T-20B.iotlab-m3
2021-08-30 23:00:00,532 :: INFO :: Control node : Start experiment
2021-08-30 23:00:00,602 :: INFO :: Control Node set time delay: 1160 us
2021-08-30 23:00:00,633 :: INFO :: Control node : profile configuration
2021-08-30 23:00:00,640 :: INFO :: Configure profile on Control Node
2021-08-30 23:00:00,718 :: INFO :: Start experiment succeeded
2021-08-30 23:15:54,093 :: INFO :: Gateway Manager : Stop experiment
2021-08-30 23:15:54,102 :: INFO :: Stop experiment
2021-08-30 23:15:54,111 :: INFO :: Control node : stop of the experiment
2021-08-30 23:15:54,119 :: INFO :: Control node : profile configuration
2021-08-30 23:15:54,126 :: INFO :: Configure profile on Control Node
2021-08-30 23:15:54,200 :: INFO :: Control node : start power of open node
2021-08-30 23:15:54,246 :: INFO :: Node OpenOCD: teardown of openocd node
2021-08-30 23:15:57,303 :: INFO :: openocd node debugger stop
2021-08-30 23:15:57,989 :: INFO :: Node OpenOCD: flash of openocd node
2021-08-30 23:15:57,996 :: INFO :: Flash firmware on OpenOCD: /usr/lib/python2.7/site-packages/gateway_code/static/m3_idle.elf
2021-08-30 23:16:00,401 :: INFO :: Control node : Stop control node serial interface
2021-08-30 23:16:00,411 :: INFO :: Control node : stop power of open node
2021-08-30 23:16:00,491 :: INFO :: Control node : reset
2021-08-30 23:16:00,497 :: INFO :: Reset Control Node
2021-08-30 23:16:03,283 :: INFO :: Stop experiment succeeded
