2021-08-30 22:59:47,687 :: INFO :: Start experiment: luna-275816
2021-08-30 22:59:47,690 :: INFO :: Control node : Starting of control node serial interface
2021-08-30 22:59:47,693 :: INFO :: Control node : reset
2021-08-30 22:59:47,696 :: INFO :: Reset Control Node
2021-08-30 22:59:50,604 :: INFO :: Control node : start power of open node
2021-08-30 22:59:50,659 :: INFO :: Node OpenOCD: Setup of openocd node
2021-08-30 22:59:53,703 :: INFO :: Node OpenOCD: flash of openocd node
2021-08-30 22:59:53,721 :: INFO :: Flash firmware on OpenOCD: /tmp/tmpUTedCO--a14ddd1a1d6cc1c4ffb46cbabc9d20fe_unicast-sender-count-10T-20B.iotlab-m3
2021-08-30 23:00:00,511 :: INFO :: Control node : Start experiment
2021-08-30 23:00:00,571 :: INFO :: Control Node set time delay: 1770 us
2021-08-30 23:00:00,604 :: INFO :: Control node : profile configuration
2021-08-30 23:00:00,610 :: INFO :: Configure profile on Control Node
2021-08-30 23:00:00,690 :: INFO :: Start experiment succeeded
2021-08-30 23:15:54,052 :: INFO :: Gateway Manager : Stop experiment
2021-08-30 23:15:54,061 :: INFO :: Stop experiment
2021-08-30 23:15:54,070 :: INFO :: Control node : stop of the experiment
2021-08-30 23:15:54,077 :: INFO :: Control node : profile configuration
2021-08-30 23:15:54,085 :: INFO :: Configure profile on Control Node
2021-08-30 23:15:54,158 :: INFO :: Control node : start power of open node
2021-08-30 23:15:54,203 :: INFO :: Node OpenOCD: teardown of openocd node
2021-08-30 23:15:57,268 :: INFO :: openocd node debugger stop
2021-08-30 23:15:57,963 :: INFO :: Node OpenOCD: flash of openocd node
2021-08-30 23:15:57,978 :: INFO :: Flash firmware on OpenOCD: /usr/lib/python2.7/site-packages/gateway_code/static/m3_idle.elf
2021-08-30 23:16:00,415 :: INFO :: Control node : Stop control node serial interface
2021-08-30 23:16:00,424 :: INFO :: Control node : stop power of open node
2021-08-30 23:16:00,504 :: INFO :: Control node : reset
2021-08-30 23:16:00,510 :: INFO :: Reset Control Node
2021-08-30 23:16:03,350 :: INFO :: Stop experiment succeeded
