2021-08-30 22:59:47,723 :: INFO :: Start experiment: luna-275816
2021-08-30 22:59:47,726 :: INFO :: Control node : Starting of control node serial interface
2021-08-30 22:59:47,729 :: INFO :: Control node : reset
2021-08-30 22:59:47,732 :: INFO :: Reset Control Node
2021-08-30 22:59:50,641 :: INFO :: Control node : start power of open node
2021-08-30 22:59:50,698 :: INFO :: Node OpenOCD: Setup of openocd node
2021-08-30 22:59:53,742 :: INFO :: Node OpenOCD: flash of openocd node
2021-08-30 22:59:53,760 :: INFO :: Flash firmware on OpenOCD: /tmp/tmpbILL8M--a14ddd1a1d6cc1c4ffb46cbabc9d20fe_unicast-sender-count-10T-20B.iotlab-m3
2021-08-30 23:00:00,472 :: INFO :: Control node : Start experiment
2021-08-30 23:00:00,536 :: INFO :: Control Node set time delay: 1678 us
2021-08-30 23:00:00,567 :: INFO :: Control node : profile configuration
2021-08-30 23:00:00,574 :: INFO :: Configure profile on Control Node
2021-08-30 23:00:00,652 :: INFO :: Start experiment succeeded
2021-08-30 23:15:54,042 :: INFO :: Gateway Manager : Stop experiment
2021-08-30 23:15:54,051 :: INFO :: Stop experiment
2021-08-30 23:15:54,059 :: INFO :: Control node : stop of the experiment
2021-08-30 23:15:54,066 :: INFO :: Control node : profile configuration
2021-08-30 23:15:54,073 :: INFO :: Configure profile on Control Node
2021-08-30 23:15:54,142 :: INFO :: Control node : start power of open node
2021-08-30 23:15:54,184 :: INFO :: Node OpenOCD: teardown of openocd node
2021-08-30 23:15:57,235 :: INFO :: openocd node debugger stop
2021-08-30 23:15:57,917 :: INFO :: Node OpenOCD: flash of openocd node
2021-08-30 23:15:57,924 :: INFO :: Flash firmware on OpenOCD: /usr/lib/python2.7/site-packages/gateway_code/static/m3_idle.elf
2021-08-30 23:16:00,330 :: INFO :: Control node : Stop control node serial interface
2021-08-30 23:16:00,339 :: INFO :: Control node : stop power of open node
2021-08-30 23:16:00,421 :: INFO :: Control node : reset
2021-08-30 23:16:00,428 :: INFO :: Reset Control Node
2021-08-30 23:16:03,266 :: INFO :: Stop experiment succeeded
