2021-08-30 22:59:47,725 :: INFO :: Start experiment: luna-275816
2021-08-30 22:59:47,728 :: INFO :: Control node : Starting of control node serial interface
2021-08-30 22:59:47,731 :: INFO :: Control node : reset
2021-08-30 22:59:47,733 :: INFO :: Reset Control Node
2021-08-30 22:59:50,616 :: INFO :: Control node : start power of open node
2021-08-30 22:59:50,644 :: INFO :: Node OpenOCD: Setup of openocd node
2021-08-30 22:59:53,684 :: INFO :: Node OpenOCD: flash of openocd node
2021-08-30 22:59:53,703 :: INFO :: Flash firmware on OpenOCD: /tmp/tmp4_Ngby--ddd0625ff8382e7208c25657471d6a4a_unicast-receiver-count.iotlab-m3
2021-08-30 23:00:00,142 :: INFO :: Control node : Start experiment
2021-08-30 23:00:00,196 :: INFO :: Control Node set time delay: 1342 us
2021-08-30 23:00:00,228 :: INFO :: Control node : profile configuration
2021-08-30 23:00:00,235 :: INFO :: Configure profile on Control Node
2021-08-30 23:00:00,312 :: INFO :: Start experiment succeeded
2021-08-30 23:15:54,120 :: INFO :: Gateway Manager : Stop experiment
2021-08-30 23:15:54,129 :: INFO :: Stop experiment
2021-08-30 23:15:54,136 :: INFO :: Control node : stop of the experiment
2021-08-30 23:15:54,143 :: INFO :: Control node : profile configuration
2021-08-30 23:15:54,149 :: INFO :: Configure profile on Control Node
2021-08-30 23:15:54,216 :: INFO :: Control node : start power of open node
2021-08-30 23:15:54,255 :: INFO :: Node OpenOCD: teardown of openocd node
2021-08-30 23:15:57,297 :: INFO :: openocd node debugger stop
2021-08-30 23:15:57,984 :: INFO :: Node OpenOCD: flash of openocd node
2021-08-30 23:15:57,991 :: INFO :: Flash firmware on OpenOCD: /usr/lib/python2.7/site-packages/gateway_code/static/m3_idle.elf
2021-08-30 23:16:00,398 :: INFO :: Control node : Stop control node serial interface
2021-08-30 23:16:00,407 :: INFO :: Control node : stop power of open node
2021-08-30 23:16:00,491 :: INFO :: Control node : reset
2021-08-30 23:16:00,498 :: INFO :: Reset Control Node
2021-08-30 23:16:03,287 :: INFO :: Stop experiment succeeded
