2021-08-30 22:59:47,726 :: INFO :: Start experiment: luna-275816
2021-08-30 22:59:47,730 :: INFO :: Control node : Starting of control node serial interface
2021-08-30 22:59:47,733 :: INFO :: Control node : reset
2021-08-30 22:59:47,735 :: INFO :: Reset Control Node
2021-08-30 22:59:50,648 :: INFO :: Control node : start power of open node
2021-08-30 22:59:50,705 :: INFO :: Node OpenOCD: Setup of openocd node
2021-08-30 22:59:53,746 :: INFO :: Node OpenOCD: flash of openocd node
2021-08-30 22:59:53,764 :: INFO :: Flash firmware on OpenOCD: /tmp/tmpYSKOMH--a14ddd1a1d6cc1c4ffb46cbabc9d20fe_unicast-sender-count-10T-20B.iotlab-m3
2021-08-30 23:00:00,665 :: INFO :: Control node : Start experiment
2021-08-30 23:00:00,723 :: INFO :: Control Node set time delay: 1373 us
2021-08-30 23:00:00,751 :: INFO :: Control node : profile configuration
2021-08-30 23:00:00,755 :: INFO :: Configure profile on Control Node
2021-08-30 23:00:00,795 :: INFO :: Start experiment succeeded
2021-08-30 23:15:54,088 :: INFO :: Gateway Manager : Stop experiment
2021-08-30 23:15:54,097 :: INFO :: Stop experiment
2021-08-30 23:15:54,106 :: INFO :: Control node : stop of the experiment
2021-08-30 23:15:54,114 :: INFO :: Control node : profile configuration
2021-08-30 23:15:54,121 :: INFO :: Configure profile on Control Node
2021-08-30 23:15:54,195 :: INFO :: Control node : start power of open node
2021-08-30 23:15:54,241 :: INFO :: Node OpenOCD: teardown of openocd node
2021-08-30 23:15:57,280 :: INFO :: openocd node debugger stop
2021-08-30 23:15:57,975 :: INFO :: Node OpenOCD: flash of openocd node
2021-08-30 23:15:57,990 :: INFO :: Flash firmware on OpenOCD: /usr/lib/python2.7/site-packages/gateway_code/static/m3_idle.elf
2021-08-30 23:16:00,429 :: INFO :: Control node : Stop control node serial interface
2021-08-30 23:16:00,438 :: INFO :: Control node : stop power of open node
2021-08-30 23:16:00,518 :: INFO :: Control node : reset
2021-08-30 23:16:00,524 :: INFO :: Reset Control Node
2021-08-30 23:16:03,360 :: INFO :: Stop experiment succeeded
