2021-08-31 02:18:29,208 :: INFO :: Start experiment: luna-275820
2021-08-31 02:18:29,211 :: INFO :: Control node : Starting of control node serial interface
2021-08-31 02:18:29,214 :: INFO :: Control node : reset
2021-08-31 02:18:29,217 :: INFO :: Reset Control Node
2021-08-31 02:18:32,120 :: INFO :: Control node : start power of open node
2021-08-31 02:18:32,176 :: INFO :: Node OpenOCD: Setup of openocd node
2021-08-31 02:18:35,215 :: INFO :: Node OpenOCD: flash of openocd node
2021-08-31 02:18:35,233 :: INFO :: Flash firmware on OpenOCD: /tmp/tmpc_9hoM--cb924b41fcfd3e3c0bada58631722ec6_unicast-sender-count-30T-100B.iotlab-m3
2021-08-31 02:18:42,142 :: INFO :: Control node : Start experiment
2021-08-31 02:18:42,175 :: INFO :: Control Node set time delay: 1312 us
2021-08-31 02:18:42,193 :: INFO :: Control node : profile configuration
2021-08-31 02:18:42,197 :: INFO :: Configure profile on Control Node
2021-08-31 02:18:42,241 :: INFO :: Start experiment succeeded
2021-08-31 03:18:48,174 :: INFO :: Gateway Manager : Stop experiment
2021-08-31 03:18:48,183 :: INFO :: Stop experiment
2021-08-31 03:18:48,191 :: INFO :: Control node : stop of the experiment
2021-08-31 03:18:48,198 :: INFO :: Control node : profile configuration
2021-08-31 03:18:48,205 :: INFO :: Configure profile on Control Node
2021-08-31 03:18:48,277 :: INFO :: Control node : start power of open node
2021-08-31 03:18:48,318 :: INFO :: Node OpenOCD: teardown of openocd node
2021-08-31 03:18:51,401 :: INFO :: openocd node debugger stop
2021-08-31 03:18:52,085 :: INFO :: Node OpenOCD: flash of openocd node
2021-08-31 03:18:52,100 :: INFO :: Flash firmware on OpenOCD: /usr/lib/python2.7/site-packages/gateway_code/static/m3_idle.elf
2021-08-31 03:18:54,567 :: INFO :: Control node : Stop control node serial interface
2021-08-31 03:18:54,576 :: INFO :: Control node : stop power of open node
2021-08-31 03:18:54,652 :: INFO :: Control node : reset
2021-08-31 03:18:54,659 :: INFO :: Reset Control Node
2021-08-31 03:18:57,500 :: INFO :: Stop experiment succeeded
