2021-08-31 02:18:29,231 :: INFO :: Start experiment: luna-275820
2021-08-31 02:18:29,234 :: INFO :: Control node : Starting of control node serial interface
2021-08-31 02:18:29,237 :: INFO :: Control node : reset
2021-08-31 02:18:29,239 :: INFO :: Reset Control Node
2021-08-31 02:18:32,099 :: INFO :: Control node : start power of open node
2021-08-31 02:18:32,127 :: INFO :: Node OpenOCD: Setup of openocd node
2021-08-31 02:18:35,165 :: INFO :: Node OpenOCD: flash of openocd node
2021-08-31 02:18:35,183 :: INFO :: Flash firmware on OpenOCD: /tmp/tmp9dPz7A--cb924b41fcfd3e3c0bada58631722ec6_unicast-sender-count-30T-100B.iotlab-m3
2021-08-31 02:18:42,027 :: INFO :: Control node : Start experiment
2021-08-31 02:18:42,110 :: INFO :: Control Node set time delay: 1709 us
2021-08-31 02:18:42,126 :: INFO :: Control node : profile configuration
2021-08-31 02:18:42,133 :: INFO :: Configure profile on Control Node
2021-08-31 02:18:42,212 :: INFO :: Start experiment succeeded
2021-08-31 03:18:48,172 :: INFO :: Gateway Manager : Stop experiment
2021-08-31 03:18:48,181 :: INFO :: Stop experiment
2021-08-31 03:18:48,188 :: INFO :: Control node : stop of the experiment
2021-08-31 03:18:48,198 :: INFO :: Control node : profile configuration
2021-08-31 03:18:48,205 :: INFO :: Configure profile on Control Node
2021-08-31 03:18:48,271 :: INFO :: Control node : start power of open node
2021-08-31 03:18:48,311 :: INFO :: Node OpenOCD: teardown of openocd node
2021-08-31 03:18:51,358 :: INFO :: openocd node debugger stop
2021-08-31 03:18:52,043 :: INFO :: Node OpenOCD: flash of openocd node
2021-08-31 03:18:52,058 :: INFO :: Flash firmware on OpenOCD: /usr/lib/python2.7/site-packages/gateway_code/static/m3_idle.elf
2021-08-31 03:18:54,526 :: INFO :: Control node : Stop control node serial interface
2021-08-31 03:18:54,535 :: INFO :: Control node : stop power of open node
2021-08-31 03:18:54,613 :: INFO :: Control node : reset
2021-08-31 03:18:54,619 :: INFO :: Reset Control Node
2021-08-31 03:18:57,401 :: INFO :: Stop experiment succeeded
