2021-08-31 02:18:29,235 :: INFO :: Start experiment: luna-275820
2021-08-31 02:18:29,239 :: INFO :: Control node : Starting of control node serial interface
2021-08-31 02:18:29,242 :: INFO :: Control node : reset
2021-08-31 02:18:29,244 :: INFO :: Reset Control Node
2021-08-31 02:18:32,094 :: INFO :: Control node : start power of open node
2021-08-31 02:18:32,149 :: INFO :: Node OpenOCD: Setup of openocd node
2021-08-31 02:18:35,197 :: INFO :: Node OpenOCD: flash of openocd node
2021-08-31 02:18:35,215 :: INFO :: Flash firmware on OpenOCD: /tmp/tmpG1CciX--cb924b41fcfd3e3c0bada58631722ec6_unicast-sender-count-30T-100B.iotlab-m3
2021-08-31 02:18:42,034 :: INFO :: Control node : Start experiment
2021-08-31 02:18:42,086 :: INFO :: Control Node set time delay: 1343 us
2021-08-31 02:18:42,118 :: INFO :: Control node : profile configuration
2021-08-31 02:18:42,125 :: INFO :: Configure profile on Control Node
2021-08-31 02:18:42,171 :: INFO :: Start experiment succeeded
2021-08-31 03:18:48,195 :: INFO :: Gateway Manager : Stop experiment
2021-08-31 03:18:48,213 :: INFO :: Stop experiment
2021-08-31 03:18:48,228 :: INFO :: Control node : stop of the experiment
2021-08-31 03:18:48,232 :: INFO :: Control node : profile configuration
2021-08-31 03:18:48,235 :: INFO :: Configure profile on Control Node
2021-08-31 03:18:48,273 :: INFO :: Control node : start power of open node
2021-08-31 03:18:48,297 :: INFO :: Node OpenOCD: teardown of openocd node
2021-08-31 03:18:51,330 :: INFO :: openocd node debugger stop
2021-08-31 03:18:52,021 :: INFO :: Node OpenOCD: flash of openocd node
2021-08-31 03:18:52,035 :: INFO :: Flash firmware on OpenOCD: /usr/lib/python2.7/site-packages/gateway_code/static/m3_idle.elf
2021-08-31 03:18:54,506 :: INFO :: Control node : Stop control node serial interface
2021-08-31 03:18:54,511 :: INFO :: Control node : stop power of open node
2021-08-31 03:18:54,563 :: INFO :: Control node : reset
2021-08-31 03:18:54,567 :: INFO :: Reset Control Node
2021-08-31 03:18:57,398 :: INFO :: Stop experiment succeeded
