2021-08-31 02:18:29,214 :: INFO :: Start experiment: luna-275820
2021-08-31 02:18:29,218 :: INFO :: Control node : Starting of control node serial interface
2021-08-31 02:18:29,220 :: INFO :: Control node : reset
2021-08-31 02:18:29,223 :: INFO :: Reset Control Node
2021-08-31 02:18:32,122 :: INFO :: Control node : start power of open node
2021-08-31 02:18:32,178 :: INFO :: Node OpenOCD: Setup of openocd node
2021-08-31 02:18:35,217 :: INFO :: Node OpenOCD: flash of openocd node
2021-08-31 02:18:35,235 :: INFO :: Flash firmware on OpenOCD: /tmp/tmpBAO_w1--cb924b41fcfd3e3c0bada58631722ec6_unicast-sender-count-30T-100B.iotlab-m3
2021-08-31 02:18:41,958 :: INFO :: Control node : Start experiment
2021-08-31 02:18:42,005 :: INFO :: Control Node set time delay: 1648 us
2021-08-31 02:18:42,039 :: INFO :: Control node : profile configuration
2021-08-31 02:18:42,046 :: INFO :: Configure profile on Control Node
2021-08-31 02:18:42,126 :: INFO :: Start experiment succeeded
2021-08-31 03:18:48,176 :: INFO :: Gateway Manager : Stop experiment
2021-08-31 03:18:48,185 :: INFO :: Stop experiment
2021-08-31 03:18:48,194 :: INFO :: Control node : stop of the experiment
2021-08-31 03:18:48,201 :: INFO :: Control node : profile configuration
2021-08-31 03:18:48,208 :: INFO :: Configure profile on Control Node
2021-08-31 03:18:48,280 :: INFO :: Control node : start power of open node
2021-08-31 03:18:48,324 :: INFO :: Node OpenOCD: teardown of openocd node
2021-08-31 03:18:51,403 :: INFO :: openocd node debugger stop
2021-08-31 03:18:52,089 :: INFO :: Node OpenOCD: flash of openocd node
2021-08-31 03:18:52,096 :: INFO :: Flash firmware on OpenOCD: /usr/lib/python2.7/site-packages/gateway_code/static/m3_idle.elf
2021-08-31 03:18:54,508 :: INFO :: Control node : Stop control node serial interface
2021-08-31 03:18:54,513 :: INFO :: Control node : stop power of open node
2021-08-31 03:18:54,565 :: INFO :: Control node : reset
2021-08-31 03:18:54,571 :: INFO :: Reset Control Node
2021-08-31 03:18:57,409 :: INFO :: Stop experiment succeeded
