2021-08-31 02:18:29,213 :: INFO :: Start experiment: luna-275820
2021-08-31 02:18:29,217 :: INFO :: Control node : Starting of control node serial interface
2021-08-31 02:18:29,219 :: INFO :: Control node : reset
2021-08-31 02:18:29,222 :: INFO :: Reset Control Node
2021-08-31 02:18:32,124 :: INFO :: Control node : start power of open node
2021-08-31 02:18:32,180 :: INFO :: Node OpenOCD: Setup of openocd node
2021-08-31 02:18:35,216 :: INFO :: Node OpenOCD: flash of openocd node
2021-08-31 02:18:35,234 :: INFO :: Flash firmware on OpenOCD: /tmp/tmpTKq6dm--cb924b41fcfd3e3c0bada58631722ec6_unicast-sender-count-30T-100B.iotlab-m3
2021-08-31 02:18:41,980 :: INFO :: Control node : Start experiment
2021-08-31 02:18:42,028 :: INFO :: Control Node set time delay: 1984 us
2021-08-31 02:18:42,060 :: INFO :: Control node : profile configuration
2021-08-31 02:18:42,067 :: INFO :: Configure profile on Control Node
2021-08-31 02:18:42,145 :: INFO :: Start experiment succeeded
2021-08-31 03:18:48,212 :: INFO :: Gateway Manager : Stop experiment
2021-08-31 03:18:48,226 :: INFO :: Stop experiment
2021-08-31 03:18:48,234 :: INFO :: Control node : stop of the experiment
2021-08-31 03:18:48,242 :: INFO :: Control node : profile configuration
2021-08-31 03:18:48,252 :: INFO :: Configure profile on Control Node
2021-08-31 03:18:48,321 :: INFO :: Control node : start power of open node
2021-08-31 03:18:48,364 :: INFO :: Node OpenOCD: teardown of openocd node
2021-08-31 03:18:51,415 :: INFO :: openocd node debugger stop
2021-08-31 03:18:52,110 :: INFO :: Node OpenOCD: flash of openocd node
2021-08-31 03:18:52,124 :: INFO :: Flash firmware on OpenOCD: /usr/lib/python2.7/site-packages/gateway_code/static/m3_idle.elf
2021-08-31 03:18:54,562 :: INFO :: Control node : Stop control node serial interface
2021-08-31 03:18:54,571 :: INFO :: Control node : stop power of open node
2021-08-31 03:18:54,649 :: INFO :: Control node : reset
2021-08-31 03:18:54,656 :: INFO :: Reset Control Node
2021-08-31 03:18:57,442 :: INFO :: Stop experiment succeeded
