2021-08-31 02:18:29,214 :: INFO :: Start experiment: luna-275820
2021-08-31 02:18:29,218 :: INFO :: Control node : Starting of control node serial interface
2021-08-31 02:18:29,220 :: INFO :: Control node : reset
2021-08-31 02:18:29,223 :: INFO :: Reset Control Node
2021-08-31 02:18:32,122 :: INFO :: Control node : start power of open node
2021-08-31 02:18:32,179 :: INFO :: Node OpenOCD: Setup of openocd node
2021-08-31 02:18:35,220 :: INFO :: Node OpenOCD: flash of openocd node
2021-08-31 02:18:35,238 :: INFO :: Flash firmware on OpenOCD: /tmp/tmpmlBeet--cb924b41fcfd3e3c0bada58631722ec6_unicast-sender-count-30T-100B.iotlab-m3
2021-08-31 02:18:42,139 :: INFO :: Control node : Start experiment
2021-08-31 02:18:42,190 :: INFO :: Control Node set time delay: 1709 us
2021-08-31 02:18:42,223 :: INFO :: Control node : profile configuration
2021-08-31 02:18:42,230 :: INFO :: Configure profile on Control Node
2021-08-31 02:18:42,273 :: INFO :: Start experiment succeeded
2021-08-31 03:18:48,182 :: INFO :: Gateway Manager : Stop experiment
2021-08-31 03:18:48,191 :: INFO :: Stop experiment
2021-08-31 03:18:48,200 :: INFO :: Control node : stop of the experiment
2021-08-31 03:18:48,208 :: INFO :: Control node : profile configuration
2021-08-31 03:18:48,215 :: INFO :: Configure profile on Control Node
2021-08-31 03:18:48,289 :: INFO :: Control node : start power of open node
2021-08-31 03:18:48,333 :: INFO :: Node OpenOCD: teardown of openocd node
2021-08-31 03:18:51,403 :: INFO :: openocd node debugger stop
2021-08-31 03:18:52,085 :: INFO :: Node OpenOCD: flash of openocd node
2021-08-31 03:18:52,092 :: INFO :: Flash firmware on OpenOCD: /usr/lib/python2.7/site-packages/gateway_code/static/m3_idle.elf
2021-08-31 03:18:54,503 :: INFO :: Control node : Stop control node serial interface
2021-08-31 03:18:54,512 :: INFO :: Control node : stop power of open node
2021-08-31 03:18:54,577 :: INFO :: Control node : reset
2021-08-31 03:18:54,584 :: INFO :: Reset Control Node
2021-08-31 03:18:57,370 :: INFO :: Stop experiment succeeded
