2021-08-31 02:18:29,247 :: INFO :: Start experiment: luna-275820
2021-08-31 02:18:29,251 :: INFO :: Control node : Starting of control node serial interface
2021-08-31 02:18:29,254 :: INFO :: Control node : reset
2021-08-31 02:18:29,256 :: INFO :: Reset Control Node
2021-08-31 02:18:32,138 :: INFO :: Control node : start power of open node
2021-08-31 02:18:32,166 :: INFO :: Node OpenOCD: Setup of openocd node
2021-08-31 02:18:35,206 :: INFO :: Node OpenOCD: flash of openocd node
2021-08-31 02:18:35,224 :: INFO :: Flash firmware on OpenOCD: /tmp/tmpL5BIJ5--cb924b41fcfd3e3c0bada58631722ec6_unicast-sender-count-30T-100B.iotlab-m3
2021-08-31 02:18:42,043 :: INFO :: Control node : Start experiment
2021-08-31 02:18:42,136 :: INFO :: Control Node set time delay: 1495 us
2021-08-31 02:18:42,161 :: INFO :: Control node : profile configuration
2021-08-31 02:18:42,168 :: INFO :: Configure profile on Control Node
2021-08-31 02:18:42,215 :: INFO :: Start experiment succeeded
2021-08-31 03:18:48,222 :: INFO :: Gateway Manager : Stop experiment
2021-08-31 03:18:48,238 :: INFO :: Stop experiment
2021-08-31 03:18:48,246 :: INFO :: Control node : stop of the experiment
2021-08-31 03:18:48,253 :: INFO :: Control node : profile configuration
2021-08-31 03:18:48,260 :: INFO :: Configure profile on Control Node
2021-08-31 03:18:48,332 :: INFO :: Control node : start power of open node
2021-08-31 03:18:48,374 :: INFO :: Node OpenOCD: teardown of openocd node
2021-08-31 03:18:51,434 :: INFO :: openocd node debugger stop
2021-08-31 03:18:52,025 :: INFO :: Node OpenOCD: flash of openocd node
2021-08-31 03:18:52,039 :: INFO :: Flash firmware on OpenOCD: /usr/lib/python2.7/site-packages/gateway_code/static/m3_idle.elf
2021-08-31 03:18:54,423 :: INFO :: Control node : Stop control node serial interface
2021-08-31 03:18:54,432 :: INFO :: Control node : stop power of open node
2021-08-31 03:18:54,510 :: INFO :: Control node : reset
2021-08-31 03:18:54,517 :: INFO :: Reset Control Node
2021-08-31 03:18:57,354 :: INFO :: Stop experiment succeeded
