2021-08-31 02:18:29,230 :: INFO :: Start experiment: luna-275820
2021-08-31 02:18:29,233 :: INFO :: Control node : Starting of control node serial interface
2021-08-31 02:18:29,236 :: INFO :: Control node : reset
2021-08-31 02:18:29,239 :: INFO :: Reset Control Node
2021-08-31 02:18:32,137 :: INFO :: Control node : start power of open node
2021-08-31 02:18:32,181 :: INFO :: Node OpenOCD: Setup of openocd node
2021-08-31 02:18:35,210 :: INFO :: Node OpenOCD: flash of openocd node
2021-08-31 02:18:35,228 :: INFO :: Flash firmware on OpenOCD: /tmp/tmpoXbiIg--cb924b41fcfd3e3c0bada58631722ec6_unicast-sender-count-30T-100B.iotlab-m3
2021-08-31 02:18:42,069 :: INFO :: Control node : Start experiment
2021-08-31 02:18:42,134 :: INFO :: Control Node set time delay: 1983 us
2021-08-31 02:18:42,166 :: INFO :: Control node : profile configuration
2021-08-31 02:18:42,173 :: INFO :: Configure profile on Control Node
2021-08-31 02:18:42,251 :: INFO :: Start experiment succeeded
2021-08-31 03:18:48,176 :: INFO :: Gateway Manager : Stop experiment
2021-08-31 03:18:48,185 :: INFO :: Stop experiment
2021-08-31 03:18:48,194 :: INFO :: Control node : stop of the experiment
2021-08-31 03:18:48,201 :: INFO :: Control node : profile configuration
2021-08-31 03:18:48,209 :: INFO :: Configure profile on Control Node
2021-08-31 03:18:48,284 :: INFO :: Control node : start power of open node
2021-08-31 03:18:48,329 :: INFO :: Node OpenOCD: teardown of openocd node
2021-08-31 03:18:51,406 :: INFO :: openocd node debugger stop
2021-08-31 03:18:52,091 :: INFO :: Node OpenOCD: flash of openocd node
2021-08-31 03:18:52,106 :: INFO :: Flash firmware on OpenOCD: /usr/lib/python2.7/site-packages/gateway_code/static/m3_idle.elf
2021-08-31 03:18:54,568 :: INFO :: Control node : Stop control node serial interface
2021-08-31 03:18:54,573 :: INFO :: Control node : stop power of open node
2021-08-31 03:18:54,627 :: INFO :: Control node : reset
2021-08-31 03:18:54,631 :: INFO :: Reset Control Node
2021-08-31 03:18:57,439 :: INFO :: Stop experiment succeeded
