2021-08-31 02:18:29,247 :: INFO :: Start experiment: luna-275820
2021-08-31 02:18:29,250 :: INFO :: Control node : Starting of control node serial interface
2021-08-31 02:18:29,253 :: INFO :: Control node : reset
2021-08-31 02:18:29,256 :: INFO :: Reset Control Node
2021-08-31 02:18:32,125 :: INFO :: Control node : start power of open node
2021-08-31 02:18:32,153 :: INFO :: Node OpenOCD: Setup of openocd node
2021-08-31 02:18:35,192 :: INFO :: Node OpenOCD: flash of openocd node
2021-08-31 02:18:35,210 :: INFO :: Flash firmware on OpenOCD: /tmp/tmpnDvvtv--cb924b41fcfd3e3c0bada58631722ec6_unicast-sender-count-30T-100B.iotlab-m3
2021-08-31 02:18:41,948 :: INFO :: Control node : Start experiment
2021-08-31 02:18:42,000 :: INFO :: Control Node set time delay: 1129 us
2021-08-31 02:18:42,017 :: INFO :: Control node : profile configuration
2021-08-31 02:18:42,024 :: INFO :: Configure profile on Control Node
2021-08-31 02:18:42,102 :: INFO :: Start experiment succeeded
2021-08-31 03:18:48,220 :: INFO :: Gateway Manager : Stop experiment
2021-08-31 03:18:48,237 :: INFO :: Stop experiment
2021-08-31 03:18:48,245 :: INFO :: Control node : stop of the experiment
2021-08-31 03:18:48,252 :: INFO :: Control node : profile configuration
2021-08-31 03:18:48,259 :: INFO :: Configure profile on Control Node
2021-08-31 03:18:48,331 :: INFO :: Control node : start power of open node
2021-08-31 03:18:48,374 :: INFO :: Node OpenOCD: teardown of openocd node
2021-08-31 03:18:51,424 :: INFO :: openocd node debugger stop
2021-08-31 03:18:52,114 :: INFO :: Node OpenOCD: flash of openocd node
2021-08-31 03:18:52,129 :: INFO :: Flash firmware on OpenOCD: /usr/lib/python2.7/site-packages/gateway_code/static/m3_idle.elf
2021-08-31 03:18:54,587 :: INFO :: Control node : Stop control node serial interface
2021-08-31 03:18:54,596 :: INFO :: Control node : stop power of open node
2021-08-31 03:18:54,673 :: INFO :: Control node : reset
2021-08-31 03:18:54,679 :: INFO :: Reset Control Node
2021-08-31 03:18:57,463 :: INFO :: Stop experiment succeeded
