2021-08-31 02:18:29,208 :: INFO :: Start experiment: luna-275820
2021-08-31 02:18:29,211 :: INFO :: Control node : Starting of control node serial interface
2021-08-31 02:18:29,214 :: INFO :: Control node : reset
2021-08-31 02:18:29,216 :: INFO :: Reset Control Node
2021-08-31 02:18:32,118 :: INFO :: Control node : start power of open node
2021-08-31 02:18:32,174 :: INFO :: Node OpenOCD: Setup of openocd node
2021-08-31 02:18:35,211 :: INFO :: Node OpenOCD: flash of openocd node
2021-08-31 02:18:35,229 :: INFO :: Flash firmware on OpenOCD: /tmp/tmpzOvwy7--ddd0625ff8382e7208c25657471d6a4a_unicast-receiver-count.iotlab-m3
2021-08-31 02:18:41,705 :: INFO :: Control node : Start experiment
2021-08-31 02:18:41,765 :: INFO :: Control Node set time delay: 1801 us
2021-08-31 02:18:41,773 :: INFO :: Control node : profile configuration
2021-08-31 02:18:41,777 :: INFO :: Configure profile on Control Node
2021-08-31 02:18:41,817 :: INFO :: Start experiment succeeded
2021-08-31 03:18:48,165 :: INFO :: Gateway Manager : Stop experiment
2021-08-31 03:18:48,174 :: INFO :: Stop experiment
2021-08-31 03:18:48,182 :: INFO :: Control node : stop of the experiment
2021-08-31 03:18:48,189 :: INFO :: Control node : profile configuration
2021-08-31 03:18:48,195 :: INFO :: Configure profile on Control Node
2021-08-31 03:18:48,262 :: INFO :: Control node : start power of open node
2021-08-31 03:18:48,303 :: INFO :: Node OpenOCD: teardown of openocd node
2021-08-31 03:18:51,354 :: INFO :: openocd node debugger stop
2021-08-31 03:18:52,035 :: INFO :: Node OpenOCD: flash of openocd node
2021-08-31 03:18:52,042 :: INFO :: Flash firmware on OpenOCD: /usr/lib/python2.7/site-packages/gateway_code/static/m3_idle.elf
2021-08-31 03:18:54,447 :: INFO :: Control node : Stop control node serial interface
2021-08-31 03:18:54,455 :: INFO :: Control node : stop power of open node
2021-08-31 03:18:54,531 :: INFO :: Control node : reset
2021-08-31 03:18:54,538 :: INFO :: Reset Control Node
2021-08-31 03:18:57,314 :: INFO :: Stop experiment succeeded
