2021-08-31 02:18:29,215 :: INFO :: Start experiment: luna-275820
2021-08-31 02:18:29,219 :: INFO :: Control node : Starting of control node serial interface
2021-08-31 02:18:29,221 :: INFO :: Control node : reset
2021-08-31 02:18:29,224 :: INFO :: Reset Control Node
2021-08-31 02:18:32,130 :: INFO :: Control node : start power of open node
2021-08-31 02:18:32,187 :: INFO :: Node OpenOCD: Setup of openocd node
2021-08-31 02:18:35,239 :: INFO :: Node OpenOCD: flash of openocd node
2021-08-31 02:18:35,256 :: INFO :: Flash firmware on OpenOCD: /tmp/tmpNj6U9I--cb924b41fcfd3e3c0bada58631722ec6_unicast-sender-count-30T-100B.iotlab-m3
2021-08-31 02:18:42,163 :: INFO :: Control node : Start experiment
2021-08-31 02:18:42,214 :: INFO :: Control Node set time delay: 1618 us
2021-08-31 02:18:42,248 :: INFO :: Control node : profile configuration
2021-08-31 02:18:42,252 :: INFO :: Configure profile on Control Node
2021-08-31 02:18:42,295 :: INFO :: Start experiment succeeded
2021-08-31 03:18:48,207 :: INFO :: Gateway Manager : Stop experiment
2021-08-31 03:18:48,228 :: INFO :: Stop experiment
2021-08-31 03:18:48,246 :: INFO :: Control node : stop of the experiment
2021-08-31 03:18:48,262 :: INFO :: Control node : profile configuration
2021-08-31 03:18:48,283 :: INFO :: Configure profile on Control Node
2021-08-31 03:18:48,442 :: INFO :: Control node : start power of open node
2021-08-31 03:18:48,471 :: INFO :: Node OpenOCD: teardown of openocd node
2021-08-31 03:18:51,517 :: INFO :: openocd node debugger stop
2021-08-31 03:18:52,214 :: INFO :: Node OpenOCD: flash of openocd node
2021-08-31 03:18:52,229 :: INFO :: Flash firmware on OpenOCD: /usr/lib/python2.7/site-packages/gateway_code/static/m3_idle.elf
2021-08-31 03:18:54,690 :: INFO :: Control node : Stop control node serial interface
2021-08-31 03:18:54,695 :: INFO :: Control node : stop power of open node
2021-08-31 03:18:54,748 :: INFO :: Control node : reset
2021-08-31 03:18:54,752 :: INFO :: Reset Control Node
2021-08-31 03:18:57,639 :: INFO :: Stop experiment succeeded
