2021-08-31 02:18:29,238 :: INFO :: Start experiment: luna-275820
2021-08-31 02:18:29,242 :: INFO :: Control node : Starting of control node serial interface
2021-08-31 02:18:29,244 :: INFO :: Control node : reset
2021-08-31 02:18:29,247 :: INFO :: Reset Control Node
2021-08-31 02:18:32,150 :: INFO :: Control node : start power of open node
2021-08-31 02:18:32,206 :: INFO :: Node OpenOCD: Setup of openocd node
2021-08-31 02:18:35,244 :: INFO :: Node OpenOCD: flash of openocd node
2021-08-31 02:18:35,262 :: INFO :: Flash firmware on OpenOCD: /tmp/tmpt5feN0--cb924b41fcfd3e3c0bada58631722ec6_unicast-sender-count-30T-100B.iotlab-m3
2021-08-31 02:18:42,036 :: INFO :: Control node : Start experiment
2021-08-31 02:18:42,100 :: INFO :: Control Node set time delay: 1129 us
2021-08-31 02:18:42,123 :: INFO :: Control node : profile configuration
2021-08-31 02:18:42,129 :: INFO :: Configure profile on Control Node
2021-08-31 02:18:42,209 :: INFO :: Start experiment succeeded
2021-08-31 03:18:48,206 :: INFO :: Gateway Manager : Stop experiment
2021-08-31 03:18:48,223 :: INFO :: Stop experiment
2021-08-31 03:18:48,232 :: INFO :: Control node : stop of the experiment
2021-08-31 03:18:48,239 :: INFO :: Control node : profile configuration
2021-08-31 03:18:48,249 :: INFO :: Configure profile on Control Node
2021-08-31 03:18:48,319 :: INFO :: Control node : start power of open node
2021-08-31 03:18:48,361 :: INFO :: Node OpenOCD: teardown of openocd node
2021-08-31 03:18:51,421 :: INFO :: openocd node debugger stop
2021-08-31 03:18:52,012 :: INFO :: Node OpenOCD: flash of openocd node
2021-08-31 03:18:52,027 :: INFO :: Flash firmware on OpenOCD: /usr/lib/python2.7/site-packages/gateway_code/static/m3_idle.elf
2021-08-31 03:18:54,502 :: INFO :: Control node : Stop control node serial interface
2021-08-31 03:18:54,506 :: INFO :: Control node : stop power of open node
2021-08-31 03:18:54,557 :: INFO :: Control node : reset
2021-08-31 03:18:54,563 :: INFO :: Reset Control Node
2021-08-31 03:18:57,398 :: INFO :: Stop experiment succeeded
