2021-08-31 02:18:29,247 :: INFO :: Start experiment: luna-275820
2021-08-31 02:18:29,251 :: INFO :: Control node : Starting of control node serial interface
2021-08-31 02:18:29,254 :: INFO :: Control node : reset
2021-08-31 02:18:29,256 :: INFO :: Reset Control Node
2021-08-31 02:18:32,158 :: INFO :: Control node : start power of open node
2021-08-31 02:18:32,215 :: INFO :: Node OpenOCD: Setup of openocd node
2021-08-31 02:18:35,264 :: INFO :: Node OpenOCD: flash of openocd node
2021-08-31 02:18:35,282 :: INFO :: Flash firmware on OpenOCD: /tmp/tmprCrIYL--cb924b41fcfd3e3c0bada58631722ec6_unicast-sender-count-30T-100B.iotlab-m3
2021-08-31 02:18:42,188 :: INFO :: Control node : Start experiment
2021-08-31 02:18:42,238 :: INFO :: Control Node set time delay: 1007 us
2021-08-31 02:18:42,269 :: INFO :: Control node : profile configuration
2021-08-31 02:18:42,273 :: INFO :: Configure profile on Control Node
2021-08-31 02:18:42,314 :: INFO :: Start experiment succeeded
2021-08-31 03:18:48,177 :: INFO :: Gateway Manager : Stop experiment
2021-08-31 03:18:48,186 :: INFO :: Stop experiment
2021-08-31 03:18:48,194 :: INFO :: Control node : stop of the experiment
2021-08-31 03:18:48,201 :: INFO :: Control node : profile configuration
2021-08-31 03:18:48,210 :: INFO :: Configure profile on Control Node
2021-08-31 03:18:48,277 :: INFO :: Control node : start power of open node
2021-08-31 03:18:48,319 :: INFO :: Node OpenOCD: teardown of openocd node
2021-08-31 03:18:51,364 :: INFO :: openocd node debugger stop
2021-08-31 03:18:52,047 :: INFO :: Node OpenOCD: flash of openocd node
2021-08-31 03:18:52,055 :: INFO :: Flash firmware on OpenOCD: /usr/lib/python2.7/site-packages/gateway_code/static/m3_idle.elf
2021-08-31 03:18:54,406 :: INFO :: Control node : Stop control node serial interface
2021-08-31 03:18:54,412 :: INFO :: Control node : stop power of open node
2021-08-31 03:18:54,464 :: INFO :: Control node : reset
2021-08-31 03:18:54,468 :: INFO :: Reset Control Node
2021-08-31 03:18:57,236 :: INFO :: Stop experiment succeeded
