2021-08-31 02:18:29,242 :: INFO :: Start experiment: luna-275820
2021-08-31 02:18:29,246 :: INFO :: Control node : Starting of control node serial interface
2021-08-31 02:18:29,248 :: INFO :: Control node : reset
2021-08-31 02:18:29,251 :: INFO :: Reset Control Node
2021-08-31 02:18:32,141 :: INFO :: Control node : start power of open node
2021-08-31 02:18:32,156 :: INFO :: Node OpenOCD: Setup of openocd node
2021-08-31 02:18:35,187 :: INFO :: Node OpenOCD: flash of openocd node
2021-08-31 02:18:35,205 :: INFO :: Flash firmware on OpenOCD: /tmp/tmpvvL8Th--cb924b41fcfd3e3c0bada58631722ec6_unicast-sender-count-30T-100B.iotlab-m3
2021-08-31 02:18:42,111 :: INFO :: Control node : Start experiment
2021-08-31 02:18:42,161 :: INFO :: Control Node set time delay: 1099 us
2021-08-31 02:18:42,194 :: INFO :: Control node : profile configuration
2021-08-31 02:18:42,198 :: INFO :: Configure profile on Control Node
2021-08-31 02:18:42,239 :: INFO :: Start experiment succeeded
2021-08-31 03:18:48,178 :: INFO :: Gateway Manager : Stop experiment
2021-08-31 03:18:48,187 :: INFO :: Stop experiment
2021-08-31 03:18:48,196 :: INFO :: Control node : stop of the experiment
2021-08-31 03:18:48,203 :: INFO :: Control node : profile configuration
2021-08-31 03:18:48,211 :: INFO :: Configure profile on Control Node
2021-08-31 03:18:48,286 :: INFO :: Control node : start power of open node
2021-08-31 03:18:48,331 :: INFO :: Node OpenOCD: teardown of openocd node
2021-08-31 03:18:51,412 :: INFO :: openocd node debugger stop
2021-08-31 03:18:52,006 :: INFO :: Node OpenOCD: flash of openocd node
2021-08-31 03:18:52,021 :: INFO :: Flash firmware on OpenOCD: /usr/lib/python2.7/site-packages/gateway_code/static/m3_idle.elf
2021-08-31 03:18:54,441 :: INFO :: Control node : Stop control node serial interface
2021-08-31 03:18:54,450 :: INFO :: Control node : stop power of open node
2021-08-31 03:18:54,525 :: INFO :: Control node : reset
2021-08-31 03:18:54,531 :: INFO :: Reset Control Node
2021-08-31 03:18:57,373 :: INFO :: Stop experiment succeeded
