2021-08-31 02:18:29,246 :: INFO :: Start experiment: luna-275820
2021-08-31 02:18:29,249 :: INFO :: Control node : Starting of control node serial interface
2021-08-31 02:18:29,252 :: INFO :: Control node : reset
2021-08-31 02:18:29,255 :: INFO :: Reset Control Node
2021-08-31 02:18:32,157 :: INFO :: Control node : start power of open node
2021-08-31 02:18:32,201 :: INFO :: Node OpenOCD: Setup of openocd node
2021-08-31 02:18:35,234 :: INFO :: Node OpenOCD: flash of openocd node
2021-08-31 02:18:35,252 :: INFO :: Flash firmware on OpenOCD: /tmp/tmpTf6Pxk--cb924b41fcfd3e3c0bada58631722ec6_unicast-sender-count-30T-100B.iotlab-m3
2021-08-31 02:18:42,046 :: INFO :: Control node : Start experiment
2021-08-31 02:18:42,107 :: INFO :: Control Node set time delay: 1801 us
2021-08-31 02:18:42,130 :: INFO :: Control node : profile configuration
2021-08-31 02:18:42,137 :: INFO :: Configure profile on Control Node
2021-08-31 02:18:42,216 :: INFO :: Start experiment succeeded
2021-08-31 03:18:48,170 :: INFO :: Gateway Manager : Stop experiment
2021-08-31 03:18:48,179 :: INFO :: Stop experiment
2021-08-31 03:18:48,187 :: INFO :: Control node : stop of the experiment
2021-08-31 03:18:48,195 :: INFO :: Control node : profile configuration
2021-08-31 03:18:48,202 :: INFO :: Configure profile on Control Node
2021-08-31 03:18:48,275 :: INFO :: Control node : start power of open node
2021-08-31 03:18:48,319 :: INFO :: Node OpenOCD: teardown of openocd node
2021-08-31 03:18:51,411 :: INFO :: openocd node debugger stop
2021-08-31 03:18:52,106 :: INFO :: Node OpenOCD: flash of openocd node
2021-08-31 03:18:52,121 :: INFO :: Flash firmware on OpenOCD: /usr/lib/python2.7/site-packages/gateway_code/static/m3_idle.elf
2021-08-31 03:18:54,556 :: INFO :: Control node : Stop control node serial interface
2021-08-31 03:18:54,561 :: INFO :: Control node : stop power of open node
2021-08-31 03:18:54,615 :: INFO :: Control node : reset
2021-08-31 03:18:54,619 :: INFO :: Reset Control Node
2021-08-31 03:18:57,503 :: INFO :: Stop experiment succeeded
