2021-08-31 02:18:29,245 :: INFO :: Start experiment: luna-275820
2021-08-31 02:18:29,249 :: INFO :: Control node : Starting of control node serial interface
2021-08-31 02:18:29,252 :: INFO :: Control node : reset
2021-08-31 02:18:29,255 :: INFO :: Reset Control Node
2021-08-31 02:18:32,157 :: INFO :: Control node : start power of open node
2021-08-31 02:18:32,212 :: INFO :: Node OpenOCD: Setup of openocd node
2021-08-31 02:18:35,254 :: INFO :: Node OpenOCD: flash of openocd node
2021-08-31 02:18:35,272 :: INFO :: Flash firmware on OpenOCD: /tmp/tmpCDf4Gj--cb924b41fcfd3e3c0bada58631722ec6_unicast-sender-count-30T-100B.iotlab-m3
2021-08-31 02:18:41,990 :: INFO :: Control node : Start experiment
2021-08-31 02:18:42,042 :: INFO :: Control Node set time delay: 1892 us
2021-08-31 02:18:42,064 :: INFO :: Control node : profile configuration
2021-08-31 02:18:42,071 :: INFO :: Configure profile on Control Node
2021-08-31 02:18:42,149 :: INFO :: Start experiment succeeded
2021-08-31 03:18:48,181 :: INFO :: Gateway Manager : Stop experiment
2021-08-31 03:18:48,190 :: INFO :: Stop experiment
2021-08-31 03:18:48,200 :: INFO :: Control node : stop of the experiment
2021-08-31 03:18:48,207 :: INFO :: Control node : profile configuration
2021-08-31 03:18:48,214 :: INFO :: Configure profile on Control Node
2021-08-31 03:18:48,288 :: INFO :: Control node : start power of open node
2021-08-31 03:18:48,331 :: INFO :: Node OpenOCD: teardown of openocd node
2021-08-31 03:18:51,402 :: INFO :: openocd node debugger stop
2021-08-31 03:18:52,092 :: INFO :: Node OpenOCD: flash of openocd node
2021-08-31 03:18:52,107 :: INFO :: Flash firmware on OpenOCD: /usr/lib/python2.7/site-packages/gateway_code/static/m3_idle.elf
2021-08-31 03:18:54,545 :: INFO :: Control node : Stop control node serial interface
2021-08-31 03:18:54,550 :: INFO :: Control node : stop power of open node
2021-08-31 03:18:54,602 :: INFO :: Control node : reset
2021-08-31 03:18:54,606 :: INFO :: Reset Control Node
2021-08-31 03:18:57,419 :: INFO :: Stop experiment succeeded
