2021-08-31 02:18:29,201 :: INFO :: Start experiment: luna-275820
2021-08-31 02:18:29,204 :: INFO :: Control node : Starting of control node serial interface
2021-08-31 02:18:29,207 :: INFO :: Control node : reset
2021-08-31 02:18:29,210 :: INFO :: Reset Control Node
2021-08-31 02:18:32,111 :: INFO :: Control node : start power of open node
2021-08-31 02:18:32,168 :: INFO :: Node OpenOCD: Setup of openocd node
2021-08-31 02:18:35,206 :: INFO :: Node OpenOCD: flash of openocd node
2021-08-31 02:18:35,224 :: INFO :: Flash firmware on OpenOCD: /tmp/tmpt2ZGjF--cb924b41fcfd3e3c0bada58631722ec6_unicast-sender-count-30T-100B.iotlab-m3
2021-08-31 02:18:42,080 :: INFO :: Control node : Start experiment
2021-08-31 02:18:42,127 :: INFO :: Control Node set time delay: 1831 us
2021-08-31 02:18:42,158 :: INFO :: Control node : profile configuration
2021-08-31 02:18:42,165 :: INFO :: Configure profile on Control Node
2021-08-31 02:18:42,223 :: INFO :: Start experiment succeeded
2021-08-31 03:18:48,177 :: INFO :: Gateway Manager : Stop experiment
2021-08-31 03:18:48,186 :: INFO :: Stop experiment
2021-08-31 03:18:48,194 :: INFO :: Control node : stop of the experiment
2021-08-31 03:18:48,202 :: INFO :: Control node : profile configuration
2021-08-31 03:18:48,212 :: INFO :: Configure profile on Control Node
2021-08-31 03:18:48,284 :: INFO :: Control node : start power of open node
2021-08-31 03:18:48,328 :: INFO :: Node OpenOCD: teardown of openocd node
2021-08-31 03:18:51,395 :: INFO :: openocd node debugger stop
2021-08-31 03:18:52,085 :: INFO :: Node OpenOCD: flash of openocd node
2021-08-31 03:18:52,100 :: INFO :: Flash firmware on OpenOCD: /usr/lib/python2.7/site-packages/gateway_code/static/m3_idle.elf
2021-08-31 03:18:54,560 :: INFO :: Control node : Stop control node serial interface
2021-08-31 03:18:54,565 :: INFO :: Control node : stop power of open node
2021-08-31 03:18:54,613 :: INFO :: Control node : reset
2021-08-31 03:18:54,618 :: INFO :: Reset Control Node
2021-08-31 03:18:57,455 :: INFO :: Stop experiment succeeded
