2021-08-31 02:18:29,237 :: INFO :: Start experiment: luna-275820
2021-08-31 02:18:29,241 :: INFO :: Control node : Starting of control node serial interface
2021-08-31 02:18:29,244 :: INFO :: Control node : reset
2021-08-31 02:18:29,246 :: INFO :: Reset Control Node
2021-08-31 02:18:32,098 :: INFO :: Control node : start power of open node
2021-08-31 02:18:32,157 :: INFO :: Node OpenOCD: Setup of openocd node
2021-08-31 02:18:35,200 :: INFO :: Node OpenOCD: flash of openocd node
2021-08-31 02:18:35,217 :: INFO :: Flash firmware on OpenOCD: /tmp/tmpUPAP4k--cb924b41fcfd3e3c0bada58631722ec6_unicast-sender-count-30T-100B.iotlab-m3
2021-08-31 02:18:42,283 :: INFO :: Control node : Start experiment
2021-08-31 02:18:42,367 :: INFO :: Control Node set time delay: 1373 us
2021-08-31 02:18:42,404 :: INFO :: Control node : profile configuration
2021-08-31 02:18:42,411 :: INFO :: Configure profile on Control Node
2021-08-31 02:18:42,451 :: INFO :: Start experiment succeeded
2021-08-31 03:18:48,222 :: INFO :: Gateway Manager : Stop experiment
2021-08-31 03:18:48,237 :: INFO :: Stop experiment
2021-08-31 03:18:48,246 :: INFO :: Control node : stop of the experiment
2021-08-31 03:18:48,254 :: INFO :: Control node : profile configuration
2021-08-31 03:18:48,261 :: INFO :: Configure profile on Control Node
2021-08-31 03:18:48,336 :: INFO :: Control node : start power of open node
2021-08-31 03:18:48,378 :: INFO :: Node OpenOCD: teardown of openocd node
2021-08-31 03:18:51,417 :: INFO :: openocd node debugger stop
2021-08-31 03:18:52,107 :: INFO :: Node OpenOCD: flash of openocd node
2021-08-31 03:18:52,123 :: INFO :: Flash firmware on OpenOCD: /usr/lib/python2.7/site-packages/gateway_code/static/m3_idle.elf
2021-08-31 03:18:54,589 :: INFO :: Control node : Stop control node serial interface
2021-08-31 03:18:54,598 :: INFO :: Control node : stop power of open node
2021-08-31 03:18:54,676 :: INFO :: Control node : reset
2021-08-31 03:18:54,683 :: INFO :: Reset Control Node
2021-08-31 03:18:57,520 :: INFO :: Stop experiment succeeded
