2021-09-06 06:57:18,799 :: INFO :: Start experiment: luna-276403
2021-09-06 06:57:18,803 :: INFO :: Control node : Starting of control node serial interface
2021-09-06 06:57:18,805 :: INFO :: Control node : reset
2021-09-06 06:57:18,808 :: INFO :: Reset Control Node
2021-09-06 06:57:21,683 :: INFO :: Control node : start power of open node
2021-09-06 06:57:21,710 :: INFO :: Node OpenOCD: Setup of openocd node
2021-09-06 06:57:24,748 :: INFO :: Node OpenOCD: flash of openocd node
2021-09-06 06:57:24,766 :: INFO :: Flash firmware on OpenOCD: /tmp/tmpOZkFMo--3e6b491341ebfbb107b5d3aaa6c4431d_unicast-sender-count-10T-191B.iotlab-m3
2021-09-06 06:57:31,559 :: INFO :: Control node : Start experiment
2021-09-06 06:57:31,589 :: INFO :: Control Node set time delay: 977 us
2021-09-06 06:57:31,607 :: INFO :: Control node : profile configuration
2021-09-06 06:57:31,611 :: INFO :: Configure profile on Control Node
2021-09-06 06:57:31,655 :: INFO :: Start experiment succeeded
2021-09-06 07:57:37,605 :: INFO :: Gateway Manager : Stop experiment
2021-09-06 07:57:37,618 :: INFO :: Stop experiment
2021-09-06 07:57:37,629 :: INFO :: Control node : stop of the experiment
2021-09-06 07:57:37,642 :: INFO :: Control node : profile configuration
2021-09-06 07:57:37,649 :: INFO :: Configure profile on Control Node
2021-09-06 07:57:37,735 :: INFO :: Control node : start power of open node
2021-09-06 07:57:37,779 :: INFO :: Node OpenOCD: teardown of openocd node
2021-09-06 07:57:40,829 :: INFO :: openocd node debugger stop
2021-09-06 07:57:41,513 :: INFO :: Node OpenOCD: flash of openocd node
2021-09-06 07:57:41,520 :: INFO :: Flash firmware on OpenOCD: /usr/lib/python2.7/site-packages/gateway_code/static/m3_idle.elf
2021-09-06 07:57:43,925 :: INFO :: Control node : Stop control node serial interface
2021-09-06 07:57:43,929 :: INFO :: Control node : stop power of open node
2021-09-06 07:57:43,993 :: INFO :: Control node : reset
2021-09-06 07:57:43,999 :: INFO :: Reset Control Node
2021-09-06 07:57:46,835 :: INFO :: Stop experiment succeeded
