2021-09-06 06:57:18,810 :: INFO :: Start experiment: luna-276403
2021-09-06 06:57:18,813 :: INFO :: Control node : Starting of control node serial interface
2021-09-06 06:57:18,816 :: INFO :: Control node : reset
2021-09-06 06:57:18,819 :: INFO :: Reset Control Node
2021-09-06 06:57:21,725 :: INFO :: Control node : start power of open node
2021-09-06 06:57:21,780 :: INFO :: Node OpenOCD: Setup of openocd node
2021-09-06 06:57:24,830 :: INFO :: Node OpenOCD: flash of openocd node
2021-09-06 06:57:24,847 :: INFO :: Flash firmware on OpenOCD: /tmp/tmpHtW97U--3e6b491341ebfbb107b5d3aaa6c4431d_unicast-sender-count-10T-191B.iotlab-m3
2021-09-06 06:57:31,704 :: INFO :: Control node : Start experiment
2021-09-06 06:57:31,758 :: INFO :: Control Node set time delay: 1404 us
2021-09-06 06:57:31,790 :: INFO :: Control node : profile configuration
2021-09-06 06:57:31,797 :: INFO :: Configure profile on Control Node
2021-09-06 06:57:31,873 :: INFO :: Start experiment succeeded
2021-09-06 07:57:37,617 :: INFO :: Gateway Manager : Stop experiment
2021-09-06 07:57:37,628 :: INFO :: Stop experiment
2021-09-06 07:57:37,641 :: INFO :: Control node : stop of the experiment
2021-09-06 07:57:37,649 :: INFO :: Control node : profile configuration
2021-09-06 07:57:37,655 :: INFO :: Configure profile on Control Node
2021-09-06 07:57:37,738 :: INFO :: Control node : start power of open node
2021-09-06 07:57:37,781 :: INFO :: Node OpenOCD: teardown of openocd node
2021-09-06 07:57:40,834 :: INFO :: openocd node debugger stop
2021-09-06 07:57:41,528 :: INFO :: Node OpenOCD: flash of openocd node
2021-09-06 07:57:41,542 :: INFO :: Flash firmware on OpenOCD: /usr/lib/python2.7/site-packages/gateway_code/static/m3_idle.elf
2021-09-06 07:57:43,933 :: INFO :: Control node : Stop control node serial interface
2021-09-06 07:57:43,942 :: INFO :: Control node : stop power of open node
2021-09-06 07:57:44,017 :: INFO :: Control node : reset
2021-09-06 07:57:44,024 :: INFO :: Reset Control Node
2021-09-06 07:57:46,861 :: INFO :: Stop experiment succeeded
