2021-09-06 06:57:18,829 :: INFO :: Start experiment: luna-276403
2021-09-06 06:57:18,832 :: INFO :: Control node : Starting of control node serial interface
2021-09-06 06:57:18,835 :: INFO :: Control node : reset
2021-09-06 06:57:18,838 :: INFO :: Reset Control Node
2021-09-06 06:57:21,741 :: INFO :: Control node : start power of open node
2021-09-06 06:57:21,797 :: INFO :: Node OpenOCD: Setup of openocd node
2021-09-06 06:57:24,833 :: INFO :: Node OpenOCD: flash of openocd node
2021-09-06 06:57:24,851 :: INFO :: Flash firmware on OpenOCD: /tmp/tmpQ5GkRp--ddd0625ff8382e7208c25657471d6a4a_unicast-receiver-count.iotlab-m3
2021-09-06 06:57:31,339 :: INFO :: Control node : Start experiment
2021-09-06 06:57:31,427 :: INFO :: Control Node set time delay: 1983 us
2021-09-06 06:57:31,446 :: INFO :: Control node : profile configuration
2021-09-06 06:57:31,453 :: INFO :: Configure profile on Control Node
2021-09-06 06:57:31,531 :: INFO :: Start experiment succeeded
2021-09-06 07:57:37,607 :: INFO :: Gateway Manager : Stop experiment
2021-09-06 07:57:37,619 :: INFO :: Stop experiment
2021-09-06 07:57:37,630 :: INFO :: Control node : stop of the experiment
2021-09-06 07:57:37,638 :: INFO :: Control node : profile configuration
2021-09-06 07:57:37,648 :: INFO :: Configure profile on Control Node
2021-09-06 07:57:37,721 :: INFO :: Control node : start power of open node
2021-09-06 07:57:37,760 :: INFO :: Node OpenOCD: teardown of openocd node
2021-09-06 07:57:40,794 :: INFO :: openocd node debugger stop
2021-09-06 07:57:41,474 :: INFO :: Node OpenOCD: flash of openocd node
2021-09-06 07:57:41,481 :: INFO :: Flash firmware on OpenOCD: /usr/lib/python2.7/site-packages/gateway_code/static/m3_idle.elf
2021-09-06 07:57:43,886 :: INFO :: Control node : Stop control node serial interface
2021-09-06 07:57:43,895 :: INFO :: Control node : stop power of open node
2021-09-06 07:57:44,017 :: INFO :: Control node : reset
2021-09-06 07:57:44,024 :: INFO :: Reset Control Node
2021-09-06 07:57:46,805 :: INFO :: Stop experiment succeeded
