2021-09-06 06:57:18,819 :: INFO :: Start experiment: luna-276403
2021-09-06 06:57:18,823 :: INFO :: Control node : Starting of control node serial interface
2021-09-06 06:57:18,826 :: INFO :: Control node : reset
2021-09-06 06:57:18,828 :: INFO :: Reset Control Node
2021-09-06 06:57:21,785 :: INFO :: Control node : start power of open node
2021-09-06 06:57:21,825 :: INFO :: Node OpenOCD: Setup of openocd node
2021-09-06 06:57:24,856 :: INFO :: Node OpenOCD: flash of openocd node
2021-09-06 06:57:24,872 :: INFO :: Flash firmware on OpenOCD: /tmp/tmpNp3LTb--3e6b491341ebfbb107b5d3aaa6c4431d_unicast-sender-count-10T-191B.iotlab-m3
2021-09-06 06:57:31,608 :: INFO :: Control node : Start experiment
2021-09-06 06:57:31,668 :: INFO :: Control Node set time delay: 1739 us
2021-09-06 06:57:31,693 :: INFO :: Control node : profile configuration
2021-09-06 06:57:31,699 :: INFO :: Configure profile on Control Node
2021-09-06 06:57:31,739 :: INFO :: Start experiment succeeded
2021-09-06 07:57:37,618 :: INFO :: Gateway Manager : Stop experiment
2021-09-06 07:57:37,630 :: INFO :: Stop experiment
2021-09-06 07:57:37,643 :: INFO :: Control node : stop of the experiment
2021-09-06 07:57:37,651 :: INFO :: Control node : profile configuration
2021-09-06 07:57:37,658 :: INFO :: Configure profile on Control Node
2021-09-06 07:57:37,754 :: INFO :: Control node : start power of open node
2021-09-06 07:57:37,799 :: INFO :: Node OpenOCD: teardown of openocd node
2021-09-06 07:57:40,846 :: INFO :: openocd node debugger stop
2021-09-06 07:57:41,530 :: INFO :: Node OpenOCD: flash of openocd node
2021-09-06 07:57:41,545 :: INFO :: Flash firmware on OpenOCD: /usr/lib/python2.7/site-packages/gateway_code/static/m3_idle.elf
2021-09-06 07:57:44,066 :: INFO :: Control node : Stop control node serial interface
2021-09-06 07:57:44,075 :: INFO :: Control node : stop power of open node
2021-09-06 07:57:44,177 :: INFO :: Control node : reset
2021-09-06 07:57:44,184 :: INFO :: Reset Control Node
2021-09-06 07:57:46,967 :: INFO :: Stop experiment succeeded
