2021-09-06 06:57:18,822 :: INFO :: Start experiment: luna-276403
2021-09-06 06:57:18,826 :: INFO :: Control node : Starting of control node serial interface
2021-09-06 06:57:18,829 :: INFO :: Control node : reset
2021-09-06 06:57:18,831 :: INFO :: Reset Control Node
2021-09-06 06:57:21,738 :: INFO :: Control node : start power of open node
2021-09-06 06:57:21,793 :: INFO :: Node OpenOCD: Setup of openocd node
2021-09-06 06:57:24,841 :: INFO :: Node OpenOCD: flash of openocd node
2021-09-06 06:57:24,859 :: INFO :: Flash firmware on OpenOCD: /tmp/tmp0NAi06--3e6b491341ebfbb107b5d3aaa6c4431d_unicast-sender-count-10T-191B.iotlab-m3
2021-09-06 06:57:31,719 :: INFO :: Control node : Start experiment
2021-09-06 06:57:31,771 :: INFO :: Control Node set time delay: 1740 us
2021-09-06 06:57:31,803 :: INFO :: Control node : profile configuration
2021-09-06 06:57:31,810 :: INFO :: Configure profile on Control Node
2021-09-06 06:57:31,858 :: INFO :: Start experiment succeeded
2021-09-06 07:57:37,617 :: INFO :: Gateway Manager : Stop experiment
2021-09-06 07:57:37,629 :: INFO :: Stop experiment
2021-09-06 07:57:37,640 :: INFO :: Control node : stop of the experiment
2021-09-06 07:57:37,652 :: INFO :: Control node : profile configuration
2021-09-06 07:57:37,659 :: INFO :: Configure profile on Control Node
2021-09-06 07:57:37,739 :: INFO :: Control node : start power of open node
2021-09-06 07:57:37,782 :: INFO :: Node OpenOCD: teardown of openocd node
2021-09-06 07:57:40,830 :: INFO :: openocd node debugger stop
2021-09-06 07:57:41,524 :: INFO :: Node OpenOCD: flash of openocd node
2021-09-06 07:57:41,539 :: INFO :: Flash firmware on OpenOCD: /usr/lib/python2.7/site-packages/gateway_code/static/m3_idle.elf
2021-09-06 07:57:43,894 :: INFO :: Control node : Stop control node serial interface
2021-09-06 07:57:43,899 :: INFO :: Control node : stop power of open node
2021-09-06 07:57:43,955 :: INFO :: Control node : reset
2021-09-06 07:57:43,959 :: INFO :: Reset Control Node
2021-09-06 07:57:46,775 :: INFO :: Stop experiment succeeded
