2021-09-06 06:57:18,871 :: INFO :: Start experiment: luna-276403
2021-09-06 06:57:18,874 :: INFO :: Control node : Starting of control node serial interface
2021-09-06 06:57:18,877 :: INFO :: Control node : reset
2021-09-06 06:57:18,880 :: INFO :: Reset Control Node
2021-09-06 06:57:21,789 :: INFO :: Control node : start power of open node
2021-09-06 06:57:21,846 :: INFO :: Node OpenOCD: Setup of openocd node
2021-09-06 06:57:24,886 :: INFO :: Node OpenOCD: flash of openocd node
2021-09-06 06:57:24,904 :: INFO :: Flash firmware on OpenOCD: /tmp/tmpB8KDR_--3e6b491341ebfbb107b5d3aaa6c4431d_unicast-sender-count-10T-191B.iotlab-m3
2021-09-06 06:57:31,679 :: INFO :: Control node : Start experiment
2021-09-06 06:57:31,742 :: INFO :: Control Node set time delay: 1037 us
2021-09-06 06:57:31,767 :: INFO :: Control node : profile configuration
2021-09-06 06:57:31,774 :: INFO :: Configure profile on Control Node
2021-09-06 06:57:31,852 :: INFO :: Start experiment succeeded
2021-09-06 07:57:37,644 :: INFO :: Gateway Manager : Stop experiment
2021-09-06 07:57:37,656 :: INFO :: Stop experiment
2021-09-06 07:57:37,670 :: INFO :: Control node : stop of the experiment
2021-09-06 07:57:37,678 :: INFO :: Control node : profile configuration
2021-09-06 07:57:37,685 :: INFO :: Configure profile on Control Node
2021-09-06 07:57:37,774 :: INFO :: Control node : start power of open node
2021-09-06 07:57:37,821 :: INFO :: Node OpenOCD: teardown of openocd node
2021-09-06 07:57:40,857 :: INFO :: openocd node debugger stop
2021-09-06 07:57:41,544 :: INFO :: Node OpenOCD: flash of openocd node
2021-09-06 07:57:41,552 :: INFO :: Flash firmware on OpenOCD: /usr/lib/python2.7/site-packages/gateway_code/static/m3_idle.elf
2021-09-06 07:57:43,962 :: INFO :: Control node : Stop control node serial interface
2021-09-06 07:57:43,971 :: INFO :: Control node : stop power of open node
2021-09-06 07:57:44,095 :: INFO :: Control node : reset
2021-09-06 07:57:44,102 :: INFO :: Reset Control Node
2021-09-06 07:57:46,884 :: INFO :: Stop experiment succeeded
