2021-09-06 06:57:18,846 :: INFO :: Start experiment: luna-276403
2021-09-06 06:57:18,849 :: INFO :: Control node : Starting of control node serial interface
2021-09-06 06:57:18,852 :: INFO :: Control node : reset
2021-09-06 06:57:18,855 :: INFO :: Reset Control Node
2021-09-06 06:57:21,760 :: INFO :: Control node : start power of open node
2021-09-06 06:57:21,817 :: INFO :: Node OpenOCD: Setup of openocd node
2021-09-06 06:57:24,866 :: INFO :: Node OpenOCD: flash of openocd node
2021-09-06 06:57:24,884 :: INFO :: Flash firmware on OpenOCD: /tmp/tmpC53pXW--3e6b491341ebfbb107b5d3aaa6c4431d_unicast-sender-count-10T-191B.iotlab-m3
2021-09-06 06:57:31,690 :: INFO :: Control node : Start experiment
2021-09-06 06:57:31,744 :: INFO :: Control Node set time delay: 1862 us
2021-09-06 06:57:31,774 :: INFO :: Control node : profile configuration
2021-09-06 06:57:31,781 :: INFO :: Configure profile on Control Node
2021-09-06 06:57:31,855 :: INFO :: Start experiment succeeded
2021-09-06 07:57:37,634 :: INFO :: Gateway Manager : Stop experiment
2021-09-06 07:57:37,646 :: INFO :: Stop experiment
2021-09-06 07:57:37,659 :: INFO :: Control node : stop of the experiment
2021-09-06 07:57:37,667 :: INFO :: Control node : profile configuration
2021-09-06 07:57:37,677 :: INFO :: Configure profile on Control Node
2021-09-06 07:57:37,762 :: INFO :: Control node : start power of open node
2021-09-06 07:57:37,805 :: INFO :: Node OpenOCD: teardown of openocd node
2021-09-06 07:57:40,853 :: INFO :: openocd node debugger stop
2021-09-06 07:57:41,545 :: INFO :: Node OpenOCD: flash of openocd node
2021-09-06 07:57:41,559 :: INFO :: Flash firmware on OpenOCD: /usr/lib/python2.7/site-packages/gateway_code/static/m3_idle.elf
2021-09-06 07:57:44,024 :: INFO :: Control node : Stop control node serial interface
2021-09-06 07:57:44,033 :: INFO :: Control node : stop power of open node
2021-09-06 07:57:44,118 :: INFO :: Control node : reset
2021-09-06 07:57:44,124 :: INFO :: Reset Control Node
2021-09-06 07:57:46,910 :: INFO :: Stop experiment succeeded
