2021-09-06 22:14:55,247 :: INFO :: Start experiment: luna-276414
2021-09-06 22:14:55,251 :: INFO :: Control node : Starting of control node serial interface
2021-09-06 22:14:55,253 :: INFO :: Control node : reset
2021-09-06 22:14:55,256 :: INFO :: Reset Control Node
2021-09-06 22:14:58,176 :: INFO :: Control node : start power of open node
2021-09-06 22:14:58,233 :: INFO :: Node OpenOCD: Setup of openocd node
2021-09-06 22:15:01,270 :: INFO :: Node OpenOCD: flash of openocd node
2021-09-06 22:15:01,289 :: INFO :: Flash firmware on OpenOCD: /tmp/tmp5WyW1c--11b39be0afbe655a47f82e084cf5704d_unicast-sender-count-60T-191B.iotlab-m3
2021-09-06 22:15:08,105 :: INFO :: Control node : Start experiment
2021-09-06 22:15:08,185 :: INFO :: Control Node set time delay: 1709 us
2021-09-06 22:15:08,208 :: INFO :: Control node : profile configuration
2021-09-06 22:15:08,215 :: INFO :: Configure profile on Control Node
2021-09-06 22:15:08,307 :: INFO :: Start experiment succeeded
2021-09-06 23:16:14,114 :: INFO :: Gateway Manager : Stop experiment
2021-09-06 23:16:14,129 :: INFO :: Stop experiment
2021-09-06 23:16:14,138 :: INFO :: Control node : stop of the experiment
2021-09-06 23:16:14,145 :: INFO :: Control node : profile configuration
2021-09-06 23:16:14,152 :: INFO :: Configure profile on Control Node
2021-09-06 23:16:14,225 :: INFO :: Control node : start power of open node
2021-09-06 23:16:14,267 :: INFO :: Node OpenOCD: teardown of openocd node
2021-09-06 23:16:17,333 :: INFO :: openocd node debugger stop
2021-09-06 23:16:18,022 :: INFO :: Node OpenOCD: flash of openocd node
2021-09-06 23:16:18,029 :: INFO :: Flash firmware on OpenOCD: /usr/lib/python2.7/site-packages/gateway_code/static/m3_idle.elf
2021-09-06 23:16:20,435 :: INFO :: Control node : Stop control node serial interface
2021-09-06 23:16:20,444 :: INFO :: Control node : stop power of open node
2021-09-06 23:16:20,538 :: INFO :: Control node : reset
2021-09-06 23:16:20,545 :: INFO :: Reset Control Node
2021-09-06 23:16:23,315 :: INFO :: Stop experiment succeeded
