2021-09-06 15:08:04,919 :: INFO :: Start experiment: luna-276411
2021-09-06 15:08:04,923 :: INFO :: Control node : Starting of control node serial interface
2021-09-06 15:08:04,926 :: INFO :: Control node : reset
2021-09-06 15:08:04,928 :: INFO :: Reset Control Node
2021-09-06 15:08:07,740 :: INFO :: Control node : start power of open node
2021-09-06 15:08:07,768 :: INFO :: Node OpenOCD: Setup of openocd node
2021-09-06 15:08:10,807 :: INFO :: Node OpenOCD: flash of openocd node
2021-09-06 15:08:10,825 :: INFO :: Flash firmware on OpenOCD: /tmp/tmpd2hhTH--c646a7bd7eca22cfbffed9b70d2e0c90_unicast-sender-count-60T-100B.iotlab-m3
2021-09-06 15:08:17,619 :: INFO :: Control node : Start experiment
2021-09-06 15:08:17,700 :: INFO :: Control Node set time delay: 1557 us
2021-09-06 15:08:17,725 :: INFO :: Control node : profile configuration
2021-09-06 15:08:17,732 :: INFO :: Configure profile on Control Node
2021-09-06 15:08:17,811 :: INFO :: Start experiment succeeded
2021-09-06 16:09:23,680 :: INFO :: Gateway Manager : Stop experiment
2021-09-06 16:09:23,689 :: INFO :: Stop experiment
2021-09-06 16:09:23,697 :: INFO :: Control node : stop of the experiment
2021-09-06 16:09:23,705 :: INFO :: Control node : profile configuration
2021-09-06 16:09:23,712 :: INFO :: Configure profile on Control Node
2021-09-06 16:09:23,786 :: INFO :: Control node : start power of open node
2021-09-06 16:09:23,830 :: INFO :: Node OpenOCD: teardown of openocd node
2021-09-06 16:09:26,884 :: INFO :: openocd node debugger stop
2021-09-06 16:09:27,568 :: INFO :: Node OpenOCD: flash of openocd node
2021-09-06 16:09:27,575 :: INFO :: Flash firmware on OpenOCD: /usr/lib/python2.7/site-packages/gateway_code/static/m3_idle.elf
2021-09-06 16:09:29,981 :: INFO :: Control node : Stop control node serial interface
2021-09-06 16:09:29,986 :: INFO :: Control node : stop power of open node
2021-09-06 16:09:30,044 :: INFO :: Control node : reset
2021-09-06 16:09:30,048 :: INFO :: Reset Control Node
2021-09-06 16:09:32,885 :: INFO :: Stop experiment succeeded
