2021-09-06 15:08:04,933 :: INFO :: Start experiment: luna-276411
2021-09-06 15:08:04,936 :: INFO :: Control node : Starting of control node serial interface
2021-09-06 15:08:04,939 :: INFO :: Control node : reset
2021-09-06 15:08:04,942 :: INFO :: Reset Control Node
2021-09-06 15:08:07,845 :: INFO :: Control node : start power of open node
2021-09-06 15:08:07,901 :: INFO :: Node OpenOCD: Setup of openocd node
2021-09-06 15:08:10,950 :: INFO :: Node OpenOCD: flash of openocd node
2021-09-06 15:08:10,968 :: INFO :: Flash firmware on OpenOCD: /tmp/tmpfPdug5--c646a7bd7eca22cfbffed9b70d2e0c90_unicast-sender-count-60T-100B.iotlab-m3
2021-09-06 15:08:17,765 :: INFO :: Control node : Start experiment
2021-09-06 15:08:17,803 :: INFO :: Control Node set time delay: 1739 us
2021-09-06 15:08:17,836 :: INFO :: Control node : profile configuration
2021-09-06 15:08:17,842 :: INFO :: Configure profile on Control Node
2021-09-06 15:08:17,921 :: INFO :: Start experiment succeeded
2021-09-06 16:09:23,734 :: INFO :: Gateway Manager : Stop experiment
2021-09-06 16:09:23,755 :: INFO :: Stop experiment
2021-09-06 16:09:23,774 :: INFO :: Control node : stop of the experiment
2021-09-06 16:09:23,797 :: INFO :: Control node : profile configuration
2021-09-06 16:09:23,815 :: INFO :: Configure profile on Control Node
2021-09-06 16:09:23,972 :: INFO :: Control node : start power of open node
2021-09-06 16:09:23,993 :: INFO :: Node OpenOCD: teardown of openocd node
2021-09-06 16:09:27,041 :: INFO :: openocd node debugger stop
2021-09-06 16:09:27,729 :: INFO :: Node OpenOCD: flash of openocd node
2021-09-06 16:09:27,744 :: INFO :: Flash firmware on OpenOCD: /usr/lib/python2.7/site-packages/gateway_code/static/m3_idle.elf
2021-09-06 16:09:30,260 :: INFO :: Control node : Stop control node serial interface
2021-09-06 16:09:30,265 :: INFO :: Control node : stop power of open node
2021-09-06 16:09:30,320 :: INFO :: Control node : reset
2021-09-06 16:09:30,325 :: INFO :: Reset Control Node
2021-09-06 16:09:33,166 :: INFO :: Stop experiment succeeded
