2021-09-06 15:08:04,941 :: INFO :: Start experiment: luna-276411
2021-09-06 15:08:04,944 :: INFO :: Control node : Starting of control node serial interface
2021-09-06 15:08:04,947 :: INFO :: Control node : reset
2021-09-06 15:08:04,950 :: INFO :: Reset Control Node
2021-09-06 15:08:07,856 :: INFO :: Control node : start power of open node
2021-09-06 15:08:07,911 :: INFO :: Node OpenOCD: Setup of openocd node
2021-09-06 15:08:10,955 :: INFO :: Node OpenOCD: flash of openocd node
2021-09-06 15:08:10,974 :: INFO :: Flash firmware on OpenOCD: /tmp/tmpdRTZtK--c646a7bd7eca22cfbffed9b70d2e0c90_unicast-sender-count-60T-100B.iotlab-m3
2021-09-06 15:08:17,824 :: INFO :: Control node : Start experiment
2021-09-06 15:08:17,882 :: INFO :: Control Node set time delay: 1038 us
2021-09-06 15:08:17,906 :: INFO :: Control node : profile configuration
2021-09-06 15:08:17,913 :: INFO :: Configure profile on Control Node
2021-09-06 15:08:17,962 :: INFO :: Start experiment succeeded
2021-09-06 16:09:23,688 :: INFO :: Gateway Manager : Stop experiment
2021-09-06 16:09:23,697 :: INFO :: Stop experiment
2021-09-06 16:09:23,705 :: INFO :: Control node : stop of the experiment
2021-09-06 16:09:23,712 :: INFO :: Control node : profile configuration
2021-09-06 16:09:23,719 :: INFO :: Configure profile on Control Node
2021-09-06 16:09:23,790 :: INFO :: Control node : start power of open node
2021-09-06 16:09:23,831 :: INFO :: Node OpenOCD: teardown of openocd node
2021-09-06 16:09:26,898 :: INFO :: openocd node debugger stop
2021-09-06 16:09:27,588 :: INFO :: Node OpenOCD: flash of openocd node
2021-09-06 16:09:27,602 :: INFO :: Flash firmware on OpenOCD: /usr/lib/python2.7/site-packages/gateway_code/static/m3_idle.elf
2021-09-06 16:09:30,122 :: INFO :: Control node : Stop control node serial interface
2021-09-06 16:09:30,130 :: INFO :: Control node : stop power of open node
2021-09-06 16:09:30,222 :: INFO :: Control node : reset
2021-09-06 16:09:30,228 :: INFO :: Reset Control Node
2021-09-06 16:09:33,069 :: INFO :: Stop experiment succeeded
