2021-09-06 15:08:04,929 :: INFO :: Start experiment: luna-276411
2021-09-06 15:08:04,933 :: INFO :: Control node : Starting of control node serial interface
2021-09-06 15:08:04,936 :: INFO :: Control node : reset
2021-09-06 15:08:04,938 :: INFO :: Reset Control Node
2021-09-06 15:08:07,808 :: INFO :: Control node : start power of open node
2021-09-06 15:08:07,836 :: INFO :: Node OpenOCD: Setup of openocd node
2021-09-06 15:08:10,874 :: INFO :: Node OpenOCD: flash of openocd node
2021-09-06 15:08:10,892 :: INFO :: Flash firmware on OpenOCD: /tmp/tmp8Lt0eH--c646a7bd7eca22cfbffed9b70d2e0c90_unicast-sender-count-60T-100B.iotlab-m3
2021-09-06 15:08:17,630 :: INFO :: Control node : Start experiment
2021-09-06 15:08:17,706 :: INFO :: Control Node set time delay: 1130 us
2021-09-06 15:08:17,729 :: INFO :: Control node : profile configuration
2021-09-06 15:08:17,735 :: INFO :: Configure profile on Control Node
2021-09-06 15:08:17,816 :: INFO :: Start experiment succeeded
2021-09-06 16:09:23,682 :: INFO :: Gateway Manager : Stop experiment
2021-09-06 16:09:23,692 :: INFO :: Stop experiment
2021-09-06 16:09:23,700 :: INFO :: Control node : stop of the experiment
2021-09-06 16:09:23,711 :: INFO :: Control node : profile configuration
2021-09-06 16:09:23,719 :: INFO :: Configure profile on Control Node
2021-09-06 16:09:23,792 :: INFO :: Control node : start power of open node
2021-09-06 16:09:23,836 :: INFO :: Node OpenOCD: teardown of openocd node
2021-09-06 16:09:26,885 :: INFO :: openocd node debugger stop
2021-09-06 16:09:27,575 :: INFO :: Node OpenOCD: flash of openocd node
2021-09-06 16:09:27,590 :: INFO :: Flash firmware on OpenOCD: /usr/lib/python2.7/site-packages/gateway_code/static/m3_idle.elf
2021-09-06 16:09:30,028 :: INFO :: Control node : Stop control node serial interface
2021-09-06 16:09:30,033 :: INFO :: Control node : stop power of open node
2021-09-06 16:09:30,108 :: INFO :: Control node : reset
2021-09-06 16:09:30,112 :: INFO :: Reset Control Node
2021-09-06 16:09:33,002 :: INFO :: Stop experiment succeeded
