2021-08-30 22:48:01,984 :: INFO :: Start experiment: luna-275814
2021-08-30 22:48:01,988 :: INFO :: Control node : Starting of control node serial interface
2021-08-30 22:48:01,990 :: INFO :: Control node : reset
2021-08-30 22:48:01,993 :: INFO :: Reset Control Node
2021-08-30 22:48:04,907 :: INFO :: Control node : start power of open node
2021-08-30 22:48:04,964 :: INFO :: Node OpenOCD: Setup of openocd node
2021-08-30 22:48:08,004 :: INFO :: Node OpenOCD: flash of openocd node
2021-08-30 22:48:08,022 :: INFO :: Flash firmware on OpenOCD: /tmp/tmp2IsBwD--ddd0625ff8382e7208c25657471d6a4a_unicast-receiver-count.iotlab-m3
2021-08-30 22:48:14,569 :: INFO :: Control node : Start experiment
2021-08-30 22:48:14,642 :: INFO :: Control Node set time delay: 1618 us
2021-08-30 22:48:14,664 :: INFO :: Control node : profile configuration
2021-08-30 22:48:14,669 :: INFO :: Configure profile on Control Node
2021-08-30 22:48:14,708 :: INFO :: Start experiment succeeded
2021-08-30 22:58:20,822 :: INFO :: Gateway Manager : Stop experiment
2021-08-30 22:58:20,845 :: INFO :: Stop experiment
2021-08-30 22:58:20,864 :: INFO :: Control node : stop of the experiment
2021-08-30 22:58:20,881 :: INFO :: Control node : profile configuration
2021-08-30 22:58:20,896 :: INFO :: Configure profile on Control Node
2021-08-30 22:58:20,997 :: INFO :: Control node : start power of open node
2021-08-30 22:58:21,021 :: INFO :: Node OpenOCD: teardown of openocd node
2021-08-30 22:58:24,056 :: INFO :: openocd node debugger stop
2021-08-30 22:58:24,745 :: INFO :: Node OpenOCD: flash of openocd node
2021-08-30 22:58:24,753 :: INFO :: Flash firmware on OpenOCD: /usr/lib/python2.7/site-packages/gateway_code/static/m3_idle.elf
2021-08-30 22:58:27,159 :: INFO :: Control node : Stop control node serial interface
2021-08-30 22:58:27,167 :: INFO :: Control node : stop power of open node
2021-08-30 22:58:27,221 :: INFO :: Control node : reset
2021-08-30 22:58:27,228 :: INFO :: Reset Control Node
2021-08-30 22:58:30,020 :: INFO :: Stop experiment succeeded
