2021-08-30 22:48:02,068 :: INFO :: Start experiment: luna-275814
2021-08-30 22:48:02,072 :: INFO :: Control node : Starting of control node serial interface
2021-08-30 22:48:02,075 :: INFO :: Control node : reset
2021-08-30 22:48:02,077 :: INFO :: Reset Control Node
2021-08-30 22:48:05,044 :: INFO :: Control node : start power of open node
2021-08-30 22:48:05,100 :: INFO :: Node OpenOCD: Setup of openocd node
2021-08-30 22:48:08,142 :: INFO :: Node OpenOCD: flash of openocd node
2021-08-30 22:48:08,157 :: INFO :: Flash firmware on OpenOCD: /tmp/tmpJ8bsle--3e6b491341ebfbb107b5d3aaa6c4431d_unicast-sender-count-10T-191B.iotlab-m3
2021-08-30 22:48:15,002 :: INFO :: Control node : Start experiment
2021-08-30 22:48:15,069 :: INFO :: Control Node set time delay: 1740 us
2021-08-30 22:48:15,093 :: INFO :: Control node : profile configuration
2021-08-30 22:48:15,100 :: INFO :: Configure profile on Control Node
2021-08-30 22:48:15,145 :: INFO :: Start experiment succeeded
2021-08-30 22:58:20,826 :: INFO :: Gateway Manager : Stop experiment
2021-08-30 22:58:20,840 :: INFO :: Stop experiment
2021-08-30 22:58:20,851 :: INFO :: Control node : stop of the experiment
2021-08-30 22:58:20,858 :: INFO :: Control node : profile configuration
2021-08-30 22:58:20,866 :: INFO :: Configure profile on Control Node
2021-08-30 22:58:20,937 :: INFO :: Control node : start power of open node
2021-08-30 22:58:20,981 :: INFO :: Node OpenOCD: teardown of openocd node
2021-08-30 22:58:24,023 :: INFO :: openocd node debugger stop
2021-08-30 22:58:24,699 :: INFO :: Node OpenOCD: flash of openocd node
2021-08-30 22:58:24,706 :: INFO :: Flash firmware on OpenOCD: /usr/lib/python2.7/site-packages/gateway_code/static/m3_idle.elf
2021-08-30 22:58:27,062 :: INFO :: Control node : Stop control node serial interface
2021-08-30 22:58:27,067 :: INFO :: Control node : stop power of open node
2021-08-30 22:58:27,107 :: INFO :: Control node : reset
2021-08-30 22:58:27,111 :: INFO :: Reset Control Node
2021-08-30 22:58:29,978 :: INFO :: Stop experiment succeeded
