2021-08-30 22:48:02,028 :: INFO :: Start experiment: luna-275814
2021-08-30 22:48:02,032 :: INFO :: Control node : Starting of control node serial interface
2021-08-30 22:48:02,034 :: INFO :: Control node : reset
2021-08-30 22:48:02,037 :: INFO :: Reset Control Node
2021-08-30 22:48:04,948 :: INFO :: Control node : start power of open node
2021-08-30 22:48:05,006 :: INFO :: Node OpenOCD: Setup of openocd node
2021-08-30 22:48:08,050 :: INFO :: Node OpenOCD: flash of openocd node
2021-08-30 22:48:08,068 :: INFO :: Flash firmware on OpenOCD: /tmp/tmps05IQW--3e6b491341ebfbb107b5d3aaa6c4431d_unicast-sender-count-10T-191B.iotlab-m3
2021-08-30 22:48:14,858 :: INFO :: Control node : Start experiment
2021-08-30 22:48:14,895 :: INFO :: Control Node set time delay: 1739 us
2021-08-30 22:48:14,914 :: INFO :: Control node : profile configuration
2021-08-30 22:48:14,917 :: INFO :: Configure profile on Control Node
2021-08-30 22:48:14,960 :: INFO :: Start experiment succeeded
2021-08-30 22:58:20,829 :: INFO :: Gateway Manager : Stop experiment
2021-08-30 22:58:20,847 :: INFO :: Stop experiment
2021-08-30 22:58:20,856 :: INFO :: Control node : stop of the experiment
2021-08-30 22:58:20,864 :: INFO :: Control node : profile configuration
2021-08-30 22:58:20,871 :: INFO :: Configure profile on Control Node
2021-08-30 22:58:20,946 :: INFO :: Control node : start power of open node
2021-08-30 22:58:20,990 :: INFO :: Node OpenOCD: teardown of openocd node
2021-08-30 22:58:24,032 :: INFO :: openocd node debugger stop
2021-08-30 22:58:24,718 :: INFO :: Node OpenOCD: flash of openocd node
2021-08-30 22:58:24,733 :: INFO :: Flash firmware on OpenOCD: /usr/lib/python2.7/site-packages/gateway_code/static/m3_idle.elf
2021-08-30 22:58:27,197 :: INFO :: Control node : Stop control node serial interface
2021-08-30 22:58:27,202 :: INFO :: Control node : stop power of open node
2021-08-30 22:58:27,235 :: INFO :: Control node : reset
2021-08-30 22:58:27,239 :: INFO :: Reset Control Node
2021-08-30 22:58:30,054 :: INFO :: Stop experiment succeeded
