2021-09-06 21:13:14,396 :: INFO :: Start experiment: luna-276413
2021-09-06 21:13:14,399 :: INFO :: Control node : Starting of control node serial interface
2021-09-06 21:13:14,402 :: INFO :: Control node : reset
2021-09-06 21:13:14,405 :: INFO :: Reset Control Node
2021-09-06 21:13:17,309 :: INFO :: Control node : start power of open node
2021-09-06 21:13:17,366 :: INFO :: Node OpenOCD: Setup of openocd node
2021-09-06 21:13:20,408 :: INFO :: Node OpenOCD: flash of openocd node
2021-09-06 21:13:20,426 :: INFO :: Flash firmware on OpenOCD: /tmp/tmp4PNVRk--07af995c71c4c03e0b354753e4bf4313_unicast-sender-count-30T-191B.iotlab-m3
2021-09-06 21:13:27,257 :: INFO :: Control node : Start experiment
2021-09-06 21:13:27,318 :: INFO :: Control Node set time delay: 1404 us
2021-09-06 21:13:27,341 :: INFO :: Control node : profile configuration
2021-09-06 21:13:27,344 :: INFO :: Configure profile on Control Node
2021-09-06 21:13:27,387 :: INFO :: Start experiment succeeded
2021-09-06 22:14:33,157 :: INFO :: Gateway Manager : Stop experiment
2021-09-06 22:14:33,167 :: INFO :: Stop experiment
2021-09-06 22:14:33,176 :: INFO :: Control node : stop of the experiment
2021-09-06 22:14:33,184 :: INFO :: Control node : profile configuration
2021-09-06 22:14:33,192 :: INFO :: Configure profile on Control Node
2021-09-06 22:14:33,270 :: INFO :: Control node : start power of open node
2021-09-06 22:14:33,315 :: INFO :: Node OpenOCD: teardown of openocd node
2021-09-06 22:14:36,388 :: INFO :: openocd node debugger stop
2021-09-06 22:14:37,067 :: INFO :: Node OpenOCD: flash of openocd node
2021-09-06 22:14:37,074 :: INFO :: Flash firmware on OpenOCD: /usr/lib/python2.7/site-packages/gateway_code/static/m3_idle.elf
2021-09-06 22:14:39,435 :: INFO :: Control node : Stop control node serial interface
2021-09-06 22:14:39,440 :: INFO :: Control node : stop power of open node
2021-09-06 22:14:39,502 :: INFO :: Control node : reset
2021-09-06 22:14:39,506 :: INFO :: Reset Control Node
2021-09-06 22:14:42,393 :: INFO :: Stop experiment succeeded
