2021-09-06 21:13:14,379 :: INFO :: Start experiment: luna-276413
2021-09-06 21:13:14,382 :: INFO :: Control node : Starting of control node serial interface
2021-09-06 21:13:14,385 :: INFO :: Control node : reset
2021-09-06 21:13:14,388 :: INFO :: Reset Control Node
2021-09-06 21:13:17,255 :: INFO :: Control node : start power of open node
2021-09-06 21:13:17,284 :: INFO :: Node OpenOCD: Setup of openocd node
2021-09-06 21:13:20,326 :: INFO :: Node OpenOCD: flash of openocd node
2021-09-06 21:13:20,344 :: INFO :: Flash firmware on OpenOCD: /tmp/tmp8s4UHc--07af995c71c4c03e0b354753e4bf4313_unicast-sender-count-30T-191B.iotlab-m3
2021-09-06 21:13:27,139 :: INFO :: Control node : Start experiment
2021-09-06 21:13:27,186 :: INFO :: Control Node set time delay: 1190 us
2021-09-06 21:13:27,219 :: INFO :: Control node : profile configuration
2021-09-06 21:13:27,226 :: INFO :: Configure profile on Control Node
2021-09-06 21:13:27,305 :: INFO :: Start experiment succeeded
2021-09-06 22:14:33,153 :: INFO :: Gateway Manager : Stop experiment
2021-09-06 22:14:33,162 :: INFO :: Stop experiment
2021-09-06 22:14:33,170 :: INFO :: Control node : stop of the experiment
2021-09-06 22:14:33,177 :: INFO :: Control node : profile configuration
2021-09-06 22:14:33,184 :: INFO :: Configure profile on Control Node
2021-09-06 22:14:33,254 :: INFO :: Control node : start power of open node
2021-09-06 22:14:33,297 :: INFO :: Node OpenOCD: teardown of openocd node
2021-09-06 22:14:36,377 :: INFO :: openocd node debugger stop
2021-09-06 22:14:37,059 :: INFO :: Node OpenOCD: flash of openocd node
2021-09-06 22:14:37,066 :: INFO :: Flash firmware on OpenOCD: /usr/lib/python2.7/site-packages/gateway_code/static/m3_idle.elf
2021-09-06 22:14:39,423 :: INFO :: Control node : Stop control node serial interface
2021-09-06 22:14:39,433 :: INFO :: Control node : stop power of open node
2021-09-06 22:14:39,539 :: INFO :: Control node : reset
2021-09-06 22:14:39,546 :: INFO :: Reset Control Node
2021-09-06 22:14:42,333 :: INFO :: Stop experiment succeeded
