2021-09-06 21:13:14,345 :: INFO :: Start experiment: luna-276413
2021-09-06 21:13:14,348 :: INFO :: Control node : Starting of control node serial interface
2021-09-06 21:13:14,351 :: INFO :: Control node : reset
2021-09-06 21:13:14,354 :: INFO :: Reset Control Node
2021-09-06 21:13:17,286 :: INFO :: Control node : start power of open node
2021-09-06 21:13:17,342 :: INFO :: Node OpenOCD: Setup of openocd node
2021-09-06 21:13:20,381 :: INFO :: Node OpenOCD: flash of openocd node
2021-09-06 21:13:20,401 :: INFO :: Flash firmware on OpenOCD: /tmp/tmpRZiVPi--07af995c71c4c03e0b354753e4bf4313_unicast-sender-count-30T-191B.iotlab-m3
2021-09-06 21:13:27,314 :: INFO :: Control node : Start experiment
2021-09-06 21:13:27,375 :: INFO :: Control Node set time delay: 1099 us
2021-09-06 21:13:27,407 :: INFO :: Control node : profile configuration
2021-09-06 21:13:27,414 :: INFO :: Configure profile on Control Node
2021-09-06 21:13:27,465 :: INFO :: Start experiment succeeded
2021-09-06 22:14:33,146 :: INFO :: Gateway Manager : Stop experiment
2021-09-06 22:14:33,156 :: INFO :: Stop experiment
2021-09-06 22:14:33,165 :: INFO :: Control node : stop of the experiment
2021-09-06 22:14:33,172 :: INFO :: Control node : profile configuration
2021-09-06 22:14:33,182 :: INFO :: Configure profile on Control Node
2021-09-06 22:14:33,256 :: INFO :: Control node : start power of open node
2021-09-06 22:14:33,301 :: INFO :: Node OpenOCD: teardown of openocd node
2021-09-06 22:14:36,354 :: INFO :: openocd node debugger stop
2021-09-06 22:14:37,025 :: INFO :: Node OpenOCD: flash of openocd node
2021-09-06 22:14:37,033 :: INFO :: Flash firmware on OpenOCD: /usr/lib/python2.7/site-packages/gateway_code/static/m3_idle.elf
2021-09-06 22:14:39,386 :: INFO :: Control node : Stop control node serial interface
2021-09-06 22:14:39,391 :: INFO :: Control node : stop power of open node
2021-09-06 22:14:39,443 :: INFO :: Control node : reset
2021-09-06 22:14:39,447 :: INFO :: Reset Control Node
2021-09-06 22:14:42,265 :: INFO :: Stop experiment succeeded
