2021-09-06 21:13:14,386 :: INFO :: Start experiment: luna-276413
2021-09-06 21:13:14,390 :: INFO :: Control node : Starting of control node serial interface
2021-09-06 21:13:14,393 :: INFO :: Control node : reset
2021-09-06 21:13:14,395 :: INFO :: Reset Control Node
2021-09-06 21:13:17,299 :: INFO :: Control node : start power of open node
2021-09-06 21:13:17,356 :: INFO :: Node OpenOCD: Setup of openocd node
2021-09-06 21:13:20,406 :: INFO :: Node OpenOCD: flash of openocd node
2021-09-06 21:13:20,424 :: INFO :: Flash firmware on OpenOCD: /tmp/tmpRrlEUy--07af995c71c4c03e0b354753e4bf4313_unicast-sender-count-30T-191B.iotlab-m3
2021-09-06 21:13:27,118 :: INFO :: Control node : Start experiment
2021-09-06 21:13:27,174 :: INFO :: Control Node set time delay: 1129 us
2021-09-06 21:13:27,206 :: INFO :: Control node : profile configuration
2021-09-06 21:13:27,213 :: INFO :: Configure profile on Control Node
2021-09-06 21:13:27,293 :: INFO :: Start experiment succeeded
2021-09-06 22:14:33,191 :: INFO :: Gateway Manager : Stop experiment
2021-09-06 22:14:33,210 :: INFO :: Stop experiment
2021-09-06 22:14:33,218 :: INFO :: Control node : stop of the experiment
2021-09-06 22:14:33,225 :: INFO :: Control node : profile configuration
2021-09-06 22:14:33,232 :: INFO :: Configure profile on Control Node
2021-09-06 22:14:33,306 :: INFO :: Control node : start power of open node
2021-09-06 22:14:33,349 :: INFO :: Node OpenOCD: teardown of openocd node
2021-09-06 22:14:36,410 :: INFO :: openocd node debugger stop
2021-09-06 22:14:37,102 :: INFO :: Node OpenOCD: flash of openocd node
2021-09-06 22:14:37,117 :: INFO :: Flash firmware on OpenOCD: /usr/lib/python2.7/site-packages/gateway_code/static/m3_idle.elf
2021-09-06 22:14:39,580 :: INFO :: Control node : Stop control node serial interface
2021-09-06 22:14:39,585 :: INFO :: Control node : stop power of open node
2021-09-06 22:14:39,647 :: INFO :: Control node : reset
2021-09-06 22:14:39,653 :: INFO :: Reset Control Node
2021-09-06 22:14:42,548 :: INFO :: Stop experiment succeeded
