2021-08-31 04:20:08,263 :: INFO :: Start experiment: luna-275822
2021-08-31 04:20:08,267 :: INFO :: Control node : Starting of control node serial interface
2021-08-31 04:20:08,270 :: INFO :: Control node : reset
2021-08-31 04:20:08,272 :: INFO :: Reset Control Node
2021-08-31 04:20:11,177 :: INFO :: Control node : start power of open node
2021-08-31 04:20:11,234 :: INFO :: Node OpenOCD: Setup of openocd node
2021-08-31 04:20:14,284 :: INFO :: Node OpenOCD: flash of openocd node
2021-08-31 04:20:14,302 :: INFO :: Flash firmware on OpenOCD: /tmp/tmp2DNrah--3e6b491341ebfbb107b5d3aaa6c4431d_unicast-sender-count-10T-191B.iotlab-m3
2021-08-31 04:20:21,073 :: INFO :: Control node : Start experiment
2021-08-31 04:20:21,140 :: INFO :: Control Node set time delay: 1221 us
2021-08-31 04:20:21,171 :: INFO :: Control node : profile configuration
2021-08-31 04:20:21,178 :: INFO :: Configure profile on Control Node
2021-08-31 04:20:21,255 :: INFO :: Start experiment succeeded
2021-08-31 05:20:27,065 :: INFO :: Gateway Manager : Stop experiment
2021-08-31 05:20:27,074 :: INFO :: Stop experiment
2021-08-31 05:20:27,083 :: INFO :: Control node : stop of the experiment
2021-08-31 05:20:27,090 :: INFO :: Control node : profile configuration
2021-08-31 05:20:27,097 :: INFO :: Configure profile on Control Node
2021-08-31 05:20:27,170 :: INFO :: Control node : start power of open node
2021-08-31 05:20:27,214 :: INFO :: Node OpenOCD: teardown of openocd node
2021-08-31 05:20:30,292 :: INFO :: openocd node debugger stop
2021-08-31 05:20:30,976 :: INFO :: Node OpenOCD: flash of openocd node
2021-08-31 05:20:30,991 :: INFO :: Flash firmware on OpenOCD: /usr/lib/python2.7/site-packages/gateway_code/static/m3_idle.elf
2021-08-31 05:20:33,510 :: INFO :: Control node : Stop control node serial interface
2021-08-31 05:20:33,519 :: INFO :: Control node : stop power of open node
2021-08-31 05:20:33,623 :: INFO :: Control node : reset
2021-08-31 05:20:33,630 :: INFO :: Reset Control Node
2021-08-31 05:20:36,416 :: INFO :: Stop experiment succeeded
