2021-08-31 04:20:08,268 :: INFO :: Start experiment: luna-275822
2021-08-31 04:20:08,271 :: INFO :: Control node : Starting of control node serial interface
2021-08-31 04:20:08,274 :: INFO :: Control node : reset
2021-08-31 04:20:08,277 :: INFO :: Reset Control Node
2021-08-31 04:20:11,178 :: INFO :: Control node : start power of open node
2021-08-31 04:20:11,236 :: INFO :: Node OpenOCD: Setup of openocd node
2021-08-31 04:20:14,284 :: INFO :: Node OpenOCD: flash of openocd node
2021-08-31 04:20:14,302 :: INFO :: Flash firmware on OpenOCD: /tmp/tmp3HSE4f--3e6b491341ebfbb107b5d3aaa6c4431d_unicast-sender-count-10T-191B.iotlab-m3
2021-08-31 04:20:21,097 :: INFO :: Control node : Start experiment
2021-08-31 04:20:21,158 :: INFO :: Control Node set time delay: 1648 us
2021-08-31 04:20:21,181 :: INFO :: Control node : profile configuration
2021-08-31 04:20:21,188 :: INFO :: Configure profile on Control Node
2021-08-31 04:20:21,230 :: INFO :: Start experiment succeeded
2021-08-31 05:20:27,098 :: INFO :: Gateway Manager : Stop experiment
2021-08-31 05:20:27,109 :: INFO :: Stop experiment
2021-08-31 05:20:27,117 :: INFO :: Control node : stop of the experiment
2021-08-31 05:20:27,124 :: INFO :: Control node : profile configuration
2021-08-31 05:20:27,132 :: INFO :: Configure profile on Control Node
2021-08-31 05:20:27,216 :: INFO :: Control node : start power of open node
2021-08-31 05:20:27,258 :: INFO :: Node OpenOCD: teardown of openocd node
2021-08-31 05:20:30,295 :: INFO :: openocd node debugger stop
2021-08-31 05:20:30,984 :: INFO :: Node OpenOCD: flash of openocd node
2021-08-31 05:20:30,999 :: INFO :: Flash firmware on OpenOCD: /usr/lib/python2.7/site-packages/gateway_code/static/m3_idle.elf
2021-08-31 05:20:33,464 :: INFO :: Control node : Stop control node serial interface
2021-08-31 05:20:33,472 :: INFO :: Control node : stop power of open node
2021-08-31 05:20:33,564 :: INFO :: Control node : reset
2021-08-31 05:20:33,571 :: INFO :: Reset Control Node
2021-08-31 05:20:36,410 :: INFO :: Stop experiment succeeded
