2021-08-31 04:20:08,290 :: INFO :: Start experiment: luna-275822
2021-08-31 04:20:08,293 :: INFO :: Control node : Starting of control node serial interface
2021-08-31 04:20:08,296 :: INFO :: Control node : reset
2021-08-31 04:20:08,298 :: INFO :: Reset Control Node
2021-08-31 04:20:11,203 :: INFO :: Control node : start power of open node
2021-08-31 04:20:11,245 :: INFO :: Node OpenOCD: Setup of openocd node
2021-08-31 04:20:14,285 :: INFO :: Node OpenOCD: flash of openocd node
2021-08-31 04:20:14,303 :: INFO :: Flash firmware on OpenOCD: /tmp/tmpnj5id7--3e6b491341ebfbb107b5d3aaa6c4431d_unicast-sender-count-10T-191B.iotlab-m3
2021-08-31 04:20:21,159 :: INFO :: Control node : Start experiment
2021-08-31 04:20:21,220 :: INFO :: Control Node set time delay: 1800 us
2021-08-31 04:20:21,242 :: INFO :: Control node : profile configuration
2021-08-31 04:20:21,245 :: INFO :: Configure profile on Control Node
2021-08-31 04:20:21,286 :: INFO :: Start experiment succeeded
2021-08-31 05:20:27,066 :: INFO :: Gateway Manager : Stop experiment
2021-08-31 05:20:27,075 :: INFO :: Stop experiment
2021-08-31 05:20:27,084 :: INFO :: Control node : stop of the experiment
2021-08-31 05:20:27,091 :: INFO :: Control node : profile configuration
2021-08-31 05:20:27,098 :: INFO :: Configure profile on Control Node
2021-08-31 05:20:27,173 :: INFO :: Control node : start power of open node
2021-08-31 05:20:27,216 :: INFO :: Node OpenOCD: teardown of openocd node
2021-08-31 05:20:30,288 :: INFO :: openocd node debugger stop
2021-08-31 05:20:30,978 :: INFO :: Node OpenOCD: flash of openocd node
2021-08-31 05:20:30,993 :: INFO :: Flash firmware on OpenOCD: /usr/lib/python2.7/site-packages/gateway_code/static/m3_idle.elf
2021-08-31 05:20:33,457 :: INFO :: Control node : Stop control node serial interface
2021-08-31 05:20:33,462 :: INFO :: Control node : stop power of open node
2021-08-31 05:20:33,521 :: INFO :: Control node : reset
2021-08-31 05:20:33,525 :: INFO :: Reset Control Node
2021-08-31 05:20:36,364 :: INFO :: Stop experiment succeeded
