2021-08-31 04:20:08,280 :: INFO :: Start experiment: luna-275822
2021-08-31 04:20:08,284 :: INFO :: Control node : Starting of control node serial interface
2021-08-31 04:20:08,287 :: INFO :: Control node : reset
2021-08-31 04:20:08,290 :: INFO :: Reset Control Node
2021-08-31 04:20:11,187 :: INFO :: Control node : start power of open node
2021-08-31 04:20:11,241 :: INFO :: Node OpenOCD: Setup of openocd node
2021-08-31 04:20:14,289 :: INFO :: Node OpenOCD: flash of openocd node
2021-08-31 04:20:14,307 :: INFO :: Flash firmware on OpenOCD: /tmp/tmprDTgKe--3e6b491341ebfbb107b5d3aaa6c4431d_unicast-sender-count-10T-191B.iotlab-m3
2021-08-31 04:20:21,210 :: INFO :: Control node : Start experiment
2021-08-31 04:20:21,265 :: INFO :: Control Node set time delay: 1892 us
2021-08-31 04:20:21,288 :: INFO :: Control node : profile configuration
2021-08-31 04:20:21,292 :: INFO :: Configure profile on Control Node
2021-08-31 04:20:21,332 :: INFO :: Start experiment succeeded
2021-08-31 05:20:27,096 :: INFO :: Gateway Manager : Stop experiment
2021-08-31 05:20:27,116 :: INFO :: Stop experiment
2021-08-31 05:20:27,124 :: INFO :: Control node : stop of the experiment
2021-08-31 05:20:27,131 :: INFO :: Control node : profile configuration
2021-08-31 05:20:27,139 :: INFO :: Configure profile on Control Node
2021-08-31 05:20:27,224 :: INFO :: Control node : start power of open node
2021-08-31 05:20:27,268 :: INFO :: Node OpenOCD: teardown of openocd node
2021-08-31 05:20:30,318 :: INFO :: openocd node debugger stop
2021-08-31 05:20:30,985 :: INFO :: Node OpenOCD: flash of openocd node
2021-08-31 05:20:30,992 :: INFO :: Flash firmware on OpenOCD: /usr/lib/python2.7/site-packages/gateway_code/static/m3_idle.elf
2021-08-31 05:20:33,343 :: INFO :: Control node : Stop control node serial interface
2021-08-31 05:20:33,352 :: INFO :: Control node : stop power of open node
2021-08-31 05:20:33,444 :: INFO :: Control node : reset
2021-08-31 05:20:33,451 :: INFO :: Reset Control Node
2021-08-31 05:20:36,236 :: INFO :: Stop experiment succeeded
