2021-08-31 04:20:08,276 :: INFO :: Start experiment: luna-275822
2021-08-31 04:20:08,280 :: INFO :: Control node : Starting of control node serial interface
2021-08-31 04:20:08,282 :: INFO :: Control node : reset
2021-08-31 04:20:08,285 :: INFO :: Reset Control Node
2021-08-31 04:20:11,187 :: INFO :: Control node : start power of open node
2021-08-31 04:20:11,242 :: INFO :: Node OpenOCD: Setup of openocd node
2021-08-31 04:20:14,291 :: INFO :: Node OpenOCD: flash of openocd node
2021-08-31 04:20:14,309 :: INFO :: Flash firmware on OpenOCD: /tmp/tmpA95_YC--3e6b491341ebfbb107b5d3aaa6c4431d_unicast-sender-count-10T-191B.iotlab-m3
2021-08-31 04:20:21,214 :: INFO :: Control node : Start experiment
2021-08-31 04:20:21,262 :: INFO :: Control Node set time delay: 977 us
2021-08-31 04:20:21,295 :: INFO :: Control node : profile configuration
2021-08-31 04:20:21,298 :: INFO :: Configure profile on Control Node
2021-08-31 04:20:21,340 :: INFO :: Start experiment succeeded
2021-08-31 05:20:27,108 :: INFO :: Gateway Manager : Stop experiment
2021-08-31 05:20:27,121 :: INFO :: Stop experiment
2021-08-31 05:20:27,130 :: INFO :: Control node : stop of the experiment
2021-08-31 05:20:27,141 :: INFO :: Control node : profile configuration
2021-08-31 05:20:27,148 :: INFO :: Configure profile on Control Node
2021-08-31 05:20:27,235 :: INFO :: Control node : start power of open node
2021-08-31 05:20:27,278 :: INFO :: Node OpenOCD: teardown of openocd node
2021-08-31 05:20:30,337 :: INFO :: openocd node debugger stop
2021-08-31 05:20:31,000 :: INFO :: Node OpenOCD: flash of openocd node
2021-08-31 05:20:31,007 :: INFO :: Flash firmware on OpenOCD: /usr/lib/python2.7/site-packages/gateway_code/static/m3_idle.elf
2021-08-31 05:20:33,410 :: INFO :: Control node : Stop control node serial interface
2021-08-31 05:20:33,419 :: INFO :: Control node : stop power of open node
2021-08-31 05:20:33,510 :: INFO :: Control node : reset
2021-08-31 05:20:33,517 :: INFO :: Reset Control Node
2021-08-31 05:20:36,302 :: INFO :: Stop experiment succeeded
