2021-08-31 04:20:08,265 :: INFO :: Start experiment: luna-275822
2021-08-31 04:20:08,268 :: INFO :: Control node : Starting of control node serial interface
2021-08-31 04:20:08,271 :: INFO :: Control node : reset
2021-08-31 04:20:08,274 :: INFO :: Reset Control Node
2021-08-31 04:20:11,128 :: INFO :: Control node : start power of open node
2021-08-31 04:20:11,183 :: INFO :: Node OpenOCD: Setup of openocd node
2021-08-31 04:20:14,229 :: INFO :: Node OpenOCD: flash of openocd node
2021-08-31 04:20:14,246 :: INFO :: Flash firmware on OpenOCD: /tmp/tmpdOKZc6--3e6b491341ebfbb107b5d3aaa6c4431d_unicast-sender-count-10T-191B.iotlab-m3
2021-08-31 04:20:21,120 :: INFO :: Control node : Start experiment
2021-08-31 04:20:21,159 :: INFO :: Control Node set time delay: 1037 us
2021-08-31 04:20:21,177 :: INFO :: Control node : profile configuration
2021-08-31 04:20:21,181 :: INFO :: Configure profile on Control Node
2021-08-31 04:20:21,224 :: INFO :: Start experiment succeeded
2021-08-31 05:20:27,075 :: INFO :: Gateway Manager : Stop experiment
2021-08-31 05:20:27,084 :: INFO :: Stop experiment
2021-08-31 05:20:27,092 :: INFO :: Control node : stop of the experiment
2021-08-31 05:20:27,099 :: INFO :: Control node : profile configuration
2021-08-31 05:20:27,109 :: INFO :: Configure profile on Control Node
2021-08-31 05:20:27,179 :: INFO :: Control node : start power of open node
2021-08-31 05:20:27,221 :: INFO :: Node OpenOCD: teardown of openocd node
2021-08-31 05:20:30,290 :: INFO :: openocd node debugger stop
2021-08-31 05:20:30,979 :: INFO :: Node OpenOCD: flash of openocd node
2021-08-31 05:20:30,993 :: INFO :: Flash firmware on OpenOCD: /usr/lib/python2.7/site-packages/gateway_code/static/m3_idle.elf
2021-08-31 05:20:33,377 :: INFO :: Control node : Stop control node serial interface
2021-08-31 05:20:33,386 :: INFO :: Control node : stop power of open node
2021-08-31 05:20:33,477 :: INFO :: Control node : reset
2021-08-31 05:20:33,483 :: INFO :: Reset Control Node
2021-08-31 05:20:36,319 :: INFO :: Stop experiment succeeded
