2021-08-31 04:20:08,287 :: INFO :: Start experiment: luna-275822
2021-08-31 04:20:08,291 :: INFO :: Control node : Starting of control node serial interface
2021-08-31 04:20:08,294 :: INFO :: Control node : reset
2021-08-31 04:20:08,297 :: INFO :: Reset Control Node
2021-08-31 04:20:11,196 :: INFO :: Control node : start power of open node
2021-08-31 04:20:11,253 :: INFO :: Node OpenOCD: Setup of openocd node
2021-08-31 04:20:14,302 :: INFO :: Node OpenOCD: flash of openocd node
2021-08-31 04:20:14,320 :: INFO :: Flash firmware on OpenOCD: /tmp/tmpaDuI6G--3e6b491341ebfbb107b5d3aaa6c4431d_unicast-sender-count-10T-191B.iotlab-m3
2021-08-31 04:20:21,150 :: INFO :: Control node : Start experiment
2021-08-31 04:20:21,212 :: INFO :: Control Node set time delay: 1770 us
2021-08-31 04:20:21,224 :: INFO :: Control node : profile configuration
2021-08-31 04:20:21,228 :: INFO :: Configure profile on Control Node
2021-08-31 04:20:21,268 :: INFO :: Start experiment succeeded
2021-08-31 05:20:27,061 :: INFO :: Gateway Manager : Stop experiment
2021-08-31 05:20:27,070 :: INFO :: Stop experiment
2021-08-31 05:20:27,079 :: INFO :: Control node : stop of the experiment
2021-08-31 05:20:27,089 :: INFO :: Control node : profile configuration
2021-08-31 05:20:27,096 :: INFO :: Configure profile on Control Node
2021-08-31 05:20:27,169 :: INFO :: Control node : start power of open node
2021-08-31 05:20:27,214 :: INFO :: Node OpenOCD: teardown of openocd node
2021-08-31 05:20:30,281 :: INFO :: openocd node debugger stop
2021-08-31 05:20:30,974 :: INFO :: Node OpenOCD: flash of openocd node
2021-08-31 05:20:30,988 :: INFO :: Flash firmware on OpenOCD: /usr/lib/python2.7/site-packages/gateway_code/static/m3_idle.elf
2021-08-31 05:20:33,450 :: INFO :: Control node : Stop control node serial interface
2021-08-31 05:20:33,455 :: INFO :: Control node : stop power of open node
2021-08-31 05:20:33,512 :: INFO :: Control node : reset
2021-08-31 05:20:33,516 :: INFO :: Reset Control Node
2021-08-31 05:20:36,334 :: INFO :: Stop experiment succeeded
