2021-08-31 04:20:08,260 :: INFO :: Start experiment: luna-275822
2021-08-31 04:20:08,263 :: INFO :: Control node : Starting of control node serial interface
2021-08-31 04:20:08,266 :: INFO :: Control node : reset
2021-08-31 04:20:08,269 :: INFO :: Reset Control Node
2021-08-31 04:20:11,168 :: INFO :: Control node : start power of open node
2021-08-31 04:20:11,226 :: INFO :: Node OpenOCD: Setup of openocd node
2021-08-31 04:20:14,275 :: INFO :: Node OpenOCD: flash of openocd node
2021-08-31 04:20:14,292 :: INFO :: Flash firmware on OpenOCD: /tmp/tmppwv7HF--3e6b491341ebfbb107b5d3aaa6c4431d_unicast-sender-count-10T-191B.iotlab-m3
2021-08-31 04:20:21,194 :: INFO :: Control node : Start experiment
2021-08-31 04:20:21,243 :: INFO :: Control Node set time delay: 1861 us
2021-08-31 04:20:21,262 :: INFO :: Control node : profile configuration
2021-08-31 04:20:21,265 :: INFO :: Configure profile on Control Node
2021-08-31 04:20:21,306 :: INFO :: Start experiment succeeded
2021-08-31 05:20:27,055 :: INFO :: Gateway Manager : Stop experiment
2021-08-31 05:20:27,065 :: INFO :: Stop experiment
2021-08-31 05:20:27,075 :: INFO :: Control node : stop of the experiment
2021-08-31 05:20:27,082 :: INFO :: Control node : profile configuration
2021-08-31 05:20:27,090 :: INFO :: Configure profile on Control Node
2021-08-31 05:20:27,164 :: INFO :: Control node : start power of open node
2021-08-31 05:20:27,208 :: INFO :: Node OpenOCD: teardown of openocd node
2021-08-31 05:20:30,259 :: INFO :: openocd node debugger stop
2021-08-31 05:20:30,942 :: INFO :: Node OpenOCD: flash of openocd node
2021-08-31 05:20:30,957 :: INFO :: Flash firmware on OpenOCD: /usr/lib/python2.7/site-packages/gateway_code/static/m3_idle.elf
2021-08-31 05:20:33,426 :: INFO :: Control node : Stop control node serial interface
2021-08-31 05:20:33,431 :: INFO :: Control node : stop power of open node
2021-08-31 05:20:33,488 :: INFO :: Control node : reset
2021-08-31 05:20:33,492 :: INFO :: Reset Control Node
2021-08-31 05:20:36,307 :: INFO :: Stop experiment succeeded
