2021-08-31 04:20:08,248 :: INFO :: Start experiment: luna-275822
2021-08-31 04:20:08,252 :: INFO :: Control node : Starting of control node serial interface
2021-08-31 04:20:08,254 :: INFO :: Control node : reset
2021-08-31 04:20:08,257 :: INFO :: Reset Control Node
2021-08-31 04:20:11,157 :: INFO :: Control node : start power of open node
2021-08-31 04:20:11,212 :: INFO :: Node OpenOCD: Setup of openocd node
2021-08-31 04:20:14,259 :: INFO :: Node OpenOCD: flash of openocd node
2021-08-31 04:20:14,277 :: INFO :: Flash firmware on OpenOCD: /tmp/tmpXCLOb7--3e6b491341ebfbb107b5d3aaa6c4431d_unicast-sender-count-10T-191B.iotlab-m3
2021-08-31 04:20:21,131 :: INFO :: Control node : Start experiment
2021-08-31 04:20:21,179 :: INFO :: Control Node set time delay: 1861 us
2021-08-31 04:20:21,206 :: INFO :: Control node : profile configuration
2021-08-31 04:20:21,210 :: INFO :: Configure profile on Control Node
2021-08-31 04:20:21,251 :: INFO :: Start experiment succeeded
2021-08-31 05:20:27,100 :: INFO :: Gateway Manager : Stop experiment
2021-08-31 05:20:27,110 :: INFO :: Stop experiment
2021-08-31 05:20:27,118 :: INFO :: Control node : stop of the experiment
2021-08-31 05:20:27,126 :: INFO :: Control node : profile configuration
2021-08-31 05:20:27,133 :: INFO :: Configure profile on Control Node
2021-08-31 05:20:27,219 :: INFO :: Control node : start power of open node
2021-08-31 05:20:27,263 :: INFO :: Node OpenOCD: teardown of openocd node
2021-08-31 05:20:30,305 :: INFO :: openocd node debugger stop
2021-08-31 05:20:30,989 :: INFO :: Node OpenOCD: flash of openocd node
2021-08-31 05:20:30,996 :: INFO :: Flash firmware on OpenOCD: /usr/lib/python2.7/site-packages/gateway_code/static/m3_idle.elf
2021-08-31 05:20:33,403 :: INFO :: Control node : Stop control node serial interface
2021-08-31 05:20:33,408 :: INFO :: Control node : stop power of open node
2021-08-31 05:20:33,462 :: INFO :: Control node : reset
2021-08-31 05:20:33,466 :: INFO :: Reset Control Node
2021-08-31 05:20:36,301 :: INFO :: Stop experiment succeeded
