2021-08-31 04:20:08,295 :: INFO :: Start experiment: luna-275822
2021-08-31 04:20:08,299 :: INFO :: Control node : Starting of control node serial interface
2021-08-31 04:20:08,301 :: INFO :: Control node : reset
2021-08-31 04:20:08,304 :: INFO :: Reset Control Node
2021-08-31 04:20:11,206 :: INFO :: Control node : start power of open node
2021-08-31 04:20:11,263 :: INFO :: Node OpenOCD: Setup of openocd node
2021-08-31 04:20:14,313 :: INFO :: Node OpenOCD: flash of openocd node
2021-08-31 04:20:14,331 :: INFO :: Flash firmware on OpenOCD: /tmp/tmpHo6V93--3e6b491341ebfbb107b5d3aaa6c4431d_unicast-sender-count-10T-191B.iotlab-m3
2021-08-31 04:20:21,124 :: INFO :: Control node : Start experiment
2021-08-31 04:20:21,158 :: INFO :: Control Node set time delay: 1434 us
2021-08-31 04:20:21,190 :: INFO :: Control node : profile configuration
2021-08-31 04:20:21,197 :: INFO :: Configure profile on Control Node
2021-08-31 04:20:21,275 :: INFO :: Start experiment succeeded
2021-08-31 05:20:27,081 :: INFO :: Gateway Manager : Stop experiment
2021-08-31 05:20:27,098 :: INFO :: Stop experiment
2021-08-31 05:20:27,110 :: INFO :: Control node : stop of the experiment
2021-08-31 05:20:27,114 :: INFO :: Control node : profile configuration
2021-08-31 05:20:27,117 :: INFO :: Configure profile on Control Node
2021-08-31 05:20:27,154 :: INFO :: Control node : start power of open node
2021-08-31 05:20:27,177 :: INFO :: Node OpenOCD: teardown of openocd node
2021-08-31 05:20:30,213 :: INFO :: openocd node debugger stop
2021-08-31 05:20:30,904 :: INFO :: Node OpenOCD: flash of openocd node
2021-08-31 05:20:30,912 :: INFO :: Flash firmware on OpenOCD: /usr/lib/python2.7/site-packages/gateway_code/static/m3_idle.elf
2021-08-31 05:20:33,319 :: INFO :: Control node : Stop control node serial interface
2021-08-31 05:20:33,323 :: INFO :: Control node : stop power of open node
2021-08-31 05:20:33,378 :: INFO :: Control node : reset
2021-08-31 05:20:33,382 :: INFO :: Reset Control Node
2021-08-31 05:20:36,200 :: INFO :: Stop experiment succeeded
