2021-08-31 04:20:08,228 :: INFO :: Start experiment: luna-275822
2021-08-31 04:20:08,232 :: INFO :: Control node : Starting of control node serial interface
2021-08-31 04:20:08,234 :: INFO :: Control node : reset
2021-08-31 04:20:08,237 :: INFO :: Reset Control Node
2021-08-31 04:20:11,140 :: INFO :: Control node : start power of open node
2021-08-31 04:20:11,197 :: INFO :: Node OpenOCD: Setup of openocd node
2021-08-31 04:20:14,245 :: INFO :: Node OpenOCD: flash of openocd node
2021-08-31 04:20:14,264 :: INFO :: Flash firmware on OpenOCD: /tmp/tmpg4N5Za--3e6b491341ebfbb107b5d3aaa6c4431d_unicast-sender-count-10T-191B.iotlab-m3
2021-08-31 04:20:21,053 :: INFO :: Control node : Start experiment
2021-08-31 04:20:21,094 :: INFO :: Control Node set time delay: 1801 us
2021-08-31 04:20:21,127 :: INFO :: Control node : profile configuration
2021-08-31 04:20:21,133 :: INFO :: Configure profile on Control Node
2021-08-31 04:20:21,212 :: INFO :: Start experiment succeeded
2021-08-31 05:20:27,097 :: INFO :: Gateway Manager : Stop experiment
2021-08-31 05:20:27,106 :: INFO :: Stop experiment
2021-08-31 05:20:27,115 :: INFO :: Control node : stop of the experiment
2021-08-31 05:20:27,122 :: INFO :: Control node : profile configuration
2021-08-31 05:20:27,132 :: INFO :: Configure profile on Control Node
2021-08-31 05:20:27,233 :: INFO :: Control node : start power of open node
2021-08-31 05:20:27,273 :: INFO :: Node OpenOCD: teardown of openocd node
2021-08-31 05:20:30,322 :: INFO :: openocd node debugger stop
2021-08-31 05:20:30,918 :: INFO :: Node OpenOCD: flash of openocd node
2021-08-31 05:20:30,925 :: INFO :: Flash firmware on OpenOCD: /usr/lib/python2.7/site-packages/gateway_code/static/m3_idle.elf
2021-08-31 05:20:33,327 :: INFO :: Control node : Stop control node serial interface
2021-08-31 05:20:33,333 :: INFO :: Control node : stop power of open node
2021-08-31 05:20:33,387 :: INFO :: Control node : reset
2021-08-31 05:20:33,391 :: INFO :: Reset Control Node
2021-08-31 05:20:36,207 :: INFO :: Stop experiment succeeded
