2021-08-31 04:20:08,256 :: INFO :: Start experiment: luna-275822
2021-08-31 04:20:08,260 :: INFO :: Control node : Starting of control node serial interface
2021-08-31 04:20:08,262 :: INFO :: Control node : reset
2021-08-31 04:20:08,265 :: INFO :: Reset Control Node
2021-08-31 04:20:11,165 :: INFO :: Control node : start power of open node
2021-08-31 04:20:11,221 :: INFO :: Node OpenOCD: Setup of openocd node
2021-08-31 04:20:14,257 :: INFO :: Node OpenOCD: flash of openocd node
2021-08-31 04:20:14,275 :: INFO :: Flash firmware on OpenOCD: /tmp/tmpkB2x85--3e6b491341ebfbb107b5d3aaa6c4431d_unicast-sender-count-10T-191B.iotlab-m3
2021-08-31 04:20:21,131 :: INFO :: Control node : Start experiment
2021-08-31 04:20:21,188 :: INFO :: Control Node set time delay: 1923 us
2021-08-31 04:20:21,212 :: INFO :: Control node : profile configuration
2021-08-31 04:20:21,215 :: INFO :: Configure profile on Control Node
2021-08-31 04:20:21,256 :: INFO :: Start experiment succeeded
2021-08-31 05:20:27,049 :: INFO :: Gateway Manager : Stop experiment
2021-08-31 05:20:27,059 :: INFO :: Stop experiment
2021-08-31 05:20:27,067 :: INFO :: Control node : stop of the experiment
2021-08-31 05:20:27,077 :: INFO :: Control node : profile configuration
2021-08-31 05:20:27,085 :: INFO :: Configure profile on Control Node
2021-08-31 05:20:27,156 :: INFO :: Control node : start power of open node
2021-08-31 05:20:27,202 :: INFO :: Node OpenOCD: teardown of openocd node
2021-08-31 05:20:30,247 :: INFO :: openocd node debugger stop
2021-08-31 05:20:30,904 :: INFO :: Node OpenOCD: flash of openocd node
2021-08-31 05:20:30,911 :: INFO :: Flash firmware on OpenOCD: /usr/lib/python2.7/site-packages/gateway_code/static/m3_idle.elf
2021-08-31 05:20:33,260 :: INFO :: Control node : Stop control node serial interface
2021-08-31 05:20:33,265 :: INFO :: Control node : stop power of open node
2021-08-31 05:20:33,356 :: INFO :: Control node : reset
2021-08-31 05:20:33,363 :: INFO :: Reset Control Node
2021-08-31 05:20:36,202 :: INFO :: Stop experiment succeeded
