2021-08-31 04:20:08,238 :: INFO :: Start experiment: luna-275822
2021-08-31 04:20:08,241 :: INFO :: Control node : Starting of control node serial interface
2021-08-31 04:20:08,244 :: INFO :: Control node : reset
2021-08-31 04:20:08,247 :: INFO :: Reset Control Node
2021-08-31 04:20:11,147 :: INFO :: Control node : start power of open node
2021-08-31 04:20:11,205 :: INFO :: Node OpenOCD: Setup of openocd node
2021-08-31 04:20:14,253 :: INFO :: Node OpenOCD: flash of openocd node
2021-08-31 04:20:14,272 :: INFO :: Flash firmware on OpenOCD: /tmp/tmpus6Wjp--3e6b491341ebfbb107b5d3aaa6c4431d_unicast-sender-count-10T-191B.iotlab-m3
2021-08-31 04:20:21,179 :: INFO :: Control node : Start experiment
2021-08-31 04:20:21,228 :: INFO :: Control Node set time delay: 1312 us
2021-08-31 04:20:21,256 :: INFO :: Control node : profile configuration
2021-08-31 04:20:21,259 :: INFO :: Configure profile on Control Node
2021-08-31 04:20:21,300 :: INFO :: Start experiment succeeded
2021-08-31 05:20:27,108 :: INFO :: Gateway Manager : Stop experiment
2021-08-31 05:20:27,120 :: INFO :: Stop experiment
2021-08-31 05:20:27,129 :: INFO :: Control node : stop of the experiment
2021-08-31 05:20:27,136 :: INFO :: Control node : profile configuration
2021-08-31 05:20:27,144 :: INFO :: Configure profile on Control Node
2021-08-31 05:20:27,235 :: INFO :: Control node : start power of open node
2021-08-31 05:20:27,279 :: INFO :: Node OpenOCD: teardown of openocd node
2021-08-31 05:20:30,315 :: INFO :: openocd node debugger stop
2021-08-31 05:20:31,011 :: INFO :: Node OpenOCD: flash of openocd node
2021-08-31 05:20:31,025 :: INFO :: Flash firmware on OpenOCD: /usr/lib/python2.7/site-packages/gateway_code/static/m3_idle.elf
2021-08-31 05:20:33,486 :: INFO :: Control node : Stop control node serial interface
2021-08-31 05:20:33,491 :: INFO :: Control node : stop power of open node
2021-08-31 05:20:33,548 :: INFO :: Control node : reset
2021-08-31 05:20:33,552 :: INFO :: Reset Control Node
2021-08-31 05:20:36,368 :: INFO :: Stop experiment succeeded
