2021-08-31 04:20:08,287 :: INFO :: Start experiment: luna-275822
2021-08-31 04:20:08,290 :: INFO :: Control node : Starting of control node serial interface
2021-08-31 04:20:08,293 :: INFO :: Control node : reset
2021-08-31 04:20:08,296 :: INFO :: Reset Control Node
2021-08-31 04:20:11,198 :: INFO :: Control node : start power of open node
2021-08-31 04:20:11,253 :: INFO :: Node OpenOCD: Setup of openocd node
2021-08-31 04:20:14,302 :: INFO :: Node OpenOCD: flash of openocd node
2021-08-31 04:20:14,320 :: INFO :: Flash firmware on OpenOCD: /tmp/tmpVteqxu--3e6b491341ebfbb107b5d3aaa6c4431d_unicast-sender-count-10T-191B.iotlab-m3
2021-08-31 04:20:21,172 :: INFO :: Control node : Start experiment
2021-08-31 04:20:21,204 :: INFO :: Control Node set time delay: 1343 us
2021-08-31 04:20:21,222 :: INFO :: Control node : profile configuration
2021-08-31 04:20:21,225 :: INFO :: Configure profile on Control Node
2021-08-31 04:20:21,269 :: INFO :: Start experiment succeeded
2021-08-31 05:20:27,048 :: INFO :: Gateway Manager : Stop experiment
2021-08-31 05:20:27,059 :: INFO :: Stop experiment
2021-08-31 05:20:27,067 :: INFO :: Control node : stop of the experiment
2021-08-31 05:20:27,075 :: INFO :: Control node : profile configuration
2021-08-31 05:20:27,082 :: INFO :: Configure profile on Control Node
2021-08-31 05:20:27,159 :: INFO :: Control node : start power of open node
2021-08-31 05:20:27,204 :: INFO :: Node OpenOCD: teardown of openocd node
2021-08-31 05:20:30,253 :: INFO :: openocd node debugger stop
2021-08-31 05:20:30,936 :: INFO :: Node OpenOCD: flash of openocd node
2021-08-31 05:20:30,943 :: INFO :: Flash firmware on OpenOCD: /usr/lib/python2.7/site-packages/gateway_code/static/m3_idle.elf
2021-08-31 05:20:33,351 :: INFO :: Control node : Stop control node serial interface
2021-08-31 05:20:33,356 :: INFO :: Control node : stop power of open node
2021-08-31 05:20:33,441 :: INFO :: Control node : reset
2021-08-31 05:20:33,447 :: INFO :: Reset Control Node
2021-08-31 05:20:36,285 :: INFO :: Stop experiment succeeded
