2021-08-31 04:20:08,223 :: INFO :: Start experiment: luna-275822
2021-08-31 04:20:08,227 :: INFO :: Control node : Starting of control node serial interface
2021-08-31 04:20:08,230 :: INFO :: Control node : reset
2021-08-31 04:20:08,232 :: INFO :: Reset Control Node
2021-08-31 04:20:11,137 :: INFO :: Control node : start power of open node
2021-08-31 04:20:11,194 :: INFO :: Node OpenOCD: Setup of openocd node
2021-08-31 04:20:14,243 :: INFO :: Node OpenOCD: flash of openocd node
2021-08-31 04:20:14,261 :: INFO :: Flash firmware on OpenOCD: /tmp/tmpbqS8LR--3e6b491341ebfbb107b5d3aaa6c4431d_unicast-sender-count-10T-191B.iotlab-m3
2021-08-31 04:20:21,117 :: INFO :: Control node : Start experiment
2021-08-31 04:20:21,176 :: INFO :: Control Node set time delay: 1739 us
2021-08-31 04:20:21,199 :: INFO :: Control node : profile configuration
2021-08-31 04:20:21,205 :: INFO :: Configure profile on Control Node
2021-08-31 04:20:21,247 :: INFO :: Start experiment succeeded
2021-08-31 05:20:27,093 :: INFO :: Gateway Manager : Stop experiment
2021-08-31 05:20:27,109 :: INFO :: Stop experiment
2021-08-31 05:20:27,118 :: INFO :: Control node : stop of the experiment
2021-08-31 05:20:27,124 :: INFO :: Control node : profile configuration
2021-08-31 05:20:27,131 :: INFO :: Configure profile on Control Node
2021-08-31 05:20:27,213 :: INFO :: Control node : start power of open node
2021-08-31 05:20:27,255 :: INFO :: Node OpenOCD: teardown of openocd node
2021-08-31 05:20:30,302 :: INFO :: openocd node debugger stop
2021-08-31 05:20:30,994 :: INFO :: Node OpenOCD: flash of openocd node
2021-08-31 05:20:31,008 :: INFO :: Flash firmware on OpenOCD: /usr/lib/python2.7/site-packages/gateway_code/static/m3_idle.elf
2021-08-31 05:20:33,474 :: INFO :: Control node : Stop control node serial interface
2021-08-31 05:20:33,479 :: INFO :: Control node : stop power of open node
2021-08-31 05:20:33,533 :: INFO :: Control node : reset
2021-08-31 05:20:33,537 :: INFO :: Reset Control Node
2021-08-31 05:20:36,374 :: INFO :: Stop experiment succeeded
