2021-08-31 04:20:08,293 :: INFO :: Start experiment: luna-275822
2021-08-31 04:20:08,297 :: INFO :: Control node : Starting of control node serial interface
2021-08-31 04:20:08,300 :: INFO :: Control node : reset
2021-08-31 04:20:08,302 :: INFO :: Reset Control Node
2021-08-31 04:20:11,203 :: INFO :: Control node : start power of open node
2021-08-31 04:20:11,261 :: INFO :: Node OpenOCD: Setup of openocd node
2021-08-31 04:20:14,308 :: INFO :: Node OpenOCD: flash of openocd node
2021-08-31 04:20:14,326 :: INFO :: Flash firmware on OpenOCD: /tmp/tmp3HfRLO--3e6b491341ebfbb107b5d3aaa6c4431d_unicast-sender-count-10T-191B.iotlab-m3
2021-08-31 04:20:21,186 :: INFO :: Control node : Start experiment
2021-08-31 04:20:21,246 :: INFO :: Control Node set time delay: 1709 us
2021-08-31 04:20:21,268 :: INFO :: Control node : profile configuration
2021-08-31 04:20:21,275 :: INFO :: Configure profile on Control Node
2021-08-31 04:20:21,328 :: INFO :: Start experiment succeeded
2021-08-31 05:20:27,070 :: INFO :: Gateway Manager : Stop experiment
2021-08-31 05:20:27,079 :: INFO :: Stop experiment
2021-08-31 05:20:27,088 :: INFO :: Control node : stop of the experiment
2021-08-31 05:20:27,095 :: INFO :: Control node : profile configuration
2021-08-31 05:20:27,102 :: INFO :: Configure profile on Control Node
2021-08-31 05:20:27,176 :: INFO :: Control node : start power of open node
2021-08-31 05:20:27,221 :: INFO :: Node OpenOCD: teardown of openocd node
2021-08-31 05:20:30,302 :: INFO :: openocd node debugger stop
2021-08-31 05:20:30,895 :: INFO :: Node OpenOCD: flash of openocd node
2021-08-31 05:20:30,910 :: INFO :: Flash firmware on OpenOCD: /usr/lib/python2.7/site-packages/gateway_code/static/m3_idle.elf
2021-08-31 05:20:33,365 :: INFO :: Control node : Stop control node serial interface
2021-08-31 05:20:33,374 :: INFO :: Control node : stop power of open node
2021-08-31 05:20:33,462 :: INFO :: Control node : reset
2021-08-31 05:20:33,469 :: INFO :: Reset Control Node
2021-08-31 05:20:36,254 :: INFO :: Stop experiment succeeded
