2021-08-31 04:20:08,273 :: INFO :: Start experiment: luna-275822
2021-08-31 04:20:08,277 :: INFO :: Control node : Starting of control node serial interface
2021-08-31 04:20:08,280 :: INFO :: Control node : reset
2021-08-31 04:20:08,282 :: INFO :: Reset Control Node
2021-08-31 04:20:11,177 :: INFO :: Control node : start power of open node
2021-08-31 04:20:11,234 :: INFO :: Node OpenOCD: Setup of openocd node
2021-08-31 04:20:14,281 :: INFO :: Node OpenOCD: flash of openocd node
2021-08-31 04:20:14,299 :: INFO :: Flash firmware on OpenOCD: /tmp/tmpQOWeZS--3e6b491341ebfbb107b5d3aaa6c4431d_unicast-sender-count-10T-191B.iotlab-m3
2021-08-31 04:20:21,091 :: INFO :: Control node : Start experiment
2021-08-31 04:20:21,137 :: INFO :: Control Node set time delay: 1160 us
2021-08-31 04:20:21,169 :: INFO :: Control node : profile configuration
2021-08-31 04:20:21,176 :: INFO :: Configure profile on Control Node
2021-08-31 04:20:21,256 :: INFO :: Start experiment succeeded
2021-08-31 05:20:27,064 :: INFO :: Gateway Manager : Stop experiment
2021-08-31 05:20:27,074 :: INFO :: Stop experiment
2021-08-31 05:20:27,083 :: INFO :: Control node : stop of the experiment
2021-08-31 05:20:27,090 :: INFO :: Control node : profile configuration
2021-08-31 05:20:27,101 :: INFO :: Configure profile on Control Node
2021-08-31 05:20:27,174 :: INFO :: Control node : start power of open node
2021-08-31 05:20:27,220 :: INFO :: Node OpenOCD: teardown of openocd node
2021-08-31 05:20:30,283 :: INFO :: openocd node debugger stop
2021-08-31 05:20:30,968 :: INFO :: Node OpenOCD: flash of openocd node
2021-08-31 05:20:30,976 :: INFO :: Flash firmware on OpenOCD: /usr/lib/python2.7/site-packages/gateway_code/static/m3_idle.elf
2021-08-31 05:20:33,331 :: INFO :: Control node : Stop control node serial interface
2021-08-31 05:20:33,340 :: INFO :: Control node : stop power of open node
2021-08-31 05:20:33,429 :: INFO :: Control node : reset
2021-08-31 05:20:33,435 :: INFO :: Reset Control Node
2021-08-31 05:20:36,273 :: INFO :: Stop experiment succeeded
