2021-08-31 04:20:08,222 :: INFO :: Start experiment: luna-275822
2021-08-31 04:20:08,225 :: INFO :: Control node : Starting of control node serial interface
2021-08-31 04:20:08,228 :: INFO :: Control node : reset
2021-08-31 04:20:08,231 :: INFO :: Reset Control Node
2021-08-31 04:20:11,133 :: INFO :: Control node : start power of open node
2021-08-31 04:20:11,187 :: INFO :: Node OpenOCD: Setup of openocd node
2021-08-31 04:20:14,236 :: INFO :: Node OpenOCD: flash of openocd node
2021-08-31 04:20:14,254 :: INFO :: Flash firmware on OpenOCD: /tmp/tmptwpKYa--3e6b491341ebfbb107b5d3aaa6c4431d_unicast-sender-count-10T-191B.iotlab-m3
2021-08-31 04:20:21,161 :: INFO :: Control node : Start experiment
2021-08-31 04:20:21,210 :: INFO :: Control Node set time delay: 1556 us
2021-08-31 04:20:21,242 :: INFO :: Control node : profile configuration
2021-08-31 04:20:21,245 :: INFO :: Configure profile on Control Node
2021-08-31 04:20:21,286 :: INFO :: Start experiment succeeded
2021-08-31 05:20:27,100 :: INFO :: Gateway Manager : Stop experiment
2021-08-31 05:20:27,117 :: INFO :: Stop experiment
2021-08-31 05:20:27,126 :: INFO :: Control node : stop of the experiment
2021-08-31 05:20:27,133 :: INFO :: Control node : profile configuration
2021-08-31 05:20:27,140 :: INFO :: Configure profile on Control Node
2021-08-31 05:20:27,227 :: INFO :: Control node : start power of open node
2021-08-31 05:20:27,272 :: INFO :: Node OpenOCD: teardown of openocd node
2021-08-31 05:20:30,322 :: INFO :: openocd node debugger stop
2021-08-31 05:20:31,009 :: INFO :: Node OpenOCD: flash of openocd node
2021-08-31 05:20:31,016 :: INFO :: Flash firmware on OpenOCD: /usr/lib/python2.7/site-packages/gateway_code/static/m3_idle.elf
2021-08-31 05:20:33,367 :: INFO :: Control node : Stop control node serial interface
2021-08-31 05:20:33,376 :: INFO :: Control node : stop power of open node
2021-08-31 05:20:33,468 :: INFO :: Control node : reset
2021-08-31 05:20:33,475 :: INFO :: Reset Control Node
2021-08-31 05:20:36,259 :: INFO :: Stop experiment succeeded
