2021-08-31 04:20:08,254 :: INFO :: Start experiment: luna-275822
2021-08-31 04:20:08,258 :: INFO :: Control node : Starting of control node serial interface
2021-08-31 04:20:08,260 :: INFO :: Control node : reset
2021-08-31 04:20:08,263 :: INFO :: Reset Control Node
2021-08-31 04:20:11,165 :: INFO :: Control node : start power of open node
2021-08-31 04:20:11,222 :: INFO :: Node OpenOCD: Setup of openocd node
2021-08-31 04:20:14,272 :: INFO :: Node OpenOCD: flash of openocd node
2021-08-31 04:20:14,290 :: INFO :: Flash firmware on OpenOCD: /tmp/tmpyXHnmh--3e6b491341ebfbb107b5d3aaa6c4431d_unicast-sender-count-10T-191B.iotlab-m3
2021-08-31 04:20:21,081 :: INFO :: Control node : Start experiment
2021-08-31 04:20:21,148 :: INFO :: Control Node set time delay: 1068 us
2021-08-31 04:20:21,173 :: INFO :: Control node : profile configuration
2021-08-31 04:20:21,180 :: INFO :: Configure profile on Control Node
2021-08-31 04:20:21,258 :: INFO :: Start experiment succeeded
2021-08-31 05:20:27,054 :: INFO :: Gateway Manager : Stop experiment
2021-08-31 05:20:27,064 :: INFO :: Stop experiment
2021-08-31 05:20:27,072 :: INFO :: Control node : stop of the experiment
2021-08-31 05:20:27,079 :: INFO :: Control node : profile configuration
2021-08-31 05:20:27,086 :: INFO :: Configure profile on Control Node
2021-08-31 05:20:27,156 :: INFO :: Control node : start power of open node
2021-08-31 05:20:27,199 :: INFO :: Node OpenOCD: teardown of openocd node
2021-08-31 05:20:30,246 :: INFO :: openocd node debugger stop
2021-08-31 05:20:30,935 :: INFO :: Node OpenOCD: flash of openocd node
2021-08-31 05:20:30,950 :: INFO :: Flash firmware on OpenOCD: /usr/lib/python2.7/site-packages/gateway_code/static/m3_idle.elf
2021-08-31 05:20:33,388 :: INFO :: Control node : Stop control node serial interface
2021-08-31 05:20:33,397 :: INFO :: Control node : stop power of open node
2021-08-31 05:20:33,482 :: INFO :: Control node : reset
2021-08-31 05:20:33,489 :: INFO :: Reset Control Node
2021-08-31 05:20:36,275 :: INFO :: Stop experiment succeeded
