2021-08-31 04:20:08,286 :: INFO :: Start experiment: luna-275822
2021-08-31 04:20:08,290 :: INFO :: Control node : Starting of control node serial interface
2021-08-31 04:20:08,292 :: INFO :: Control node : reset
2021-08-31 04:20:08,295 :: INFO :: Reset Control Node
2021-08-31 04:20:11,197 :: INFO :: Control node : start power of open node
2021-08-31 04:20:11,241 :: INFO :: Node OpenOCD: Setup of openocd node
2021-08-31 04:20:14,278 :: INFO :: Node OpenOCD: flash of openocd node
2021-08-31 04:20:14,296 :: INFO :: Flash firmware on OpenOCD: /tmp/tmpgU3338--3e6b491341ebfbb107b5d3aaa6c4431d_unicast-sender-count-10T-191B.iotlab-m3
2021-08-31 04:20:21,165 :: INFO :: Control node : Start experiment
2021-08-31 04:20:21,243 :: INFO :: Control Node set time delay: 1435 us
2021-08-31 04:20:21,261 :: INFO :: Control node : profile configuration
2021-08-31 04:20:21,265 :: INFO :: Configure profile on Control Node
2021-08-31 04:20:21,308 :: INFO :: Start experiment succeeded
2021-08-31 05:20:27,094 :: INFO :: Gateway Manager : Stop experiment
2021-08-31 05:20:27,104 :: INFO :: Stop experiment
2021-08-31 05:20:27,112 :: INFO :: Control node : stop of the experiment
2021-08-31 05:20:27,120 :: INFO :: Control node : profile configuration
2021-08-31 05:20:27,127 :: INFO :: Configure profile on Control Node
2021-08-31 05:20:27,204 :: INFO :: Control node : start power of open node
2021-08-31 05:20:27,247 :: INFO :: Node OpenOCD: teardown of openocd node
2021-08-31 05:20:30,289 :: INFO :: openocd node debugger stop
2021-08-31 05:20:30,964 :: INFO :: Node OpenOCD: flash of openocd node
2021-08-31 05:20:30,971 :: INFO :: Flash firmware on OpenOCD: /usr/lib/python2.7/site-packages/gateway_code/static/m3_idle.elf
2021-08-31 05:20:33,326 :: INFO :: Control node : Stop control node serial interface
2021-08-31 05:20:33,331 :: INFO :: Control node : stop power of open node
2021-08-31 05:20:33,413 :: INFO :: Control node : reset
2021-08-31 05:20:33,420 :: INFO :: Reset Control Node
2021-08-31 05:20:36,256 :: INFO :: Stop experiment succeeded
